#
# A fatal error has been detected by the Java Runtime Environment:
#
#  SIGSEGV (0xb) at pc=0x00007fa692b00746, pid=11714, tid=0x00007fa67a53d700
#
# JRE version: OpenJDK Runtime Environment (8.0_171-b11) (build 1.8.0_171-8u171-b11-0ubuntu0.16.04.1-b11)
# Java VM: OpenJDK 64-Bit Server VM (25.171-b11 mixed mode linux-amd64 compressed oops)
# Problematic frame:
# C  [libc.so.6+0x8b746]  strlen+0x26
#
# Failed to write core dump. Core dumps have been disabled. To enable core dumping, try "ulimit -c unlimited" before starting Java again
#
# If you would like to submit a bug report, please visit:
#   http://bugreport.java.com/bugreport/crash.jsp
#

---------------  T H R E A D  ---------------

Current thread is native thread

siginfo: si_signo: 11 (SIGSEGV), si_code: 1 (SEGV_MAPERR), si_addr: 0x0000000034007090

Registers:
RAX=0x0000000034007090, RBX=0x00007fa6865770e0, RCX=0x0000000000000090, RDX=0x00007fa688c459c0
RSP=0x00007fa67a53ae08, RBP=0x00007fa6890125a8, RSI=0x0000000000000008, RDI=0x0000000034007090
R8 =0x000000000000002a, R9 =0x00000000004da850, R10=0x00007fa6867cabb0, R11=0x0000000000000004
R12=0x0000000034007090, R13=0x00007fa6868cfea0, R14=0x0000000001aab650, R15=0x00007fa6865770e0
RIP=0x00007fa692b00746, EFLAGS=0x0000000000010293, CSGSFS=0x002b000000000033, ERR=0x0000000000000004
  TRAPNO=0x000000000000000e

Top of Stack: (sp=0x00007fa67a53ae08)
0x00007fa67a53ae08:   000000000049f300 0000000000902960
0x00007fa67a53ae18:   4bbf3cc67aa06d00 00007fa6865770e0
0x00007fa67a53ae28:   00007fa6890125a8 00007fa6890125a8
0x00007fa67a53ae38:   00000000004da5a9 0000000000000000
0x00007fa67a53ae48:   4bbf3cc67aa06d00 00007fa6868cfea0
0x00007fa67a53ae58:   00007fa69319f840 0000000000000000
0x00007fa67a53ae68:   00000000004b01bc 0000000000960e78
0x00007fa67a53ae78:   00007fa6931dac10 0000000001aab650
0x00007fa67a53ae88:   00007fa6867d5ab5 0000000000000006
0x00007fa67a53ae98:   00007fa6868cfd00 00007fa6868cfea0
0x00007fa67a53aea8:   00007fa6867d5ab3 00007fa6865770e0
0x00007fa67a53aeb8:   00000000004c442c 0000000004544b30
0x00007fa67a53aec8:   00007fa6867d5a7c 00007fa634005a50
0x00007fa67a53aed8:   00007fa69319f840 00007fa6868cfe78
0x00007fa67a53aee8:   00007fa6867cabb0 0000000000000000
0x00007fa67a53aef8:   00000000008e8c80 0000000000000000
0x00007fa67a53af08:   00007fa686560908 00000000008fd4d0
0x00007fa67a53af18:   0000000000000001 0000000000000000
0x00007fa67a53af28:   00007fa67a53afc0 ffffffff81fa1498
0x00007fa67a53af38:   00007fa67a53afb0 ffffffff00000000
0x00007fa67a53af48:   00007fa686562ab0 00007fa6868cfe90
0x00007fa67a53af58:   00007fa67a53af88 00007fa67a53af80
0x00007fa67a53af68:   00007fa6868cfb30 00007fa693258168
0x00007fa67a53af78:   00007fa6931175c8 00007fa6868cfe90
0x00007fa67a53af88:   000000000049ed7d 0000000000902fe0
0x00007fa67a53af98:   00000000004a3ad6 00007fa67a53b040
0x00007fa67a53afa8:   0000000000000000 00007fa686562ab0
0x00007fa67a53afb8:   00000000004c3a78 00007fa6868cfe90
0x00007fa67a53afc8:   4bbf3cc67aa06d00 00007fa686575c80
0x00007fa67a53afd8:   00007fa6868cfe78 00007fa6868cfd00
0x00007fa67a53afe8:   00007fa634005a50 00007fa686562ab0
0x00007fa67a53aff8:   0000000000000001 0000000000000003 

Instructions: (pc=0x00007fa692b00746)
0x00007fa692b00726:   ef c9 66 0f ef d2 66 0f ef db 48 89 f8 48 89 f9
0x00007fa692b00736:   48 81 e1 ff 0f 00 00 48 81 f9 cf 0f 00 00 77 6a
0x00007fa692b00746:   f3 0f 6f 20 66 0f 74 e0 66 0f d7 d4 85 d2 74 04
0x00007fa692b00756:   0f bc c2 c3 48 83 e0 f0 66 0f 74 48 10 66 0f 74 

Register to memory mapping:

RAX=0x0000000034007090 is an unknown value
RBX=0x00007fa6865770e0 is an unknown value
RCX=0x0000000000000090 is an unknown value
RDX=0x00007fa688c459c0: PyCStgDict_Type+0 in /usr/lib/python2.7/lib-dynload/_ctypes.x86_64-linux-gnu.so at 0x00007fa688a26000
RSP=0x00007fa67a53ae08 is an unknown value
RBP=0x00007fa6890125a8 is an unknown value
RSI=0x0000000000000008 is an unknown value
RDI=0x0000000034007090 is an unknown value
R8 =0x000000000000002a is an unknown value
R9 =0x00000000004da850: <offset 0xda850> in python at 0x0000000000400000
R10=0x00007fa6867cabb0 is an unknown value
R11=0x0000000000000004 is an unknown value
R12=0x0000000034007090 is an unknown value
R13=0x00007fa6868cfea0 is an unknown value
R14=0x0000000001aab650 is an unknown value
R15=0x00007fa6865770e0 is an unknown value


Stack: [0x00007fa679d3d000,0x00007fa67a53e000],  sp=0x00007fa67a53ae08,  free space=8183k
Native frames: (J=compiled Java code, j=interpreted, Vv=VM code, C=native code)
C  [libc.so.6+0x8b746]  strlen+0x26


---------------  P R O C E S S  ---------------

VM state:not at safepoint (normal execution)

VM Mutex/Monitor currently owned by a thread: None

Heap:
 PSYoungGen      total 18432K, used 2525K [0x00000000fad00000, 0x00000000fc180000, 0x0000000100000000)
  eden space 15872K, 8% used [0x00000000fad00000,0x00000000fae55e60,0x00000000fbc80000)
  from space 2560K, 45% used [0x00000000fbc80000,0x00000000fbda17d0,0x00000000fbf00000)
  to   space 2560K, 0% used [0x00000000fbf00000,0x00000000fbf00000,0x00000000fc180000)
 ParOldGen       total 42496K, used 8K [0x00000000f0600000, 0x00000000f2f80000, 0x00000000fad00000)
  object space 42496K, 0% used [0x00000000f0600000,0x00000000f0602000,0x00000000f2f80000)
 Metaspace       used 5434K, capacity 6572K, committed 6912K, reserved 1056768K
  class space    used 634K, capacity 680K, committed 768K, reserved 1048576K

Card table byte_map: [0x00007fa6801db000,0x00007fa680259000] byte_map_base: 0x00007fa67fa58000

Marking Bits: (ParMarkBitMap*) 0x00007fa681b8a320
 Begin Bits: [0x00007fa67b72f000, 0x00007fa67bb17000)
 End Bits:   [0x00007fa67bb17000, 0x00007fa67beff000)

Polling page: 0x00007fa69327f000

CodeCache: size=245760Kb used=1647Kb max_used=1647Kb free=244112Kb
 bounds [0x00007fa65d000000, 0x00007fa65d270000, 0x00007fa66c000000]
 total_blobs=533 nmethods=268 adapters=180
 compilation: enabled

Compilation events (10 events):
Event: 14.002 Thread 0x000000000448a000  263       1       java.lang.Class::getClassLoader0 (5 bytes)
Event: 14.002 Thread 0x000000000448a000 nmethod 263 0x00007fa65d19a390 code [0x00007fa65d19a4e0, 0x00007fa65d19a5f0]
Event: 14.002 Thread 0x000000000448a000  264       1       java.util.ArrayList::access$000 (5 bytes)
Event: 14.002 Thread 0x000000000448a000 nmethod 264 0x00007fa65d19a650 code [0x00007fa65d19a7a0, 0x00007fa65d19a890]
Event: 14.002 Thread 0x000000000448a000  265       3       java.util.ArrayList$Itr::checkForComodification (23 bytes)
Event: 14.002 Thread 0x000000000448a000 nmethod 265 0x00007fa65d19a910 code [0x00007fa65d19aa80, 0x00007fa65d19aca8]
Event: 14.002 Thread 0x000000000448a000  266       3       java.util.ArrayList$Itr::hasNext (20 bytes)
Event: 14.002 Thread 0x000000000448a000 nmethod 266 0x00007fa65d19ad90 code [0x00007fa65d19af00, 0x00007fa65d19b0d0]
Event: 14.002 Thread 0x000000000448a000  267       3       java.util.ArrayList$Itr::next (66 bytes)
Event: 14.002 Thread 0x000000000448a000 nmethod 267 0x00007fa65d19b190 code [0x00007fa65d19b340, 0x00007fa65d19b7e8]

GC Heap History (2 events):
Event: 13.997 GC heap before
{Heap before GC invocations=1 (full 0):
 PSYoungGen      total 18432K, used 15872K [0x00000000fad00000, 0x00000000fc180000, 0x0000000100000000)
  eden space 15872K, 100% used [0x00000000fad00000,0x00000000fbc80000,0x00000000fbc80000)
  from space 2560K, 0% used [0x00000000fbf00000,0x00000000fbf00000,0x00000000fc180000)
  to   space 2560K, 0% used [0x00000000fbc80000,0x00000000fbc80000,0x00000000fbf00000)
 ParOldGen       total 42496K, used 0K [0x00000000f0600000, 0x00000000f2f80000, 0x00000000fad00000)
  object space 42496K, 0% used [0x00000000f0600000,0x00000000f0600000,0x00000000f2f80000)
 Metaspace       used 5328K, capacity 6508K, committed 6656K, reserved 1056768K
  class space    used 619K, capacity 680K, committed 768K, reserved 1048576K
Event: 13.998 GC heap after
Heap after GC invocations=1 (full 0):
 PSYoungGen      total 18432K, used 1157K [0x00000000fad00000, 0x00000000fc180000, 0x0000000100000000)
  eden space 15872K, 0% used [0x00000000fad00000,0x00000000fad00000,0x00000000fbc80000)
  from space 2560K, 45% used [0x00000000fbc80000,0x00000000fbda17d0,0x00000000fbf00000)
  to   space 2560K, 0% used [0x00000000fbf00000,0x00000000fbf00000,0x00000000fc180000)
 ParOldGen       total 42496K, used 8K [0x00000000f0600000, 0x00000000f2f80000, 0x00000000fad00000)
  object space 42496K, 0% used [0x00000000f0600000,0x00000000f0602000,0x00000000f2f80000)
 Metaspace       used 5328K, capacity 6508K, committed 6656K, reserved 1056768K
  class space    used 619K, capacity 680K, committed 768K, reserved 1048576K
}

Deoptimization events (0 events):
No events

Classes redefined (0 events):
No events

Internal exceptions (10 events):
Event: 14.010 Thread 0x00007fa634007800 Exception <a 'java/io/IOException': No Device Found> (0x00000000fae054e8) thrown at [/build/openjdk-8-wnL82d/openjdk-8-8u171-b11/src/hotspot/src/share/vm/prims/jni.cpp, line 735]
Event: 14.010 Thread 0x00007fa634007800 Exception <a 'java/io/IOException': No Device Found> (0x00000000fae05950) thrown at [/build/openjdk-8-wnL82d/openjdk-8-8u171-b11/src/hotspot/src/share/vm/prims/jni.cpp, line 735]
Event: 14.011 Thread 0x00007fa634007800 Exception <a 'java/io/IOException': No Device Found> (0x00000000fae05db8) thrown at [/build/openjdk-8-wnL82d/openjdk-8-8u171-b11/src/hotspot/src/share/vm/prims/jni.cpp, line 735]
Event: 14.011 Thread 0x00007fa634007800 Exception <a 'java/io/IOException': No Device Found> (0x00000000fae06220) thrown at [/build/openjdk-8-wnL82d/openjdk-8-8u171-b11/src/hotspot/src/share/vm/prims/jni.cpp, line 735]
Event: 14.011 Thread 0x00007fa634007800 Exception <a 'java/io/IOException': No Device Found> (0x00000000fae06688) thrown at [/build/openjdk-8-wnL82d/openjdk-8-8u171-b11/src/hotspot/src/share/vm/prims/jni.cpp, line 735]
Event: 14.011 Thread 0x00007fa634007800 Exception <a 'java/io/IOException': No Device Found> (0x00000000fae06af0) thrown at [/build/openjdk-8-wnL82d/openjdk-8-8u171-b11/src/hotspot/src/share/vm/prims/jni.cpp, line 735]
Event: 14.011 Thread 0x00007fa634007800 Exception <a 'java/io/IOException': No Device Found> (0x00000000fae06f58) thrown at [/build/openjdk-8-wnL82d/openjdk-8-8u171-b11/src/hotspot/src/share/vm/prims/jni.cpp, line 735]
Event: 14.011 Thread 0x00007fa634007800 Exception <a 'java/io/IOException': No Device Found> (0x00000000fae073c0) thrown at [/build/openjdk-8-wnL82d/openjdk-8-8u171-b11/src/hotspot/src/share/vm/prims/jni.cpp, line 735]
Event: 14.011 Thread 0x00007fa634007800 Exception <a 'java/io/IOException': No Device Found> (0x00000000fae07828) thrown at [/build/openjdk-8-wnL82d/openjdk-8-8u171-b11/src/hotspot/src/share/vm/prims/jni.cpp, line 735]
Event: 14.011 Thread 0x00007fa634007800 Exception <a 'java/io/IOException': No Device Found> (0x00000000fae07c90) thrown at [/build/openjdk-8-wnL82d/openjdk-8-8u171-b11/src/hotspot/src/share/vm/prims/jni.cpp, line 735]

Events (10 events):
Event: 14.011 loading class com/oceanoptics/omnidriver/spectrometer/SpectrometerAssembly done
Event: 14.011 loading class com/oceanoptics/spectralprocessing/SpectralProcessor
Event: 14.011 loading class com/oceanoptics/spectralprocessing/SpectralProcessor done
Event: 14.011 Executing VM operation: Deoptimize
Event: 14.011 Executing VM operation: Deoptimize done
Event: 14.012 loading class com/oceanoptics/omnidriver/spectra/Spectrum
Event: 14.012 loading class com/oceanoptics/omnidriver/spectra/Spectrum done
Event: 14.012 Thread 0x00007fa634007800 Thread exited: 0x00007fa634007800
Event: 14.012 Thread 0x00007fa634007800 Thread added: 0x00007fa634007800
Event: 14.034 Thread 0x00007fa634007800 Thread exited: 0x00007fa634007800


Dynamic libraries:
00400000-006e9000 r-xp 00000000 fd:00 660578                             /usr/bin/python2.7
008e8000-008ea000 r--p 002e8000 fd:00 660578                             /usr/bin/python2.7
008ea000-00961000 rw-p 002ea000 fd:00 660578                             /usr/bin/python2.7
00961000-00984000 rw-p 00000000 00:00 0 
018f9000-0458e000 rw-p 00000000 00:00 0                                  [heap]
f0600000-f2f80000 rw-p 00000000 00:00 0 
f2f80000-fad00000 ---p 00000000 00:00 0 
fad00000-fc180000 rw-p 00000000 00:00 0 
fc180000-100000000 ---p 00000000 00:00 0 
100000000-1000c0000 rw-p 00000000 00:00 0 
1000c0000-140000000 ---p 00000000 00:00 0 
7fa630000000-7fa630021000 rw-p 00000000 00:00 0 
7fa630021000-7fa634000000 ---p 00000000 00:00 0 
7fa634000000-7fa63408e000 rw-p 00000000 00:00 0 
7fa63408e000-7fa638000000 ---p 00000000 00:00 0 
7fa638000000-7fa638143000 rw-p 00000000 00:00 0 
7fa638143000-7fa63c000000 ---p 00000000 00:00 0 
7fa63c000000-7fa63c021000 rw-p 00000000 00:00 0 
7fa63c021000-7fa640000000 ---p 00000000 00:00 0 
7fa640000000-7fa640021000 rw-p 00000000 00:00 0 
7fa640021000-7fa644000000 ---p 00000000 00:00 0 
7fa644000000-7fa64408e000 rw-p 00000000 00:00 0 
7fa64408e000-7fa648000000 ---p 00000000 00:00 0 
7fa648000000-7fa648021000 rw-p 00000000 00:00 0 
7fa648021000-7fa64c000000 ---p 00000000 00:00 0 
7fa64c000000-7fa64c021000 rw-p 00000000 00:00 0 
7fa64c021000-7fa650000000 ---p 00000000 00:00 0 
7fa650000000-7fa650021000 rw-p 00000000 00:00 0 
7fa650021000-7fa654000000 ---p 00000000 00:00 0 
7fa654000000-7fa654021000 rw-p 00000000 00:00 0 
7fa654021000-7fa658000000 ---p 00000000 00:00 0 
7fa658000000-7fa658021000 rw-p 00000000 00:00 0 
7fa658021000-7fa65c000000 ---p 00000000 00:00 0 
7fa65d000000-7fa65d270000 rwxp 00000000 00:00 0 
7fa65d270000-7fa66c000000 ---p 00000000 00:00 0 
7fa66c000000-7fa66c028000 rw-p 00000000 00:00 0 
7fa66c028000-7fa670000000 ---p 00000000 00:00 0 
7fa670000000-7fa670021000 rw-p 00000000 00:00 0 
7fa670021000-7fa674000000 ---p 00000000 00:00 0 
7fa674000000-7fa674021000 rw-p 00000000 00:00 0 
7fa674021000-7fa678000000 ---p 00000000 00:00 0 
7fa67900f000-7fa679010000 ---p 00000000 00:00 0 
7fa679010000-7fa679810000 rw-p 00000000 00:00 0 
7fa679810000-7fa679813000 ---p 00000000 00:00 0 
7fa679813000-7fa679911000 rw-p 00000000 00:00 0 
7fa679911000-7fa679918000 r-xp 00000000 fd:00 918170                     /lib/x86_64-linux-gnu/libusb-0.1.so.4.4.4
7fa679918000-7fa679b17000 ---p 00007000 fd:00 918170                     /lib/x86_64-linux-gnu/libusb-0.1.so.4.4.4
7fa679b17000-7fa679b18000 r--p 00006000 fd:00 918170                     /lib/x86_64-linux-gnu/libusb-0.1.so.4.4.4
7fa679b18000-7fa679b19000 rw-p 00007000 fd:00 918170                     /lib/x86_64-linux-gnu/libusb-0.1.so.4.4.4
7fa679b19000-7fa679b1a000 rw-p 00000000 00:00 0 
7fa679b38000-7fa679b3c000 r-xp 00000000 fd:00 825271                     /home/tango-cs/OmniDriverSPAM/OOI_HOME/libNatUSB.so
7fa679b3c000-7fa679d3b000 ---p 00004000 fd:00 825271                     /home/tango-cs/OmniDriverSPAM/OOI_HOME/libNatUSB.so
7fa679d3b000-7fa679d3c000 r--p 00003000 fd:00 825271                     /home/tango-cs/OmniDriverSPAM/OOI_HOME/libNatUSB.so
7fa679d3c000-7fa679d3d000 rw-p 00004000 fd:00 825271                     /home/tango-cs/OmniDriverSPAM/OOI_HOME/libNatUSB.so
7fa679d3d000-7fa679d40000 ---p 00000000 00:00 0 
7fa679d40000-7fa67a53e000 rw-p 00000000 00:00 0 
7fa67a53e000-7fa67a558000 r--s 002a6000 fd:00 825296                     /home/tango-cs/OmniDriverSPAM/OOI_HOME/OmniDriver.jar
7fa67a558000-7fa67a559000 ---p 00000000 00:00 0 
7fa67a559000-7fa67a659000 rw-p 00000000 00:00 0 
7fa67a659000-7fa67a65c000 ---p 00000000 00:00 0 
7fa67a65c000-7fa67a75a000 rw-p 00000000 00:00 0 
7fa67a75a000-7fa67a75d000 ---p 00000000 00:00 0 
7fa67a75d000-7fa67a85b000 rw-p 00000000 00:00 0 
7fa67a85b000-7fa67a85e000 ---p 00000000 00:00 0 
7fa67a85e000-7fa67a95c000 rw-p 00000000 00:00 0 
7fa67a95c000-7fa67a95f000 ---p 00000000 00:00 0 
7fa67a95f000-7fa67aa5d000 rw-p 00000000 00:00 0 
7fa67aa5d000-7fa67aa60000 ---p 00000000 00:00 0 
7fa67aa60000-7fa67ab5e000 rw-p 00000000 00:00 0 
7fa67ab5e000-7fa67ab61000 ---p 00000000 00:00 0 
7fa67ab61000-7fa67ac5f000 rw-p 00000000 00:00 0 
7fa67ac5f000-7fa67ac60000 ---p 00000000 00:00 0 
7fa67ac60000-7fa67ad60000 rw-p 00000000 00:00 0 
7fa67ad60000-7fa67af2f000 r--s 03c2f000 fd:00 777693                     /usr/lib/jvm/java-8-openjdk-amd64/jre/lib/rt.jar
7fa67af2f000-7fa67b52f000 rw-p 00000000 00:00 0 
7fa67b52f000-7fa67b72f000 ---p 00000000 00:00 0 
7fa67b72f000-7fa67beff000 rw-p 00000000 00:00 0 
7fa67beff000-7fa67bf00000 ---p 00000000 00:00 0 
7fa67bf00000-7fa67c000000 rw-p 00000000 00:00 0 
7fa67c000000-7fa67c021000 rw-p 00000000 00:00 0 
7fa67c021000-7fa680000000 ---p 00000000 00:00 0 
7fa680009000-7fa680086000 rw-p 00000000 00:00 0 
7fa680086000-7fa680087000 ---p 00000000 00:00 0 
7fa680087000-7fa68019c000 rw-p 00000000 00:00 0 
7fa68019c000-7fa6801db000 ---p 00000000 00:00 0 
7fa6801db000-7fa6801f0000 rw-p 00000000 00:00 0 
7fa6801f0000-7fa68022e000 ---p 00000000 00:00 0 
7fa68022e000-7fa680239000 rw-p 00000000 00:00 0 
7fa680239000-7fa680258000 ---p 00000000 00:00 0 
7fa680258000-7fa680263000 rw-p 00000000 00:00 0 
7fa680263000-7fa680619000 ---p 00000000 00:00 0 
7fa680619000-7fa680621000 r-xp 00000000 fd:00 676893                     /usr/lib/jvm/java-8-openjdk-amd64/jre/lib/amd64/libzip.so
7fa680621000-7fa680820000 ---p 00008000 fd:00 676893                     /usr/lib/jvm/java-8-openjdk-amd64/jre/lib/amd64/libzip.so
7fa680820000-7fa680821000 r--p 00007000 fd:00 676893                     /usr/lib/jvm/java-8-openjdk-amd64/jre/lib/amd64/libzip.so
7fa680821000-7fa680822000 rw-p 00008000 fd:00 676893                     /usr/lib/jvm/java-8-openjdk-amd64/jre/lib/amd64/libzip.so
7fa680822000-7fa68084f000 r-xp 00000000 fd:00 676884                     /usr/lib/jvm/java-8-openjdk-amd64/jre/lib/amd64/libjava.so
7fa68084f000-7fa680a4e000 ---p 0002d000 fd:00 676884                     /usr/lib/jvm/java-8-openjdk-amd64/jre/lib/amd64/libjava.so
7fa680a4e000-7fa680a4f000 r--p 0002c000 fd:00 676884                     /usr/lib/jvm/java-8-openjdk-amd64/jre/lib/amd64/libjava.so
7fa680a4f000-7fa680a51000 rw-p 0002d000 fd:00 676884                     /usr/lib/jvm/java-8-openjdk-amd64/jre/lib/amd64/libjava.so
7fa680a51000-7fa680a60000 r-xp 00000000 fd:00 676870                     /usr/lib/jvm/java-8-openjdk-amd64/jre/lib/amd64/libverify.so
7fa680a60000-7fa680c5f000 ---p 0000f000 fd:00 676870                     /usr/lib/jvm/java-8-openjdk-amd64/jre/lib/amd64/libverify.so
7fa680c5f000-7fa680c61000 r--p 0000e000 fd:00 676870                     /usr/lib/jvm/java-8-openjdk-amd64/jre/lib/amd64/libverify.so
7fa680c61000-7fa680c62000 rw-p 00010000 fd:00 676870                     /usr/lib/jvm/java-8-openjdk-amd64/jre/lib/amd64/libverify.so
7fa680c62000-7fa6818bb000 r-xp 00000000 fd:00 676897                     /usr/lib/jvm/java-8-openjdk-amd64/jre/lib/amd64/server/libjvm.so
7fa6818bb000-7fa681abb000 ---p 00c59000 fd:00 676897                     /usr/lib/jvm/java-8-openjdk-amd64/jre/lib/amd64/server/libjvm.so
7fa681abb000-7fa681b4e000 r--p 00c59000 fd:00 676897                     /usr/lib/jvm/java-8-openjdk-amd64/jre/lib/amd64/server/libjvm.so
7fa681b4e000-7fa681b77000 rw-p 00cec000 fd:00 676897                     /usr/lib/jvm/java-8-openjdk-amd64/jre/lib/amd64/server/libjvm.so
7fa681b77000-7fa681ba7000 rw-p 00000000 00:00 0 
7fa681ba7000-7fa682094000 r-xp 00000000 fd:00 825294                     /home/tango-cs/OmniDriverSPAM/OOI_HOME/libOmniDriver.so
7fa682094000-7fa682294000 ---p 004ed000 fd:00 825294                     /home/tango-cs/OmniDriverSPAM/OOI_HOME/libOmniDriver.so
7fa682294000-7fa68229f000 r--p 004ed000 fd:00 825294                     /home/tango-cs/OmniDriverSPAM/OOI_HOME/libOmniDriver.so
7fa68229f000-7fa6822ae000 rw-p 004f8000 fd:00 825294                     /home/tango-cs/OmniDriverSPAM/OOI_HOME/libOmniDriver.so
7fa6822ae000-7fa6822ee000 r-xp 00000000 fd:00 825295                     /home/tango-cs/OmniDriverSPAM/OOI_HOME/libcommon.so
7fa6822ee000-7fa6824ed000 ---p 00040000 fd:00 825295                     /home/tango-cs/OmniDriverSPAM/OOI_HOME/libcommon.so
7fa6824ed000-7fa6824ee000 r--p 0003f000 fd:00 825295                     /home/tango-cs/OmniDriverSPAM/OOI_HOME/libcommon.so
7fa6824ee000-7fa6824ef000 rw-p 00040000 fd:00 825295                     /home/tango-cs/OmniDriverSPAM/OOI_HOME/libcommon.so
7fa6824ef000-7fa6824f1000 r-xp 00000000 fd:00 976263                     /home/tango-cs/Documents/Spectrometer/OceanOpticsTango/libw.so
7fa6824f1000-7fa6826f0000 ---p 00002000 fd:00 976263                     /home/tango-cs/Documents/Spectrometer/OceanOpticsTango/libw.so
7fa6826f0000-7fa6826f1000 r--p 00001000 fd:00 976263                     /home/tango-cs/Documents/Spectrometer/OceanOpticsTango/libw.so
7fa6826f1000-7fa6826f2000 rw-p 00002000 fd:00 976263                     /home/tango-cs/Documents/Spectrometer/OceanOpticsTango/libw.so
7fa6826f2000-7fa6826f3000 ---p 00000000 00:00 0 
7fa6826f3000-7fa682ef3000 rw-p 00000000 00:00 0 
7fa682ef3000-7fa682ef4000 ---p 00000000 00:00 0 
7fa682ef4000-7fa6836f4000 rw-p 00000000 00:00 0 
7fa6836f4000-7fa6836f5000 ---p 00000000 00:00 0 
7fa6836f5000-7fa683ef5000 rw-p 00000000 00:00 0 
7fa683ef5000-7fa683ef6000 ---p 00000000 00:00 0 
7fa683ef6000-7fa6846f6000 rw-p 00000000 00:00 0 
7fa6846f6000-7fa6846f7000 ---p 00000000 00:00 0 
7fa6846f7000-7fa684ef7000 rw-p 00000000 00:00 0 
7fa684ef7000-7fa684ef8000 ---p 00000000 00:00 0 
7fa684ef8000-7fa6856f8000 rw-p 00000000 00:00 0 
7fa6856f8000-7fa68570f000 r-xp 00000000 fd:00 948151                     /lib/x86_64-linux-gnu/libresolv-2.23.so
7fa68570f000-7fa68590f000 ---p 00017000 fd:00 948151                     /lib/x86_64-linux-gnu/libresolv-2.23.so
7fa68590f000-7fa685910000 r--p 00017000 fd:00 948151                     /lib/x86_64-linux-gnu/libresolv-2.23.so
7fa685910000-7fa685911000 rw-p 00018000 fd:00 948151                     /lib/x86_64-linux-gnu/libresolv-2.23.so
7fa685911000-7fa685913000 rw-p 00000000 00:00 0 
7fa685913000-7fa685918000 r-xp 00000000 fd:00 948207                     /lib/x86_64-linux-gnu/libnss_dns-2.23.so
7fa685918000-7fa685b18000 ---p 00005000 fd:00 948207                     /lib/x86_64-linux-gnu/libnss_dns-2.23.so
7fa685b18000-7fa685b19000 r--p 00005000 fd:00 948207                     /lib/x86_64-linux-gnu/libnss_dns-2.23.so
7fa685b19000-7fa685b1a000 rw-p 00006000 fd:00 948207                     /lib/x86_64-linux-gnu/libnss_dns-2.23.so
7fa685b1a000-7fa685b1c000 r-xp 00000000 fd:00 918097                     /lib/x86_64-linux-gnu/libnss_mdns4_minimal.so.2
7fa685b1c000-7fa685d1b000 ---p 00002000 fd:00 918097                     /lib/x86_64-linux-gnu/libnss_mdns4_minimal.so.2
7fa685d1b000-7fa685d1c000 r--p 00001000 fd:00 918097                     /lib/x86_64-linux-gnu/libnss_mdns4_minimal.so.2
7fa685d1c000-7fa685d1d000 rw-p 00002000 fd:00 918097                     /lib/x86_64-linux-gnu/libnss_mdns4_minimal.so.2
7fa685d1d000-7fa685d28000 r-xp 00000000 fd:00 949315                     /lib/x86_64-linux-gnu/libnss_files-2.23.so
7fa685d28000-7fa685f27000 ---p 0000b000 fd:00 949315                     /lib/x86_64-linux-gnu/libnss_files-2.23.so
7fa685f27000-7fa685f28000 r--p 0000a000 fd:00 949315                     /lib/x86_64-linux-gnu/libnss_files-2.23.so
7fa685f28000-7fa685f29000 rw-p 0000b000 fd:00 949315                     /lib/x86_64-linux-gnu/libnss_files-2.23.so
7fa685f29000-7fa685f2f000 rw-p 00000000 00:00 0 
7fa685f2f000-7fa685f3a000 r-xp 00000000 fd:00 949358                     /lib/x86_64-linux-gnu/libnss_nis-2.23.so
7fa685f3a000-7fa686139000 ---p 0000b000 fd:00 949358                     /lib/x86_64-linux-gnu/libnss_nis-2.23.so
7fa686139000-7fa68613a000 r--p 0000a000 fd:00 949358                     /lib/x86_64-linux-gnu/libnss_nis-2.23.so
7fa68613a000-7fa68613b000 rw-p 0000b000 fd:00 949358                     /lib/x86_64-linux-gnu/libnss_nis-2.23.so
7fa68613b000-7fa686151000 r-xp 00000000 fd:00 920920                     /lib/x86_64-linux-gnu/libnsl-2.23.so
7fa686151000-7fa686350000 ---p 00016000 fd:00 920920                     /lib/x86_64-linux-gnu/libnsl-2.23.so
7fa686350000-7fa686351000 r--p 00015000 fd:00 920920                     /lib/x86_64-linux-gnu/libnsl-2.23.so
7fa686351000-7fa686352000 rw-p 00016000 fd:00 920920                     /lib/x86_64-linux-gnu/libnsl-2.23.so
7fa686352000-7fa686354000 rw-p 00000000 00:00 0 
7fa686354000-7fa68635c000 r-xp 00000000 fd:00 948159                     /lib/x86_64-linux-gnu/libnss_compat-2.23.so
7fa68635c000-7fa68655b000 ---p 00008000 fd:00 948159                     /lib/x86_64-linux-gnu/libnss_compat-2.23.so
7fa68655b000-7fa68655c000 r--p 00007000 fd:00 948159                     /lib/x86_64-linux-gnu/libnss_compat-2.23.so
7fa68655c000-7fa68655d000 rw-p 00008000 fd:00 948159                     /lib/x86_64-linux-gnu/libnss_compat-2.23.so
7fa68655d000-7fa68659d000 rw-p 00000000 00:00 0 
7fa68659d000-7fa6865a9000 r-xp 00000000 fd:00 782063                     /usr/lib/python2.7/lib-dynload/_json.x86_64-linux-gnu.so
7fa6865a9000-7fa6867a8000 ---p 0000c000 fd:00 782063                     /usr/lib/python2.7/lib-dynload/_json.x86_64-linux-gnu.so
7fa6867a8000-7fa6867a9000 r--p 0000b000 fd:00 782063                     /usr/lib/python2.7/lib-dynload/_json.x86_64-linux-gnu.so
7fa6867a9000-7fa6867aa000 rw-p 0000c000 fd:00 782063                     /usr/lib/python2.7/lib-dynload/_json.x86_64-linux-gnu.so
7fa6867aa000-7fa68696a000 rw-p 00000000 00:00 0 
7fa68696a000-7fa686970000 r-xp 00000000 fd:00 782079                     /usr/lib/python2.7/lib-dynload/_multiprocessing.x86_64-linux-gnu.so
7fa686970000-7fa686b6f000 ---p 00006000 fd:00 782079                     /usr/lib/python2.7/lib-dynload/_multiprocessing.x86_64-linux-gnu.so
7fa686b6f000-7fa686b70000 r--p 00005000 fd:00 782079                     /usr/lib/python2.7/lib-dynload/_multiprocessing.x86_64-linux-gnu.so
7fa686b70000-7fa686b71000 rw-p 00006000 fd:00 782079                     /usr/lib/python2.7/lib-dynload/_multiprocessing.x86_64-linux-gnu.so
7fa686b71000-7fa686bb1000 rw-p 00000000 00:00 0 
7fa686bb1000-7fa686c0f000 r-xp 00000000 fd:00 917584                     /lib/x86_64-linux-gnu/libssl.so.1.0.0
7fa686c0f000-7fa686e0f000 ---p 0005e000 fd:00 917584                     /lib/x86_64-linux-gnu/libssl.so.1.0.0
7fa686e0f000-7fa686e13000 r--p 0005e000 fd:00 917584                     /lib/x86_64-linux-gnu/libssl.so.1.0.0
7fa686e13000-7fa686e1a000 rw-p 00062000 fd:00 917584                     /lib/x86_64-linux-gnu/libssl.so.1.0.0
7fa686e1a000-7fa686e2f000 r-xp 00000000 fd:00 782059                     /usr/lib/python2.7/lib-dynload/_ssl.x86_64-linux-gnu.so
7fa686e2f000-7fa68702e000 ---p 00015000 fd:00 782059                     /usr/lib/python2.7/lib-dynload/_ssl.x86_64-linux-gnu.so
7fa68702e000-7fa68702f000 r--p 00014000 fd:00 782059                     /usr/lib/python2.7/lib-dynload/_ssl.x86_64-linux-gnu.so
7fa68702f000-7fa687033000 rw-p 00015000 fd:00 782059                     /usr/lib/python2.7/lib-dynload/_ssl.x86_64-linux-gnu.so
7fa687033000-7fa687373000 rw-p 00000000 00:00 0 
7fa687373000-7fa68742c000 r-xp 00000000 fd:00 864136                     /usr/local/lib/python2.7/dist-packages/numpy/random/mtrand.so
7fa68742c000-7fa68762c000 ---p 000b9000 fd:00 864136                     /usr/local/lib/python2.7/dist-packages/numpy/random/mtrand.so
7fa68762c000-7fa687651000 rw-p 000b9000 fd:00 864136                     /usr/local/lib/python2.7/dist-packages/numpy/random/mtrand.so
7fa687651000-7fa687693000 rw-p 00000000 00:00 0 
7fa687693000-7fa68769c000 r-xp 00000000 fd:00 863981                     /usr/local/lib/python2.7/dist-packages/numpy/fft/fftpack_lite.so
7fa68769c000-7fa68789b000 ---p 00009000 fd:00 863981                     /usr/local/lib/python2.7/dist-packages/numpy/fft/fftpack_lite.so
7fa68789b000-7fa68789c000 rw-p 00008000 fd:00 863981                     /usr/local/lib/python2.7/dist-packages/numpy/fft/fftpack_lite.so
7fa68789c000-7fa6878dc000 rw-p 00000000 00:00 0 
7fa6878dc000-7fa6878dd000 r-xp 00000000 fd:00 782064                     /usr/lib/python2.7/lib-dynload/future_builtins.x86_64-linux-gnu.so
7fa6878dd000-7fa687adc000 ---p 00001000 fd:00 782064                     /usr/lib/python2.7/lib-dynload/future_builtins.x86_64-linux-gnu.so
7fa687adc000-7fa687add000 r--p 00000000 fd:00 782064                     /usr/lib/python2.7/lib-dynload/future_builtins.x86_64-linux-gnu.so
7fa687add000-7fa687ade000 rw-p 00001000 fd:00 782064                     /usr/lib/python2.7/lib-dynload/future_builtins.x86_64-linux-gnu.so
7fa687ade000-7fa687b07000 r-xp 00000000 fd:00 864402                     /usr/local/lib/python2.7/dist-packages/numpy/linalg/_umath_linalg.so
7fa687b07000-7fa687d06000 ---p 00029000 fd:00 864402                     /usr/local/lib/python2.7/dist-packages/numpy/linalg/_umath_linalg.so
7fa687d06000-7fa687d08000 rw-p 00028000 fd:00 864402                     /usr/local/lib/python2.7/dist-packages/numpy/linalg/_umath_linalg.so
7fa687d08000-7fa687d0b000 rw-p 000c7000 fd:00 864402                     /usr/local/lib/python2.7/dist-packages/numpy/linalg/_umath_linalg.so
7fa687d0b000-7fa687d0f000 r-xp 00000000 fd:00 864408                     /usr/local/lib/python2.7/dist-packages/numpy/linalg/lapack_lite.so
7fa687d0f000-7fa687f0f000 ---p 00004000 fd:00 864408                     /usr/local/lib/python2.7/dist-packages/numpy/linalg/lapack_lite.so
7fa687f0f000-7fa687f10000 rw-p 00004000 fd:00 864408                     /usr/local/lib/python2.7/dist-packages/numpy/linalg/lapack_lite.so
7fa687f10000-7fa687f12000 rw-p 00019000 fd:00 864408                     /usr/local/lib/python2.7/dist-packages/numpy/linalg/lapack_lite.so
7fa687f12000-7fa687f92000 rw-p 00000000 00:00 0 
7fa687f92000-7fa6881ac000 r-xp 00000000 fd:00 917583                     /lib/x86_64-linux-gnu/libcrypto.so.1.0.0
7fa6881ac000-7fa6883ab000 ---p 0021a000 fd:00 917583                     /lib/x86_64-linux-gnu/libcrypto.so.1.0.0
7fa6883ab000-7fa6883c7000 r--p 00219000 fd:00 917583                     /lib/x86_64-linux-gnu/libcrypto.so.1.0.0
7fa6883c7000-7fa6883d3000 rw-p 00235000 fd:00 917583                     /lib/x86_64-linux-gnu/libcrypto.so.1.0.0
7fa6883d3000-7fa6883d6000 rw-p 00000000 00:00 0 
7fa6883d6000-7fa6883dc000 r-xp 00000000 fd:00 782080                     /usr/lib/python2.7/lib-dynload/_hashlib.x86_64-linux-gnu.so
7fa6883dc000-7fa6885db000 ---p 00006000 fd:00 782080                     /usr/lib/python2.7/lib-dynload/_hashlib.x86_64-linux-gnu.so
7fa6885db000-7fa6885dc000 r--p 00005000 fd:00 782080                     /usr/lib/python2.7/lib-dynload/_hashlib.x86_64-linux-gnu.so
7fa6885dc000-7fa6885dd000 rw-p 00006000 fd:00 782080                     /usr/lib/python2.7/lib-dynload/_hashlib.x86_64-linux-gnu.so
7fa6885dd000-7fa68881e000 rw-p 00000000 00:00 0 
7fa68881e000-7fa688825000 r-xp 00000000 fd:00 663437                     /usr/lib/x86_64-linux-gnu/libffi.so.6.0.4
7fa688825000-7fa688a24000 ---p 00007000 fd:00 663437                     /usr/lib/x86_64-linux-gnu/libffi.so.6.0.4
7fa688a24000-7fa688a25000 r--p 00006000 fd:00 663437                     /usr/lib/x86_64-linux-gnu/libffi.so.6.0.4
7fa688a25000-7fa688a26000 rw-p 00007000 fd:00 663437                     /usr/lib/x86_64-linux-gnu/libffi.so.6.0.4
7fa688a26000-7fa688a44000 r-xp 00000000 fd:00 782058                     /usr/lib/python2.7/lib-dynload/_ctypes.x86_64-linux-gnu.so
7fa688a44000-7fa688c43000 ---p 0001e000 fd:00 782058                     /usr/lib/python2.7/lib-dynload/_ctypes.x86_64-linux-gnu.so
7fa688c43000-7fa688c44000 r--p 0001d000 fd:00 782058                     /usr/lib/python2.7/lib-dynload/_ctypes.x86_64-linux-gnu.so
7fa688c44000-7fa688c48000 rw-p 0001e000 fd:00 782058                     /usr/lib/python2.7/lib-dynload/_ctypes.x86_64-linux-gnu.so
7fa688c48000-7fa688de0000 r-xp 00000000 fd:00 864188                     /usr/local/lib/python2.7/dist-packages/numpy/core/umath.so
7fa688de0000-7fa688fe0000 ---p 00198000 fd:00 864188                     /usr/local/lib/python2.7/dist-packages/numpy/core/umath.so
7fa688fe0000-7fa688fe6000 rw-p 00198000 fd:00 864188                     /usr/local/lib/python2.7/dist-packages/numpy/core/umath.so
7fa688fe6000-7fa689028000 rw-p 00000000 00:00 0 
7fa689028000-7fa68b028000 rw-p 00000000 00:00 0 
7fa68b028000-7fa68b029000 ---p 00000000 00:00 0 
7fa68b029000-7fa68b829000 rw-p 00000000 00:00 0 
7fa68b829000-7fa68b919000 r-xp 00000000 fd:00 864434                     /usr/local/lib/python2.7/dist-packages/numpy/.libs/libgfortran-ed201abd.so.3.0.0
7fa68b919000-7fa68bb18000 ---p 000f0000 fd:00 864434                     /usr/local/lib/python2.7/dist-packages/numpy/.libs/libgfortran-ed201abd.so.3.0.0
7fa68bb18000-7fa68bb1a000 rw-p 000ef000 fd:00 864434                     /usr/local/lib/python2.7/dist-packages/numpy/.libs/libgfortran-ed201abd.so.3.0.0
7fa68bb1a000-7fa68bb1b000 rw-p 00000000 00:00 0 
7fa68bb1b000-7fa68bb23000 rw-p 000f2000 fd:00 864434                     /usr/local/lib/python2.7/dist-packages/numpy/.libs/libgfortran-ed201abd.so.3.0.0
7fa68bb23000-7fa68de37000 r-xp 00000000 fd:00 864433                     /usr/local/lib/python2.7/dist-packages/numpy/.libs/libopenblasp-r0-39a31c03.2.18.so
7fa68de37000-7fa68e036000 ---p 02314000 fd:00 864433                     /usr/local/lib/python2.7/dist-packages/numpy/.libs/libopenblasp-r0-39a31c03.2.18.so
7fa68e036000-7fa68e055000 rw-p 02313000 fd:00 864433                     /usr/local/lib/python2.7/dist-packages/numpy/.libs/libopenblasp-r0-39a31c03.2.18.so
7fa68e055000-7fa68e0b8000 rw-p 00000000 00:00 0 
7fa68e0b8000-7fa68e14e000 rw-p 02425000 fd:00 864433                     /usr/local/lib/python2.7/dist-packages/numpy/.libs/libopenblasp-r0-39a31c03.2.18.so
7fa68e14e000-7fa68e31b000 r-xp 00000000 fd:00 864185                     /usr/local/lib/python2.7/dist-packages/numpy/core/multiarray.so
7fa68e31b000-7fa68e51a000 ---p 001cd000 fd:00 864185                     /usr/local/lib/python2.7/dist-packages/numpy/core/multiarray.so
7fa68e51a000-7fa68e52a000 rw-p 001cc000 fd:00 864185                     /usr/local/lib/python2.7/dist-packages/numpy/core/multiarray.so
7fa68e52a000-7fa68e53d000 rw-p 00000000 00:00 0 
7fa68e53d000-7fa68e543000 rw-p 00920000 fd:00 864185                     /usr/local/lib/python2.7/dist-packages/numpy/core/multiarray.so
7fa68e543000-7fa68e583000 rw-p 00000000 00:00 0 
7fa68e583000-7fa68e58a000 r-xp 00000000 fd:00 949459                     /lib/x86_64-linux-gnu/librt-2.23.so
7fa68e58a000-7fa68e789000 ---p 00007000 fd:00 949459                     /lib/x86_64-linux-gnu/librt-2.23.so
7fa68e789000-7fa68e78a000 r--p 00006000 fd:00 949459                     /lib/x86_64-linux-gnu/librt-2.23.so
7fa68e78a000-7fa68e78b000 rw-p 00007000 fd:00 949459                     /lib/x86_64-linux-gnu/librt-2.23.so
7fa68e78b000-7fa68e7e8000 r-xp 00000000 fd:00 678876                     /usr/lib/x86_64-linux-gnu/libsodium.so.18.0.1
7fa68e7e8000-7fa68e9e7000 ---p 0005d000 fd:00 678876                     /usr/lib/x86_64-linux-gnu/libsodium.so.18.0.1
7fa68e9e7000-7fa68e9e8000 r--p 0005c000 fd:00 678876                     /usr/lib/x86_64-linux-gnu/libsodium.so.18.0.1
7fa68e9e8000-7fa68e9e9000 rw-p 0005d000 fd:00 678876                     /usr/lib/x86_64-linux-gnu/libsodium.so.18.0.1
7fa68e9e9000-7fa68f0c7000 r-xp 00000000 fd:00 680045                     /usr/lib/libCOS4.so.1.6
7fa68f0c7000-7fa68f2c6000 ---p 006de000 fd:00 680045                     /usr/lib/libCOS4.so.1.6
7fa68f2c6000-7fa68f458000 r--p 006dd000 fd:00 680045                     /usr/lib/libCOS4.so.1.6
7fa68f458000-7fa68f45f000 rw-p 0086f000 fd:00 680045                     /usr/lib/libCOS4.so.1.6
7fa68f45f000-7fa68f461000 rw-p 00000000 00:00 0 
7fa68f461000-7fa68f4c3000 r-xp 00000000 fd:00 678878                     /usr/lib/x86_64-linux-gnu/libzmq.so.5.0.0
7fa68f4c3000-7fa68f6c2000 ---p 00062000 fd:00 678878                     /usr/lib/x86_64-linux-gnu/libzmq.so.5.0.0
7fa68f6c2000-7fa68f6c6000 r--p 00061000 fd:00 678878                     /usr/lib/x86_64-linux-gnu/libzmq.so.5.0.0
7fa68f6c6000-7fa68f6c7000 rw-p 00065000 fd:00 678878                     /usr/lib/x86_64-linux-gnu/libzmq.so.5.0.0
7fa68f6c7000-7fa68f6dd000 r-xp 00000000 fd:00 918030                     /lib/x86_64-linux-gnu/libgcc_s.so.1
7fa68f6dd000-7fa68f8dc000 ---p 00016000 fd:00 918030                     /lib/x86_64-linux-gnu/libgcc_s.so.1
7fa68f8dc000-7fa68f8dd000 rw-p 00015000 fd:00 918030                     /lib/x86_64-linux-gnu/libgcc_s.so.1
7fa68f8dd000-7fa68fa4f000 r-xp 00000000 fd:00 654649                     /usr/lib/x86_64-linux-gnu/libstdc++.so.6.0.21
7fa68fa4f000-7fa68fc4f000 ---p 00172000 fd:00 654649                     /usr/lib/x86_64-linux-gnu/libstdc++.so.6.0.21
7fa68fc4f000-7fa68fc59000 r--p 00172000 fd:00 654649                     /usr/lib/x86_64-linux-gnu/libstdc++.so.6.0.21
7fa68fc59000-7fa68fc5b000 rw-p 0017c000 fd:00 654649                     /usr/lib/x86_64-linux-gnu/libstdc++.so.6.0.21
7fa68fc5b000-7fa68fc5f000 rw-p 00000000 00:00 0 
7fa68fc5f000-7fa68fc76000 r-xp 00000000 fd:00 680511                     /usr/local/lib/liblog4tango.so.5.0.1
7fa68fc76000-7fa68fe76000 ---p 00017000 fd:00 680511                     /usr/local/lib/liblog4tango.so.5.0.1
7fa68fe76000-7fa68fe77000 r--p 00017000 fd:00 680511                     /usr/local/lib/liblog4tango.so.5.0.1
7fa68fe77000-7fa68fe78000 rw-p 00018000 fd:00 680511                     /usr/local/lib/liblog4tango.so.5.0.1
7fa68fe78000-7fa68fe7d000 r-xp 00000000 fd:00 677872                     /usr/lib/libomnithread.so.3.4
7fa68fe7d000-7fa69007c000 ---p 00005000 fd:00 677872                     /usr/lib/libomnithread.so.3.4
7fa69007c000-7fa69007d000 r--p 00004000 fd:00 677872                     /usr/lib/libomnithread.so.3.4
7fa69007d000-7fa69007e000 rw-p 00005000 fd:00 677872                     /usr/lib/libomnithread.so.3.4
7fa69007e000-7fa690208000 r-xp 00000000 fd:00 679991                     /usr/lib/libomniORB4.so.1.6
7fa690208000-7fa690408000 ---p 0018a000 fd:00 679991                     /usr/lib/libomniORB4.so.1.6
7fa690408000-7fa69041b000 r--p 0018a000 fd:00 679991                     /usr/lib/libomniORB4.so.1.6
7fa69041b000-7fa69041f000 rw-p 0019d000 fd:00 679991                     /usr/lib/libomniORB4.so.1.6
7fa69041f000-7fa690422000 rw-p 00000000 00:00 0 
7fa690422000-7fa690674000 r-xp 00000000 fd:00 680037                     /usr/lib/libomniDynamic4.so.1.6
7fa690674000-7fa690873000 ---p 00252000 fd:00 680037                     /usr/lib/libomniDynamic4.so.1.6
7fa690873000-7fa6908e3000 r--p 00251000 fd:00 680037                     /usr/lib/libomniDynamic4.so.1.6
7fa6908e3000-7fa6908e7000 rw-p 002c1000 fd:00 680037                     /usr/lib/libomniDynamic4.so.1.6
7fa6908e7000-7fa6908e8000 rw-p 00000000 00:00 0 
7fa6908e8000-7fa690931000 r-xp 00000000 fd:00 691765                     /usr/lib/x86_64-linux-gnu/libboost_python-py27.so.1.58.0
7fa690931000-7fa690b31000 ---p 00049000 fd:00 691765                     /usr/lib/x86_64-linux-gnu/libboost_python-py27.so.1.58.0
7fa690b31000-7fa690b32000 r--p 00049000 fd:00 691765                     /usr/lib/x86_64-linux-gnu/libboost_python-py27.so.1.58.0
7fa690b32000-7fa690b34000 rw-p 0004a000 fd:00 691765                     /usr/lib/x86_64-linux-gnu/libboost_python-py27.so.1.58.0
7fa690b34000-7fa691134000 r-xp 00000000 fd:00 680670                     /usr/local/lib/libtango.so.9.2.5
7fa691134000-7fa691334000 ---p 00600000 fd:00 680670                     /usr/local/lib/libtango.so.9.2.5
7fa691334000-7fa691362000 r--p 00600000 fd:00 680670                     /usr/local/lib/libtango.so.9.2.5
7fa691362000-7fa69136b000 rw-p 0062e000 fd:00 680670                     /usr/local/lib/libtango.so.9.2.5
7fa69136b000-7fa69136e000 rw-p 00000000 00:00 0 
7fa69136e000-7fa691aea000 r-xp 00000000 fd:00 692438                     /usr/local/lib/python2.7/dist-packages/tango/_tango.so
7fa691aea000-7fa691cea000 ---p 0077c000 fd:00 692438                     /usr/local/lib/python2.7/dist-packages/tango/_tango.so
7fa691cea000-7fa691d22000 r--p 0077c000 fd:00 692438                     /usr/local/lib/python2.7/dist-packages/tango/_tango.so
7fa691d22000-7fa691d3e000 rw-p 007b4000 fd:00 692438                     /usr/local/lib/python2.7/dist-packages/tango/_tango.so
7fa691d3e000-7fa691d42000 rw-p 00000000 00:00 0 
7fa691d42000-7fa69214b000 r--p 00000000 fd:00 652827                     /usr/lib/locale/locale-archive
7fa69214b000-7fa692253000 r-xp 00000000 fd:00 920919                     /lib/x86_64-linux-gnu/libm-2.23.so
7fa692253000-7fa692452000 ---p 00108000 fd:00 920919                     /lib/x86_64-linux-gnu/libm-2.23.so
7fa692452000-7fa692453000 r--p 00107000 fd:00 920919                     /lib/x86_64-linux-gnu/libm-2.23.so
7fa692453000-7fa692454000 rw-p 00108000 fd:00 920919                     /lib/x86_64-linux-gnu/libm-2.23.so
7fa692454000-7fa69246d000 r-xp 00000000 fd:00 918183                     /lib/x86_64-linux-gnu/libz.so.1.2.8
7fa69246d000-7fa69266c000 ---p 00019000 fd:00 918183                     /lib/x86_64-linux-gnu/libz.so.1.2.8
7fa69266c000-7fa69266d000 r--p 00018000 fd:00 918183                     /lib/x86_64-linux-gnu/libz.so.1.2.8
7fa69266d000-7fa69266e000 rw-p 00019000 fd:00 918183                     /lib/x86_64-linux-gnu/libz.so.1.2.8
7fa69266e000-7fa692670000 r-xp 00000000 fd:00 948158                     /lib/x86_64-linux-gnu/libutil-2.23.so
7fa692670000-7fa69286f000 ---p 00002000 fd:00 948158                     /lib/x86_64-linux-gnu/libutil-2.23.so
7fa69286f000-7fa692870000 r--p 00001000 fd:00 948158                     /lib/x86_64-linux-gnu/libutil-2.23.so
7fa692870000-7fa692871000 rw-p 00002000 fd:00 948158                     /lib/x86_64-linux-gnu/libutil-2.23.so
7fa692871000-7fa692874000 r-xp 00000000 fd:00 948111                     /lib/x86_64-linux-gnu/libdl-2.23.so
7fa692874000-7fa692a73000 ---p 00003000 fd:00 948111                     /lib/x86_64-linux-gnu/libdl-2.23.so
7fa692a73000-7fa692a74000 r--p 00002000 fd:00 948111                     /lib/x86_64-linux-gnu/libdl-2.23.so
7fa692a74000-7fa692a75000 rw-p 00003000 fd:00 948111                     /lib/x86_64-linux-gnu/libdl-2.23.so
7fa692a75000-7fa692c35000 r-xp 00000000 fd:00 948050                     /lib/x86_64-linux-gnu/libc-2.23.so
7fa692c35000-7fa692e35000 ---p 001c0000 fd:00 948050                     /lib/x86_64-linux-gnu/libc-2.23.so
7fa692e35000-7fa692e39000 r--p 001c0000 fd:00 948050                     /lib/x86_64-linux-gnu/libc-2.23.so
7fa692e39000-7fa692e3b000 rw-p 001c4000 fd:00 948050                     /lib/x86_64-linux-gnu/libc-2.23.so
7fa692e3b000-7fa692e3f000 rw-p 00000000 00:00 0 
7fa692e3f000-7fa692e57000 r-xp 00000000 fd:00 948047                     /lib/x86_64-linux-gnu/libpthread-2.23.so
7fa692e57000-7fa693056000 ---p 00018000 fd:00 948047                     /lib/x86_64-linux-gnu/libpthread-2.23.so
7fa693056000-7fa693057000 r--p 00017000 fd:00 948047                     /lib/x86_64-linux-gnu/libpthread-2.23.so
7fa693057000-7fa693058000 rw-p 00018000 fd:00 948047                     /lib/x86_64-linux-gnu/libpthread-2.23.so
7fa693058000-7fa69305c000 rw-p 00000000 00:00 0 
7fa69305c000-7fa693082000 r-xp 00000000 fd:00 920921                     /lib/x86_64-linux-gnu/ld-2.23.so
7fa693087000-7fa693089000 r--s 00008000 fd:00 799646                     /home/tango-cs/OmniDriverSPAM/OOI_HOME/UniUSB.jar
7fa693089000-7fa69308b000 r--s 00006000 fd:00 800412                     /home/tango-cs/OmniDriverSPAM/OOI_HOME/OOIUtils.jar
7fa69308b000-7fa693092000 r--s 00036000 fd:00 799647                     /home/tango-cs/OmniDriverSPAM/OOI_HOME/xstream-1.1.2.jar
7fa693092000-7fa6930ad000 r--s 00394000 fd:00 676862                     /usr/lib/jvm/java-8-openjdk-amd64/jre/lib/ext/cldrdata.jar
7fa6930ad000-7fa69316d000 rw-p 00000000 00:00 0 
7fa69316d000-7fa69316f000 r--s 00005000 fd:00 800414                     /home/tango-cs/OmniDriverSPAM/OOI_HOME/xpp3_min-1.1.3.4.M.jar
7fa69316f000-7fa693174000 r--s 0005e000 fd:00 825293                     /home/tango-cs/OmniDriverSPAM/OOI_HOME/SPAM.jar
7fa693174000-7fa693177000 r--s 0000f000 fd:00 676864                     /usr/lib/jvm/java-8-openjdk-amd64/jre/lib/ext/icedtea-sound.jar
7fa693177000-7fa693181000 r--s 00116000 fd:00 676867                     /usr/lib/jvm/java-8-openjdk-amd64/jre/lib/ext/localedata.jar
7fa693181000-7fa693183000 r--s 00001000 fd:00 676860                     /usr/lib/jvm/java-8-openjdk-amd64/jre/lib/ext/dnsns.jar
7fa693183000-7fa69319e000 r--s 001d6000 fd:00 676865                     /usr/lib/jvm/java-8-openjdk-amd64/jre/lib/ext/nashorn.jar
7fa69319e000-7fa693263000 rw-p 00000000 00:00 0 
7fa693263000-7fa693264000 r--s 00002000 fd:00 800413                     /home/tango-cs/OmniDriverSPAM/OOI_HOME/HighResTiming.jar
7fa693264000-7fa693265000 r--s 0000a000 fd:00 676866                     /usr/lib/jvm/java-8-openjdk-amd64/jre/lib/ext/jaccess.jar
7fa693265000-7fa69326b000 r--s 0003b000 fd:00 676863                     /usr/lib/jvm/java-8-openjdk-amd64/jre/lib/ext/sunjce_provider.jar
7fa69326b000-7fa69326e000 r--s 00038000 fd:00 676861                     /usr/lib/jvm/java-8-openjdk-amd64/jre/lib/ext/sunpkcs11.jar
7fa69326e000-7fa693270000 r--s 00008000 fd:00 676858                     /usr/lib/jvm/java-8-openjdk-amd64/jre/lib/ext/sunec.jar
7fa693270000-7fa693271000 r--s 00010000 fd:00 676859                     /usr/lib/jvm/java-8-openjdk-amd64/jre/lib/ext/zipfs.jar
7fa693271000-7fa693276000 rw-p 00000000 00:00 0 
7fa693276000-7fa69327e000 rw-s 00000000 fd:00 424669                     /tmp/hsperfdata_tango-cs/11714
7fa69327e000-7fa69327f000 rw-p 00000000 00:00 0 
7fa69327f000-7fa693280000 r--p 00000000 00:00 0 
7fa693280000-7fa693281000 rwxp 00000000 00:00 0 
7fa693281000-7fa693282000 r--p 00025000 fd:00 920921                     /lib/x86_64-linux-gnu/ld-2.23.so
7fa693282000-7fa693283000 rw-p 00026000 fd:00 920921                     /lib/x86_64-linux-gnu/ld-2.23.so
7fa693283000-7fa693284000 rw-p 00000000 00:00 0 
7ffd273e8000-7ffd273eb000 ---p 00000000 00:00 0 
7ffd273eb000-7ffd274e8000 rw-p 00000000 00:00 0                          [stack]
7ffd27595000-7ffd27598000 r--p 00000000 00:00 0                          [vvar]
7ffd27598000-7ffd2759a000 r-xp 00000000 00:00 0                          [vdso]
ffffffffff600000-ffffffffff601000 r-xp 00000000 00:00 0                  [vsyscall]

VM Arguments:
jvm_args: -Djava.library.path=/home/tango-cs/OmniDriverSPAM/OOI_HOME:/home/tango-cs/OmniDriverSPAM/_jvm/lib/i386:/home/tango-cs/OmniDriverSPAM/_jvm/lib/i386/client -Xmx250m 
java_command: <unknown>
java_class_path (initial): /home/tango-cs/OmniDriverSPAM/OOI_HOME/OmniDriver.jar:/home/tango-cs/OmniDriverSPAM/OOI_HOME/SPAM.jar
Launcher Type: generic

Environment Variables:
JAVA_HOME=/home/tango-cs/OmniDriverSPAM/_jvm
PATH=/home/tango-cs/OmniDriverSPAM/_jvm/bin
LD_LIBRARY_PATH=/home/tango-cs/OmniDriverSPAM/_jvm/lib/i386:/home/tango-cs/OmniDriverSPAM/_jvm/lib/i386/client
SHELL=/bin/bash
DISPLAY=:0

Signal Handlers:
SIGSEGV: [libjvm.so+0xa6e6f0], sa_mask[0]=11111111011111111101111111111110, sa_flags=SA_RESTART|SA_SIGINFO
SIGBUS: [libjvm.so+0xa6e6f0], sa_mask[0]=11111111011111111101111111111110, sa_flags=SA_RESTART|SA_SIGINFO
SIGFPE: [libjvm.so+0x8b5d50], sa_mask[0]=11111111011111111101111111111110, sa_flags=SA_RESTART|SA_SIGINFO
SIGPIPE: [libjvm.so+0x8b5d50], sa_mask[0]=11111111011111111101111111111110, sa_flags=SA_RESTART|SA_SIGINFO
SIGXFSZ: [libjvm.so+0x8b5d50], sa_mask[0]=11111111011111111101111111111110, sa_flags=SA_RESTART|SA_SIGINFO
SIGILL: [libjvm.so+0x8b5d50], sa_mask[0]=11111111011111111101111111111110, sa_flags=SA_RESTART|SA_SIGINFO
SIGUSR1: SIG_DFL, sa_mask[0]=00000000000000000000000000000000, sa_flags=none
SIGUSR2: [libjvm.so+0x8b5c00], sa_mask[0]=11100000000001111100111111111100, sa_flags=SA_RESTART|SA_SIGINFO
SIGHUP: [libjvm.so+0x8b60d0], sa_mask[0]=11111111011111111101111111111110, sa_flags=SA_RESTART|SA_SIGINFO
SIGINT: [libjvm.so+0x8b60d0], sa_mask[0]=11111111011111111101111111111110, sa_flags=SA_RESTART|SA_SIGINFO
SIGTERM: [libjvm.so+0x8b60d0], sa_mask[0]=11111111011111111101111111111110, sa_flags=SA_RESTART|SA_SIGINFO
SIGQUIT: [libjvm.so+0x8b60d0], sa_mask[0]=11111111011111111101111111111110, sa_flags=SA_RESTART|SA_SIGINFO


---------------  S Y S T E M  ---------------

OS:DISTRIB_ID=Ubuntu
DISTRIB_RELEASE=16.04
DISTRIB_CODENAME=xenial
DISTRIB_DESCRIPTION="Ubuntu 16.04.3 LTS"

uname:Linux 4.15.0-29-generic #31~16.04.1-Ubuntu SMP Wed Jul 18 08:54:04 UTC 2018 x86_64
libc:glibc 2.23 NPTL 2.23 
rlimit: STACK 8192k, CORE 0k, NPROC 15548, NOFILE 1048576, AS infinity
load average:0.29 0.22 0.19

/proc/meminfo:
MemTotal:        4039536 kB
MemFree:          972068 kB
MemAvailable:    1906804 kB
Buffers:           77136 kB
Cached:          1040992 kB
SwapCached:            0 kB
Active:          2291652 kB
Inactive:         530968 kB
Active(anon):    1706100 kB
Inactive(anon):    32660 kB
Active(file):     585552 kB
Inactive(file):   498308 kB
Unevictable:          32 kB
Mlocked:              32 kB
SwapTotal:       2097148 kB
SwapFree:        2097148 kB
Dirty:                60 kB
Writeback:             0 kB
AnonPages:       1704548 kB
Mapped:           343912 kB
Shmem:             34272 kB
Slab:             170804 kB
SReclaimable:     107916 kB
SUnreclaim:        62888 kB
KernelStack:       10924 kB
PageTables:        34876 kB
NFS_Unstable:          0 kB
Bounce:                0 kB
WritebackTmp:          0 kB
CommitLimit:     4116916 kB
Committed_AS:    6506300 kB
VmallocTotal:   34359738367 kB
VmallocUsed:           0 kB
VmallocChunk:          0 kB
HardwareCorrupted:     0 kB
AnonHugePages:      2048 kB
ShmemHugePages:        0 kB
ShmemPmdMapped:        0 kB
CmaTotal:              0 kB
CmaFree:               0 kB
HugePages_Total:       0
HugePages_Free:        0
HugePages_Rsvd:        0
HugePages_Surp:        0
Hugepagesize:       2048 kB
DirectMap4k:      165824 kB
DirectMap2M:     4028416 kB


CPU:total 2 (initial active 2) (2 cores per cpu, 1 threads per core) family 6 model 60 stepping 3, cmov, cx8, fxsr, mmx, sse, sse2, sse3, ssse3, sse4.1, sse4.2, popcnt, avx, avx2, aes, clmul, lzcnt, tsc, tscinvbit

/proc/cpuinfo:
processor	: 0
vendor_id	: GenuineIntel
cpu family	: 6
model		: 60
model name	: Intel(R) Core(TM) i7-4810MQ CPU @ 2.80GHz
stepping	: 3
cpu MHz		: 2793.544
cache size	: 6144 KB
physical id	: 0
siblings	: 2
core id		: 0
cpu cores	: 2
apicid		: 0
initial apicid	: 0
fpu		: yes
fpu_exception	: yes
cpuid level	: 13
wp		: yes
flags		: fpu vme de pse tsc msr pae mce cx8 apic sep mtrr pge mca cmov pat pse36 clflush mmx fxsr sse sse2 ht syscall nx rdtscp lm constant_tsc rep_good nopl xtopology nonstop_tsc cpuid pni pclmulqdq ssse3 cx16 pcid sse4_1 sse4_2 x2apic movbe popcnt aes xsave avx rdrand hypervisor lahf_lm abm invpcid_single pti fsgsbase avx2 invpcid
bugs		: cpu_meltdown spectre_v1 spectre_v2 spec_store_bypass
bogomips	: 5587.08
clflush size	: 64
cache_alignment	: 64
address sizes	: 39 bits physical, 48 bits virtual
power management:

processor	: 1
vendor_id	: GenuineIntel
cpu family	: 6
model		: 60
model name	: Intel(R) Core(TM) i7-4810MQ CPU @ 2.80GHz
stepping	: 3
cpu MHz		: 2793.544
cache size	: 6144 KB
physical id	: 0
siblings	: 2
core id		: 1
cpu cores	: 2
apicid		: 1
initial apicid	: 1
fpu		: yes
fpu_exception	: yes
cpuid level	: 13
wp		: yes
flags		: fpu vme de pse tsc msr pae mce cx8 apic sep mtrr pge mca cmov pat pse36 clflush mmx fxsr sse sse2 ht syscall nx rdtscp lm constant_tsc rep_good nopl xtopology nonstop_tsc cpuid pni pclmulqdq ssse3 cx16 pcid sse4_1 sse4_2 x2apic movbe popcnt aes xsave avx rdrand hypervisor lahf_lm abm invpcid_single pti fsgsbase avx2 invpcid
bugs		: cpu_meltdown spectre_v1 spectre_v2 spec_store_bypass
bogomips	: 5587.08
clflush size	: 64
cache_alignment	: 64
address sizes	: 39 bits physical, 48 bits virtual
power management:



Memory: 4k page, physical 4039536k(972068k free), swap 2097148k(2097148k free)

vm_info: OpenJDK 64-Bit Server VM (25.171-b11) for linux-amd64 JRE (1.8.0_171-8u171-b11-0ubuntu0.16.04.1-b11), built on Apr 27 2018 17:19:03 by "buildd" with gcc 5.4.0 20160609

time: Wed Aug  1 12:24:47 2018
elapsed time: 14 seconds (0d 0h 0m 14s)

