#
# A fatal error has been detected by the Java Runtime Environment:
#
#  SIGSEGV (0xb) at pc=0x00007f89b9169746, pid=8216, tid=0x00007f8998ba8700
#
# JRE version: OpenJDK Runtime Environment (8.0_171-b11) (build 1.8.0_171-8u171-b11-0ubuntu0.16.04.1-b11)
# Java VM: OpenJDK 64-Bit Server VM (25.171-b11 mixed mode linux-amd64 compressed oops)
# Problematic frame:
# C  [libc.so.6+0x8b746]  strlen+0x26
#
# Failed to write core dump. Core dumps have been disabled. To enable core dumping, try "ulimit -c unlimited" before starting Java again
#
# If you would like to submit a bug report, please visit:
#   http://bugreport.java.com/bugreport/crash.jsp
#

---------------  T H R E A D  ---------------

Current thread is native thread

siginfo: si_signo: 11 (SIGSEGV), si_code: 1 (SEGV_MAPERR), si_addr: 0x000000005c008940

Registers:
RAX=0x000000005c008940, RBX=0x00007f89acbe00e0, RCX=0x0000000000000940, RDX=0x00007f89af2ae9c0
RSP=0x00007f8998ba5e08, RBP=0x00007f89af67b5a8, RSI=0x0000000000000008, RDI=0x000000005c008940
R8 =0x000000000000002a, R9 =0x00000000004da850, R10=0x00007f89ace34bb0, R11=0x0000000000000004
R12=0x000000005c008940, R13=0x00007f89acf38ea0, R14=0x00000000018c5650, R15=0x00007f89acbe00e0
RIP=0x00007f89b9169746, EFLAGS=0x0000000000010297, CSGSFS=0x002b000000000033, ERR=0x0000000000000004
  TRAPNO=0x000000000000000e

Top of Stack: (sp=0x00007f8998ba5e08)
0x00007f8998ba5e08:   000000000049f300 0000000000902960
0x00007f8998ba5e18:   d7996ce88640a600 00007f89acbe00e0
0x00007f8998ba5e28:   00007f89af67b5a8 00007f89af67b5a8
0x00007f8998ba5e38:   00000000004da5a9 0000000000000000
0x00007f8998ba5e48:   d7996ce88640a600 00007f89acf38ea0
0x00007f8998ba5e58:   00007f89b9808840 0000000000000000
0x00007f8998ba5e68:   00000000004b01bc 0000000000960e78
0x00007f8998ba5e78:   00007f89b9843c10 00000000018c5650
0x00007f8998ba5e88:   00007f89ace3eab5 0000000000000006
0x00007f8998ba5e98:   00007f89acf38d00 00007f89acf38ea0
0x00007f8998ba5ea8:   00007f89ace3eab3 00007f89acbe00e0
0x00007f8998ba5eb8:   00000000004c442c 0000000004393010
0x00007f8998ba5ec8:   00007f89ace3ea7c 00007f895c0052b0
0x00007f8998ba5ed8:   00007f89b9808840 00007f89acf38e78
0x00007f8998ba5ee8:   00007f89ace34bb0 0000000000000000
0x00007f8998ba5ef8:   00000000008e8c80 0000000000000000
0x00007f8998ba5f08:   00007f89acbc9878 00000000008fd4d0
0x00007f8998ba5f18:   0000000000000001 0000000000000000
0x00007f8998ba5f28:   00007f8998ba5fc0 ffffffffa860a498
0x00007f8998ba5f38:   00007f8998ba5fb0 ffffffff00000000
0x00007f8998ba5f48:   00007f89acbcbab0 00007f89acf38e90
0x00007f8998ba5f58:   00007f8998ba5f88 00007f8998ba5f80
0x00007f8998ba5f68:   00007f89acf38b30 00007f89b98c1168
0x00007f8998ba5f78:   00007f89b97805c8 00007f89acf38e90
0x00007f8998ba5f88:   000000000049ed7d 0000000000902fe0
0x00007f8998ba5f98:   00000000004a3ad6 00007f8998ba6040
0x00007f8998ba5fa8:   0000000000000000 00007f89acbcbab0
0x00007f8998ba5fb8:   00000000004c3a78 00007f89acf38e90
0x00007f8998ba5fc8:   d7996ce88640a600 00007f89acbdec80
0x00007f8998ba5fd8:   00007f89acf38e78 00007f89acf38d00
0x00007f8998ba5fe8:   00007f895c0052b0 00007f89acbcbab0
0x00007f8998ba5ff8:   0000000000000001 0000000000000003 

Instructions: (pc=0x00007f89b9169746)
0x00007f89b9169726:   ef c9 66 0f ef d2 66 0f ef db 48 89 f8 48 89 f9
0x00007f89b9169736:   48 81 e1 ff 0f 00 00 48 81 f9 cf 0f 00 00 77 6a
0x00007f89b9169746:   f3 0f 6f 20 66 0f 74 e0 66 0f d7 d4 85 d2 74 04
0x00007f89b9169756:   0f bc c2 c3 48 83 e0 f0 66 0f 74 48 10 66 0f 74 

Register to memory mapping:

RAX=0x000000005c008940 is an unknown value
RBX=0x00007f89acbe00e0 is an unknown value
RCX=0x0000000000000940 is an unknown value
RDX=0x00007f89af2ae9c0: PyCStgDict_Type+0 in /usr/lib/python2.7/lib-dynload/_ctypes.x86_64-linux-gnu.so at 0x00007f89af08f000
RSP=0x00007f8998ba5e08 is an unknown value
RBP=0x00007f89af67b5a8 is an unknown value
RSI=0x0000000000000008 is an unknown value
RDI=0x000000005c008940 is an unknown value
R8 =0x000000000000002a is an unknown value
R9 =0x00000000004da850: <offset 0xda850> in python at 0x0000000000400000
R10=0x00007f89ace34bb0 is an unknown value
R11=0x0000000000000004 is an unknown value
R12=0x000000005c008940 is an unknown value
R13=0x00007f89acf38ea0 is an unknown value
R14=0x00000000018c5650 is an unknown value
R15=0x00007f89acbe00e0 is an unknown value


Stack: [0x00007f89983a8000,0x00007f8998ba9000],  sp=0x00007f8998ba5e08,  free space=8183k
Native frames: (J=compiled Java code, j=interpreted, Vv=VM code, C=native code)
C  [libc.so.6+0x8b746]  strlen+0x26


---------------  P R O C E S S  ---------------

VM state:not at safepoint (normal execution)

VM Mutex/Monitor currently owned by a thread: None

Heap:
 PSYoungGen      total 18432K, used 2525K [0x00000000fad00000, 0x00000000fc180000, 0x0000000100000000)
  eden space 15872K, 8% used [0x00000000fad00000,0x00000000fae55e60,0x00000000fbc80000)
  from space 2560K, 45% used [0x00000000fbc80000,0x00000000fbda17f0,0x00000000fbf00000)
  to   space 2560K, 0% used [0x00000000fbf00000,0x00000000fbf00000,0x00000000fc180000)
 ParOldGen       total 42496K, used 8K [0x00000000f0600000, 0x00000000f2f80000, 0x00000000fad00000)
  object space 42496K, 0% used [0x00000000f0600000,0x00000000f0602000,0x00000000f2f80000)
 Metaspace       used 5431K, capacity 6572K, committed 6912K, reserved 1056768K
  class space    used 634K, capacity 680K, committed 768K, reserved 1048576K

Card table byte_map: [0x00007f899a83d000,0x00007f899a8bb000] byte_map_base: 0x00007f899a0ba000

Marking Bits: (ParMarkBitMap*) 0x00007f899bfe3320
 Begin Bits: [0x00007f8999e17000, 0x00007f899a1ff000)
 End Bits:   [0x00007f899a1ff000, 0x00007f899a5e7000)

Polling page: 0x00007f89b98e8000

CodeCache: size=245760Kb used=1627Kb max_used=1627Kb free=244132Kb
 bounds [0x00007f8985000000, 0x00007f8985270000, 0x00007f8994000000]
 total_blobs=524 nmethods=259 adapters=180
 compilation: enabled

Compilation events (10 events):
Event: 26.426 Thread 0x00000000042a4000  254       1       java.lang.Class::getClassLoader0 (5 bytes)
Event: 26.427 Thread 0x00000000042a4000 nmethod 254 0x00007f8985184350 code [0x00007f89851844a0, 0x00007f89851845b0]
Event: 26.428 Thread 0x00000000042a4000  255       1       java.util.ArrayList::access$000 (5 bytes)
Event: 26.428 Thread 0x00000000042a4000 nmethod 255 0x00007f8985195990 code [0x00007f8985195ae0, 0x00007f8985195bd0]
Event: 26.428 Thread 0x00000000042a4000  256       3       java.util.ArrayList$Itr::checkForComodification (23 bytes)
Event: 26.428 Thread 0x00000000042a4000 nmethod 256 0x00007f8985195c50 code [0x00007f8985195dc0, 0x00007f8985195fe8]
Event: 26.428 Thread 0x00000000042a4000  257       3       java.util.ArrayList$Itr::hasNext (20 bytes)
Event: 26.428 Thread 0x00000000042a4000 nmethod 257 0x00007f89851960d0 code [0x00007f8985196240, 0x00007f8985196410]
Event: 26.428 Thread 0x00000000042a4000  258       3       java.util.ArrayList$Itr::next (66 bytes)
Event: 26.428 Thread 0x00000000042a4000 nmethod 258 0x00007f89851964d0 code [0x00007f8985196680, 0x00007f8985196b28]

GC Heap History (2 events):
Event: 26.423 GC heap before
{Heap before GC invocations=1 (full 0):
 PSYoungGen      total 18432K, used 15872K [0x00000000fad00000, 0x00000000fc180000, 0x0000000100000000)
  eden space 15872K, 100% used [0x00000000fad00000,0x00000000fbc80000,0x00000000fbc80000)
  from space 2560K, 0% used [0x00000000fbf00000,0x00000000fbf00000,0x00000000fc180000)
  to   space 2560K, 0% used [0x00000000fbc80000,0x00000000fbc80000,0x00000000fbf00000)
 ParOldGen       total 42496K, used 0K [0x00000000f0600000, 0x00000000f2f80000, 0x00000000fad00000)
  object space 42496K, 0% used [0x00000000f0600000,0x00000000f0600000,0x00000000f2f80000)
 Metaspace       used 5325K, capacity 6508K, committed 6656K, reserved 1056768K
  class space    used 619K, capacity 680K, committed 768K, reserved 1048576K
Event: 26.424 GC heap after
Heap after GC invocations=1 (full 0):
 PSYoungGen      total 18432K, used 1157K [0x00000000fad00000, 0x00000000fc180000, 0x0000000100000000)
  eden space 15872K, 0% used [0x00000000fad00000,0x00000000fad00000,0x00000000fbc80000)
  from space 2560K, 45% used [0x00000000fbc80000,0x00000000fbda17f0,0x00000000fbf00000)
  to   space 2560K, 0% used [0x00000000fbf00000,0x00000000fbf00000,0x00000000fc180000)
 ParOldGen       total 42496K, used 8K [0x00000000f0600000, 0x00000000f2f80000, 0x00000000fad00000)
  object space 42496K, 0% used [0x00000000f0600000,0x00000000f0602000,0x00000000f2f80000)
 Metaspace       used 5325K, capacity 6508K, committed 6656K, reserved 1056768K
  class space    used 619K, capacity 680K, committed 768K, reserved 1048576K
}

Deoptimization events (0 events):
No events

Classes redefined (0 events):
No events

Internal exceptions (10 events):
Event: 26.436 Thread 0x00007f895c007800 Exception <a 'java/io/IOException': No Device Found> (0x00000000fae054e8) thrown at [/build/openjdk-8-wnL82d/openjdk-8-8u171-b11/src/hotspot/src/share/vm/prims/jni.cpp, line 735]
Event: 26.436 Thread 0x00007f895c007800 Exception <a 'java/io/IOException': No Device Found> (0x00000000fae05950) thrown at [/build/openjdk-8-wnL82d/openjdk-8-8u171-b11/src/hotspot/src/share/vm/prims/jni.cpp, line 735]
Event: 26.436 Thread 0x00007f895c007800 Exception <a 'java/io/IOException': No Device Found> (0x00000000fae05db8) thrown at [/build/openjdk-8-wnL82d/openjdk-8-8u171-b11/src/hotspot/src/share/vm/prims/jni.cpp, line 735]
Event: 26.436 Thread 0x00007f895c007800 Exception <a 'java/io/IOException': No Device Found> (0x00000000fae06220) thrown at [/build/openjdk-8-wnL82d/openjdk-8-8u171-b11/src/hotspot/src/share/vm/prims/jni.cpp, line 735]
Event: 26.436 Thread 0x00007f895c007800 Exception <a 'java/io/IOException': No Device Found> (0x00000000fae06688) thrown at [/build/openjdk-8-wnL82d/openjdk-8-8u171-b11/src/hotspot/src/share/vm/prims/jni.cpp, line 735]
Event: 26.436 Thread 0x00007f895c007800 Exception <a 'java/io/IOException': No Device Found> (0x00000000fae06af0) thrown at [/build/openjdk-8-wnL82d/openjdk-8-8u171-b11/src/hotspot/src/share/vm/prims/jni.cpp, line 735]
Event: 26.436 Thread 0x00007f895c007800 Exception <a 'java/io/IOException': No Device Found> (0x00000000fae06f58) thrown at [/build/openjdk-8-wnL82d/openjdk-8-8u171-b11/src/hotspot/src/share/vm/prims/jni.cpp, line 735]
Event: 26.437 Thread 0x00007f895c007800 Exception <a 'java/io/IOException': No Device Found> (0x00000000fae073c0) thrown at [/build/openjdk-8-wnL82d/openjdk-8-8u171-b11/src/hotspot/src/share/vm/prims/jni.cpp, line 735]
Event: 26.437 Thread 0x00007f895c007800 Exception <a 'java/io/IOException': No Device Found> (0x00000000fae07828) thrown at [/build/openjdk-8-wnL82d/openjdk-8-8u171-b11/src/hotspot/src/share/vm/prims/jni.cpp, line 735]
Event: 26.437 Thread 0x00007f895c007800 Exception <a 'java/io/IOException': No Device Found> (0x00000000fae07c90) thrown at [/build/openjdk-8-wnL82d/openjdk-8-8u171-b11/src/hotspot/src/share/vm/prims/jni.cpp, line 735]

Events (10 events):
Event: 26.437 loading class com/oceanoptics/omnidriver/spectrometer/SpectrometerAssembly done
Event: 26.437 loading class com/oceanoptics/spectralprocessing/SpectralProcessor
Event: 26.437 loading class com/oceanoptics/spectralprocessing/SpectralProcessor done
Event: 26.437 Executing VM operation: Deoptimize
Event: 26.437 Executing VM operation: Deoptimize done
Event: 26.437 loading class com/oceanoptics/omnidriver/spectra/Spectrum
Event: 26.437 loading class com/oceanoptics/omnidriver/spectra/Spectrum done
Event: 26.438 Thread 0x00007f895c007800 Thread exited: 0x00007f895c007800
Event: 26.438 Thread 0x00007f895c007800 Thread added: 0x00007f895c007800
Event: 26.446 Thread 0x00007f895c007800 Thread exited: 0x00007f895c007800


Dynamic libraries:
00400000-006e9000 r-xp 00000000 fd:00 660578                             /usr/bin/python2.7
008e8000-008ea000 r--p 002e8000 fd:00 660578                             /usr/bin/python2.7
008ea000-00961000 rw-p 002ea000 fd:00 660578                             /usr/bin/python2.7
00961000-00984000 rw-p 00000000 00:00 0 
01713000-043b0000 rw-p 00000000 00:00 0                                  [heap]
f0600000-f2f80000 rw-p 00000000 00:00 0 
f2f80000-fad00000 ---p 00000000 00:00 0 
fad00000-fc180000 rw-p 00000000 00:00 0 
fc180000-100000000 ---p 00000000 00:00 0 
100000000-1000c0000 rw-p 00000000 00:00 0 
1000c0000-140000000 ---p 00000000 00:00 0 
7f89577ff000-7f8957800000 ---p 00000000 00:00 0 
7f8957800000-7f8958000000 rw-p 00000000 00:00 0 
7f8958000000-7f8958021000 rw-p 00000000 00:00 0 
7f8958021000-7f895c000000 ---p 00000000 00:00 0 
7f895c000000-7f895c0aa000 rw-p 00000000 00:00 0 
7f895c0aa000-7f8960000000 ---p 00000000 00:00 0 
7f8960000000-7f896015a000 rw-p 00000000 00:00 0 
7f896015a000-7f8964000000 ---p 00000000 00:00 0 
7f8964000000-7f8964021000 rw-p 00000000 00:00 0 
7f8964021000-7f8968000000 ---p 00000000 00:00 0 
7f8968000000-7f8968021000 rw-p 00000000 00:00 0 
7f8968021000-7f896c000000 ---p 00000000 00:00 0 
7f896c000000-7f896c08e000 rw-p 00000000 00:00 0 
7f896c08e000-7f8970000000 ---p 00000000 00:00 0 
7f8970000000-7f8970021000 rw-p 00000000 00:00 0 
7f8970021000-7f8974000000 ---p 00000000 00:00 0 
7f8974000000-7f8974021000 rw-p 00000000 00:00 0 
7f8974021000-7f8978000000 ---p 00000000 00:00 0 
7f8978000000-7f8978021000 rw-p 00000000 00:00 0 
7f8978021000-7f897c000000 ---p 00000000 00:00 0 
7f897c000000-7f897c021000 rw-p 00000000 00:00 0 
7f897c021000-7f8980000000 ---p 00000000 00:00 0 
7f8980000000-7f8980021000 rw-p 00000000 00:00 0 
7f8980021000-7f8984000000 ---p 00000000 00:00 0 
7f89845f6000-7f89845fd000 r-xp 00000000 fd:00 918170                     /lib/x86_64-linux-gnu/libusb-0.1.so.4.4.4
7f89845fd000-7f89847fc000 ---p 00007000 fd:00 918170                     /lib/x86_64-linux-gnu/libusb-0.1.so.4.4.4
7f89847fc000-7f89847fd000 r--p 00006000 fd:00 918170                     /lib/x86_64-linux-gnu/libusb-0.1.so.4.4.4
7f89847fd000-7f89847fe000 rw-p 00007000 fd:00 918170                     /lib/x86_64-linux-gnu/libusb-0.1.so.4.4.4
7f89847fe000-7f89847ff000 rw-p 00000000 00:00 0 
7f89847ff000-7f8984800000 ---p 00000000 00:00 0 
7f8984800000-7f8985000000 rw-p 00000000 00:00 0 
7f8985000000-7f8985270000 rwxp 00000000 00:00 0 
7f8985270000-7f8994000000 ---p 00000000 00:00 0 
7f8994000000-7f8994021000 rw-p 00000000 00:00 0 
7f8994021000-7f8998000000 ---p 00000000 00:00 0 
7f89980a2000-7f89980a5000 ---p 00000000 00:00 0 
7f89980a5000-7f89981a3000 rw-p 00000000 00:00 0 
7f89981a3000-7f89981a7000 r-xp 00000000 fd:00 825271                     /home/tango-cs/OmniDriverSPAM/OOI_HOME/libNatUSB.so
7f89981a7000-7f89983a6000 ---p 00004000 fd:00 825271                     /home/tango-cs/OmniDriverSPAM/OOI_HOME/libNatUSB.so
7f89983a6000-7f89983a7000 r--p 00003000 fd:00 825271                     /home/tango-cs/OmniDriverSPAM/OOI_HOME/libNatUSB.so
7f89983a7000-7f89983a8000 rw-p 00004000 fd:00 825271                     /home/tango-cs/OmniDriverSPAM/OOI_HOME/libNatUSB.so
7f89983a8000-7f89983ab000 ---p 00000000 00:00 0 
7f89983ab000-7f8998ba9000 rw-p 00000000 00:00 0 
7f8998ba9000-7f8998bc3000 r--s 002a6000 fd:00 825296                     /home/tango-cs/OmniDriverSPAM/OOI_HOME/OmniDriver.jar
7f8998bc3000-7f8998bc4000 ---p 00000000 00:00 0 
7f8998bc4000-7f8998cc4000 rw-p 00000000 00:00 0 
7f8998cc4000-7f8998cc7000 ---p 00000000 00:00 0 
7f8998cc7000-7f8998dc5000 rw-p 00000000 00:00 0 
7f8998dc5000-7f8998dc8000 ---p 00000000 00:00 0 
7f8998dc8000-7f8998ec6000 rw-p 00000000 00:00 0 
7f8998ec6000-7f8998ec9000 ---p 00000000 00:00 0 
7f8998ec9000-7f8998fc7000 rw-p 00000000 00:00 0 
7f8998fc7000-7f8998fca000 ---p 00000000 00:00 0 
7f8998fca000-7f89990c8000 rw-p 00000000 00:00 0 
7f89990c8000-7f89990cb000 ---p 00000000 00:00 0 
7f89990cb000-7f89991c9000 rw-p 00000000 00:00 0 
7f89991c9000-7f89991cc000 ---p 00000000 00:00 0 
7f89991cc000-7f89992ca000 rw-p 00000000 00:00 0 
7f89992ca000-7f89992cb000 ---p 00000000 00:00 0 
7f89992cb000-7f89993cb000 rw-p 00000000 00:00 0 
7f89993cb000-7f899959a000 r--s 03c2f000 fd:00 777693                     /usr/lib/jvm/java-8-openjdk-amd64/jre/lib/rt.jar
7f899959a000-7f8999b9a000 rw-p 00000000 00:00 0 
7f8999b9a000-7f8999d9a000 ---p 00000000 00:00 0 
7f8999d9a000-7f899a5e7000 rw-p 00000000 00:00 0 
7f899a5e7000-7f899a5e8000 ---p 00000000 00:00 0 
7f899a5e8000-7f899a6e8000 rw-p 00000000 00:00 0 
7f899a6e8000-7f899a6e9000 ---p 00000000 00:00 0 
7f899a6e9000-7f899a7fe000 rw-p 00000000 00:00 0 
7f899a7fe000-7f899a83d000 ---p 00000000 00:00 0 
7f899a83d000-7f899a852000 rw-p 00000000 00:00 0 
7f899a852000-7f899a890000 ---p 00000000 00:00 0 
7f899a890000-7f899a89b000 rw-p 00000000 00:00 0 
7f899a89b000-7f899a8ba000 ---p 00000000 00:00 0 
7f899a8ba000-7f899a8c5000 rw-p 00000000 00:00 0 
7f899a8c5000-7f899ac7b000 ---p 00000000 00:00 0 
7f899ac7b000-7f899aca8000 r-xp 00000000 fd:00 676884                     /usr/lib/jvm/java-8-openjdk-amd64/jre/lib/amd64/libjava.so
7f899aca8000-7f899aea7000 ---p 0002d000 fd:00 676884                     /usr/lib/jvm/java-8-openjdk-amd64/jre/lib/amd64/libjava.so
7f899aea7000-7f899aea8000 r--p 0002c000 fd:00 676884                     /usr/lib/jvm/java-8-openjdk-amd64/jre/lib/amd64/libjava.so
7f899aea8000-7f899aeaa000 rw-p 0002d000 fd:00 676884                     /usr/lib/jvm/java-8-openjdk-amd64/jre/lib/amd64/libjava.so
7f899aeaa000-7f899aeb9000 r-xp 00000000 fd:00 676870                     /usr/lib/jvm/java-8-openjdk-amd64/jre/lib/amd64/libverify.so
7f899aeb9000-7f899b0b8000 ---p 0000f000 fd:00 676870                     /usr/lib/jvm/java-8-openjdk-amd64/jre/lib/amd64/libverify.so
7f899b0b8000-7f899b0ba000 r--p 0000e000 fd:00 676870                     /usr/lib/jvm/java-8-openjdk-amd64/jre/lib/amd64/libverify.so
7f899b0ba000-7f899b0bb000 rw-p 00010000 fd:00 676870                     /usr/lib/jvm/java-8-openjdk-amd64/jre/lib/amd64/libverify.so
7f899b0bb000-7f899bd14000 r-xp 00000000 fd:00 676897                     /usr/lib/jvm/java-8-openjdk-amd64/jre/lib/amd64/server/libjvm.so
7f899bd14000-7f899bf14000 ---p 00c59000 fd:00 676897                     /usr/lib/jvm/java-8-openjdk-amd64/jre/lib/amd64/server/libjvm.so
7f899bf14000-7f899bfa7000 r--p 00c59000 fd:00 676897                     /usr/lib/jvm/java-8-openjdk-amd64/jre/lib/amd64/server/libjvm.so
7f899bfa7000-7f899bfd0000 rw-p 00cec000 fd:00 676897                     /usr/lib/jvm/java-8-openjdk-amd64/jre/lib/amd64/server/libjvm.so
7f899bfd0000-7f899c000000 rw-p 00000000 00:00 0 
7f899c000000-7f899c021000 rw-p 00000000 00:00 0 
7f899c021000-7f89a0000000 ---p 00000000 00:00 0 
7f89a0000000-7f89a002c000 rw-p 00000000 00:00 0 
7f89a002c000-7f89a4000000 ---p 00000000 00:00 0 
7f89a4000000-7f89a4021000 rw-p 00000000 00:00 0 
7f89a4021000-7f89a8000000 ---p 00000000 00:00 0 
7f89a8007000-7f89a800f000 r-xp 00000000 fd:00 676893                     /usr/lib/jvm/java-8-openjdk-amd64/jre/lib/amd64/libzip.so
7f89a800f000-7f89a820e000 ---p 00008000 fd:00 676893                     /usr/lib/jvm/java-8-openjdk-amd64/jre/lib/amd64/libzip.so
7f89a820e000-7f89a820f000 r--p 00007000 fd:00 676893                     /usr/lib/jvm/java-8-openjdk-amd64/jre/lib/amd64/libzip.so
7f89a820f000-7f89a8210000 rw-p 00008000 fd:00 676893                     /usr/lib/jvm/java-8-openjdk-amd64/jre/lib/amd64/libzip.so
7f89a8210000-7f89a86fd000 r-xp 00000000 fd:00 825294                     /home/tango-cs/OmniDriverSPAM/OOI_HOME/libOmniDriver.so
7f89a86fd000-7f89a88fd000 ---p 004ed000 fd:00 825294                     /home/tango-cs/OmniDriverSPAM/OOI_HOME/libOmniDriver.so
7f89a88fd000-7f89a8908000 r--p 004ed000 fd:00 825294                     /home/tango-cs/OmniDriverSPAM/OOI_HOME/libOmniDriver.so
7f89a8908000-7f89a8917000 rw-p 004f8000 fd:00 825294                     /home/tango-cs/OmniDriverSPAM/OOI_HOME/libOmniDriver.so
7f89a8917000-7f89a8957000 r-xp 00000000 fd:00 825295                     /home/tango-cs/OmniDriverSPAM/OOI_HOME/libcommon.so
7f89a8957000-7f89a8b56000 ---p 00040000 fd:00 825295                     /home/tango-cs/OmniDriverSPAM/OOI_HOME/libcommon.so
7f89a8b56000-7f89a8b57000 r--p 0003f000 fd:00 825295                     /home/tango-cs/OmniDriverSPAM/OOI_HOME/libcommon.so
7f89a8b57000-7f89a8b58000 rw-p 00040000 fd:00 825295                     /home/tango-cs/OmniDriverSPAM/OOI_HOME/libcommon.so
7f89a8b58000-7f89a8b5a000 r-xp 00000000 fd:00 976263                     /home/tango-cs/Documents/Spectrometer/OceanOpticsTango/libw.so
7f89a8b5a000-7f89a8d59000 ---p 00002000 fd:00 976263                     /home/tango-cs/Documents/Spectrometer/OceanOpticsTango/libw.so
7f89a8d59000-7f89a8d5a000 r--p 00001000 fd:00 976263                     /home/tango-cs/Documents/Spectrometer/OceanOpticsTango/libw.so
7f89a8d5a000-7f89a8d5b000 rw-p 00002000 fd:00 976263                     /home/tango-cs/Documents/Spectrometer/OceanOpticsTango/libw.so
7f89a8d5b000-7f89a8d5c000 ---p 00000000 00:00 0 
7f89a8d5c000-7f89a955c000 rw-p 00000000 00:00 0 
7f89a955c000-7f89a955d000 ---p 00000000 00:00 0 
7f89a955d000-7f89a9d5d000 rw-p 00000000 00:00 0 
7f89a9d5d000-7f89a9d5e000 ---p 00000000 00:00 0 
7f89a9d5e000-7f89aa55e000 rw-p 00000000 00:00 0 
7f89aa55e000-7f89aa55f000 ---p 00000000 00:00 0 
7f89aa55f000-7f89aad5f000 rw-p 00000000 00:00 0 
7f89aad5f000-7f89aad60000 ---p 00000000 00:00 0 
7f89aad60000-7f89ab560000 rw-p 00000000 00:00 0 
7f89ab560000-7f89ab561000 ---p 00000000 00:00 0 
7f89ab561000-7f89abd61000 rw-p 00000000 00:00 0 
7f89abd61000-7f89abd78000 r-xp 00000000 fd:00 948151                     /lib/x86_64-linux-gnu/libresolv-2.23.so
7f89abd78000-7f89abf78000 ---p 00017000 fd:00 948151                     /lib/x86_64-linux-gnu/libresolv-2.23.so
7f89abf78000-7f89abf79000 r--p 00017000 fd:00 948151                     /lib/x86_64-linux-gnu/libresolv-2.23.so
7f89abf79000-7f89abf7a000 rw-p 00018000 fd:00 948151                     /lib/x86_64-linux-gnu/libresolv-2.23.so
7f89abf7a000-7f89abf7c000 rw-p 00000000 00:00 0 
7f89abf7c000-7f89abf81000 r-xp 00000000 fd:00 948207                     /lib/x86_64-linux-gnu/libnss_dns-2.23.so
7f89abf81000-7f89ac181000 ---p 00005000 fd:00 948207                     /lib/x86_64-linux-gnu/libnss_dns-2.23.so
7f89ac181000-7f89ac182000 r--p 00005000 fd:00 948207                     /lib/x86_64-linux-gnu/libnss_dns-2.23.so
7f89ac182000-7f89ac183000 rw-p 00006000 fd:00 948207                     /lib/x86_64-linux-gnu/libnss_dns-2.23.so
7f89ac183000-7f89ac185000 r-xp 00000000 fd:00 918097                     /lib/x86_64-linux-gnu/libnss_mdns4_minimal.so.2
7f89ac185000-7f89ac384000 ---p 00002000 fd:00 918097                     /lib/x86_64-linux-gnu/libnss_mdns4_minimal.so.2
7f89ac384000-7f89ac385000 r--p 00001000 fd:00 918097                     /lib/x86_64-linux-gnu/libnss_mdns4_minimal.so.2
7f89ac385000-7f89ac386000 rw-p 00002000 fd:00 918097                     /lib/x86_64-linux-gnu/libnss_mdns4_minimal.so.2
7f89ac386000-7f89ac391000 r-xp 00000000 fd:00 949315                     /lib/x86_64-linux-gnu/libnss_files-2.23.so
7f89ac391000-7f89ac590000 ---p 0000b000 fd:00 949315                     /lib/x86_64-linux-gnu/libnss_files-2.23.so
7f89ac590000-7f89ac591000 r--p 0000a000 fd:00 949315                     /lib/x86_64-linux-gnu/libnss_files-2.23.so
7f89ac591000-7f89ac592000 rw-p 0000b000 fd:00 949315                     /lib/x86_64-linux-gnu/libnss_files-2.23.so
7f89ac592000-7f89ac598000 rw-p 00000000 00:00 0 
7f89ac598000-7f89ac5a3000 r-xp 00000000 fd:00 949358                     /lib/x86_64-linux-gnu/libnss_nis-2.23.so
7f89ac5a3000-7f89ac7a2000 ---p 0000b000 fd:00 949358                     /lib/x86_64-linux-gnu/libnss_nis-2.23.so
7f89ac7a2000-7f89ac7a3000 r--p 0000a000 fd:00 949358                     /lib/x86_64-linux-gnu/libnss_nis-2.23.so
7f89ac7a3000-7f89ac7a4000 rw-p 0000b000 fd:00 949358                     /lib/x86_64-linux-gnu/libnss_nis-2.23.so
7f89ac7a4000-7f89ac7ba000 r-xp 00000000 fd:00 920920                     /lib/x86_64-linux-gnu/libnsl-2.23.so
7f89ac7ba000-7f89ac9b9000 ---p 00016000 fd:00 920920                     /lib/x86_64-linux-gnu/libnsl-2.23.so
7f89ac9b9000-7f89ac9ba000 r--p 00015000 fd:00 920920                     /lib/x86_64-linux-gnu/libnsl-2.23.so
7f89ac9ba000-7f89ac9bb000 rw-p 00016000 fd:00 920920                     /lib/x86_64-linux-gnu/libnsl-2.23.so
7f89ac9bb000-7f89ac9bd000 rw-p 00000000 00:00 0 
7f89ac9bd000-7f89ac9c5000 r-xp 00000000 fd:00 948159                     /lib/x86_64-linux-gnu/libnss_compat-2.23.so
7f89ac9c5000-7f89acbc4000 ---p 00008000 fd:00 948159                     /lib/x86_64-linux-gnu/libnss_compat-2.23.so
7f89acbc4000-7f89acbc5000 r--p 00007000 fd:00 948159                     /lib/x86_64-linux-gnu/libnss_compat-2.23.so
7f89acbc5000-7f89acbc6000 rw-p 00008000 fd:00 948159                     /lib/x86_64-linux-gnu/libnss_compat-2.23.so
7f89acbc6000-7f89acc06000 rw-p 00000000 00:00 0 
7f89acc06000-7f89acc12000 r-xp 00000000 fd:00 782063                     /usr/lib/python2.7/lib-dynload/_json.x86_64-linux-gnu.so
7f89acc12000-7f89ace11000 ---p 0000c000 fd:00 782063                     /usr/lib/python2.7/lib-dynload/_json.x86_64-linux-gnu.so
7f89ace11000-7f89ace12000 r--p 0000b000 fd:00 782063                     /usr/lib/python2.7/lib-dynload/_json.x86_64-linux-gnu.so
7f89ace12000-7f89ace13000 rw-p 0000c000 fd:00 782063                     /usr/lib/python2.7/lib-dynload/_json.x86_64-linux-gnu.so
7f89ace13000-7f89acfd3000 rw-p 00000000 00:00 0 
7f89acfd3000-7f89acfd9000 r-xp 00000000 fd:00 782079                     /usr/lib/python2.7/lib-dynload/_multiprocessing.x86_64-linux-gnu.so
7f89acfd9000-7f89ad1d8000 ---p 00006000 fd:00 782079                     /usr/lib/python2.7/lib-dynload/_multiprocessing.x86_64-linux-gnu.so
7f89ad1d8000-7f89ad1d9000 r--p 00005000 fd:00 782079                     /usr/lib/python2.7/lib-dynload/_multiprocessing.x86_64-linux-gnu.so
7f89ad1d9000-7f89ad1da000 rw-p 00006000 fd:00 782079                     /usr/lib/python2.7/lib-dynload/_multiprocessing.x86_64-linux-gnu.so
7f89ad1da000-7f89ad21a000 rw-p 00000000 00:00 0 
7f89ad21a000-7f89ad278000 r-xp 00000000 fd:00 917584                     /lib/x86_64-linux-gnu/libssl.so.1.0.0
7f89ad278000-7f89ad478000 ---p 0005e000 fd:00 917584                     /lib/x86_64-linux-gnu/libssl.so.1.0.0
7f89ad478000-7f89ad47c000 r--p 0005e000 fd:00 917584                     /lib/x86_64-linux-gnu/libssl.so.1.0.0
7f89ad47c000-7f89ad483000 rw-p 00062000 fd:00 917584                     /lib/x86_64-linux-gnu/libssl.so.1.0.0
7f89ad483000-7f89ad498000 r-xp 00000000 fd:00 782059                     /usr/lib/python2.7/lib-dynload/_ssl.x86_64-linux-gnu.so
7f89ad498000-7f89ad697000 ---p 00015000 fd:00 782059                     /usr/lib/python2.7/lib-dynload/_ssl.x86_64-linux-gnu.so
7f89ad697000-7f89ad698000 r--p 00014000 fd:00 782059                     /usr/lib/python2.7/lib-dynload/_ssl.x86_64-linux-gnu.so
7f89ad698000-7f89ad69c000 rw-p 00015000 fd:00 782059                     /usr/lib/python2.7/lib-dynload/_ssl.x86_64-linux-gnu.so
7f89ad69c000-7f89ad9dc000 rw-p 00000000 00:00 0 
7f89ad9dc000-7f89ada95000 r-xp 00000000 fd:00 864136                     /usr/local/lib/python2.7/dist-packages/numpy/random/mtrand.so
7f89ada95000-7f89adc95000 ---p 000b9000 fd:00 864136                     /usr/local/lib/python2.7/dist-packages/numpy/random/mtrand.so
7f89adc95000-7f89adcba000 rw-p 000b9000 fd:00 864136                     /usr/local/lib/python2.7/dist-packages/numpy/random/mtrand.so
7f89adcba000-7f89adcfc000 rw-p 00000000 00:00 0 
7f89adcfc000-7f89add05000 r-xp 00000000 fd:00 863981                     /usr/local/lib/python2.7/dist-packages/numpy/fft/fftpack_lite.so
7f89add05000-7f89adf04000 ---p 00009000 fd:00 863981                     /usr/local/lib/python2.7/dist-packages/numpy/fft/fftpack_lite.so
7f89adf04000-7f89adf05000 rw-p 00008000 fd:00 863981                     /usr/local/lib/python2.7/dist-packages/numpy/fft/fftpack_lite.so
7f89adf05000-7f89adf45000 rw-p 00000000 00:00 0 
7f89adf45000-7f89adf46000 r-xp 00000000 fd:00 782064                     /usr/lib/python2.7/lib-dynload/future_builtins.x86_64-linux-gnu.so
7f89adf46000-7f89ae145000 ---p 00001000 fd:00 782064                     /usr/lib/python2.7/lib-dynload/future_builtins.x86_64-linux-gnu.so
7f89ae145000-7f89ae146000 r--p 00000000 fd:00 782064                     /usr/lib/python2.7/lib-dynload/future_builtins.x86_64-linux-gnu.so
7f89ae146000-7f89ae147000 rw-p 00001000 fd:00 782064                     /usr/lib/python2.7/lib-dynload/future_builtins.x86_64-linux-gnu.so
7f89ae147000-7f89ae170000 r-xp 00000000 fd:00 864402                     /usr/local/lib/python2.7/dist-packages/numpy/linalg/_umath_linalg.so
7f89ae170000-7f89ae36f000 ---p 00029000 fd:00 864402                     /usr/local/lib/python2.7/dist-packages/numpy/linalg/_umath_linalg.so
7f89ae36f000-7f89ae371000 rw-p 00028000 fd:00 864402                     /usr/local/lib/python2.7/dist-packages/numpy/linalg/_umath_linalg.so
7f89ae371000-7f89ae374000 rw-p 000c7000 fd:00 864402                     /usr/local/lib/python2.7/dist-packages/numpy/linalg/_umath_linalg.so
7f89ae374000-7f89ae378000 r-xp 00000000 fd:00 864408                     /usr/local/lib/python2.7/dist-packages/numpy/linalg/lapack_lite.so
7f89ae378000-7f89ae578000 ---p 00004000 fd:00 864408                     /usr/local/lib/python2.7/dist-packages/numpy/linalg/lapack_lite.so
7f89ae578000-7f89ae579000 rw-p 00004000 fd:00 864408                     /usr/local/lib/python2.7/dist-packages/numpy/linalg/lapack_lite.so
7f89ae579000-7f89ae57b000 rw-p 00019000 fd:00 864408                     /usr/local/lib/python2.7/dist-packages/numpy/linalg/lapack_lite.so
7f89ae57b000-7f89ae5fb000 rw-p 00000000 00:00 0 
7f89ae5fb000-7f89ae815000 r-xp 00000000 fd:00 917583                     /lib/x86_64-linux-gnu/libcrypto.so.1.0.0
7f89ae815000-7f89aea14000 ---p 0021a000 fd:00 917583                     /lib/x86_64-linux-gnu/libcrypto.so.1.0.0
7f89aea14000-7f89aea30000 r--p 00219000 fd:00 917583                     /lib/x86_64-linux-gnu/libcrypto.so.1.0.0
7f89aea30000-7f89aea3c000 rw-p 00235000 fd:00 917583                     /lib/x86_64-linux-gnu/libcrypto.so.1.0.0
7f89aea3c000-7f89aea3f000 rw-p 00000000 00:00 0 
7f89aea3f000-7f89aea45000 r-xp 00000000 fd:00 782080                     /usr/lib/python2.7/lib-dynload/_hashlib.x86_64-linux-gnu.so
7f89aea45000-7f89aec44000 ---p 00006000 fd:00 782080                     /usr/lib/python2.7/lib-dynload/_hashlib.x86_64-linux-gnu.so
7f89aec44000-7f89aec45000 r--p 00005000 fd:00 782080                     /usr/lib/python2.7/lib-dynload/_hashlib.x86_64-linux-gnu.so
7f89aec45000-7f89aec46000 rw-p 00006000 fd:00 782080                     /usr/lib/python2.7/lib-dynload/_hashlib.x86_64-linux-gnu.so
7f89aec46000-7f89aee87000 rw-p 00000000 00:00 0 
7f89aee87000-7f89aee8e000 r-xp 00000000 fd:00 663437                     /usr/lib/x86_64-linux-gnu/libffi.so.6.0.4
7f89aee8e000-7f89af08d000 ---p 00007000 fd:00 663437                     /usr/lib/x86_64-linux-gnu/libffi.so.6.0.4
7f89af08d000-7f89af08e000 r--p 00006000 fd:00 663437                     /usr/lib/x86_64-linux-gnu/libffi.so.6.0.4
7f89af08e000-7f89af08f000 rw-p 00007000 fd:00 663437                     /usr/lib/x86_64-linux-gnu/libffi.so.6.0.4
7f89af08f000-7f89af0ad000 r-xp 00000000 fd:00 782058                     /usr/lib/python2.7/lib-dynload/_ctypes.x86_64-linux-gnu.so
7f89af0ad000-7f89af2ac000 ---p 0001e000 fd:00 782058                     /usr/lib/python2.7/lib-dynload/_ctypes.x86_64-linux-gnu.so
7f89af2ac000-7f89af2ad000 r--p 0001d000 fd:00 782058                     /usr/lib/python2.7/lib-dynload/_ctypes.x86_64-linux-gnu.so
7f89af2ad000-7f89af2b1000 rw-p 0001e000 fd:00 782058                     /usr/lib/python2.7/lib-dynload/_ctypes.x86_64-linux-gnu.so
7f89af2b1000-7f89af449000 r-xp 00000000 fd:00 864188                     /usr/local/lib/python2.7/dist-packages/numpy/core/umath.so
7f89af449000-7f89af649000 ---p 00198000 fd:00 864188                     /usr/local/lib/python2.7/dist-packages/numpy/core/umath.so
7f89af649000-7f89af64f000 rw-p 00198000 fd:00 864188                     /usr/local/lib/python2.7/dist-packages/numpy/core/umath.so
7f89af64f000-7f89af691000 rw-p 00000000 00:00 0 
7f89af691000-7f89b1691000 rw-p 00000000 00:00 0 
7f89b1691000-7f89b1692000 ---p 00000000 00:00 0 
7f89b1692000-7f89b1e92000 rw-p 00000000 00:00 0 
7f89b1e92000-7f89b1f82000 r-xp 00000000 fd:00 864434                     /usr/local/lib/python2.7/dist-packages/numpy/.libs/libgfortran-ed201abd.so.3.0.0
7f89b1f82000-7f89b2181000 ---p 000f0000 fd:00 864434                     /usr/local/lib/python2.7/dist-packages/numpy/.libs/libgfortran-ed201abd.so.3.0.0
7f89b2181000-7f89b2183000 rw-p 000ef000 fd:00 864434                     /usr/local/lib/python2.7/dist-packages/numpy/.libs/libgfortran-ed201abd.so.3.0.0
7f89b2183000-7f89b2184000 rw-p 00000000 00:00 0 
7f89b2184000-7f89b218c000 rw-p 000f2000 fd:00 864434                     /usr/local/lib/python2.7/dist-packages/numpy/.libs/libgfortran-ed201abd.so.3.0.0
7f89b218c000-7f89b44a0000 r-xp 00000000 fd:00 864433                     /usr/local/lib/python2.7/dist-packages/numpy/.libs/libopenblasp-r0-39a31c03.2.18.so
7f89b44a0000-7f89b469f000 ---p 02314000 fd:00 864433                     /usr/local/lib/python2.7/dist-packages/numpy/.libs/libopenblasp-r0-39a31c03.2.18.so
7f89b469f000-7f89b46be000 rw-p 02313000 fd:00 864433                     /usr/local/lib/python2.7/dist-packages/numpy/.libs/libopenblasp-r0-39a31c03.2.18.so
7f89b46be000-7f89b4721000 rw-p 00000000 00:00 0 
7f89b4721000-7f89b47b7000 rw-p 02425000 fd:00 864433                     /usr/local/lib/python2.7/dist-packages/numpy/.libs/libopenblasp-r0-39a31c03.2.18.so
7f89b47b7000-7f89b4984000 r-xp 00000000 fd:00 864185                     /usr/local/lib/python2.7/dist-packages/numpy/core/multiarray.so
7f89b4984000-7f89b4b83000 ---p 001cd000 fd:00 864185                     /usr/local/lib/python2.7/dist-packages/numpy/core/multiarray.so
7f89b4b83000-7f89b4b93000 rw-p 001cc000 fd:00 864185                     /usr/local/lib/python2.7/dist-packages/numpy/core/multiarray.so
7f89b4b93000-7f89b4ba6000 rw-p 00000000 00:00 0 
7f89b4ba6000-7f89b4bac000 rw-p 00920000 fd:00 864185                     /usr/local/lib/python2.7/dist-packages/numpy/core/multiarray.so
7f89b4bac000-7f89b4bec000 rw-p 00000000 00:00 0 
7f89b4bec000-7f89b4bf3000 r-xp 00000000 fd:00 949459                     /lib/x86_64-linux-gnu/librt-2.23.so
7f89b4bf3000-7f89b4df2000 ---p 00007000 fd:00 949459                     /lib/x86_64-linux-gnu/librt-2.23.so
7f89b4df2000-7f89b4df3000 r--p 00006000 fd:00 949459                     /lib/x86_64-linux-gnu/librt-2.23.so
7f89b4df3000-7f89b4df4000 rw-p 00007000 fd:00 949459                     /lib/x86_64-linux-gnu/librt-2.23.so
7f89b4df4000-7f89b4e51000 r-xp 00000000 fd:00 678876                     /usr/lib/x86_64-linux-gnu/libsodium.so.18.0.1
7f89b4e51000-7f89b5050000 ---p 0005d000 fd:00 678876                     /usr/lib/x86_64-linux-gnu/libsodium.so.18.0.1
7f89b5050000-7f89b5051000 r--p 0005c000 fd:00 678876                     /usr/lib/x86_64-linux-gnu/libsodium.so.18.0.1
7f89b5051000-7f89b5052000 rw-p 0005d000 fd:00 678876                     /usr/lib/x86_64-linux-gnu/libsodium.so.18.0.1
7f89b5052000-7f89b5730000 r-xp 00000000 fd:00 680045                     /usr/lib/libCOS4.so.1.6
7f89b5730000-7f89b592f000 ---p 006de000 fd:00 680045                     /usr/lib/libCOS4.so.1.6
7f89b592f000-7f89b5ac1000 r--p 006dd000 fd:00 680045                     /usr/lib/libCOS4.so.1.6
7f89b5ac1000-7f89b5ac8000 rw-p 0086f000 fd:00 680045                     /usr/lib/libCOS4.so.1.6
7f89b5ac8000-7f89b5aca000 rw-p 00000000 00:00 0 
7f89b5aca000-7f89b5b2c000 r-xp 00000000 fd:00 678878                     /usr/lib/x86_64-linux-gnu/libzmq.so.5.0.0
7f89b5b2c000-7f89b5d2b000 ---p 00062000 fd:00 678878                     /usr/lib/x86_64-linux-gnu/libzmq.so.5.0.0
7f89b5d2b000-7f89b5d2f000 r--p 00061000 fd:00 678878                     /usr/lib/x86_64-linux-gnu/libzmq.so.5.0.0
7f89b5d2f000-7f89b5d30000 rw-p 00065000 fd:00 678878                     /usr/lib/x86_64-linux-gnu/libzmq.so.5.0.0
7f89b5d30000-7f89b5d46000 r-xp 00000000 fd:00 918030                     /lib/x86_64-linux-gnu/libgcc_s.so.1
7f89b5d46000-7f89b5f45000 ---p 00016000 fd:00 918030                     /lib/x86_64-linux-gnu/libgcc_s.so.1
7f89b5f45000-7f89b5f46000 rw-p 00015000 fd:00 918030                     /lib/x86_64-linux-gnu/libgcc_s.so.1
7f89b5f46000-7f89b60b8000 r-xp 00000000 fd:00 654649                     /usr/lib/x86_64-linux-gnu/libstdc++.so.6.0.21
7f89b60b8000-7f89b62b8000 ---p 00172000 fd:00 654649                     /usr/lib/x86_64-linux-gnu/libstdc++.so.6.0.21
7f89b62b8000-7f89b62c2000 r--p 00172000 fd:00 654649                     /usr/lib/x86_64-linux-gnu/libstdc++.so.6.0.21
7f89b62c2000-7f89b62c4000 rw-p 0017c000 fd:00 654649                     /usr/lib/x86_64-linux-gnu/libstdc++.so.6.0.21
7f89b62c4000-7f89b62c8000 rw-p 00000000 00:00 0 
7f89b62c8000-7f89b62df000 r-xp 00000000 fd:00 680511                     /usr/local/lib/liblog4tango.so.5.0.1
7f89b62df000-7f89b64df000 ---p 00017000 fd:00 680511                     /usr/local/lib/liblog4tango.so.5.0.1
7f89b64df000-7f89b64e0000 r--p 00017000 fd:00 680511                     /usr/local/lib/liblog4tango.so.5.0.1
7f89b64e0000-7f89b64e1000 rw-p 00018000 fd:00 680511                     /usr/local/lib/liblog4tango.so.5.0.1
7f89b64e1000-7f89b64e6000 r-xp 00000000 fd:00 677872                     /usr/lib/libomnithread.so.3.4
7f89b64e6000-7f89b66e5000 ---p 00005000 fd:00 677872                     /usr/lib/libomnithread.so.3.4
7f89b66e5000-7f89b66e6000 r--p 00004000 fd:00 677872                     /usr/lib/libomnithread.so.3.4
7f89b66e6000-7f89b66e7000 rw-p 00005000 fd:00 677872                     /usr/lib/libomnithread.so.3.4
7f89b66e7000-7f89b6871000 r-xp 00000000 fd:00 679991                     /usr/lib/libomniORB4.so.1.6
7f89b6871000-7f89b6a71000 ---p 0018a000 fd:00 679991                     /usr/lib/libomniORB4.so.1.6
7f89b6a71000-7f89b6a84000 r--p 0018a000 fd:00 679991                     /usr/lib/libomniORB4.so.1.6
7f89b6a84000-7f89b6a88000 rw-p 0019d000 fd:00 679991                     /usr/lib/libomniORB4.so.1.6
7f89b6a88000-7f89b6a8b000 rw-p 00000000 00:00 0 
7f89b6a8b000-7f89b6cdd000 r-xp 00000000 fd:00 680037                     /usr/lib/libomniDynamic4.so.1.6
7f89b6cdd000-7f89b6edc000 ---p 00252000 fd:00 680037                     /usr/lib/libomniDynamic4.so.1.6
7f89b6edc000-7f89b6f4c000 r--p 00251000 fd:00 680037                     /usr/lib/libomniDynamic4.so.1.6
7f89b6f4c000-7f89b6f50000 rw-p 002c1000 fd:00 680037                     /usr/lib/libomniDynamic4.so.1.6
7f89b6f50000-7f89b6f51000 rw-p 00000000 00:00 0 
7f89b6f51000-7f89b6f9a000 r-xp 00000000 fd:00 691765                     /usr/lib/x86_64-linux-gnu/libboost_python-py27.so.1.58.0
7f89b6f9a000-7f89b719a000 ---p 00049000 fd:00 691765                     /usr/lib/x86_64-linux-gnu/libboost_python-py27.so.1.58.0
7f89b719a000-7f89b719b000 r--p 00049000 fd:00 691765                     /usr/lib/x86_64-linux-gnu/libboost_python-py27.so.1.58.0
7f89b719b000-7f89b719d000 rw-p 0004a000 fd:00 691765                     /usr/lib/x86_64-linux-gnu/libboost_python-py27.so.1.58.0
7f89b719d000-7f89b779d000 r-xp 00000000 fd:00 680670                     /usr/local/lib/libtango.so.9.2.5
7f89b779d000-7f89b799d000 ---p 00600000 fd:00 680670                     /usr/local/lib/libtango.so.9.2.5
7f89b799d000-7f89b79cb000 r--p 00600000 fd:00 680670                     /usr/local/lib/libtango.so.9.2.5
7f89b79cb000-7f89b79d4000 rw-p 0062e000 fd:00 680670                     /usr/local/lib/libtango.so.9.2.5
7f89b79d4000-7f89b79d7000 rw-p 00000000 00:00 0 
7f89b79d7000-7f89b8153000 r-xp 00000000 fd:00 692438                     /usr/local/lib/python2.7/dist-packages/tango/_tango.so
7f89b8153000-7f89b8353000 ---p 0077c000 fd:00 692438                     /usr/local/lib/python2.7/dist-packages/tango/_tango.so
7f89b8353000-7f89b838b000 r--p 0077c000 fd:00 692438                     /usr/local/lib/python2.7/dist-packages/tango/_tango.so
7f89b838b000-7f89b83a7000 rw-p 007b4000 fd:00 692438                     /usr/local/lib/python2.7/dist-packages/tango/_tango.so
7f89b83a7000-7f89b83ab000 rw-p 00000000 00:00 0 
7f89b83ab000-7f89b87b4000 r--p 00000000 fd:00 652827                     /usr/lib/locale/locale-archive
7f89b87b4000-7f89b88bc000 r-xp 00000000 fd:00 920919                     /lib/x86_64-linux-gnu/libm-2.23.so
7f89b88bc000-7f89b8abb000 ---p 00108000 fd:00 920919                     /lib/x86_64-linux-gnu/libm-2.23.so
7f89b8abb000-7f89b8abc000 r--p 00107000 fd:00 920919                     /lib/x86_64-linux-gnu/libm-2.23.so
7f89b8abc000-7f89b8abd000 rw-p 00108000 fd:00 920919                     /lib/x86_64-linux-gnu/libm-2.23.so
7f89b8abd000-7f89b8ad6000 r-xp 00000000 fd:00 918183                     /lib/x86_64-linux-gnu/libz.so.1.2.8
7f89b8ad6000-7f89b8cd5000 ---p 00019000 fd:00 918183                     /lib/x86_64-linux-gnu/libz.so.1.2.8
7f89b8cd5000-7f89b8cd6000 r--p 00018000 fd:00 918183                     /lib/x86_64-linux-gnu/libz.so.1.2.8
7f89b8cd6000-7f89b8cd7000 rw-p 00019000 fd:00 918183                     /lib/x86_64-linux-gnu/libz.so.1.2.8
7f89b8cd7000-7f89b8cd9000 r-xp 00000000 fd:00 948158                     /lib/x86_64-linux-gnu/libutil-2.23.so
7f89b8cd9000-7f89b8ed8000 ---p 00002000 fd:00 948158                     /lib/x86_64-linux-gnu/libutil-2.23.so
7f89b8ed8000-7f89b8ed9000 r--p 00001000 fd:00 948158                     /lib/x86_64-linux-gnu/libutil-2.23.so
7f89b8ed9000-7f89b8eda000 rw-p 00002000 fd:00 948158                     /lib/x86_64-linux-gnu/libutil-2.23.so
7f89b8eda000-7f89b8edd000 r-xp 00000000 fd:00 948111                     /lib/x86_64-linux-gnu/libdl-2.23.so
7f89b8edd000-7f89b90dc000 ---p 00003000 fd:00 948111                     /lib/x86_64-linux-gnu/libdl-2.23.so
7f89b90dc000-7f89b90dd000 r--p 00002000 fd:00 948111                     /lib/x86_64-linux-gnu/libdl-2.23.so
7f89b90dd000-7f89b90de000 rw-p 00003000 fd:00 948111                     /lib/x86_64-linux-gnu/libdl-2.23.so
7f89b90de000-7f89b929e000 r-xp 00000000 fd:00 948050                     /lib/x86_64-linux-gnu/libc-2.23.so
7f89b929e000-7f89b949e000 ---p 001c0000 fd:00 948050                     /lib/x86_64-linux-gnu/libc-2.23.so
7f89b949e000-7f89b94a2000 r--p 001c0000 fd:00 948050                     /lib/x86_64-linux-gnu/libc-2.23.so
7f89b94a2000-7f89b94a4000 rw-p 001c4000 fd:00 948050                     /lib/x86_64-linux-gnu/libc-2.23.so
7f89b94a4000-7f89b94a8000 rw-p 00000000 00:00 0 
7f89b94a8000-7f89b94c0000 r-xp 00000000 fd:00 948047                     /lib/x86_64-linux-gnu/libpthread-2.23.so
7f89b94c0000-7f89b96bf000 ---p 00018000 fd:00 948047                     /lib/x86_64-linux-gnu/libpthread-2.23.so
7f89b96bf000-7f89b96c0000 r--p 00017000 fd:00 948047                     /lib/x86_64-linux-gnu/libpthread-2.23.so
7f89b96c0000-7f89b96c1000 rw-p 00018000 fd:00 948047                     /lib/x86_64-linux-gnu/libpthread-2.23.so
7f89b96c1000-7f89b96c5000 rw-p 00000000 00:00 0 
7f89b96c5000-7f89b96eb000 r-xp 00000000 fd:00 920921                     /lib/x86_64-linux-gnu/ld-2.23.so
7f89b96f0000-7f89b96f2000 r--s 00008000 fd:00 799646                     /home/tango-cs/OmniDriverSPAM/OOI_HOME/UniUSB.jar
7f89b96f2000-7f89b96f4000 r--s 00006000 fd:00 800412                     /home/tango-cs/OmniDriverSPAM/OOI_HOME/OOIUtils.jar
7f89b96f4000-7f89b96fb000 r--s 00036000 fd:00 799647                     /home/tango-cs/OmniDriverSPAM/OOI_HOME/xstream-1.1.2.jar
7f89b96fb000-7f89b9716000 r--s 00394000 fd:00 676862                     /usr/lib/jvm/java-8-openjdk-amd64/jre/lib/ext/cldrdata.jar
7f89b9716000-7f89b97d6000 rw-p 00000000 00:00 0 
7f89b97d6000-7f89b97d8000 r--s 00005000 fd:00 800414                     /home/tango-cs/OmniDriverSPAM/OOI_HOME/xpp3_min-1.1.3.4.M.jar
7f89b97d8000-7f89b97dd000 r--s 0005e000 fd:00 825293                     /home/tango-cs/OmniDriverSPAM/OOI_HOME/SPAM.jar
7f89b97dd000-7f89b97e0000 r--s 0000f000 fd:00 676864                     /usr/lib/jvm/java-8-openjdk-amd64/jre/lib/ext/icedtea-sound.jar
7f89b97e0000-7f89b97ea000 r--s 00116000 fd:00 676867                     /usr/lib/jvm/java-8-openjdk-amd64/jre/lib/ext/localedata.jar
7f89b97ea000-7f89b97ec000 r--s 00001000 fd:00 676860                     /usr/lib/jvm/java-8-openjdk-amd64/jre/lib/ext/dnsns.jar
7f89b97ec000-7f89b9807000 r--s 001d6000 fd:00 676865                     /usr/lib/jvm/java-8-openjdk-amd64/jre/lib/ext/nashorn.jar
7f89b9807000-7f89b98cc000 rw-p 00000000 00:00 0 
7f89b98cc000-7f89b98cd000 r--s 00002000 fd:00 800413                     /home/tango-cs/OmniDriverSPAM/OOI_HOME/HighResTiming.jar
7f89b98cd000-7f89b98ce000 r--s 0000a000 fd:00 676866                     /usr/lib/jvm/java-8-openjdk-amd64/jre/lib/ext/jaccess.jar
7f89b98ce000-7f89b98d4000 r--s 0003b000 fd:00 676863                     /usr/lib/jvm/java-8-openjdk-amd64/jre/lib/ext/sunjce_provider.jar
7f89b98d4000-7f89b98d7000 r--s 00038000 fd:00 676861                     /usr/lib/jvm/java-8-openjdk-amd64/jre/lib/ext/sunpkcs11.jar
7f89b98d7000-7f89b98d9000 r--s 00008000 fd:00 676858                     /usr/lib/jvm/java-8-openjdk-amd64/jre/lib/ext/sunec.jar
7f89b98d9000-7f89b98da000 r--s 00010000 fd:00 676859                     /usr/lib/jvm/java-8-openjdk-amd64/jre/lib/ext/zipfs.jar
7f89b98da000-7f89b98df000 rw-p 00000000 00:00 0 
7f89b98df000-7f89b98e7000 rw-s 00000000 fd:00 424650                     /tmp/hsperfdata_tango-cs/8216
7f89b98e7000-7f89b98e8000 rw-p 00000000 00:00 0 
7f89b98e8000-7f89b98e9000 r--p 00000000 00:00 0 
7f89b98e9000-7f89b98ea000 rwxp 00000000 00:00 0 
7f89b98ea000-7f89b98eb000 r--p 00025000 fd:00 920921                     /lib/x86_64-linux-gnu/ld-2.23.so
7f89b98eb000-7f89b98ec000 rw-p 00026000 fd:00 920921                     /lib/x86_64-linux-gnu/ld-2.23.so
7f89b98ec000-7f89b98ed000 rw-p 00000000 00:00 0 
7ffef9775000-7ffef9778000 ---p 00000000 00:00 0 
7ffef9778000-7ffef9875000 rw-p 00000000 00:00 0                          [stack]
7ffef9905000-7ffef9908000 r--p 00000000 00:00 0                          [vvar]
7ffef9908000-7ffef990a000 r-xp 00000000 00:00 0                          [vdso]
ffffffffff600000-ffffffffff601000 r-xp 00000000 00:00 0                  [vsyscall]

VM Arguments:
jvm_args: -Djava.library.path=/home/tango-cs/OmniDriverSPAM/OOI_HOME:/home/tango-cs/OmniDriverSPAM/_jvm/lib/i386:/home/tango-cs/OmniDriverSPAM/_jvm/lib/i386/client -Xmx250m 
java_command: <unknown>
java_class_path (initial): /home/tango-cs/OmniDriverSPAM/OOI_HOME/OmniDriver.jar:/home/tango-cs/OmniDriverSPAM/OOI_HOME/SPAM.jar
Launcher Type: generic

Environment Variables:
JAVA_HOME=/home/tango-cs/OmniDriverSPAM/_jvm
PATH=/home/tango-cs/OmniDriverSPAM/_jvm/bin
LD_LIBRARY_PATH=/home/tango-cs/OmniDriverSPAM/_jvm/lib/i386:/home/tango-cs/OmniDriverSPAM/_jvm/lib/i386/client
SHELL=/bin/bash
DISPLAY=:0

Signal Handlers:
SIGSEGV: [libjvm.so+0xa6e6f0], sa_mask[0]=11111111011111111101111111111110, sa_flags=SA_RESTART|SA_SIGINFO
SIGBUS: [libjvm.so+0xa6e6f0], sa_mask[0]=11111111011111111101111111111110, sa_flags=SA_RESTART|SA_SIGINFO
SIGFPE: [libjvm.so+0x8b5d50], sa_mask[0]=11111111011111111101111111111110, sa_flags=SA_RESTART|SA_SIGINFO
SIGPIPE: [libjvm.so+0x8b5d50], sa_mask[0]=11111111011111111101111111111110, sa_flags=SA_RESTART|SA_SIGINFO
SIGXFSZ: [libjvm.so+0x8b5d50], sa_mask[0]=11111111011111111101111111111110, sa_flags=SA_RESTART|SA_SIGINFO
SIGILL: [libjvm.so+0x8b5d50], sa_mask[0]=11111111011111111101111111111110, sa_flags=SA_RESTART|SA_SIGINFO
SIGUSR1: SIG_DFL, sa_mask[0]=00000000000000000000000000000000, sa_flags=none
SIGUSR2: [libjvm.so+0x8b5c00], sa_mask[0]=11100000000001111100111111111100, sa_flags=SA_RESTART|SA_SIGINFO
SIGHUP: [libjvm.so+0x8b60d0], sa_mask[0]=11111111011111111101111111111110, sa_flags=SA_RESTART|SA_SIGINFO
SIGINT: [libjvm.so+0x8b60d0], sa_mask[0]=11111111011111111101111111111110, sa_flags=SA_RESTART|SA_SIGINFO
SIGTERM: [libjvm.so+0x8b60d0], sa_mask[0]=11111111011111111101111111111110, sa_flags=SA_RESTART|SA_SIGINFO
SIGQUIT: [libjvm.so+0x8b60d0], sa_mask[0]=11111111011111111101111111111110, sa_flags=SA_RESTART|SA_SIGINFO


---------------  S Y S T E M  ---------------

OS:DISTRIB_ID=Ubuntu
DISTRIB_RELEASE=16.04
DISTRIB_CODENAME=xenial
DISTRIB_DESCRIPTION="Ubuntu 16.04.3 LTS"

uname:Linux 4.15.0-29-generic #31~16.04.1-Ubuntu SMP Wed Jul 18 08:54:04 UTC 2018 x86_64
libc:glibc 2.23 NPTL 2.23 
rlimit: STACK 8192k, CORE 0k, NPROC 15548, NOFILE 1048576, AS infinity
load average:0.19 0.17 0.17

/proc/meminfo:
MemTotal:        4039536 kB
MemFree:          624820 kB
MemAvailable:    1521024 kB
Buffers:           75448 kB
Cached:          1066048 kB
SwapCached:            0 kB
Active:          2581288 kB
Inactive:         582592 kB
Active(anon):    2023988 kB
Inactive(anon):    94112 kB
Active(file):     557300 kB
Inactive(file):   488480 kB
Unevictable:          32 kB
Mlocked:              32 kB
SwapTotal:       2097148 kB
SwapFree:        2097148 kB
Dirty:                48 kB
Writeback:             0 kB
AnonPages:       2022464 kB
Mapped:           493096 kB
Shmem:             95720 kB
Slab:             170788 kB
SReclaimable:     107012 kB
SUnreclaim:        63776 kB
KernelStack:       12352 kB
PageTables:        38412 kB
NFS_Unstable:          0 kB
Bounce:                0 kB
WritebackTmp:          0 kB
CommitLimit:     4116916 kB
Committed_AS:    7701492 kB
VmallocTotal:   34359738367 kB
VmallocUsed:           0 kB
VmallocChunk:          0 kB
HardwareCorrupted:     0 kB
AnonHugePages:      2048 kB
ShmemHugePages:        0 kB
ShmemPmdMapped:        0 kB
CmaTotal:              0 kB
CmaFree:               0 kB
HugePages_Total:       0
HugePages_Free:        0
HugePages_Rsvd:        0
HugePages_Surp:        0
Hugepagesize:       2048 kB
DirectMap4k:      159680 kB
DirectMap2M:     4034560 kB


CPU:total 2 (initial active 2) (2 cores per cpu, 1 threads per core) family 6 model 60 stepping 3, cmov, cx8, fxsr, mmx, sse, sse2, sse3, ssse3, sse4.1, sse4.2, popcnt, avx, avx2, aes, clmul, lzcnt, tsc, tscinvbit

/proc/cpuinfo:
processor	: 0
vendor_id	: GenuineIntel
cpu family	: 6
model		: 60
model name	: Intel(R) Core(TM) i7-4810MQ CPU @ 2.80GHz
stepping	: 3
cpu MHz		: 2793.544
cache size	: 6144 KB
physical id	: 0
siblings	: 2
core id		: 0
cpu cores	: 2
apicid		: 0
initial apicid	: 0
fpu		: yes
fpu_exception	: yes
cpuid level	: 13
wp		: yes
flags		: fpu vme de pse tsc msr pae mce cx8 apic sep mtrr pge mca cmov pat pse36 clflush mmx fxsr sse sse2 ht syscall nx rdtscp lm constant_tsc rep_good nopl xtopology nonstop_tsc cpuid pni pclmulqdq ssse3 cx16 pcid sse4_1 sse4_2 x2apic movbe popcnt aes xsave avx rdrand hypervisor lahf_lm abm invpcid_single pti fsgsbase avx2 invpcid
bugs		: cpu_meltdown spectre_v1 spectre_v2 spec_store_bypass
bogomips	: 5587.08
clflush size	: 64
cache_alignment	: 64
address sizes	: 39 bits physical, 48 bits virtual
power management:

processor	: 1
vendor_id	: GenuineIntel
cpu family	: 6
model		: 60
model name	: Intel(R) Core(TM) i7-4810MQ CPU @ 2.80GHz
stepping	: 3
cpu MHz		: 2793.544
cache size	: 6144 KB
physical id	: 0
siblings	: 2
core id		: 1
cpu cores	: 2
apicid		: 1
initial apicid	: 1
fpu		: yes
fpu_exception	: yes
cpuid level	: 13
wp		: yes
flags		: fpu vme de pse tsc msr pae mce cx8 apic sep mtrr pge mca cmov pat pse36 clflush mmx fxsr sse sse2 ht syscall nx rdtscp lm constant_tsc rep_good nopl xtopology nonstop_tsc cpuid pni pclmulqdq ssse3 cx16 pcid sse4_1 sse4_2 x2apic movbe popcnt aes xsave avx rdrand hypervisor lahf_lm abm invpcid_single pti fsgsbase avx2 invpcid
bugs		: cpu_meltdown spectre_v1 spectre_v2 spec_store_bypass
bogomips	: 5587.08
clflush size	: 64
cache_alignment	: 64
address sizes	: 39 bits physical, 48 bits virtual
power management:



Memory: 4k page, physical 4039536k(624820k free), swap 2097148k(2097148k free)

vm_info: OpenJDK 64-Bit Server VM (25.171-b11) for linux-amd64 JRE (1.8.0_171-8u171-b11-0ubuntu0.16.04.1-b11), built on Apr 27 2018 17:19:03 by "buildd" with gcc 5.4.0 20160609

time: Wed Aug  1 12:11:28 2018
elapsed time: 26 seconds (0d 0h 0m 26s)

