#
# A fatal error has been detected by the Java Runtime Environment:
#
#  SIGSEGV (0xb) at pc=0x00007f7678dc3746, pid=23308, tid=0x00007f7617fff700
#
# JRE version: OpenJDK Runtime Environment (8.0_171-b11) (build 1.8.0_171-8u171-b11-0ubuntu0.16.04.1-b11)
# Java VM: OpenJDK 64-Bit Server VM (25.171-b11 mixed mode linux-amd64 compressed oops)
# Problematic frame:
# C  [libc.so.6+0x8b746]  strlen+0x26
#
# Failed to write core dump. Core dumps have been disabled. To enable core dumping, try "ulimit -c unlimited" before starting Java again
#
# If you would like to submit a bug report, please visit:
#   http://bugreport.java.com/bugreport/crash.jsp
#

---------------  T H R E A D  ---------------

Current thread is native thread

siginfo: si_signo: 11 (SIGSEGV), si_code: 1 (SEGV_MAPERR), si_addr: 0x000000001c006320

Registers:
RAX=0x000000001c006320, RBX=0x00007f766c8030e0, RCX=0x0000000000000320, RDX=0x00007f76727079c0
RSP=0x00007f7617ffce08, RBP=0x00007f7672acd5f0, RSI=0x0000000000000008, RDI=0x000000001c006320
R8 =0x000000000000002a, R9 =0x00000000004da850, R10=0x00007f766ca55bb0, R11=0x0000000000000004
R12=0x000000001c006320, R13=0x00007f766cb5aea0, R14=0x0000000001e76ac0, R15=0x00007f766c8030e0
RIP=0x00007f7678dc3746, EFLAGS=0x0000000000010293, CSGSFS=0x002b000000000033, ERR=0x0000000000000004
  TRAPNO=0x000000000000000e

Top of Stack: (sp=0x00007f7617ffce08)
0x00007f7617ffce08:   000000000049f300 0000000000902960
0x00007f7617ffce18:   14622e8b97619200 00007f766c8030e0
0x00007f7617ffce28:   00007f7672acd5f0 00007f7672acd5f0
0x00007f7617ffce38:   00000000004da5a9 0000000000000000
0x00007f7617ffce48:   14622e8b97619200 00007f766cb5aea0
0x00007f7617ffce58:   00007f7679462840 0000000000000000
0x00007f7617ffce68:   00000000004b01bc 0000000000960e78
0x00007f7617ffce78:   00007f767949dc10 0000000001e76ac0
0x00007f7617ffce88:   00007f766ca5fa4d 0000000000000006
0x00007f7617ffce98:   00007f766cb5ad00 00007f766cb5aea0
0x00007f7617ffcea8:   00007f766ca5fa4b 00007f766c8030e0
0x00007f7617ffceb8:   00000000004c442c 0000000004999960
0x00007f7617ffcec8:   00007f766ca5fa14 00007f761c006370
0x00007f7617ffced8:   00007f7679462840 00007f766cb5ae78
0x00007f7617ffcee8:   00007f766ca55bb0 0000000000000000
0x00007f7617ffcef8:   00000000008e8c80 0000000000000000
0x00007f7617ffcf08:   00007f766c7ec9e0 00000000008fd4d0
0x00007f7617ffcf18:   0000000000000001 0000000000000000
0x00007f7617ffcf28:   00007f7617ffcfc0 ffffffff63cf3498
0x00007f7617ffcf38:   00007f7617ffcfb0 ffffffff00000000
0x00007f7617ffcf48:   00007f766c7eeab0 00007f766cb5ae90
0x00007f7617ffcf58:   00007f7617ffcf88 00007f7617ffcf80
0x00007f7617ffcf68:   00007f7600000000 00007f7617ffcf80
0x00007f7617ffcf78:   14622e8b97619200 00007f766cb5ae90
0x00007f7617ffcf88:   00007f7617ffce30 00007f7672ad54b0
0x00007f7617ffcf98:   0000000a00000000 00007f7617ffd040
0x00007f7617ffcfa8:   14622e8b97619200 00007f7672706630
0x00007f7617ffcfb8:   00007f766c7ef780 0000000000000000
0x00007f7617ffcfc8:   14622e8b97619200 00007f766c801600
0x00007f7617ffcfd8:   00007f766cb5ae78 00007f766cb5ad00
0x00007f7617ffcfe8:   00007f761c006370 00007f766c7eeab0
0x00007f7617ffcff8:   0000000000000001 0000000000000003 

Instructions: (pc=0x00007f7678dc3746)
0x00007f7678dc3726:   ef c9 66 0f ef d2 66 0f ef db 48 89 f8 48 89 f9
0x00007f7678dc3736:   48 81 e1 ff 0f 00 00 48 81 f9 cf 0f 00 00 77 6a
0x00007f7678dc3746:   f3 0f 6f 20 66 0f 74 e0 66 0f d7 d4 85 d2 74 04
0x00007f7678dc3756:   0f bc c2 c3 48 83 e0 f0 66 0f 74 48 10 66 0f 74 

Register to memory mapping:

RAX=0x000000001c006320 is an unknown value
RBX=0x00007f766c8030e0 is an unknown value
RCX=0x0000000000000320 is an unknown value
RDX=0x00007f76727079c0: PyCStgDict_Type+0 in /usr/lib/python2.7/lib-dynload/_ctypes.x86_64-linux-gnu.so at 0x00007f76724e8000
RSP=0x00007f7617ffce08 is an unknown value
RBP=0x00007f7672acd5f0 is an unknown value
RSI=0x0000000000000008 is an unknown value
RDI=0x000000001c006320 is an unknown value
R8 =0x000000000000002a is an unknown value
R9 =0x00000000004da850: <offset 0xda850> in python at 0x0000000000400000
R10=0x00007f766ca55bb0 is an unknown value
R11=0x0000000000000004 is an unknown value
R12=0x000000001c006320 is an unknown value
R13=0x00007f766cb5aea0 is an unknown value
R14=0x0000000001e76ac0 is an unknown value
R15=0x00007f766c8030e0 is an unknown value


Stack: [0x00007f76177ff000,0x00007f7618000000],  sp=0x00007f7617ffce08,  free space=8183k
Native frames: (J=compiled Java code, j=interpreted, Vv=VM code, C=native code)
C  [libc.so.6+0x8b746]  strlen+0x26


---------------  P R O C E S S  ---------------

VM state:not at safepoint (normal execution)

VM Mutex/Monitor currently owned by a thread: None

Heap:
 PSYoungGen      total 18432K, used 4004K [0x00000000fad00000, 0x00000000fc180000, 0x0000000100000000)
  eden space 15872K, 18% used [0x00000000fad00000,0x00000000fafdee80,0x00000000fbc80000)
  from space 2560K, 41% used [0x00000000fbf00000,0x00000000fc00a450,0x00000000fc180000)
  to   space 2560K, 0% used [0x00000000fbc80000,0x00000000fbc80000,0x00000000fbf00000)
 ParOldGen       total 42496K, used 0K [0x00000000f0600000, 0x00000000f2f80000, 0x00000000fad00000)
  object space 42496K, 0% used [0x00000000f0600000,0x00000000f0600000,0x00000000f2f80000)
 Metaspace       used 5437K, capacity 6572K, committed 6912K, reserved 1056768K
  class space    used 634K, capacity 680K, committed 768K, reserved 1048576K

Card table byte_map: [0x00007f766807b000,0x00007f76680f9000] byte_map_base: 0x00007f76678f8000

Marking Bits: (ParMarkBitMap*) 0x00007f76638dc320
 Begin Bits: [0x00007f7661a19000, 0x00007f7661e01000)
 End Bits:   [0x00007f7661e01000, 0x00007f76621e9000)

Polling page: 0x00007f7679542000

CodeCache: size=245760Kb used=1653Kb max_used=1653Kb free=244106Kb
 bounds [0x00007f7645000000, 0x00007f7645270000, 0x00007f7654000000]
 total_blobs=550 nmethods=285 adapters=180
 compilation: enabled

Compilation events (10 events):
Event: 0.594 Thread 0x00000000048b8000  280       3       java.lang.Long::hashCode (8 bytes)
Event: 0.594 Thread 0x00000000048b8000 nmethod 280 0x00007f764519b9d0 code [0x00007f764519bb40, 0x00007f764519bd10]
Event: 0.596 Thread 0x00000000048b8000  281       1       java.util.logging.LogManager::access$1400 (5 bytes)
Event: 0.596 Thread 0x00000000048b8000 nmethod 281 0x00007f764519bdd0 code [0x00007f764519bf20, 0x00007f764519c010]
Event: 0.599 Thread 0x00000000048b8000  282       3       com.oceanoptics.omnidriver.spectrometer.SpectrumProducerBase::<init> (15 bytes)
Event: 0.599 Thread 0x00000000048b8000 nmethod 282 0x00007f764519c090 code [0x00007f764519c200, 0x00007f764519c3d0]
Event: 37.947 Thread 0x00000000048b8000  283       3       java.util.ArrayList::get (11 bytes)
Event: 37.947 Thread 0x00000000048b8000 nmethod 283 0x00007f764519c490 code [0x00007f764519c620, 0x00007f764519c998]
Event: 40.965 Thread 0x00000000048b8000  285   !   3       java.lang.ref.ReferenceQueue::enqueue (119 bytes)
Event: 40.966 Thread 0x00000000048b8000 nmethod 285 0x00007f764519cf10 code [0x00007f764519d0c0, 0x00007f764519d828]

GC Heap History (4 events):
Event: 0.476 GC heap before
{Heap before GC invocations=1 (full 0):
 PSYoungGen      total 18432K, used 15872K [0x00000000fad00000, 0x00000000fc180000, 0x0000000100000000)
  eden space 15872K, 100% used [0x00000000fad00000,0x00000000fbc80000,0x00000000fbc80000)
  from space 2560K, 0% used [0x00000000fbf00000,0x00000000fbf00000,0x00000000fc180000)
  to   space 2560K, 0% used [0x00000000fbc80000,0x00000000fbc80000,0x00000000fbf00000)
 ParOldGen       total 42496K, used 0K [0x00000000f0600000, 0x00000000f2f80000, 0x00000000fad00000)
  object space 42496K, 0% used [0x00000000f0600000,0x00000000f0600000,0x00000000f2f80000)
 Metaspace       used 5328K, capacity 6508K, committed 6656K, reserved 1056768K
  class space    used 619K, capacity 680K, committed 768K, reserved 1048576K
Event: 0.478 GC heap after
Heap after GC invocations=1 (full 0):
 PSYoungGen      total 18432K, used 1141K [0x00000000fad00000, 0x00000000fc180000, 0x0000000100000000)
  eden space 15872K, 0% used [0x00000000fad00000,0x00000000fad00000,0x00000000fbc80000)
  from space 2560K, 44% used [0x00000000fbc80000,0x00000000fbd9d7c0,0x00000000fbf00000)
  to   space 2560K, 0% used [0x00000000fbf00000,0x00000000fbf00000,0x00000000fc180000)
 ParOldGen       total 42496K, used 0K [0x00000000f0600000, 0x00000000f2f80000, 0x00000000fad00000)
  object space 42496K, 0% used [0x00000000f0600000,0x00000000f0600000,0x00000000f2f80000)
 Metaspace       used 5328K, capacity 6508K, committed 6656K, reserved 1056768K
  class space    used 619K, capacity 680K, committed 768K, reserved 1048576K
}
Event: 40.963 GC heap before
{Heap before GC invocations=2 (full 0):
 PSYoungGen      total 18432K, used 17013K [0x00000000fad00000, 0x00000000fc180000, 0x0000000100000000)
  eden space 15872K, 100% used [0x00000000fad00000,0x00000000fbc80000,0x00000000fbc80000)
  from space 2560K, 44% used [0x00000000fbc80000,0x00000000fbd9d7c0,0x00000000fbf00000)
  to   space 2560K, 0% used [0x00000000fbf00000,0x00000000fbf00000,0x00000000fc180000)
 ParOldGen       total 42496K, used 0K [0x00000000f0600000, 0x00000000f2f80000, 0x00000000fad00000)
  object space 42496K, 0% used [0x00000000f0600000,0x00000000f0600000,0x00000000f2f80000)
 Metaspace       used 5436K, capacity 6572K, committed 6912K, reserved 1056768K
  class space    used 634K, capacity 680K, committed 768K, reserved 1048576K
Event: 40.965 GC heap after
Heap after GC invocations=2 (full 0):
 PSYoungGen      total 18432K, used 1065K [0x00000000fad00000, 0x00000000fc180000, 0x0000000100000000)
  eden space 15872K, 0% used [0x00000000fad00000,0x00000000fad00000,0x00000000fbc80000)
  from space 2560K, 41% used [0x00000000fbf00000,0x00000000fc00a450,0x00000000fc180000)
  to   space 2560K, 0% used [0x00000000fbc80000,0x00000000fbc80000,0x00000000fbf00000)
 ParOldGen       total 42496K, used 0K [0x00000000f0600000, 0x00000000f2f80000, 0x00000000fad00000)
  object space 42496K, 0% used [0x00000000f0600000,0x00000000f0600000,0x00000000f2f80000)
 Metaspace       used 5436K, capacity 6572K, committed 6912K, reserved 1056768K
  class space    used 634K, capacity 680K, committed 768K, reserved 1048576K
}

Deoptimization events (0 events):
No events

Classes redefined (0 events):
No events

Internal exceptions (10 events):
Event: 0.626 Thread 0x0000000004a3d800 Exception <a 'java/io/IOException': No Device Found> (0x00000000fb7f1c90) thrown at [/build/openjdk-8-wnL82d/openjdk-8-8u171-b11/src/hotspot/src/share/vm/prims/jni.cpp, line 735]
Event: 0.626 Thread 0x0000000004a3d800 Exception <a 'java/io/IOException': No Device Found> (0x00000000fb7f20f8) thrown at [/build/openjdk-8-wnL82d/openjdk-8-8u171-b11/src/hotspot/src/share/vm/prims/jni.cpp, line 735]
Event: 0.626 Thread 0x0000000004a3d800 Exception <a 'java/io/IOException': No Device Found> (0x00000000fb7f2560) thrown at [/build/openjdk-8-wnL82d/openjdk-8-8u171-b11/src/hotspot/src/share/vm/prims/jni.cpp, line 735]
Event: 0.626 Thread 0x0000000004a3d800 Exception <a 'java/io/IOException': No Device Found> (0x00000000fb7f29c8) thrown at [/build/openjdk-8-wnL82d/openjdk-8-8u171-b11/src/hotspot/src/share/vm/prims/jni.cpp, line 735]
Event: 0.626 Thread 0x0000000004a3d800 Exception <a 'java/io/IOException': No Device Found> (0x00000000fb7f2e30) thrown at [/build/openjdk-8-wnL82d/openjdk-8-8u171-b11/src/hotspot/src/share/vm/prims/jni.cpp, line 735]
Event: 0.626 Thread 0x0000000004a3d800 Exception <a 'java/io/IOException': No Device Found> (0x00000000fb7f3298) thrown at [/build/openjdk-8-wnL82d/openjdk-8-8u171-b11/src/hotspot/src/share/vm/prims/jni.cpp, line 735]
Event: 0.626 Thread 0x0000000004a3d800 Exception <a 'java/io/IOException': No Device Found> (0x00000000fb7f3700) thrown at [/build/openjdk-8-wnL82d/openjdk-8-8u171-b11/src/hotspot/src/share/vm/prims/jni.cpp, line 735]
Event: 0.626 Thread 0x0000000004a3d800 Exception <a 'java/io/IOException': No Device Found> (0x00000000fb7f3b68) thrown at [/build/openjdk-8-wnL82d/openjdk-8-8u171-b11/src/hotspot/src/share/vm/prims/jni.cpp, line 735]
Event: 0.626 Thread 0x0000000004a3d800 Exception <a 'java/io/IOException': No Device Found> (0x00000000fb7f3fd0) thrown at [/build/openjdk-8-wnL82d/openjdk-8-8u171-b11/src/hotspot/src/share/vm/prims/jni.cpp, line 735]
Event: 0.626 Thread 0x0000000004a3d800 Exception <a 'java/io/IOException': No Device Found> (0x00000000fb7f4438) thrown at [/build/openjdk-8-wnL82d/openjdk-8-8u171-b11/src/hotspot/src/share/vm/prims/jni.cpp, line 735]

Events (10 events):
Event: 45.993 Thread 0x00007f761c007800 Thread added: 0x00007f761c007800
Event: 45.993 Thread 0x00007f761c007800 Thread exited: 0x00007f761c007800
Event: 47.002 Thread 0x00007f761c007800 Thread added: 0x00007f761c007800
Event: 47.002 Thread 0x00007f761c007800 Thread exited: 0x00007f761c007800
Event: 48.005 Thread 0x00007f761c007800 Thread added: 0x00007f761c007800
Event: 48.005 Thread 0x00007f761c007800 Thread exited: 0x00007f761c007800
Event: 48.397 Thread 0x00007f761c007800 Thread added: 0x00007f761c007800
Event: 48.397 Thread 0x00007f761c007800 Thread exited: 0x00007f761c007800
Event: 48.397 Thread 0x00007f761c007800 Thread added: 0x00007f761c007800
Event: 48.412 Thread 0x00007f761c007800 Thread exited: 0x00007f761c007800


Dynamic libraries:
00400000-006e9000 r-xp 00000000 fd:00 660578                             /usr/bin/python2.7
008e8000-008ea000 r--p 002e8000 fd:00 660578                             /usr/bin/python2.7
008ea000-00961000 rw-p 002ea000 fd:00 660578                             /usr/bin/python2.7
00961000-00984000 rw-p 00000000 00:00 0 
01d22000-04a5f000 rw-p 00000000 00:00 0                                  [heap]
f0600000-f2f80000 rw-p 00000000 00:00 0 
f2f80000-fad00000 ---p 00000000 00:00 0 
fad00000-fc180000 rw-p 00000000 00:00 0 
fc180000-100000000 ---p 00000000 00:00 0 
100000000-1000c0000 rw-p 00000000 00:00 0 
1000c0000-140000000 ---p 00000000 00:00 0 
7f76177ff000-7f7617802000 ---p 00000000 00:00 0 
7f7617802000-7f7618000000 rw-p 00000000 00:00 0 
7f7618000000-7f7618021000 rw-p 00000000 00:00 0 
7f7618021000-7f761c000000 ---p 00000000 00:00 0 
7f761c000000-7f761c021000 rw-p 00000000 00:00 0 
7f761c021000-7f7620000000 ---p 00000000 00:00 0 
7f7620000000-7f76201a0000 rw-p 00000000 00:00 0 
7f76201a0000-7f7624000000 ---p 00000000 00:00 0 
7f7624000000-7f7624021000 rw-p 00000000 00:00 0 
7f7624021000-7f7628000000 ---p 00000000 00:00 0 
7f7628000000-7f7628021000 rw-p 00000000 00:00 0 
7f7628021000-7f762c000000 ---p 00000000 00:00 0 
7f762c000000-7f762c056000 rw-p 00000000 00:00 0 
7f762c056000-7f7630000000 ---p 00000000 00:00 0 
7f7630000000-7f7630021000 rw-p 00000000 00:00 0 
7f7630021000-7f7634000000 ---p 00000000 00:00 0 
7f7634000000-7f7634021000 rw-p 00000000 00:00 0 
7f7634021000-7f7638000000 ---p 00000000 00:00 0 
7f7638000000-7f7638021000 rw-p 00000000 00:00 0 
7f7638021000-7f763c000000 ---p 00000000 00:00 0 
7f763c000000-7f763c021000 rw-p 00000000 00:00 0 
7f763c021000-7f7640000000 ---p 00000000 00:00 0 
7f7640000000-7f7640021000 rw-p 00000000 00:00 0 
7f7640021000-7f7644000000 ---p 00000000 00:00 0 
7f76447ff000-7f7644800000 ---p 00000000 00:00 0 
7f7644800000-7f7645000000 rw-p 00000000 00:00 0 
7f7645000000-7f7645270000 rwxp 00000000 00:00 0 
7f7645270000-7f7654000000 ---p 00000000 00:00 0 
7f7654000000-7f76540b7000 rw-p 00000000 00:00 0 
7f76540b7000-7f7658000000 ---p 00000000 00:00 0 
7f7658000000-7f7658021000 rw-p 00000000 00:00 0 
7f7658021000-7f765c000000 ---p 00000000 00:00 0 
7f765c000000-7f765c021000 rw-p 00000000 00:00 0 
7f765c021000-7f7660000000 ---p 00000000 00:00 0 
7f76602b6000-7f76602b9000 ---p 00000000 00:00 0 
7f76602b9000-7f76603b7000 rw-p 00000000 00:00 0 
7f76603b7000-7f76603be000 r-xp 00000000 fd:00 918170                     /lib/x86_64-linux-gnu/libusb-0.1.so.4.4.4
7f76603be000-7f76605bd000 ---p 00007000 fd:00 918170                     /lib/x86_64-linux-gnu/libusb-0.1.so.4.4.4
7f76605bd000-7f76605be000 r--p 00006000 fd:00 918170                     /lib/x86_64-linux-gnu/libusb-0.1.so.4.4.4
7f76605be000-7f76605bf000 rw-p 00007000 fd:00 918170                     /lib/x86_64-linux-gnu/libusb-0.1.so.4.4.4
7f76605bf000-7f76605c0000 rw-p 00000000 00:00 0 
7f76605c0000-7f76605c4000 r-xp 00000000 fd:00 825271                     /home/tango-cs/OmniDriverSPAM/OOI_HOME/libNatUSB.so
7f76605c4000-7f76607c3000 ---p 00004000 fd:00 825271                     /home/tango-cs/OmniDriverSPAM/OOI_HOME/libNatUSB.so
7f76607c3000-7f76607c4000 r--p 00003000 fd:00 825271                     /home/tango-cs/OmniDriverSPAM/OOI_HOME/libNatUSB.so
7f76607c4000-7f76607c5000 rw-p 00004000 fd:00 825271                     /home/tango-cs/OmniDriverSPAM/OOI_HOME/libNatUSB.so
7f76607c5000-7f76607c6000 ---p 00000000 00:00 0 
7f76607c6000-7f76608c6000 rw-p 00000000 00:00 0 
7f76608c6000-7f76608c9000 ---p 00000000 00:00 0 
7f76608c9000-7f76609c7000 rw-p 00000000 00:00 0 
7f76609c7000-7f76609ca000 ---p 00000000 00:00 0 
7f76609ca000-7f7660ac8000 rw-p 00000000 00:00 0 
7f7660ac8000-7f7660acb000 ---p 00000000 00:00 0 
7f7660acb000-7f7660bc9000 rw-p 00000000 00:00 0 
7f7660bc9000-7f7660bcc000 ---p 00000000 00:00 0 
7f7660bcc000-7f7660cca000 rw-p 00000000 00:00 0 
7f7660cca000-7f7660ccd000 ---p 00000000 00:00 0 
7f7660ccd000-7f7660dcb000 rw-p 00000000 00:00 0 
7f7660dcb000-7f7660dce000 ---p 00000000 00:00 0 
7f7660dce000-7f7660ecc000 rw-p 00000000 00:00 0 
7f7660ecc000-7f7660ecd000 ---p 00000000 00:00 0 
7f7660ecd000-7f7660fcd000 rw-p 00000000 00:00 0 
7f7660fcd000-7f766119c000 r--s 03c2f000 fd:00 777693                     /usr/lib/jvm/java-8-openjdk-amd64/jre/lib/rt.jar
7f766119c000-7f766179c000 rw-p 00000000 00:00 0 
7f766179c000-7f766199c000 ---p 00000000 00:00 0 
7f766199c000-7f76621e9000 rw-p 00000000 00:00 0 
7f76621e9000-7f76621ea000 ---p 00000000 00:00 0 
7f76621ea000-7f76622ea000 rw-p 00000000 00:00 0 
7f76622ea000-7f76622eb000 ---p 00000000 00:00 0 
7f76622eb000-7f76623f5000 rw-p 00000000 00:00 0 
7f76623f5000-7f76627ab000 ---p 00000000 00:00 0 
7f76627ab000-7f76627b3000 r-xp 00000000 fd:00 676893                     /usr/lib/jvm/java-8-openjdk-amd64/jre/lib/amd64/libzip.so
7f76627b3000-7f76629b2000 ---p 00008000 fd:00 676893                     /usr/lib/jvm/java-8-openjdk-amd64/jre/lib/amd64/libzip.so
7f76629b2000-7f76629b3000 r--p 00007000 fd:00 676893                     /usr/lib/jvm/java-8-openjdk-amd64/jre/lib/amd64/libzip.so
7f76629b3000-7f76629b4000 rw-p 00008000 fd:00 676893                     /usr/lib/jvm/java-8-openjdk-amd64/jre/lib/amd64/libzip.so
7f76629b4000-7f766360d000 r-xp 00000000 fd:00 676897                     /usr/lib/jvm/java-8-openjdk-amd64/jre/lib/amd64/server/libjvm.so
7f766360d000-7f766380d000 ---p 00c59000 fd:00 676897                     /usr/lib/jvm/java-8-openjdk-amd64/jre/lib/amd64/server/libjvm.so
7f766380d000-7f76638a0000 r--p 00c59000 fd:00 676897                     /usr/lib/jvm/java-8-openjdk-amd64/jre/lib/amd64/server/libjvm.so
7f76638a0000-7f76638c9000 rw-p 00cec000 fd:00 676897                     /usr/lib/jvm/java-8-openjdk-amd64/jre/lib/amd64/server/libjvm.so
7f76638c9000-7f76638f9000 rw-p 00000000 00:00 0 
7f76638f9000-7f7663de6000 r-xp 00000000 fd:00 825294                     /home/tango-cs/OmniDriverSPAM/OOI_HOME/libOmniDriver.so
7f7663de6000-7f7663fe6000 ---p 004ed000 fd:00 825294                     /home/tango-cs/OmniDriverSPAM/OOI_HOME/libOmniDriver.so
7f7663fe6000-7f7663ff1000 r--p 004ed000 fd:00 825294                     /home/tango-cs/OmniDriverSPAM/OOI_HOME/libOmniDriver.so
7f7663ff1000-7f7664000000 rw-p 004f8000 fd:00 825294                     /home/tango-cs/OmniDriverSPAM/OOI_HOME/libOmniDriver.so
7f7664000000-7f7664021000 rw-p 00000000 00:00 0 
7f7664021000-7f7668000000 ---p 00000000 00:00 0 
7f7668027000-7f766803c000 rw-p 00000000 00:00 0 
7f766803c000-7f766807b000 ---p 00000000 00:00 0 
7f766807b000-7f7668090000 rw-p 00000000 00:00 0 
7f7668090000-7f76680ce000 ---p 00000000 00:00 0 
7f76680ce000-7f76680d9000 rw-p 00000000 00:00 0 
7f76680d9000-7f76680f8000 ---p 00000000 00:00 0 
7f76680f8000-7f76680f9000 rw-p 00000000 00:00 0 
7f76680f9000-7f7668126000 r-xp 00000000 fd:00 676884                     /usr/lib/jvm/java-8-openjdk-amd64/jre/lib/amd64/libjava.so
7f7668126000-7f7668325000 ---p 0002d000 fd:00 676884                     /usr/lib/jvm/java-8-openjdk-amd64/jre/lib/amd64/libjava.so
7f7668325000-7f7668326000 r--p 0002c000 fd:00 676884                     /usr/lib/jvm/java-8-openjdk-amd64/jre/lib/amd64/libjava.so
7f7668326000-7f7668328000 rw-p 0002d000 fd:00 676884                     /usr/lib/jvm/java-8-openjdk-amd64/jre/lib/amd64/libjava.so
7f7668328000-7f7668337000 r-xp 00000000 fd:00 676870                     /usr/lib/jvm/java-8-openjdk-amd64/jre/lib/amd64/libverify.so
7f7668337000-7f7668536000 ---p 0000f000 fd:00 676870                     /usr/lib/jvm/java-8-openjdk-amd64/jre/lib/amd64/libverify.so
7f7668536000-7f7668538000 r--p 0000e000 fd:00 676870                     /usr/lib/jvm/java-8-openjdk-amd64/jre/lib/amd64/libverify.so
7f7668538000-7f7668539000 rw-p 00010000 fd:00 676870                     /usr/lib/jvm/java-8-openjdk-amd64/jre/lib/amd64/libverify.so
7f7668539000-7f7668579000 r-xp 00000000 fd:00 825295                     /home/tango-cs/OmniDriverSPAM/OOI_HOME/libcommon.so
7f7668579000-7f7668778000 ---p 00040000 fd:00 825295                     /home/tango-cs/OmniDriverSPAM/OOI_HOME/libcommon.so
7f7668778000-7f7668779000 r--p 0003f000 fd:00 825295                     /home/tango-cs/OmniDriverSPAM/OOI_HOME/libcommon.so
7f7668779000-7f766877a000 rw-p 00040000 fd:00 825295                     /home/tango-cs/OmniDriverSPAM/OOI_HOME/libcommon.so
7f766877a000-7f766877c000 r-xp 00000000 fd:00 976263                     /home/tango-cs/Documents/Spectrometer/OceanOpticsTango/libw.so
7f766877c000-7f766897b000 ---p 00002000 fd:00 976263                     /home/tango-cs/Documents/Spectrometer/OceanOpticsTango/libw.so
7f766897b000-7f766897c000 r--p 00001000 fd:00 976263                     /home/tango-cs/Documents/Spectrometer/OceanOpticsTango/libw.so
7f766897c000-7f766897d000 rw-p 00002000 fd:00 976263                     /home/tango-cs/Documents/Spectrometer/OceanOpticsTango/libw.so
7f766897d000-7f766897e000 ---p 00000000 00:00 0 
7f766897e000-7f766917e000 rw-p 00000000 00:00 0 
7f766917e000-7f766917f000 ---p 00000000 00:00 0 
7f766917f000-7f766997f000 rw-p 00000000 00:00 0 
7f766997f000-7f7669980000 ---p 00000000 00:00 0 
7f7669980000-7f766a180000 rw-p 00000000 00:00 0 
7f766a180000-7f766a181000 ---p 00000000 00:00 0 
7f766a181000-7f766a981000 rw-p 00000000 00:00 0 
7f766a981000-7f766a982000 ---p 00000000 00:00 0 
7f766a982000-7f766b182000 rw-p 00000000 00:00 0 
7f766b182000-7f766b183000 ---p 00000000 00:00 0 
7f766b183000-7f766b983000 rw-p 00000000 00:00 0 
7f766b983000-7f766b99a000 r-xp 00000000 fd:00 948151                     /lib/x86_64-linux-gnu/libresolv-2.23.so
7f766b99a000-7f766bb9a000 ---p 00017000 fd:00 948151                     /lib/x86_64-linux-gnu/libresolv-2.23.so
7f766bb9a000-7f766bb9b000 r--p 00017000 fd:00 948151                     /lib/x86_64-linux-gnu/libresolv-2.23.so
7f766bb9b000-7f766bb9c000 rw-p 00018000 fd:00 948151                     /lib/x86_64-linux-gnu/libresolv-2.23.so
7f766bb9c000-7f766bb9e000 rw-p 00000000 00:00 0 
7f766bb9e000-7f766bba3000 r-xp 00000000 fd:00 948207                     /lib/x86_64-linux-gnu/libnss_dns-2.23.so
7f766bba3000-7f766bda3000 ---p 00005000 fd:00 948207                     /lib/x86_64-linux-gnu/libnss_dns-2.23.so
7f766bda3000-7f766bda4000 r--p 00005000 fd:00 948207                     /lib/x86_64-linux-gnu/libnss_dns-2.23.so
7f766bda4000-7f766bda5000 rw-p 00006000 fd:00 948207                     /lib/x86_64-linux-gnu/libnss_dns-2.23.so
7f766bda5000-7f766bda7000 r-xp 00000000 fd:00 918097                     /lib/x86_64-linux-gnu/libnss_mdns4_minimal.so.2
7f766bda7000-7f766bfa6000 ---p 00002000 fd:00 918097                     /lib/x86_64-linux-gnu/libnss_mdns4_minimal.so.2
7f766bfa6000-7f766bfa7000 r--p 00001000 fd:00 918097                     /lib/x86_64-linux-gnu/libnss_mdns4_minimal.so.2
7f766bfa7000-7f766bfa8000 rw-p 00002000 fd:00 918097                     /lib/x86_64-linux-gnu/libnss_mdns4_minimal.so.2
7f766bfa8000-7f766bfb3000 r-xp 00000000 fd:00 949315                     /lib/x86_64-linux-gnu/libnss_files-2.23.so
7f766bfb3000-7f766c1b2000 ---p 0000b000 fd:00 949315                     /lib/x86_64-linux-gnu/libnss_files-2.23.so
7f766c1b2000-7f766c1b3000 r--p 0000a000 fd:00 949315                     /lib/x86_64-linux-gnu/libnss_files-2.23.so
7f766c1b3000-7f766c1b4000 rw-p 0000b000 fd:00 949315                     /lib/x86_64-linux-gnu/libnss_files-2.23.so
7f766c1b4000-7f766c1ba000 rw-p 00000000 00:00 0 
7f766c1ba000-7f766c1c5000 r-xp 00000000 fd:00 949358                     /lib/x86_64-linux-gnu/libnss_nis-2.23.so
7f766c1c5000-7f766c3c4000 ---p 0000b000 fd:00 949358                     /lib/x86_64-linux-gnu/libnss_nis-2.23.so
7f766c3c4000-7f766c3c5000 r--p 0000a000 fd:00 949358                     /lib/x86_64-linux-gnu/libnss_nis-2.23.so
7f766c3c5000-7f766c3c6000 rw-p 0000b000 fd:00 949358                     /lib/x86_64-linux-gnu/libnss_nis-2.23.so
7f766c3c6000-7f766c3dc000 r-xp 00000000 fd:00 920920                     /lib/x86_64-linux-gnu/libnsl-2.23.so
7f766c3dc000-7f766c5db000 ---p 00016000 fd:00 920920                     /lib/x86_64-linux-gnu/libnsl-2.23.so
7f766c5db000-7f766c5dc000 r--p 00015000 fd:00 920920                     /lib/x86_64-linux-gnu/libnsl-2.23.so
7f766c5dc000-7f766c5dd000 rw-p 00016000 fd:00 920920                     /lib/x86_64-linux-gnu/libnsl-2.23.so
7f766c5dd000-7f766c5df000 rw-p 00000000 00:00 0 
7f766c5df000-7f766c5e7000 r-xp 00000000 fd:00 948159                     /lib/x86_64-linux-gnu/libnss_compat-2.23.so
7f766c5e7000-7f766c7e6000 ---p 00008000 fd:00 948159                     /lib/x86_64-linux-gnu/libnss_compat-2.23.so
7f766c7e6000-7f766c7e7000 r--p 00007000 fd:00 948159                     /lib/x86_64-linux-gnu/libnss_compat-2.23.so
7f766c7e7000-7f766c7e8000 rw-p 00008000 fd:00 948159                     /lib/x86_64-linux-gnu/libnss_compat-2.23.so
7f766c7e8000-7f766c828000 rw-p 00000000 00:00 0 
7f766c828000-7f766c834000 r-xp 00000000 fd:00 782063                     /usr/lib/python2.7/lib-dynload/_json.x86_64-linux-gnu.so
7f766c834000-7f766ca33000 ---p 0000c000 fd:00 782063                     /usr/lib/python2.7/lib-dynload/_json.x86_64-linux-gnu.so
7f766ca33000-7f766ca34000 r--p 0000b000 fd:00 782063                     /usr/lib/python2.7/lib-dynload/_json.x86_64-linux-gnu.so
7f766ca34000-7f766ca35000 rw-p 0000c000 fd:00 782063                     /usr/lib/python2.7/lib-dynload/_json.x86_64-linux-gnu.so
7f766ca35000-7f766cbf5000 rw-p 00000000 00:00 0 
7f766cbf5000-7f766cbfb000 r-xp 00000000 fd:00 782079                     /usr/lib/python2.7/lib-dynload/_multiprocessing.x86_64-linux-gnu.so
7f766cbfb000-7f766cdfa000 ---p 00006000 fd:00 782079                     /usr/lib/python2.7/lib-dynload/_multiprocessing.x86_64-linux-gnu.so
7f766cdfa000-7f766cdfb000 r--p 00005000 fd:00 782079                     /usr/lib/python2.7/lib-dynload/_multiprocessing.x86_64-linux-gnu.so
7f766cdfb000-7f766cdfc000 rw-p 00006000 fd:00 782079                     /usr/lib/python2.7/lib-dynload/_multiprocessing.x86_64-linux-gnu.so
7f766cdfc000-7f766ce3c000 rw-p 00000000 00:00 0 
7f766ce3c000-7f766ce9a000 r-xp 00000000 fd:00 917584                     /lib/x86_64-linux-gnu/libssl.so.1.0.0
7f766ce9a000-7f766d09a000 ---p 0005e000 fd:00 917584                     /lib/x86_64-linux-gnu/libssl.so.1.0.0
7f766d09a000-7f766d09e000 r--p 0005e000 fd:00 917584                     /lib/x86_64-linux-gnu/libssl.so.1.0.0
7f766d09e000-7f766d0a5000 rw-p 00062000 fd:00 917584                     /lib/x86_64-linux-gnu/libssl.so.1.0.0
7f766d0a5000-7f766d0ba000 r-xp 00000000 fd:00 782059                     /usr/lib/python2.7/lib-dynload/_ssl.x86_64-linux-gnu.so
7f766d0ba000-7f766d2b9000 ---p 00015000 fd:00 782059                     /usr/lib/python2.7/lib-dynload/_ssl.x86_64-linux-gnu.so
7f766d2b9000-7f766d2ba000 r--p 00014000 fd:00 782059                     /usr/lib/python2.7/lib-dynload/_ssl.x86_64-linux-gnu.so
7f766d2ba000-7f766d2be000 rw-p 00015000 fd:00 782059                     /usr/lib/python2.7/lib-dynload/_ssl.x86_64-linux-gnu.so
7f766d2be000-7f766d5be000 rw-p 00000000 00:00 0 
7f766d5be000-7f766d5c5000 r-xp 00000000 fd:00 949459                     /lib/x86_64-linux-gnu/librt-2.23.so
7f766d5c5000-7f766d7c4000 ---p 00007000 fd:00 949459                     /lib/x86_64-linux-gnu/librt-2.23.so
7f766d7c4000-7f766d7c5000 r--p 00006000 fd:00 949459                     /lib/x86_64-linux-gnu/librt-2.23.so
7f766d7c5000-7f766d7c6000 rw-p 00007000 fd:00 949459                     /lib/x86_64-linux-gnu/librt-2.23.so
7f766d7c6000-7f766d823000 r-xp 00000000 fd:00 678876                     /usr/lib/x86_64-linux-gnu/libsodium.so.18.0.1
7f766d823000-7f766da22000 ---p 0005d000 fd:00 678876                     /usr/lib/x86_64-linux-gnu/libsodium.so.18.0.1
7f766da22000-7f766da23000 r--p 0005c000 fd:00 678876                     /usr/lib/x86_64-linux-gnu/libsodium.so.18.0.1
7f766da23000-7f766da24000 rw-p 0005d000 fd:00 678876                     /usr/lib/x86_64-linux-gnu/libsodium.so.18.0.1
7f766da24000-7f766e102000 r-xp 00000000 fd:00 680045                     /usr/lib/libCOS4.so.1.6
7f766e102000-7f766e301000 ---p 006de000 fd:00 680045                     /usr/lib/libCOS4.so.1.6
7f766e301000-7f766e493000 r--p 006dd000 fd:00 680045                     /usr/lib/libCOS4.so.1.6
7f766e493000-7f766e49a000 rw-p 0086f000 fd:00 680045                     /usr/lib/libCOS4.so.1.6
7f766e49a000-7f766e49c000 rw-p 00000000 00:00 0 
7f766e49c000-7f766e4fe000 r-xp 00000000 fd:00 678878                     /usr/lib/x86_64-linux-gnu/libzmq.so.5.0.0
7f766e4fe000-7f766e6fd000 ---p 00062000 fd:00 678878                     /usr/lib/x86_64-linux-gnu/libzmq.so.5.0.0
7f766e6fd000-7f766e701000 r--p 00061000 fd:00 678878                     /usr/lib/x86_64-linux-gnu/libzmq.so.5.0.0
7f766e701000-7f766e702000 rw-p 00065000 fd:00 678878                     /usr/lib/x86_64-linux-gnu/libzmq.so.5.0.0
7f766e702000-7f766e718000 r-xp 00000000 fd:00 918030                     /lib/x86_64-linux-gnu/libgcc_s.so.1
7f766e718000-7f766e917000 ---p 00016000 fd:00 918030                     /lib/x86_64-linux-gnu/libgcc_s.so.1
7f766e917000-7f766e918000 rw-p 00015000 fd:00 918030                     /lib/x86_64-linux-gnu/libgcc_s.so.1
7f766e918000-7f766ea8a000 r-xp 00000000 fd:00 654649                     /usr/lib/x86_64-linux-gnu/libstdc++.so.6.0.21
7f766ea8a000-7f766ec8a000 ---p 00172000 fd:00 654649                     /usr/lib/x86_64-linux-gnu/libstdc++.so.6.0.21
7f766ec8a000-7f766ec94000 r--p 00172000 fd:00 654649                     /usr/lib/x86_64-linux-gnu/libstdc++.so.6.0.21
7f766ec94000-7f766ec96000 rw-p 0017c000 fd:00 654649                     /usr/lib/x86_64-linux-gnu/libstdc++.so.6.0.21
7f766ec96000-7f766ec9a000 rw-p 00000000 00:00 0 
7f766ec9a000-7f766ecb1000 r-xp 00000000 fd:00 680511                     /usr/local/lib/liblog4tango.so.5.0.1
7f766ecb1000-7f766eeb1000 ---p 00017000 fd:00 680511                     /usr/local/lib/liblog4tango.so.5.0.1
7f766eeb1000-7f766eeb2000 r--p 00017000 fd:00 680511                     /usr/local/lib/liblog4tango.so.5.0.1
7f766eeb2000-7f766eeb3000 rw-p 00018000 fd:00 680511                     /usr/local/lib/liblog4tango.so.5.0.1
7f766eeb3000-7f766eeb8000 r-xp 00000000 fd:00 677872                     /usr/lib/libomnithread.so.3.4
7f766eeb8000-7f766f0b7000 ---p 00005000 fd:00 677872                     /usr/lib/libomnithread.so.3.4
7f766f0b7000-7f766f0b8000 r--p 00004000 fd:00 677872                     /usr/lib/libomnithread.so.3.4
7f766f0b8000-7f766f0b9000 rw-p 00005000 fd:00 677872                     /usr/lib/libomnithread.so.3.4
7f766f0b9000-7f766f243000 r-xp 00000000 fd:00 679991                     /usr/lib/libomniORB4.so.1.6
7f766f243000-7f766f443000 ---p 0018a000 fd:00 679991                     /usr/lib/libomniORB4.so.1.6
7f766f443000-7f766f456000 r--p 0018a000 fd:00 679991                     /usr/lib/libomniORB4.so.1.6
7f766f456000-7f766f45a000 rw-p 0019d000 fd:00 679991                     /usr/lib/libomniORB4.so.1.6
7f766f45a000-7f766f45d000 rw-p 00000000 00:00 0 
7f766f45d000-7f766f6af000 r-xp 00000000 fd:00 680037                     /usr/lib/libomniDynamic4.so.1.6
7f766f6af000-7f766f8ae000 ---p 00252000 fd:00 680037                     /usr/lib/libomniDynamic4.so.1.6
7f766f8ae000-7f766f91e000 r--p 00251000 fd:00 680037                     /usr/lib/libomniDynamic4.so.1.6
7f766f91e000-7f766f922000 rw-p 002c1000 fd:00 680037                     /usr/lib/libomniDynamic4.so.1.6
7f766f922000-7f766f923000 rw-p 00000000 00:00 0 
7f766f923000-7f766f96c000 r-xp 00000000 fd:00 691765                     /usr/lib/x86_64-linux-gnu/libboost_python-py27.so.1.58.0
7f766f96c000-7f766fb6c000 ---p 00049000 fd:00 691765                     /usr/lib/x86_64-linux-gnu/libboost_python-py27.so.1.58.0
7f766fb6c000-7f766fb6d000 r--p 00049000 fd:00 691765                     /usr/lib/x86_64-linux-gnu/libboost_python-py27.so.1.58.0
7f766fb6d000-7f766fb6f000 rw-p 0004a000 fd:00 691765                     /usr/lib/x86_64-linux-gnu/libboost_python-py27.so.1.58.0
7f766fb6f000-7f767016f000 r-xp 00000000 fd:00 680670                     /usr/local/lib/libtango.so.9.2.5
7f767016f000-7f767036f000 ---p 00600000 fd:00 680670                     /usr/local/lib/libtango.so.9.2.5
7f767036f000-7f767039d000 r--p 00600000 fd:00 680670                     /usr/local/lib/libtango.so.9.2.5
7f767039d000-7f76703a6000 rw-p 0062e000 fd:00 680670                     /usr/local/lib/libtango.so.9.2.5
7f76703a6000-7f76703a9000 rw-p 00000000 00:00 0 
7f76703a9000-7f7670b25000 r-xp 00000000 fd:00 692438                     /usr/local/lib/python2.7/dist-packages/tango/_tango.so
7f7670b25000-7f7670d25000 ---p 0077c000 fd:00 692438                     /usr/local/lib/python2.7/dist-packages/tango/_tango.so
7f7670d25000-7f7670d5d000 r--p 0077c000 fd:00 692438                     /usr/local/lib/python2.7/dist-packages/tango/_tango.so
7f7670d5d000-7f7670d79000 rw-p 007b4000 fd:00 692438                     /usr/local/lib/python2.7/dist-packages/tango/_tango.so
7f7670d79000-7f7670dfd000 rw-p 00000000 00:00 0 
7f7670e1b000-7f7670e35000 r--s 002a6000 fd:00 825296                     /home/tango-cs/OmniDriverSPAM/OOI_HOME/OmniDriver.jar
7f7670e35000-7f7670eee000 r-xp 00000000 fd:00 864136                     /usr/local/lib/python2.7/dist-packages/numpy/random/mtrand.so
7f7670eee000-7f76710ee000 ---p 000b9000 fd:00 864136                     /usr/local/lib/python2.7/dist-packages/numpy/random/mtrand.so
7f76710ee000-7f7671113000 rw-p 000b9000 fd:00 864136                     /usr/local/lib/python2.7/dist-packages/numpy/random/mtrand.so
7f7671113000-7f7671155000 rw-p 00000000 00:00 0 
7f7671155000-7f767115e000 r-xp 00000000 fd:00 863981                     /usr/local/lib/python2.7/dist-packages/numpy/fft/fftpack_lite.so
7f767115e000-7f767135d000 ---p 00009000 fd:00 863981                     /usr/local/lib/python2.7/dist-packages/numpy/fft/fftpack_lite.so
7f767135d000-7f767135e000 rw-p 00008000 fd:00 863981                     /usr/local/lib/python2.7/dist-packages/numpy/fft/fftpack_lite.so
7f767135e000-7f767139e000 rw-p 00000000 00:00 0 
7f767139e000-7f767139f000 r-xp 00000000 fd:00 782064                     /usr/lib/python2.7/lib-dynload/future_builtins.x86_64-linux-gnu.so
7f767139f000-7f767159e000 ---p 00001000 fd:00 782064                     /usr/lib/python2.7/lib-dynload/future_builtins.x86_64-linux-gnu.so
7f767159e000-7f767159f000 r--p 00000000 fd:00 782064                     /usr/lib/python2.7/lib-dynload/future_builtins.x86_64-linux-gnu.so
7f767159f000-7f76715a0000 rw-p 00001000 fd:00 782064                     /usr/lib/python2.7/lib-dynload/future_builtins.x86_64-linux-gnu.so
7f76715a0000-7f76715c9000 r-xp 00000000 fd:00 864402                     /usr/local/lib/python2.7/dist-packages/numpy/linalg/_umath_linalg.so
7f76715c9000-7f76717c8000 ---p 00029000 fd:00 864402                     /usr/local/lib/python2.7/dist-packages/numpy/linalg/_umath_linalg.so
7f76717c8000-7f76717ca000 rw-p 00028000 fd:00 864402                     /usr/local/lib/python2.7/dist-packages/numpy/linalg/_umath_linalg.so
7f76717ca000-7f76717cd000 rw-p 000c7000 fd:00 864402                     /usr/local/lib/python2.7/dist-packages/numpy/linalg/_umath_linalg.so
7f76717cd000-7f76717d1000 r-xp 00000000 fd:00 864408                     /usr/local/lib/python2.7/dist-packages/numpy/linalg/lapack_lite.so
7f76717d1000-7f76719d1000 ---p 00004000 fd:00 864408                     /usr/local/lib/python2.7/dist-packages/numpy/linalg/lapack_lite.so
7f76719d1000-7f76719d2000 rw-p 00004000 fd:00 864408                     /usr/local/lib/python2.7/dist-packages/numpy/linalg/lapack_lite.so
7f76719d2000-7f76719d4000 rw-p 00019000 fd:00 864408                     /usr/local/lib/python2.7/dist-packages/numpy/linalg/lapack_lite.so
7f76719d4000-7f7671a94000 rw-p 00000000 00:00 0 
7f7671a94000-7f7671cae000 r-xp 00000000 fd:00 917583                     /lib/x86_64-linux-gnu/libcrypto.so.1.0.0
7f7671cae000-7f7671ead000 ---p 0021a000 fd:00 917583                     /lib/x86_64-linux-gnu/libcrypto.so.1.0.0
7f7671ead000-7f7671ec9000 r--p 00219000 fd:00 917583                     /lib/x86_64-linux-gnu/libcrypto.so.1.0.0
7f7671ec9000-7f7671ed5000 rw-p 00235000 fd:00 917583                     /lib/x86_64-linux-gnu/libcrypto.so.1.0.0
7f7671ed5000-7f7671ed8000 rw-p 00000000 00:00 0 
7f7671ed8000-7f7671ede000 r-xp 00000000 fd:00 782080                     /usr/lib/python2.7/lib-dynload/_hashlib.x86_64-linux-gnu.so
7f7671ede000-7f76720dd000 ---p 00006000 fd:00 782080                     /usr/lib/python2.7/lib-dynload/_hashlib.x86_64-linux-gnu.so
7f76720dd000-7f76720de000 r--p 00005000 fd:00 782080                     /usr/lib/python2.7/lib-dynload/_hashlib.x86_64-linux-gnu.so
7f76720de000-7f76720df000 rw-p 00006000 fd:00 782080                     /usr/lib/python2.7/lib-dynload/_hashlib.x86_64-linux-gnu.so
7f76720df000-7f76722e0000 rw-p 00000000 00:00 0 
7f76722e0000-7f76722e7000 r-xp 00000000 fd:00 663437                     /usr/lib/x86_64-linux-gnu/libffi.so.6.0.4
7f76722e7000-7f76724e6000 ---p 00007000 fd:00 663437                     /usr/lib/x86_64-linux-gnu/libffi.so.6.0.4
7f76724e6000-7f76724e7000 r--p 00006000 fd:00 663437                     /usr/lib/x86_64-linux-gnu/libffi.so.6.0.4
7f76724e7000-7f76724e8000 rw-p 00007000 fd:00 663437                     /usr/lib/x86_64-linux-gnu/libffi.so.6.0.4
7f76724e8000-7f7672506000 r-xp 00000000 fd:00 782058                     /usr/lib/python2.7/lib-dynload/_ctypes.x86_64-linux-gnu.so
7f7672506000-7f7672705000 ---p 0001e000 fd:00 782058                     /usr/lib/python2.7/lib-dynload/_ctypes.x86_64-linux-gnu.so
7f7672705000-7f7672706000 r--p 0001d000 fd:00 782058                     /usr/lib/python2.7/lib-dynload/_ctypes.x86_64-linux-gnu.so
7f7672706000-7f767270a000 rw-p 0001e000 fd:00 782058                     /usr/lib/python2.7/lib-dynload/_ctypes.x86_64-linux-gnu.so
7f767270a000-7f76728a2000 r-xp 00000000 fd:00 864188                     /usr/local/lib/python2.7/dist-packages/numpy/core/umath.so
7f76728a2000-7f7672aa2000 ---p 00198000 fd:00 864188                     /usr/local/lib/python2.7/dist-packages/numpy/core/umath.so
7f7672aa2000-7f7672aa8000 rw-p 00198000 fd:00 864188                     /usr/local/lib/python2.7/dist-packages/numpy/core/umath.so
7f7672aa8000-7f7672aea000 rw-p 00000000 00:00 0 
7f7672aea000-7f7674aea000 rw-p 00000000 00:00 0 
7f7674aea000-7f7674aeb000 ---p 00000000 00:00 0 
7f7674aeb000-7f76752eb000 rw-p 00000000 00:00 0 
7f76752eb000-7f76753db000 r-xp 00000000 fd:00 864434                     /usr/local/lib/python2.7/dist-packages/numpy/.libs/libgfortran-ed201abd.so.3.0.0
7f76753db000-7f76755da000 ---p 000f0000 fd:00 864434                     /usr/local/lib/python2.7/dist-packages/numpy/.libs/libgfortran-ed201abd.so.3.0.0
7f76755da000-7f76755dc000 rw-p 000ef000 fd:00 864434                     /usr/local/lib/python2.7/dist-packages/numpy/.libs/libgfortran-ed201abd.so.3.0.0
7f76755dc000-7f76755dd000 rw-p 00000000 00:00 0 
7f76755dd000-7f76755e5000 rw-p 000f2000 fd:00 864434                     /usr/local/lib/python2.7/dist-packages/numpy/.libs/libgfortran-ed201abd.so.3.0.0
7f76755e5000-7f76778f9000 r-xp 00000000 fd:00 864433                     /usr/local/lib/python2.7/dist-packages/numpy/.libs/libopenblasp-r0-39a31c03.2.18.so
7f76778f9000-7f7677af8000 ---p 02314000 fd:00 864433                     /usr/local/lib/python2.7/dist-packages/numpy/.libs/libopenblasp-r0-39a31c03.2.18.so
7f7677af8000-7f7677b17000 rw-p 02313000 fd:00 864433                     /usr/local/lib/python2.7/dist-packages/numpy/.libs/libopenblasp-r0-39a31c03.2.18.so
7f7677b17000-7f7677b7a000 rw-p 00000000 00:00 0 
7f7677b7a000-7f7677c10000 rw-p 02425000 fd:00 864433                     /usr/local/lib/python2.7/dist-packages/numpy/.libs/libopenblasp-r0-39a31c03.2.18.so
7f7677c10000-7f7677ddd000 r-xp 00000000 fd:00 864185                     /usr/local/lib/python2.7/dist-packages/numpy/core/multiarray.so
7f7677ddd000-7f7677fdc000 ---p 001cd000 fd:00 864185                     /usr/local/lib/python2.7/dist-packages/numpy/core/multiarray.so
7f7677fdc000-7f7677fec000 rw-p 001cc000 fd:00 864185                     /usr/local/lib/python2.7/dist-packages/numpy/core/multiarray.so
7f7677fec000-7f7677fff000 rw-p 00000000 00:00 0 
7f7677fff000-7f7678005000 rw-p 00920000 fd:00 864185                     /usr/local/lib/python2.7/dist-packages/numpy/core/multiarray.so
7f7678005000-7f767840e000 r--p 00000000 fd:00 652827                     /usr/lib/locale/locale-archive
7f767840e000-7f7678516000 r-xp 00000000 fd:00 920919                     /lib/x86_64-linux-gnu/libm-2.23.so
7f7678516000-7f7678715000 ---p 00108000 fd:00 920919                     /lib/x86_64-linux-gnu/libm-2.23.so
7f7678715000-7f7678716000 r--p 00107000 fd:00 920919                     /lib/x86_64-linux-gnu/libm-2.23.so
7f7678716000-7f7678717000 rw-p 00108000 fd:00 920919                     /lib/x86_64-linux-gnu/libm-2.23.so
7f7678717000-7f7678730000 r-xp 00000000 fd:00 918183                     /lib/x86_64-linux-gnu/libz.so.1.2.8
7f7678730000-7f767892f000 ---p 00019000 fd:00 918183                     /lib/x86_64-linux-gnu/libz.so.1.2.8
7f767892f000-7f7678930000 r--p 00018000 fd:00 918183                     /lib/x86_64-linux-gnu/libz.so.1.2.8
7f7678930000-7f7678931000 rw-p 00019000 fd:00 918183                     /lib/x86_64-linux-gnu/libz.so.1.2.8
7f7678931000-7f7678933000 r-xp 00000000 fd:00 948158                     /lib/x86_64-linux-gnu/libutil-2.23.so
7f7678933000-7f7678b32000 ---p 00002000 fd:00 948158                     /lib/x86_64-linux-gnu/libutil-2.23.so
7f7678b32000-7f7678b33000 r--p 00001000 fd:00 948158                     /lib/x86_64-linux-gnu/libutil-2.23.so
7f7678b33000-7f7678b34000 rw-p 00002000 fd:00 948158                     /lib/x86_64-linux-gnu/libutil-2.23.so
7f7678b34000-7f7678b37000 r-xp 00000000 fd:00 948111                     /lib/x86_64-linux-gnu/libdl-2.23.so
7f7678b37000-7f7678d36000 ---p 00003000 fd:00 948111                     /lib/x86_64-linux-gnu/libdl-2.23.so
7f7678d36000-7f7678d37000 r--p 00002000 fd:00 948111                     /lib/x86_64-linux-gnu/libdl-2.23.so
7f7678d37000-7f7678d38000 rw-p 00003000 fd:00 948111                     /lib/x86_64-linux-gnu/libdl-2.23.so
7f7678d38000-7f7678ef8000 r-xp 00000000 fd:00 948050                     /lib/x86_64-linux-gnu/libc-2.23.so
7f7678ef8000-7f76790f8000 ---p 001c0000 fd:00 948050                     /lib/x86_64-linux-gnu/libc-2.23.so
7f76790f8000-7f76790fc000 r--p 001c0000 fd:00 948050                     /lib/x86_64-linux-gnu/libc-2.23.so
7f76790fc000-7f76790fe000 rw-p 001c4000 fd:00 948050                     /lib/x86_64-linux-gnu/libc-2.23.so
7f76790fe000-7f7679102000 rw-p 00000000 00:00 0 
7f7679102000-7f767911a000 r-xp 00000000 fd:00 948047                     /lib/x86_64-linux-gnu/libpthread-2.23.so
7f767911a000-7f7679319000 ---p 00018000 fd:00 948047                     /lib/x86_64-linux-gnu/libpthread-2.23.so
7f7679319000-7f767931a000 r--p 00017000 fd:00 948047                     /lib/x86_64-linux-gnu/libpthread-2.23.so
7f767931a000-7f767931b000 rw-p 00018000 fd:00 948047                     /lib/x86_64-linux-gnu/libpthread-2.23.so
7f767931b000-7f767931f000 rw-p 00000000 00:00 0 
7f767931f000-7f7679345000 r-xp 00000000 fd:00 920921                     /lib/x86_64-linux-gnu/ld-2.23.so
7f767934a000-7f767934c000 r--s 00008000 fd:00 799646                     /home/tango-cs/OmniDriverSPAM/OOI_HOME/UniUSB.jar
7f767934c000-7f767934e000 r--s 00006000 fd:00 800412                     /home/tango-cs/OmniDriverSPAM/OOI_HOME/OOIUtils.jar
7f767934e000-7f7679355000 r--s 00036000 fd:00 799647                     /home/tango-cs/OmniDriverSPAM/OOI_HOME/xstream-1.1.2.jar
7f7679355000-7f7679370000 r--s 00394000 fd:00 676862                     /usr/lib/jvm/java-8-openjdk-amd64/jre/lib/ext/cldrdata.jar
7f7679370000-7f7679430000 rw-p 00000000 00:00 0 
7f7679430000-7f7679432000 r--s 00005000 fd:00 800414                     /home/tango-cs/OmniDriverSPAM/OOI_HOME/xpp3_min-1.1.3.4.M.jar
7f7679432000-7f7679437000 r--s 0005e000 fd:00 825293                     /home/tango-cs/OmniDriverSPAM/OOI_HOME/SPAM.jar
7f7679437000-7f767943a000 r--s 0000f000 fd:00 676864                     /usr/lib/jvm/java-8-openjdk-amd64/jre/lib/ext/icedtea-sound.jar
7f767943a000-7f7679444000 r--s 00116000 fd:00 676867                     /usr/lib/jvm/java-8-openjdk-amd64/jre/lib/ext/localedata.jar
7f7679444000-7f7679446000 r--s 00001000 fd:00 676860                     /usr/lib/jvm/java-8-openjdk-amd64/jre/lib/ext/dnsns.jar
7f7679446000-7f7679461000 r--s 001d6000 fd:00 676865                     /usr/lib/jvm/java-8-openjdk-amd64/jre/lib/ext/nashorn.jar
7f7679461000-7f7679526000 rw-p 00000000 00:00 0 
7f7679526000-7f7679527000 r--s 00002000 fd:00 800413                     /home/tango-cs/OmniDriverSPAM/OOI_HOME/HighResTiming.jar
7f7679527000-7f7679528000 r--s 0000a000 fd:00 676866                     /usr/lib/jvm/java-8-openjdk-amd64/jre/lib/ext/jaccess.jar
7f7679528000-7f767952e000 r--s 0003b000 fd:00 676863                     /usr/lib/jvm/java-8-openjdk-amd64/jre/lib/ext/sunjce_provider.jar
7f767952e000-7f7679531000 r--s 00038000 fd:00 676861                     /usr/lib/jvm/java-8-openjdk-amd64/jre/lib/ext/sunpkcs11.jar
7f7679531000-7f7679533000 r--s 00008000 fd:00 676858                     /usr/lib/jvm/java-8-openjdk-amd64/jre/lib/ext/sunec.jar
7f7679533000-7f7679534000 r--s 00010000 fd:00 676859                     /usr/lib/jvm/java-8-openjdk-amd64/jre/lib/ext/zipfs.jar
7f7679534000-7f7679539000 rw-p 00000000 00:00 0 
7f7679539000-7f7679541000 rw-s 00000000 fd:00 424871                     /tmp/hsperfdata_tango-cs/23308
7f7679541000-7f7679542000 rw-p 00000000 00:00 0 
7f7679542000-7f7679543000 r--p 00000000 00:00 0 
7f7679543000-7f7679544000 rwxp 00000000 00:00 0 
7f7679544000-7f7679545000 r--p 00025000 fd:00 920921                     /lib/x86_64-linux-gnu/ld-2.23.so
7f7679545000-7f7679546000 rw-p 00026000 fd:00 920921                     /lib/x86_64-linux-gnu/ld-2.23.so
7f7679546000-7f7679547000 rw-p 00000000 00:00 0 
7ffef8282000-7ffef837f000 rw-p 00000000 00:00 0                          [stack]
7ffef83aa000-7ffef83ad000 r--p 00000000 00:00 0                          [vvar]
7ffef83ad000-7ffef83af000 r-xp 00000000 00:00 0                          [vdso]
ffffffffff600000-ffffffffff601000 r-xp 00000000 00:00 0                  [vsyscall]

VM Arguments:
jvm_args: -Djava.library.path=/home/tango-cs/OmniDriverSPAM/OOI_HOME:/home/tango-cs/OmniDriverSPAM/_jvm/lib/i386:/home/tango-cs/OmniDriverSPAM/_jvm/lib/i386/client -Xmx250m 
java_command: <unknown>
java_class_path (initial): /home/tango-cs/OmniDriverSPAM/OOI_HOME/OmniDriver.jar:/home/tango-cs/OmniDriverSPAM/OOI_HOME/SPAM.jar
Launcher Type: generic

Environment Variables:
JAVA_HOME=/home/tango-cs/OmniDriverSPAM/_jvm
PATH=/home/tango-cs/OmniDriverSPAM/_jvm/bin
LD_LIBRARY_PATH=/home/tango-cs/OmniDriverSPAM/_jvm/lib/i386:/home/tango-cs/OmniDriverSPAM/_jvm/lib/i386/client
SHELL=/bin/bash
DISPLAY=:0

Signal Handlers:
SIGSEGV: [libjvm.so+0xa6e6f0], sa_mask[0]=11111111011111111101111111111110, sa_flags=SA_RESTART|SA_SIGINFO
SIGBUS: [libjvm.so+0xa6e6f0], sa_mask[0]=11111111011111111101111111111110, sa_flags=SA_RESTART|SA_SIGINFO
SIGFPE: [libjvm.so+0x8b5d50], sa_mask[0]=11111111011111111101111111111110, sa_flags=SA_RESTART|SA_SIGINFO
SIGPIPE: [libjvm.so+0x8b5d50], sa_mask[0]=11111111011111111101111111111110, sa_flags=SA_RESTART|SA_SIGINFO
SIGXFSZ: [libjvm.so+0x8b5d50], sa_mask[0]=11111111011111111101111111111110, sa_flags=SA_RESTART|SA_SIGINFO
SIGILL: [libjvm.so+0x8b5d50], sa_mask[0]=11111111011111111101111111111110, sa_flags=SA_RESTART|SA_SIGINFO
SIGUSR1: SIG_DFL, sa_mask[0]=00000000000000000000000000000000, sa_flags=none
SIGUSR2: [libjvm.so+0x8b5c00], sa_mask[0]=11100000000001111100111111111100, sa_flags=SA_RESTART|SA_SIGINFO
SIGHUP: [libjvm.so+0x8b60d0], sa_mask[0]=11111111011111111101111111111110, sa_flags=SA_RESTART|SA_SIGINFO
SIGINT: [libjvm.so+0x8b60d0], sa_mask[0]=11111111011111111101111111111110, sa_flags=SA_RESTART|SA_SIGINFO
SIGTERM: [libjvm.so+0x8b60d0], sa_mask[0]=11111111011111111101111111111110, sa_flags=SA_RESTART|SA_SIGINFO
SIGQUIT: [libjvm.so+0x8b60d0], sa_mask[0]=11111111011111111101111111111110, sa_flags=SA_RESTART|SA_SIGINFO


---------------  S Y S T E M  ---------------

OS:DISTRIB_ID=Ubuntu
DISTRIB_RELEASE=16.04
DISTRIB_CODENAME=xenial
DISTRIB_DESCRIPTION="Ubuntu 16.04.3 LTS"

uname:Linux 4.15.0-29-generic #31~16.04.1-Ubuntu SMP Wed Jul 18 08:54:04 UTC 2018 x86_64
libc:glibc 2.23 NPTL 2.23 
rlimit: STACK 8192k, CORE 0k, NPROC 15548, NOFILE 1048576, AS infinity
load average:0.35 0.21 0.21

/proc/meminfo:
MemTotal:        4039536 kB
MemFree:          362952 kB
MemAvailable:    1191264 kB
Buffers:           88440 kB
Cached:           982812 kB
SwapCached:            0 kB
Active:          2930724 kB
Inactive:         522864 kB
Active(anon):    2339788 kB
Inactive(anon):   118804 kB
Active(file):     590936 kB
Inactive(file):   404060 kB
Unevictable:          32 kB
Mlocked:              32 kB
SwapTotal:       2097148 kB
SwapFree:        2096880 kB
Dirty:               112 kB
Writeback:             0 kB
AnonPages:       2382372 kB
Mapped:           487780 kB
Shmem:             76260 kB
Slab:             139468 kB
SReclaimable:      72796 kB
SUnreclaim:        66672 kB
KernelStack:       13312 kB
PageTables:        42040 kB
NFS_Unstable:          0 kB
Bounce:                0 kB
WritebackTmp:          0 kB
CommitLimit:     4116916 kB
Committed_AS:    8627596 kB
VmallocTotal:   34359738367 kB
VmallocUsed:           0 kB
VmallocChunk:          0 kB
HardwareCorrupted:     0 kB
AnonHugePages:      2048 kB
ShmemHugePages:        0 kB
ShmemPmdMapped:        0 kB
CmaTotal:              0 kB
CmaFree:               0 kB
HugePages_Total:       0
HugePages_Free:        0
HugePages_Rsvd:        0
HugePages_Surp:        0
Hugepagesize:       2048 kB
DirectMap4k:      171968 kB
DirectMap2M:     4022272 kB


CPU:total 2 (initial active 2) (2 cores per cpu, 1 threads per core) family 6 model 60 stepping 3, cmov, cx8, fxsr, mmx, sse, sse2, sse3, ssse3, sse4.1, sse4.2, popcnt, avx, avx2, aes, clmul, lzcnt, tsc, tscinvbit

/proc/cpuinfo:
processor	: 0
vendor_id	: GenuineIntel
cpu family	: 6
model		: 60
model name	: Intel(R) Core(TM) i7-4810MQ CPU @ 2.80GHz
stepping	: 3
cpu MHz		: 2793.544
cache size	: 6144 KB
physical id	: 0
siblings	: 2
core id		: 0
cpu cores	: 2
apicid		: 0
initial apicid	: 0
fpu		: yes
fpu_exception	: yes
cpuid level	: 13
wp		: yes
flags		: fpu vme de pse tsc msr pae mce cx8 apic sep mtrr pge mca cmov pat pse36 clflush mmx fxsr sse sse2 ht syscall nx rdtscp lm constant_tsc rep_good nopl xtopology nonstop_tsc cpuid pni pclmulqdq ssse3 cx16 pcid sse4_1 sse4_2 x2apic movbe popcnt aes xsave avx rdrand hypervisor lahf_lm abm invpcid_single pti fsgsbase avx2 invpcid
bugs		: cpu_meltdown spectre_v1 spectre_v2 spec_store_bypass
bogomips	: 5587.08
clflush size	: 64
cache_alignment	: 64
address sizes	: 39 bits physical, 48 bits virtual
power management:

processor	: 1
vendor_id	: GenuineIntel
cpu family	: 6
model		: 60
model name	: Intel(R) Core(TM) i7-4810MQ CPU @ 2.80GHz
stepping	: 3
cpu MHz		: 2793.544
cache size	: 6144 KB
physical id	: 0
siblings	: 2
core id		: 1
cpu cores	: 2
apicid		: 1
initial apicid	: 1
fpu		: yes
fpu_exception	: yes
cpuid level	: 13
wp		: yes
flags		: fpu vme de pse tsc msr pae mce cx8 apic sep mtrr pge mca cmov pat pse36 clflush mmx fxsr sse sse2 ht syscall nx rdtscp lm constant_tsc rep_good nopl xtopology nonstop_tsc cpuid pni pclmulqdq ssse3 cx16 pcid sse4_1 sse4_2 x2apic movbe popcnt aes xsave avx rdrand hypervisor lahf_lm abm invpcid_single pti fsgsbase avx2 invpcid
bugs		: cpu_meltdown spectre_v1 spectre_v2 spec_store_bypass
bogomips	: 5587.08
clflush size	: 64
cache_alignment	: 64
address sizes	: 39 bits physical, 48 bits virtual
power management:



Memory: 4k page, physical 4039536k(362952k free), swap 2097148k(2096880k free)

vm_info: OpenJDK 64-Bit Server VM (25.171-b11) for linux-amd64 JRE (1.8.0_171-8u171-b11-0ubuntu0.16.04.1-b11), built on Apr 27 2018 17:19:03 by "buildd" with gcc 5.4.0 20160609

time: Wed Aug  1 14:52:29 2018
elapsed time: 48 seconds (0d 0h 0m 48s)

