#
# A fatal error has been detected by the Java Runtime Environment:
#
#  SIGSEGV (0xb) at pc=0x00007fc38f482746, pid=5506, tid=0x00007fc357fff700
#
# JRE version: OpenJDK Runtime Environment (8.0_171-b11) (build 1.8.0_171-8u171-b11-0ubuntu0.16.04.1-b11)
# Java VM: OpenJDK 64-Bit Server VM (25.171-b11 mixed mode linux-amd64 compressed oops)
# Problematic frame:
# C  [libc.so.6+0x8b746]  strlen+0x26
#
# Failed to write core dump. Core dumps have been disabled. To enable core dumping, try "ulimit -c unlimited" before starting Java again
#
# If you would like to submit a bug report, please visit:
#   http://bugreport.java.com/bugreport/crash.jsp
#

---------------  T H R E A D  ---------------

Current thread is native thread

siginfo: si_signo: 11 (SIGSEGV), si_code: 1 (SEGV_MAPERR), si_addr: 0x000000002c008640

Registers:
RAX=0x000000002c008640, RBX=0x00007fc382ef90e0, RCX=0x0000000000000640, RDX=0x00007fc3855c79c0
RSP=0x00007fc357ffce08, RBP=0x00007fc3859945a8, RSI=0x0000000000000008, RDI=0x000000002c008640
R8 =0x000000000000002a, R9 =0x00000000004da850, R10=0x00007fc383147c90, R11=0x0000000000000004
R12=0x000000002c008640, R13=0x00007fc383251ea0, R14=0x0000000001f80570, R15=0x00007fc382ef90e0
RIP=0x00007fc38f482746, EFLAGS=0x0000000000010297, CSGSFS=0x002b000000000033, ERR=0x0000000000000004
  TRAPNO=0x000000000000000e

Top of Stack: (sp=0x00007fc357ffce08)
0x00007fc357ffce08:   000000000049f300 0000000000902960
0x00007fc357ffce18:   58b1fec347240d00 00007fc382ef90e0
0x00007fc357ffce28:   00007fc3859945a8 00007fc3859945a8
0x00007fc357ffce38:   00000000004da5a9 0000000000000000
0x00007fc357ffce48:   58b1fec347240d00 00007fc383251ea0
0x00007fc357ffce58:   00007fc38fb21840 0000000000000000
0x00007fc357ffce68:   00000000004b01bc 0000000000960e78
0x00007fc357ffce78:   00007fc38fb5cc10 0000000001f80570
0x00007fc357ffce88:   00007fc383157ab5 0000000000000006
0x00007fc357ffce98:   00007fc383251d00 00007fc383251ea0
0x00007fc357ffcea8:   00007fc383157ab3 00007fc382ef90e0
0x00007fc357ffceb8:   00000000004c442c 0000000004a28370
0x00007fc357ffcec8:   00007fc383157a7c 00007fc32c0050b0
0x00007fc357ffced8:   00007fc38fb21840 00007fc383251e78
0x00007fc357ffcee8:   00007fc383147c90 0000000000000000
0x00007fc357ffcef8:   00000000008e8c80 0000000000000000
0x00007fc357ffcf08:   00007fc382ee2908 00000000008fd4d0
0x00007fc357ffcf18:   0000000000000001 0000000000000000
0x00007fc357ffcf28:   00007fc357ffcfc0 ffffffff7a8ad498
0x00007fc357ffcf38:   00007fc357ffcfb0 ffffffff00000000
0x00007fc357ffcf48:   00007fc382ee4a30 00007fc383251e90
0x00007fc357ffcf58:   00007fc357ffcf88 00007fc357ffcf80
0x00007fc357ffcf68:   00007fc383251b30 00007fc38fbda168
0x00007fc357ffcf78:   00007fc38fa995c8 00007fc383251e90
0x00007fc357ffcf88:   000000000049ed7d 0000000000902fe0
0x00007fc357ffcf98:   00000000004a3ad6 00007fc357ffd040
0x00007fc357ffcfa8:   0000000000000000 00007fc382ee4a30
0x00007fc357ffcfb8:   00000000004c3a78 00007fc383251e90
0x00007fc357ffcfc8:   58b1fec347240d00 00007fc382ef7c80
0x00007fc357ffcfd8:   00007fc383251e78 00007fc383251d00
0x00007fc357ffcfe8:   00007fc32c0050b0 00007fc382ee4a30
0x00007fc357ffcff8:   0000000000000001 0000000000000003 

Instructions: (pc=0x00007fc38f482746)
0x00007fc38f482726:   ef c9 66 0f ef d2 66 0f ef db 48 89 f8 48 89 f9
0x00007fc38f482736:   48 81 e1 ff 0f 00 00 48 81 f9 cf 0f 00 00 77 6a
0x00007fc38f482746:   f3 0f 6f 20 66 0f 74 e0 66 0f d7 d4 85 d2 74 04
0x00007fc38f482756:   0f bc c2 c3 48 83 e0 f0 66 0f 74 48 10 66 0f 74 

Register to memory mapping:

RAX=0x000000002c008640 is an unknown value
RBX=0x00007fc382ef90e0 is an unknown value
RCX=0x0000000000000640 is an unknown value
RDX=0x00007fc3855c79c0: PyCStgDict_Type+0 in /usr/lib/python2.7/lib-dynload/_ctypes.x86_64-linux-gnu.so at 0x00007fc3853a8000
RSP=0x00007fc357ffce08 is an unknown value
RBP=0x00007fc3859945a8 is an unknown value
RSI=0x0000000000000008 is an unknown value
RDI=0x000000002c008640 is an unknown value
R8 =0x000000000000002a is an unknown value
R9 =0x00000000004da850: <offset 0xda850> in python at 0x0000000000400000
R10=0x00007fc383147c90 is an unknown value
R11=0x0000000000000004 is an unknown value
R12=0x000000002c008640 is an unknown value
R13=0x00007fc383251ea0 is an unknown value
R14=0x0000000001f80570 is an unknown value
R15=0x00007fc382ef90e0 is an unknown value


Stack: [0x00007fc3577ff000,0x00007fc358000000],  sp=0x00007fc357ffce08,  free space=8183k
Native frames: (J=compiled Java code, j=interpreted, Vv=VM code, C=native code)
C  [libc.so.6+0x8b746]  strlen+0x26


---------------  P R O C E S S  ---------------

VM state:not at safepoint (normal execution)

VM Mutex/Monitor currently owned by a thread: None

Heap:
 PSYoungGen      total 18432K, used 2549K [0x00000000fad00000, 0x00000000fc180000, 0x0000000100000000)
  eden space 15872K, 8% used [0x00000000fad00000,0x00000000fae58d58,0x00000000fbc80000)
  from space 2560K, 45% used [0x00000000fbc80000,0x00000000fbda49f0,0x00000000fbf00000)
  to   space 2560K, 0% used [0x00000000fbf00000,0x00000000fbf00000,0x00000000fc180000)
 ParOldGen       total 42496K, used 8K [0x00000000f0600000, 0x00000000f2f80000, 0x00000000fad00000)
  object space 42496K, 0% used [0x00000000f0600000,0x00000000f0602000,0x00000000f2f80000)
 Metaspace       used 5433K, capacity 6572K, committed 6912K, reserved 1056768K
  class space    used 634K, capacity 680K, committed 768K, reserved 1048576K

Card table byte_map: [0x00007fc378ae7000,0x00007fc378b65000] byte_map_base: 0x00007fc378364000

Marking Bits: (ParMarkBitMap*) 0x00007fc37a496320
 Begin Bits: [0x00007fc378115000, 0x00007fc3784fd000)
 End Bits:   [0x00007fc3784fd000, 0x00007fc3788e5000)

Polling page: 0x00007fc38fc01000

CodeCache: size=245760Kb used=1645Kb max_used=1645Kb free=244114Kb
 bounds [0x00007fc35d000000, 0x00007fc35d270000, 0x00007fc36c000000]
 total_blobs=535 nmethods=270 adapters=180
 compilation: enabled

Compilation events (10 events):
Event: 7.370 Thread 0x000000000495e800  265       3       java.lang.ref.Finalizer::access$000 (4 bytes)
Event: 7.370 Thread 0x000000000495e800 nmethod 265 0x00007fc35d19a590 code [0x00007fc35d19a6e0, 0x00007fc35d19a810]
Event: 7.371 Thread 0x000000000495e800  266       1       java.lang.Class::getClassLoader0 (5 bytes)
Event: 7.371 Thread 0x000000000495e800 nmethod 266 0x00007fc35d19a890 code [0x00007fc35d19a9e0, 0x00007fc35d19aaf0]
Event: 7.372 Thread 0x000000000495e800  267       1       java.util.ArrayList::access$000 (5 bytes)
Event: 7.372 Thread 0x000000000495e800 nmethod 267 0x00007fc35d19ab50 code [0x00007fc35d19aca0, 0x00007fc35d19ad90]
Event: 7.372 Thread 0x000000000495e800  268       3       java.util.ArrayList$Itr::checkForComodification (23 bytes)
Event: 7.372 Thread 0x000000000495e800 nmethod 268 0x00007fc35d19ae10 code [0x00007fc35d19af80, 0x00007fc35d19b1a8]
Event: 7.372 Thread 0x000000000495e800  269       3       java.util.ArrayList$Itr::hasNext (20 bytes)
Event: 7.372 Thread 0x000000000495e800 nmethod 269 0x00007fc35d19b290 code [0x00007fc35d19b400, 0x00007fc35d19b5d0]

GC Heap History (2 events):
Event: 7.367 GC heap before
{Heap before GC invocations=1 (full 0):
 PSYoungGen      total 18432K, used 15872K [0x00000000fad00000, 0x00000000fc180000, 0x0000000100000000)
  eden space 15872K, 100% used [0x00000000fad00000,0x00000000fbc80000,0x00000000fbc80000)
  from space 2560K, 0% used [0x00000000fbf00000,0x00000000fbf00000,0x00000000fc180000)
  to   space 2560K, 0% used [0x00000000fbc80000,0x00000000fbc80000,0x00000000fbf00000)
 ParOldGen       total 42496K, used 0K [0x00000000f0600000, 0x00000000f2f80000, 0x00000000fad00000)
  object space 42496K, 0% used [0x00000000f0600000,0x00000000f0600000,0x00000000f2f80000)
 Metaspace       used 5328K, capacity 6508K, committed 6656K, reserved 1056768K
  class space    used 619K, capacity 680K, committed 768K, reserved 1048576K
Event: 7.369 GC heap after
Heap after GC invocations=1 (full 0):
 PSYoungGen      total 18432K, used 1170K [0x00000000fad00000, 0x00000000fc180000, 0x0000000100000000)
  eden space 15872K, 0% used [0x00000000fad00000,0x00000000fad00000,0x00000000fbc80000)
  from space 2560K, 45% used [0x00000000fbc80000,0x00000000fbda49f0,0x00000000fbf00000)
  to   space 2560K, 0% used [0x00000000fbf00000,0x00000000fbf00000,0x00000000fc180000)
 ParOldGen       total 42496K, used 8K [0x00000000f0600000, 0x00000000f2f80000, 0x00000000fad00000)
  object space 42496K, 0% used [0x00000000f0600000,0x00000000f0602000,0x00000000f2f80000)
 Metaspace       used 5328K, capacity 6508K, committed 6656K, reserved 1056768K
  class space    used 619K, capacity 680K, committed 768K, reserved 1048576K
}

Deoptimization events (0 events):
No events

Classes redefined (0 events):
No events

Internal exceptions (10 events):
Event: 7.380 Thread 0x00007fc32c007800 Exception <a 'java/io/IOException': No Device Found> (0x00000000fae05b08) thrown at [/build/openjdk-8-wnL82d/openjdk-8-8u171-b11/src/hotspot/src/share/vm/prims/jni.cpp, line 735]
Event: 7.380 Thread 0x00007fc32c007800 Exception <a 'java/io/IOException': No Device Found> (0x00000000fae05f70) thrown at [/build/openjdk-8-wnL82d/openjdk-8-8u171-b11/src/hotspot/src/share/vm/prims/jni.cpp, line 735]
Event: 7.380 Thread 0x00007fc32c007800 Exception <a 'java/io/IOException': No Device Found> (0x00000000fae063d8) thrown at [/build/openjdk-8-wnL82d/openjdk-8-8u171-b11/src/hotspot/src/share/vm/prims/jni.cpp, line 735]
Event: 7.380 Thread 0x00007fc32c007800 Exception <a 'java/io/IOException': No Device Found> (0x00000000fae06840) thrown at [/build/openjdk-8-wnL82d/openjdk-8-8u171-b11/src/hotspot/src/share/vm/prims/jni.cpp, line 735]
Event: 7.380 Thread 0x00007fc32c007800 Exception <a 'java/io/IOException': No Device Found> (0x00000000fae06ca8) thrown at [/build/openjdk-8-wnL82d/openjdk-8-8u171-b11/src/hotspot/src/share/vm/prims/jni.cpp, line 735]
Event: 7.380 Thread 0x00007fc32c007800 Exception <a 'java/io/IOException': No Device Found> (0x00000000fae07110) thrown at [/build/openjdk-8-wnL82d/openjdk-8-8u171-b11/src/hotspot/src/share/vm/prims/jni.cpp, line 735]
Event: 7.380 Thread 0x00007fc32c007800 Exception <a 'java/io/IOException': No Device Found> (0x00000000fae07578) thrown at [/build/openjdk-8-wnL82d/openjdk-8-8u171-b11/src/hotspot/src/share/vm/prims/jni.cpp, line 735]
Event: 7.380 Thread 0x00007fc32c007800 Exception <a 'java/io/IOException': No Device Found> (0x00000000fae079e0) thrown at [/build/openjdk-8-wnL82d/openjdk-8-8u171-b11/src/hotspot/src/share/vm/prims/jni.cpp, line 735]
Event: 7.380 Thread 0x00007fc32c007800 Exception <a 'java/io/IOException': No Device Found> (0x00000000fae07e48) thrown at [/build/openjdk-8-wnL82d/openjdk-8-8u171-b11/src/hotspot/src/share/vm/prims/jni.cpp, line 735]
Event: 7.380 Thread 0x00007fc32c007800 Exception <a 'java/io/IOException': No Device Found> (0x00000000fae082b0) thrown at [/build/openjdk-8-wnL82d/openjdk-8-8u171-b11/src/hotspot/src/share/vm/prims/jni.cpp, line 735]

Events (10 events):
Event: 7.380 loading class com/oceanoptics/omnidriver/spectrometer/SpectrometerAssembly done
Event: 7.381 loading class com/oceanoptics/spectralprocessing/SpectralProcessor
Event: 7.381 loading class com/oceanoptics/spectralprocessing/SpectralProcessor done
Event: 7.381 Executing VM operation: Deoptimize
Event: 7.381 Executing VM operation: Deoptimize done
Event: 7.381 loading class com/oceanoptics/omnidriver/spectra/Spectrum
Event: 7.381 loading class com/oceanoptics/omnidriver/spectra/Spectrum done
Event: 7.382 Thread 0x00007fc32c007800 Thread exited: 0x00007fc32c007800
Event: 7.382 Thread 0x00007fc32c007800 Thread added: 0x00007fc32c007800
Event: 7.401 Thread 0x00007fc32c007800 Thread exited: 0x00007fc32c007800


Dynamic libraries:
00400000-006e9000 r-xp 00000000 fd:00 660578                             /usr/bin/python2.7
008e8000-008ea000 r--p 002e8000 fd:00 660578                             /usr/bin/python2.7
008ea000-00961000 rw-p 002ea000 fd:00 660578                             /usr/bin/python2.7
00961000-00984000 rw-p 00000000 00:00 0 
01dce000-04a53000 rw-p 00000000 00:00 0                                  [heap]
f0600000-f2f80000 rw-p 00000000 00:00 0 
f2f80000-fad00000 ---p 00000000 00:00 0 
fad00000-fc180000 rw-p 00000000 00:00 0 
fc180000-100000000 ---p 00000000 00:00 0 
100000000-1000c0000 rw-p 00000000 00:00 0 
1000c0000-140000000 ---p 00000000 00:00 0 
7fc328000000-7fc328021000 rw-p 00000000 00:00 0 
7fc328021000-7fc32c000000 ---p 00000000 00:00 0 
7fc32c000000-7fc32c0af000 rw-p 00000000 00:00 0 
7fc32c0af000-7fc330000000 ---p 00000000 00:00 0 
7fc330000000-7fc330021000 rw-p 00000000 00:00 0 
7fc330021000-7fc334000000 ---p 00000000 00:00 0 
7fc338000000-7fc33805a000 rw-p 00000000 00:00 0 
7fc33805a000-7fc33c000000 ---p 00000000 00:00 0 
7fc33c000000-7fc33c192000 rw-p 00000000 00:00 0 
7fc33c192000-7fc340000000 ---p 00000000 00:00 0 
7fc340000000-7fc340021000 rw-p 00000000 00:00 0 
7fc340021000-7fc344000000 ---p 00000000 00:00 0 
7fc344000000-7fc344021000 rw-p 00000000 00:00 0 
7fc344021000-7fc348000000 ---p 00000000 00:00 0 
7fc348000000-7fc348021000 rw-p 00000000 00:00 0 
7fc348021000-7fc34c000000 ---p 00000000 00:00 0 
7fc34c000000-7fc34c021000 rw-p 00000000 00:00 0 
7fc34c021000-7fc350000000 ---p 00000000 00:00 0 
7fc350000000-7fc350021000 rw-p 00000000 00:00 0 
7fc350021000-7fc354000000 ---p 00000000 00:00 0 
7fc354800000-7fc354e00000 rw-p 00000000 00:00 0 
7fc354e00000-7fc355000000 ---p 00000000 00:00 0 
7fc356ffe000-7fc356fff000 ---p 00000000 00:00 0 
7fc356fff000-7fc3577ff000 rw-p 00000000 00:00 0 
7fc3577ff000-7fc357802000 ---p 00000000 00:00 0 
7fc357802000-7fc358000000 rw-p 00000000 00:00 0 
7fc358000000-7fc358021000 rw-p 00000000 00:00 0 
7fc358021000-7fc35c000000 ---p 00000000 00:00 0 
7fc35c11a000-7fc35c11d000 ---p 00000000 00:00 0 
7fc35c11d000-7fc35c21b000 rw-p 00000000 00:00 0 
7fc35c21b000-7fc35c222000 r-xp 00000000 fd:00 918170                     /lib/x86_64-linux-gnu/libusb-0.1.so.4.4.4
7fc35c222000-7fc35c421000 ---p 00007000 fd:00 918170                     /lib/x86_64-linux-gnu/libusb-0.1.so.4.4.4
7fc35c421000-7fc35c422000 r--p 00006000 fd:00 918170                     /lib/x86_64-linux-gnu/libusb-0.1.so.4.4.4
7fc35c422000-7fc35c423000 rw-p 00007000 fd:00 918170                     /lib/x86_64-linux-gnu/libusb-0.1.so.4.4.4
7fc35c423000-7fc35c424000 rw-p 00000000 00:00 0 
7fc35c424000-7fc35c428000 r-xp 00000000 fd:00 825271                     /home/tango-cs/OmniDriverSPAM/OOI_HOME/libNatUSB.so
7fc35c428000-7fc35c627000 ---p 00004000 fd:00 825271                     /home/tango-cs/OmniDriverSPAM/OOI_HOME/libNatUSB.so
7fc35c627000-7fc35c628000 r--p 00003000 fd:00 825271                     /home/tango-cs/OmniDriverSPAM/OOI_HOME/libNatUSB.so
7fc35c628000-7fc35c629000 rw-p 00004000 fd:00 825271                     /home/tango-cs/OmniDriverSPAM/OOI_HOME/libNatUSB.so
7fc35c629000-7fc35c62a000 ---p 00000000 00:00 0 
7fc35c62a000-7fc35c72a000 rw-p 00000000 00:00 0 
7fc35c72a000-7fc35c72d000 ---p 00000000 00:00 0 
7fc35c72d000-7fc35c82b000 rw-p 00000000 00:00 0 
7fc35c82b000-7fc35c82e000 ---p 00000000 00:00 0 
7fc35c82e000-7fc35c92c000 rw-p 00000000 00:00 0 
7fc35c92c000-7fc35c92f000 ---p 00000000 00:00 0 
7fc35c92f000-7fc35ca2d000 rw-p 00000000 00:00 0 
7fc35ca2d000-7fc35ca30000 ---p 00000000 00:00 0 
7fc35ca30000-7fc35cb2e000 rw-p 00000000 00:00 0 
7fc35cb2e000-7fc35cb31000 ---p 00000000 00:00 0 
7fc35cb31000-7fc35cc2f000 rw-p 00000000 00:00 0 
7fc35cc2f000-7fc35cc32000 ---p 00000000 00:00 0 
7fc35cc32000-7fc35cd30000 rw-p 00000000 00:00 0 
7fc35cd30000-7fc35cd31000 ---p 00000000 00:00 0 
7fc35cd31000-7fc35ce31000 rw-p 00000000 00:00 0 
7fc35ce31000-7fc35d000000 r--s 03c2f000 fd:00 777693                     /usr/lib/jvm/java-8-openjdk-amd64/jre/lib/rt.jar
7fc35d000000-7fc35d270000 rwxp 00000000 00:00 0 
7fc35d270000-7fc36c000000 ---p 00000000 00:00 0 
7fc36c000000-7fc36c028000 rw-p 00000000 00:00 0 
7fc36c028000-7fc370000000 ---p 00000000 00:00 0 
7fc370000000-7fc370021000 rw-p 00000000 00:00 0 
7fc370021000-7fc374000000 ---p 00000000 00:00 0 
7fc374000000-7fc374021000 rw-p 00000000 00:00 0 
7fc374021000-7fc378000000 ---p 00000000 00:00 0 
7fc378098000-7fc3788e5000 rw-p 00000000 00:00 0 
7fc3788e5000-7fc3788e6000 ---p 00000000 00:00 0 
7fc3788e6000-7fc3789e6000 rw-p 00000000 00:00 0 
7fc3789e6000-7fc3789e7000 ---p 00000000 00:00 0 
7fc3789e7000-7fc378afc000 rw-p 00000000 00:00 0 
7fc378afc000-7fc378b3a000 ---p 00000000 00:00 0 
7fc378b3a000-7fc378b45000 rw-p 00000000 00:00 0 
7fc378b45000-7fc378b64000 ---p 00000000 00:00 0 
7fc378b64000-7fc378b6f000 rw-p 00000000 00:00 0 
7fc378b6f000-7fc378f25000 ---p 00000000 00:00 0 
7fc378f25000-7fc378f2d000 r-xp 00000000 fd:00 676893                     /usr/lib/jvm/java-8-openjdk-amd64/jre/lib/amd64/libzip.so
7fc378f2d000-7fc37912c000 ---p 00008000 fd:00 676893                     /usr/lib/jvm/java-8-openjdk-amd64/jre/lib/amd64/libzip.so
7fc37912c000-7fc37912d000 r--p 00007000 fd:00 676893                     /usr/lib/jvm/java-8-openjdk-amd64/jre/lib/amd64/libzip.so
7fc37912d000-7fc37912e000 rw-p 00008000 fd:00 676893                     /usr/lib/jvm/java-8-openjdk-amd64/jre/lib/amd64/libzip.so
7fc37912e000-7fc37915b000 r-xp 00000000 fd:00 676884                     /usr/lib/jvm/java-8-openjdk-amd64/jre/lib/amd64/libjava.so
7fc37915b000-7fc37935a000 ---p 0002d000 fd:00 676884                     /usr/lib/jvm/java-8-openjdk-amd64/jre/lib/amd64/libjava.so
7fc37935a000-7fc37935b000 r--p 0002c000 fd:00 676884                     /usr/lib/jvm/java-8-openjdk-amd64/jre/lib/amd64/libjava.so
7fc37935b000-7fc37935d000 rw-p 0002d000 fd:00 676884                     /usr/lib/jvm/java-8-openjdk-amd64/jre/lib/amd64/libjava.so
7fc37935d000-7fc37936c000 r-xp 00000000 fd:00 676870                     /usr/lib/jvm/java-8-openjdk-amd64/jre/lib/amd64/libverify.so
7fc37936c000-7fc37956b000 ---p 0000f000 fd:00 676870                     /usr/lib/jvm/java-8-openjdk-amd64/jre/lib/amd64/libverify.so
7fc37956b000-7fc37956d000 r--p 0000e000 fd:00 676870                     /usr/lib/jvm/java-8-openjdk-amd64/jre/lib/amd64/libverify.so
7fc37956d000-7fc37956e000 rw-p 00010000 fd:00 676870                     /usr/lib/jvm/java-8-openjdk-amd64/jre/lib/amd64/libverify.so
7fc37956e000-7fc37a1c7000 r-xp 00000000 fd:00 676897                     /usr/lib/jvm/java-8-openjdk-amd64/jre/lib/amd64/server/libjvm.so
7fc37a1c7000-7fc37a3c7000 ---p 00c59000 fd:00 676897                     /usr/lib/jvm/java-8-openjdk-amd64/jre/lib/amd64/server/libjvm.so
7fc37a3c7000-7fc37a45a000 r--p 00c59000 fd:00 676897                     /usr/lib/jvm/java-8-openjdk-amd64/jre/lib/amd64/server/libjvm.so
7fc37a45a000-7fc37a483000 rw-p 00cec000 fd:00 676897                     /usr/lib/jvm/java-8-openjdk-amd64/jre/lib/amd64/server/libjvm.so
7fc37a483000-7fc37a4b3000 rw-p 00000000 00:00 0 
7fc37a4b3000-7fc37a9a0000 r-xp 00000000 fd:00 825294                     /home/tango-cs/OmniDriverSPAM/OOI_HOME/libOmniDriver.so
7fc37a9a0000-7fc37aba0000 ---p 004ed000 fd:00 825294                     /home/tango-cs/OmniDriverSPAM/OOI_HOME/libOmniDriver.so
7fc37aba0000-7fc37abab000 r--p 004ed000 fd:00 825294                     /home/tango-cs/OmniDriverSPAM/OOI_HOME/libOmniDriver.so
7fc37abab000-7fc37abba000 rw-p 004f8000 fd:00 825294                     /home/tango-cs/OmniDriverSPAM/OOI_HOME/libOmniDriver.so
7fc37abba000-7fc37abfa000 r-xp 00000000 fd:00 825295                     /home/tango-cs/OmniDriverSPAM/OOI_HOME/libcommon.so
7fc37abfa000-7fc37adf9000 ---p 00040000 fd:00 825295                     /home/tango-cs/OmniDriverSPAM/OOI_HOME/libcommon.so
7fc37adf9000-7fc37adfa000 r--p 0003f000 fd:00 825295                     /home/tango-cs/OmniDriverSPAM/OOI_HOME/libcommon.so
7fc37adfa000-7fc37adfb000 rw-p 00040000 fd:00 825295                     /home/tango-cs/OmniDriverSPAM/OOI_HOME/libcommon.so
7fc37adfb000-7fc37adfd000 r-xp 00000000 fd:00 976263                     /home/tango-cs/Documents/Spectrometer/OceanOpticsTango/libw.so
7fc37adfd000-7fc37affc000 ---p 00002000 fd:00 976263                     /home/tango-cs/Documents/Spectrometer/OceanOpticsTango/libw.so
7fc37affc000-7fc37affd000 r--p 00001000 fd:00 976263                     /home/tango-cs/Documents/Spectrometer/OceanOpticsTango/libw.so
7fc37affd000-7fc37affe000 rw-p 00002000 fd:00 976263                     /home/tango-cs/Documents/Spectrometer/OceanOpticsTango/libw.so
7fc37affe000-7fc37afff000 ---p 00000000 00:00 0 
7fc37afff000-7fc37b7ff000 rw-p 00000000 00:00 0 
7fc37b7ff000-7fc37b800000 ---p 00000000 00:00 0 
7fc37b800000-7fc37c000000 rw-p 00000000 00:00 0 
7fc37c000000-7fc37c021000 rw-p 00000000 00:00 0 
7fc37c021000-7fc380000000 ---p 00000000 00:00 0 
7fc380008000-7fc380022000 r--s 002a6000 fd:00 825296                     /home/tango-cs/OmniDriverSPAM/OOI_HOME/OmniDriver.jar
7fc380022000-7fc380037000 rw-p 00000000 00:00 0 
7fc380037000-7fc380076000 ---p 00000000 00:00 0 
7fc380076000-7fc380077000 ---p 00000000 00:00 0 
7fc380077000-7fc380877000 rw-p 00000000 00:00 0 
7fc380877000-7fc380878000 ---p 00000000 00:00 0 
7fc380878000-7fc381078000 rw-p 00000000 00:00 0 
7fc381078000-7fc381079000 ---p 00000000 00:00 0 
7fc381079000-7fc381879000 rw-p 00000000 00:00 0 
7fc381879000-7fc38187a000 ---p 00000000 00:00 0 
7fc38187a000-7fc38207a000 rw-p 00000000 00:00 0 
7fc38207a000-7fc382091000 r-xp 00000000 fd:00 948151                     /lib/x86_64-linux-gnu/libresolv-2.23.so
7fc382091000-7fc382291000 ---p 00017000 fd:00 948151                     /lib/x86_64-linux-gnu/libresolv-2.23.so
7fc382291000-7fc382292000 r--p 00017000 fd:00 948151                     /lib/x86_64-linux-gnu/libresolv-2.23.so
7fc382292000-7fc382293000 rw-p 00018000 fd:00 948151                     /lib/x86_64-linux-gnu/libresolv-2.23.so
7fc382293000-7fc382295000 rw-p 00000000 00:00 0 
7fc382295000-7fc38229a000 r-xp 00000000 fd:00 948207                     /lib/x86_64-linux-gnu/libnss_dns-2.23.so
7fc38229a000-7fc38249a000 ---p 00005000 fd:00 948207                     /lib/x86_64-linux-gnu/libnss_dns-2.23.so
7fc38249a000-7fc38249b000 r--p 00005000 fd:00 948207                     /lib/x86_64-linux-gnu/libnss_dns-2.23.so
7fc38249b000-7fc38249c000 rw-p 00006000 fd:00 948207                     /lib/x86_64-linux-gnu/libnss_dns-2.23.so
7fc38249c000-7fc38249e000 r-xp 00000000 fd:00 918097                     /lib/x86_64-linux-gnu/libnss_mdns4_minimal.so.2
7fc38249e000-7fc38269d000 ---p 00002000 fd:00 918097                     /lib/x86_64-linux-gnu/libnss_mdns4_minimal.so.2
7fc38269d000-7fc38269e000 r--p 00001000 fd:00 918097                     /lib/x86_64-linux-gnu/libnss_mdns4_minimal.so.2
7fc38269e000-7fc38269f000 rw-p 00002000 fd:00 918097                     /lib/x86_64-linux-gnu/libnss_mdns4_minimal.so.2
7fc38269f000-7fc3826aa000 r-xp 00000000 fd:00 949315                     /lib/x86_64-linux-gnu/libnss_files-2.23.so
7fc3826aa000-7fc3828a9000 ---p 0000b000 fd:00 949315                     /lib/x86_64-linux-gnu/libnss_files-2.23.so
7fc3828a9000-7fc3828aa000 r--p 0000a000 fd:00 949315                     /lib/x86_64-linux-gnu/libnss_files-2.23.so
7fc3828aa000-7fc3828ab000 rw-p 0000b000 fd:00 949315                     /lib/x86_64-linux-gnu/libnss_files-2.23.so
7fc3828ab000-7fc3828b1000 rw-p 00000000 00:00 0 
7fc3828b1000-7fc3828bc000 r-xp 00000000 fd:00 949358                     /lib/x86_64-linux-gnu/libnss_nis-2.23.so
7fc3828bc000-7fc382abb000 ---p 0000b000 fd:00 949358                     /lib/x86_64-linux-gnu/libnss_nis-2.23.so
7fc382abb000-7fc382abc000 r--p 0000a000 fd:00 949358                     /lib/x86_64-linux-gnu/libnss_nis-2.23.so
7fc382abc000-7fc382abd000 rw-p 0000b000 fd:00 949358                     /lib/x86_64-linux-gnu/libnss_nis-2.23.so
7fc382abd000-7fc382ad3000 r-xp 00000000 fd:00 920920                     /lib/x86_64-linux-gnu/libnsl-2.23.so
7fc382ad3000-7fc382cd2000 ---p 00016000 fd:00 920920                     /lib/x86_64-linux-gnu/libnsl-2.23.so
7fc382cd2000-7fc382cd3000 r--p 00015000 fd:00 920920                     /lib/x86_64-linux-gnu/libnsl-2.23.so
7fc382cd3000-7fc382cd4000 rw-p 00016000 fd:00 920920                     /lib/x86_64-linux-gnu/libnsl-2.23.so
7fc382cd4000-7fc382cd6000 rw-p 00000000 00:00 0 
7fc382cd6000-7fc382cde000 r-xp 00000000 fd:00 948159                     /lib/x86_64-linux-gnu/libnss_compat-2.23.so
7fc382cde000-7fc382edd000 ---p 00008000 fd:00 948159                     /lib/x86_64-linux-gnu/libnss_compat-2.23.so
7fc382edd000-7fc382ede000 r--p 00007000 fd:00 948159                     /lib/x86_64-linux-gnu/libnss_compat-2.23.so
7fc382ede000-7fc382edf000 rw-p 00008000 fd:00 948159                     /lib/x86_64-linux-gnu/libnss_compat-2.23.so
7fc382edf000-7fc382f1f000 rw-p 00000000 00:00 0 
7fc382f1f000-7fc382f2b000 r-xp 00000000 fd:00 782063                     /usr/lib/python2.7/lib-dynload/_json.x86_64-linux-gnu.so
7fc382f2b000-7fc38312a000 ---p 0000c000 fd:00 782063                     /usr/lib/python2.7/lib-dynload/_json.x86_64-linux-gnu.so
7fc38312a000-7fc38312b000 r--p 0000b000 fd:00 782063                     /usr/lib/python2.7/lib-dynload/_json.x86_64-linux-gnu.so
7fc38312b000-7fc38312c000 rw-p 0000c000 fd:00 782063                     /usr/lib/python2.7/lib-dynload/_json.x86_64-linux-gnu.so
7fc38312c000-7fc3832ec000 rw-p 00000000 00:00 0 
7fc3832ec000-7fc3832f2000 r-xp 00000000 fd:00 782079                     /usr/lib/python2.7/lib-dynload/_multiprocessing.x86_64-linux-gnu.so
7fc3832f2000-7fc3834f1000 ---p 00006000 fd:00 782079                     /usr/lib/python2.7/lib-dynload/_multiprocessing.x86_64-linux-gnu.so
7fc3834f1000-7fc3834f2000 r--p 00005000 fd:00 782079                     /usr/lib/python2.7/lib-dynload/_multiprocessing.x86_64-linux-gnu.so
7fc3834f2000-7fc3834f3000 rw-p 00006000 fd:00 782079                     /usr/lib/python2.7/lib-dynload/_multiprocessing.x86_64-linux-gnu.so
7fc3834f3000-7fc383533000 rw-p 00000000 00:00 0 
7fc383533000-7fc383591000 r-xp 00000000 fd:00 917584                     /lib/x86_64-linux-gnu/libssl.so.1.0.0
7fc383591000-7fc383791000 ---p 0005e000 fd:00 917584                     /lib/x86_64-linux-gnu/libssl.so.1.0.0
7fc383791000-7fc383795000 r--p 0005e000 fd:00 917584                     /lib/x86_64-linux-gnu/libssl.so.1.0.0
7fc383795000-7fc38379c000 rw-p 00062000 fd:00 917584                     /lib/x86_64-linux-gnu/libssl.so.1.0.0
7fc38379c000-7fc3837b1000 r-xp 00000000 fd:00 782059                     /usr/lib/python2.7/lib-dynload/_ssl.x86_64-linux-gnu.so
7fc3837b1000-7fc3839b0000 ---p 00015000 fd:00 782059                     /usr/lib/python2.7/lib-dynload/_ssl.x86_64-linux-gnu.so
7fc3839b0000-7fc3839b1000 r--p 00014000 fd:00 782059                     /usr/lib/python2.7/lib-dynload/_ssl.x86_64-linux-gnu.so
7fc3839b1000-7fc3839b5000 rw-p 00015000 fd:00 782059                     /usr/lib/python2.7/lib-dynload/_ssl.x86_64-linux-gnu.so
7fc3839b5000-7fc383cf5000 rw-p 00000000 00:00 0 
7fc383cf5000-7fc383dae000 r-xp 00000000 fd:00 864136                     /usr/local/lib/python2.7/dist-packages/numpy/random/mtrand.so
7fc383dae000-7fc383fae000 ---p 000b9000 fd:00 864136                     /usr/local/lib/python2.7/dist-packages/numpy/random/mtrand.so
7fc383fae000-7fc383fd3000 rw-p 000b9000 fd:00 864136                     /usr/local/lib/python2.7/dist-packages/numpy/random/mtrand.so
7fc383fd3000-7fc384015000 rw-p 00000000 00:00 0 
7fc384015000-7fc38401e000 r-xp 00000000 fd:00 863981                     /usr/local/lib/python2.7/dist-packages/numpy/fft/fftpack_lite.so
7fc38401e000-7fc38421d000 ---p 00009000 fd:00 863981                     /usr/local/lib/python2.7/dist-packages/numpy/fft/fftpack_lite.so
7fc38421d000-7fc38421e000 rw-p 00008000 fd:00 863981                     /usr/local/lib/python2.7/dist-packages/numpy/fft/fftpack_lite.so
7fc38421e000-7fc38425e000 rw-p 00000000 00:00 0 
7fc38425e000-7fc38425f000 r-xp 00000000 fd:00 782064                     /usr/lib/python2.7/lib-dynload/future_builtins.x86_64-linux-gnu.so
7fc38425f000-7fc38445e000 ---p 00001000 fd:00 782064                     /usr/lib/python2.7/lib-dynload/future_builtins.x86_64-linux-gnu.so
7fc38445e000-7fc38445f000 r--p 00000000 fd:00 782064                     /usr/lib/python2.7/lib-dynload/future_builtins.x86_64-linux-gnu.so
7fc38445f000-7fc384460000 rw-p 00001000 fd:00 782064                     /usr/lib/python2.7/lib-dynload/future_builtins.x86_64-linux-gnu.so
7fc384460000-7fc384489000 r-xp 00000000 fd:00 864402                     /usr/local/lib/python2.7/dist-packages/numpy/linalg/_umath_linalg.so
7fc384489000-7fc384688000 ---p 00029000 fd:00 864402                     /usr/local/lib/python2.7/dist-packages/numpy/linalg/_umath_linalg.so
7fc384688000-7fc38468a000 rw-p 00028000 fd:00 864402                     /usr/local/lib/python2.7/dist-packages/numpy/linalg/_umath_linalg.so
7fc38468a000-7fc38468d000 rw-p 000c7000 fd:00 864402                     /usr/local/lib/python2.7/dist-packages/numpy/linalg/_umath_linalg.so
7fc38468d000-7fc384691000 r-xp 00000000 fd:00 864408                     /usr/local/lib/python2.7/dist-packages/numpy/linalg/lapack_lite.so
7fc384691000-7fc384891000 ---p 00004000 fd:00 864408                     /usr/local/lib/python2.7/dist-packages/numpy/linalg/lapack_lite.so
7fc384891000-7fc384892000 rw-p 00004000 fd:00 864408                     /usr/local/lib/python2.7/dist-packages/numpy/linalg/lapack_lite.so
7fc384892000-7fc384894000 rw-p 00019000 fd:00 864408                     /usr/local/lib/python2.7/dist-packages/numpy/linalg/lapack_lite.so
7fc384894000-7fc384914000 rw-p 00000000 00:00 0 
7fc384914000-7fc384b2e000 r-xp 00000000 fd:00 917583                     /lib/x86_64-linux-gnu/libcrypto.so.1.0.0
7fc384b2e000-7fc384d2d000 ---p 0021a000 fd:00 917583                     /lib/x86_64-linux-gnu/libcrypto.so.1.0.0
7fc384d2d000-7fc384d49000 r--p 00219000 fd:00 917583                     /lib/x86_64-linux-gnu/libcrypto.so.1.0.0
7fc384d49000-7fc384d55000 rw-p 00235000 fd:00 917583                     /lib/x86_64-linux-gnu/libcrypto.so.1.0.0
7fc384d55000-7fc384d58000 rw-p 00000000 00:00 0 
7fc384d58000-7fc384d5e000 r-xp 00000000 fd:00 782080                     /usr/lib/python2.7/lib-dynload/_hashlib.x86_64-linux-gnu.so
7fc384d5e000-7fc384f5d000 ---p 00006000 fd:00 782080                     /usr/lib/python2.7/lib-dynload/_hashlib.x86_64-linux-gnu.so
7fc384f5d000-7fc384f5e000 r--p 00005000 fd:00 782080                     /usr/lib/python2.7/lib-dynload/_hashlib.x86_64-linux-gnu.so
7fc384f5e000-7fc384f5f000 rw-p 00006000 fd:00 782080                     /usr/lib/python2.7/lib-dynload/_hashlib.x86_64-linux-gnu.so
7fc384f5f000-7fc3851a0000 rw-p 00000000 00:00 0 
7fc3851a0000-7fc3851a7000 r-xp 00000000 fd:00 663437                     /usr/lib/x86_64-linux-gnu/libffi.so.6.0.4
7fc3851a7000-7fc3853a6000 ---p 00007000 fd:00 663437                     /usr/lib/x86_64-linux-gnu/libffi.so.6.0.4
7fc3853a6000-7fc3853a7000 r--p 00006000 fd:00 663437                     /usr/lib/x86_64-linux-gnu/libffi.so.6.0.4
7fc3853a7000-7fc3853a8000 rw-p 00007000 fd:00 663437                     /usr/lib/x86_64-linux-gnu/libffi.so.6.0.4
7fc3853a8000-7fc3853c6000 r-xp 00000000 fd:00 782058                     /usr/lib/python2.7/lib-dynload/_ctypes.x86_64-linux-gnu.so
7fc3853c6000-7fc3855c5000 ---p 0001e000 fd:00 782058                     /usr/lib/python2.7/lib-dynload/_ctypes.x86_64-linux-gnu.so
7fc3855c5000-7fc3855c6000 r--p 0001d000 fd:00 782058                     /usr/lib/python2.7/lib-dynload/_ctypes.x86_64-linux-gnu.so
7fc3855c6000-7fc3855ca000 rw-p 0001e000 fd:00 782058                     /usr/lib/python2.7/lib-dynload/_ctypes.x86_64-linux-gnu.so
7fc3855ca000-7fc385762000 r-xp 00000000 fd:00 864188                     /usr/local/lib/python2.7/dist-packages/numpy/core/umath.so
7fc385762000-7fc385962000 ---p 00198000 fd:00 864188                     /usr/local/lib/python2.7/dist-packages/numpy/core/umath.so
7fc385962000-7fc385968000 rw-p 00198000 fd:00 864188                     /usr/local/lib/python2.7/dist-packages/numpy/core/umath.so
7fc385968000-7fc3859aa000 rw-p 00000000 00:00 0 
7fc3859aa000-7fc3879aa000 rw-p 00000000 00:00 0 
7fc3879aa000-7fc3879ab000 ---p 00000000 00:00 0 
7fc3879ab000-7fc3881ab000 rw-p 00000000 00:00 0 
7fc3881ab000-7fc38829b000 r-xp 00000000 fd:00 864434                     /usr/local/lib/python2.7/dist-packages/numpy/.libs/libgfortran-ed201abd.so.3.0.0
7fc38829b000-7fc38849a000 ---p 000f0000 fd:00 864434                     /usr/local/lib/python2.7/dist-packages/numpy/.libs/libgfortran-ed201abd.so.3.0.0
7fc38849a000-7fc38849c000 rw-p 000ef000 fd:00 864434                     /usr/local/lib/python2.7/dist-packages/numpy/.libs/libgfortran-ed201abd.so.3.0.0
7fc38849c000-7fc38849d000 rw-p 00000000 00:00 0 
7fc38849d000-7fc3884a5000 rw-p 000f2000 fd:00 864434                     /usr/local/lib/python2.7/dist-packages/numpy/.libs/libgfortran-ed201abd.so.3.0.0
7fc3884a5000-7fc38a7b9000 r-xp 00000000 fd:00 864433                     /usr/local/lib/python2.7/dist-packages/numpy/.libs/libopenblasp-r0-39a31c03.2.18.so
7fc38a7b9000-7fc38a9b8000 ---p 02314000 fd:00 864433                     /usr/local/lib/python2.7/dist-packages/numpy/.libs/libopenblasp-r0-39a31c03.2.18.so
7fc38a9b8000-7fc38a9d7000 rw-p 02313000 fd:00 864433                     /usr/local/lib/python2.7/dist-packages/numpy/.libs/libopenblasp-r0-39a31c03.2.18.so
7fc38a9d7000-7fc38aa3a000 rw-p 00000000 00:00 0 
7fc38aa3a000-7fc38aad0000 rw-p 02425000 fd:00 864433                     /usr/local/lib/python2.7/dist-packages/numpy/.libs/libopenblasp-r0-39a31c03.2.18.so
7fc38aad0000-7fc38ac9d000 r-xp 00000000 fd:00 864185                     /usr/local/lib/python2.7/dist-packages/numpy/core/multiarray.so
7fc38ac9d000-7fc38ae9c000 ---p 001cd000 fd:00 864185                     /usr/local/lib/python2.7/dist-packages/numpy/core/multiarray.so
7fc38ae9c000-7fc38aeac000 rw-p 001cc000 fd:00 864185                     /usr/local/lib/python2.7/dist-packages/numpy/core/multiarray.so
7fc38aeac000-7fc38aebf000 rw-p 00000000 00:00 0 
7fc38aebf000-7fc38aec5000 rw-p 00920000 fd:00 864185                     /usr/local/lib/python2.7/dist-packages/numpy/core/multiarray.so
7fc38aec5000-7fc38af05000 rw-p 00000000 00:00 0 
7fc38af05000-7fc38af0c000 r-xp 00000000 fd:00 949459                     /lib/x86_64-linux-gnu/librt-2.23.so
7fc38af0c000-7fc38b10b000 ---p 00007000 fd:00 949459                     /lib/x86_64-linux-gnu/librt-2.23.so
7fc38b10b000-7fc38b10c000 r--p 00006000 fd:00 949459                     /lib/x86_64-linux-gnu/librt-2.23.so
7fc38b10c000-7fc38b10d000 rw-p 00007000 fd:00 949459                     /lib/x86_64-linux-gnu/librt-2.23.so
7fc38b10d000-7fc38b16a000 r-xp 00000000 fd:00 678876                     /usr/lib/x86_64-linux-gnu/libsodium.so.18.0.1
7fc38b16a000-7fc38b369000 ---p 0005d000 fd:00 678876                     /usr/lib/x86_64-linux-gnu/libsodium.so.18.0.1
7fc38b369000-7fc38b36a000 r--p 0005c000 fd:00 678876                     /usr/lib/x86_64-linux-gnu/libsodium.so.18.0.1
7fc38b36a000-7fc38b36b000 rw-p 0005d000 fd:00 678876                     /usr/lib/x86_64-linux-gnu/libsodium.so.18.0.1
7fc38b36b000-7fc38ba49000 r-xp 00000000 fd:00 680045                     /usr/lib/libCOS4.so.1.6
7fc38ba49000-7fc38bc48000 ---p 006de000 fd:00 680045                     /usr/lib/libCOS4.so.1.6
7fc38bc48000-7fc38bdda000 r--p 006dd000 fd:00 680045                     /usr/lib/libCOS4.so.1.6
7fc38bdda000-7fc38bde1000 rw-p 0086f000 fd:00 680045                     /usr/lib/libCOS4.so.1.6
7fc38bde1000-7fc38bde3000 rw-p 00000000 00:00 0 
7fc38bde3000-7fc38be45000 r-xp 00000000 fd:00 678878                     /usr/lib/x86_64-linux-gnu/libzmq.so.5.0.0
7fc38be45000-7fc38c044000 ---p 00062000 fd:00 678878                     /usr/lib/x86_64-linux-gnu/libzmq.so.5.0.0
7fc38c044000-7fc38c048000 r--p 00061000 fd:00 678878                     /usr/lib/x86_64-linux-gnu/libzmq.so.5.0.0
7fc38c048000-7fc38c049000 rw-p 00065000 fd:00 678878                     /usr/lib/x86_64-linux-gnu/libzmq.so.5.0.0
7fc38c049000-7fc38c05f000 r-xp 00000000 fd:00 918030                     /lib/x86_64-linux-gnu/libgcc_s.so.1
7fc38c05f000-7fc38c25e000 ---p 00016000 fd:00 918030                     /lib/x86_64-linux-gnu/libgcc_s.so.1
7fc38c25e000-7fc38c25f000 rw-p 00015000 fd:00 918030                     /lib/x86_64-linux-gnu/libgcc_s.so.1
7fc38c25f000-7fc38c3d1000 r-xp 00000000 fd:00 654649                     /usr/lib/x86_64-linux-gnu/libstdc++.so.6.0.21
7fc38c3d1000-7fc38c5d1000 ---p 00172000 fd:00 654649                     /usr/lib/x86_64-linux-gnu/libstdc++.so.6.0.21
7fc38c5d1000-7fc38c5db000 r--p 00172000 fd:00 654649                     /usr/lib/x86_64-linux-gnu/libstdc++.so.6.0.21
7fc38c5db000-7fc38c5dd000 rw-p 0017c000 fd:00 654649                     /usr/lib/x86_64-linux-gnu/libstdc++.so.6.0.21
7fc38c5dd000-7fc38c5e1000 rw-p 00000000 00:00 0 
7fc38c5e1000-7fc38c5f8000 r-xp 00000000 fd:00 680511                     /usr/local/lib/liblog4tango.so.5.0.1
7fc38c5f8000-7fc38c7f8000 ---p 00017000 fd:00 680511                     /usr/local/lib/liblog4tango.so.5.0.1
7fc38c7f8000-7fc38c7f9000 r--p 00017000 fd:00 680511                     /usr/local/lib/liblog4tango.so.5.0.1
7fc38c7f9000-7fc38c7fa000 rw-p 00018000 fd:00 680511                     /usr/local/lib/liblog4tango.so.5.0.1
7fc38c7fa000-7fc38c7ff000 r-xp 00000000 fd:00 677872                     /usr/lib/libomnithread.so.3.4
7fc38c7ff000-7fc38c9fe000 ---p 00005000 fd:00 677872                     /usr/lib/libomnithread.so.3.4
7fc38c9fe000-7fc38c9ff000 r--p 00004000 fd:00 677872                     /usr/lib/libomnithread.so.3.4
7fc38c9ff000-7fc38ca00000 rw-p 00005000 fd:00 677872                     /usr/lib/libomnithread.so.3.4
7fc38ca00000-7fc38cb8a000 r-xp 00000000 fd:00 679991                     /usr/lib/libomniORB4.so.1.6
7fc38cb8a000-7fc38cd8a000 ---p 0018a000 fd:00 679991                     /usr/lib/libomniORB4.so.1.6
7fc38cd8a000-7fc38cd9d000 r--p 0018a000 fd:00 679991                     /usr/lib/libomniORB4.so.1.6
7fc38cd9d000-7fc38cda1000 rw-p 0019d000 fd:00 679991                     /usr/lib/libomniORB4.so.1.6
7fc38cda1000-7fc38cda4000 rw-p 00000000 00:00 0 
7fc38cda4000-7fc38cff6000 r-xp 00000000 fd:00 680037                     /usr/lib/libomniDynamic4.so.1.6
7fc38cff6000-7fc38d1f5000 ---p 00252000 fd:00 680037                     /usr/lib/libomniDynamic4.so.1.6
7fc38d1f5000-7fc38d265000 r--p 00251000 fd:00 680037                     /usr/lib/libomniDynamic4.so.1.6
7fc38d265000-7fc38d269000 rw-p 002c1000 fd:00 680037                     /usr/lib/libomniDynamic4.so.1.6
7fc38d269000-7fc38d26a000 rw-p 00000000 00:00 0 
7fc38d26a000-7fc38d2b3000 r-xp 00000000 fd:00 691765                     /usr/lib/x86_64-linux-gnu/libboost_python-py27.so.1.58.0
7fc38d2b3000-7fc38d4b3000 ---p 00049000 fd:00 691765                     /usr/lib/x86_64-linux-gnu/libboost_python-py27.so.1.58.0
7fc38d4b3000-7fc38d4b4000 r--p 00049000 fd:00 691765                     /usr/lib/x86_64-linux-gnu/libboost_python-py27.so.1.58.0
7fc38d4b4000-7fc38d4b6000 rw-p 0004a000 fd:00 691765                     /usr/lib/x86_64-linux-gnu/libboost_python-py27.so.1.58.0
7fc38d4b6000-7fc38dab6000 r-xp 00000000 fd:00 680670                     /usr/local/lib/libtango.so.9.2.5
7fc38dab6000-7fc38dcb6000 ---p 00600000 fd:00 680670                     /usr/local/lib/libtango.so.9.2.5
7fc38dcb6000-7fc38dce4000 r--p 00600000 fd:00 680670                     /usr/local/lib/libtango.so.9.2.5
7fc38dce4000-7fc38dced000 rw-p 0062e000 fd:00 680670                     /usr/local/lib/libtango.so.9.2.5
7fc38dced000-7fc38dcf0000 rw-p 00000000 00:00 0 
7fc38dcf0000-7fc38e46c000 r-xp 00000000 fd:00 692438                     /usr/local/lib/python2.7/dist-packages/tango/_tango.so
7fc38e46c000-7fc38e66c000 ---p 0077c000 fd:00 692438                     /usr/local/lib/python2.7/dist-packages/tango/_tango.so
7fc38e66c000-7fc38e6a4000 r--p 0077c000 fd:00 692438                     /usr/local/lib/python2.7/dist-packages/tango/_tango.so
7fc38e6a4000-7fc38e6c0000 rw-p 007b4000 fd:00 692438                     /usr/local/lib/python2.7/dist-packages/tango/_tango.so
7fc38e6c0000-7fc38e6c4000 rw-p 00000000 00:00 0 
7fc38e6c4000-7fc38eacd000 r--p 00000000 fd:00 652827                     /usr/lib/locale/locale-archive
7fc38eacd000-7fc38ebd5000 r-xp 00000000 fd:00 920919                     /lib/x86_64-linux-gnu/libm-2.23.so
7fc38ebd5000-7fc38edd4000 ---p 00108000 fd:00 920919                     /lib/x86_64-linux-gnu/libm-2.23.so
7fc38edd4000-7fc38edd5000 r--p 00107000 fd:00 920919                     /lib/x86_64-linux-gnu/libm-2.23.so
7fc38edd5000-7fc38edd6000 rw-p 00108000 fd:00 920919                     /lib/x86_64-linux-gnu/libm-2.23.so
7fc38edd6000-7fc38edef000 r-xp 00000000 fd:00 918183                     /lib/x86_64-linux-gnu/libz.so.1.2.8
7fc38edef000-7fc38efee000 ---p 00019000 fd:00 918183                     /lib/x86_64-linux-gnu/libz.so.1.2.8
7fc38efee000-7fc38efef000 r--p 00018000 fd:00 918183                     /lib/x86_64-linux-gnu/libz.so.1.2.8
7fc38efef000-7fc38eff0000 rw-p 00019000 fd:00 918183                     /lib/x86_64-linux-gnu/libz.so.1.2.8
7fc38eff0000-7fc38eff2000 r-xp 00000000 fd:00 948158                     /lib/x86_64-linux-gnu/libutil-2.23.so
7fc38eff2000-7fc38f1f1000 ---p 00002000 fd:00 948158                     /lib/x86_64-linux-gnu/libutil-2.23.so
7fc38f1f1000-7fc38f1f2000 r--p 00001000 fd:00 948158                     /lib/x86_64-linux-gnu/libutil-2.23.so
7fc38f1f2000-7fc38f1f3000 rw-p 00002000 fd:00 948158                     /lib/x86_64-linux-gnu/libutil-2.23.so
7fc38f1f3000-7fc38f1f6000 r-xp 00000000 fd:00 948111                     /lib/x86_64-linux-gnu/libdl-2.23.so
7fc38f1f6000-7fc38f3f5000 ---p 00003000 fd:00 948111                     /lib/x86_64-linux-gnu/libdl-2.23.so
7fc38f3f5000-7fc38f3f6000 r--p 00002000 fd:00 948111                     /lib/x86_64-linux-gnu/libdl-2.23.so
7fc38f3f6000-7fc38f3f7000 rw-p 00003000 fd:00 948111                     /lib/x86_64-linux-gnu/libdl-2.23.so
7fc38f3f7000-7fc38f5b7000 r-xp 00000000 fd:00 948050                     /lib/x86_64-linux-gnu/libc-2.23.so
7fc38f5b7000-7fc38f7b7000 ---p 001c0000 fd:00 948050                     /lib/x86_64-linux-gnu/libc-2.23.so
7fc38f7b7000-7fc38f7bb000 r--p 001c0000 fd:00 948050                     /lib/x86_64-linux-gnu/libc-2.23.so
7fc38f7bb000-7fc38f7bd000 rw-p 001c4000 fd:00 948050                     /lib/x86_64-linux-gnu/libc-2.23.so
7fc38f7bd000-7fc38f7c1000 rw-p 00000000 00:00 0 
7fc38f7c1000-7fc38f7d9000 r-xp 00000000 fd:00 948047                     /lib/x86_64-linux-gnu/libpthread-2.23.so
7fc38f7d9000-7fc38f9d8000 ---p 00018000 fd:00 948047                     /lib/x86_64-linux-gnu/libpthread-2.23.so
7fc38f9d8000-7fc38f9d9000 r--p 00017000 fd:00 948047                     /lib/x86_64-linux-gnu/libpthread-2.23.so
7fc38f9d9000-7fc38f9da000 rw-p 00018000 fd:00 948047                     /lib/x86_64-linux-gnu/libpthread-2.23.so
7fc38f9da000-7fc38f9de000 rw-p 00000000 00:00 0 
7fc38f9de000-7fc38fa04000 r-xp 00000000 fd:00 920921                     /lib/x86_64-linux-gnu/ld-2.23.so
7fc38fa09000-7fc38fa0b000 r--s 00008000 fd:00 799646                     /home/tango-cs/OmniDriverSPAM/OOI_HOME/UniUSB.jar
7fc38fa0b000-7fc38fa0d000 r--s 00006000 fd:00 800412                     /home/tango-cs/OmniDriverSPAM/OOI_HOME/OOIUtils.jar
7fc38fa0d000-7fc38fa14000 r--s 00036000 fd:00 799647                     /home/tango-cs/OmniDriverSPAM/OOI_HOME/xstream-1.1.2.jar
7fc38fa14000-7fc38fa2f000 r--s 00394000 fd:00 676862                     /usr/lib/jvm/java-8-openjdk-amd64/jre/lib/ext/cldrdata.jar
7fc38fa2f000-7fc38faef000 rw-p 00000000 00:00 0 
7fc38faef000-7fc38faf1000 r--s 00005000 fd:00 800414                     /home/tango-cs/OmniDriverSPAM/OOI_HOME/xpp3_min-1.1.3.4.M.jar
7fc38faf1000-7fc38faf6000 r--s 0005e000 fd:00 825293                     /home/tango-cs/OmniDriverSPAM/OOI_HOME/SPAM.jar
7fc38faf6000-7fc38faf9000 r--s 0000f000 fd:00 676864                     /usr/lib/jvm/java-8-openjdk-amd64/jre/lib/ext/icedtea-sound.jar
7fc38faf9000-7fc38fb03000 r--s 00116000 fd:00 676867                     /usr/lib/jvm/java-8-openjdk-amd64/jre/lib/ext/localedata.jar
7fc38fb03000-7fc38fb05000 r--s 00001000 fd:00 676860                     /usr/lib/jvm/java-8-openjdk-amd64/jre/lib/ext/dnsns.jar
7fc38fb05000-7fc38fb20000 r--s 001d6000 fd:00 676865                     /usr/lib/jvm/java-8-openjdk-amd64/jre/lib/ext/nashorn.jar
7fc38fb20000-7fc38fbe5000 rw-p 00000000 00:00 0 
7fc38fbe5000-7fc38fbe6000 r--s 00002000 fd:00 800413                     /home/tango-cs/OmniDriverSPAM/OOI_HOME/HighResTiming.jar
7fc38fbe6000-7fc38fbe7000 r--s 0000a000 fd:00 676866                     /usr/lib/jvm/java-8-openjdk-amd64/jre/lib/ext/jaccess.jar
7fc38fbe7000-7fc38fbed000 r--s 0003b000 fd:00 676863                     /usr/lib/jvm/java-8-openjdk-amd64/jre/lib/ext/sunjce_provider.jar
7fc38fbed000-7fc38fbf0000 r--s 00038000 fd:00 676861                     /usr/lib/jvm/java-8-openjdk-amd64/jre/lib/ext/sunpkcs11.jar
7fc38fbf0000-7fc38fbf2000 r--s 00008000 fd:00 676858                     /usr/lib/jvm/java-8-openjdk-amd64/jre/lib/ext/sunec.jar
7fc38fbf2000-7fc38fbf3000 r--s 00010000 fd:00 676859                     /usr/lib/jvm/java-8-openjdk-amd64/jre/lib/ext/zipfs.jar
7fc38fbf3000-7fc38fbf8000 rw-p 00000000 00:00 0 
7fc38fbf8000-7fc38fc00000 rw-s 00000000 fd:00 424585                     /tmp/hsperfdata_tango-cs/5506
7fc38fc00000-7fc38fc01000 rw-p 00000000 00:00 0 
7fc38fc01000-7fc38fc02000 r--p 00000000 00:00 0 
7fc38fc02000-7fc38fc03000 rwxp 00000000 00:00 0 
7fc38fc03000-7fc38fc04000 r--p 00025000 fd:00 920921                     /lib/x86_64-linux-gnu/ld-2.23.so
7fc38fc04000-7fc38fc05000 rw-p 00026000 fd:00 920921                     /lib/x86_64-linux-gnu/ld-2.23.so
7fc38fc05000-7fc38fc06000 rw-p 00000000 00:00 0 
7ffd6f216000-7ffd6f219000 ---p 00000000 00:00 0 
7ffd6f219000-7ffd6f316000 rw-p 00000000 00:00 0                          [stack]
7ffd6f3e1000-7ffd6f3e4000 r--p 00000000 00:00 0                          [vvar]
7ffd6f3e4000-7ffd6f3e6000 r-xp 00000000 00:00 0                          [vdso]
ffffffffff600000-ffffffffff601000 r-xp 00000000 00:00 0                  [vsyscall]

VM Arguments:
jvm_args: -Djava.library.path=/home/tango-cs/OmniDriverSPAM/OOI_HOME:/home/tango-cs/OmniDriverSPAM/_jvm/lib/i386:/home/tango-cs/OmniDriverSPAM/_jvm/lib/i386/client -Xmx250m 
java_command: <unknown>
java_class_path (initial): /home/tango-cs/OmniDriverSPAM/OOI_HOME/OmniDriver.jar:/home/tango-cs/OmniDriverSPAM/OOI_HOME/SPAM.jar
Launcher Type: generic

Environment Variables:
JAVA_HOME=/home/tango-cs/OmniDriverSPAM/_jvm
PATH=/home/tango-cs/OmniDriverSPAM/_jvm/bin
LD_LIBRARY_PATH=/home/tango-cs/OmniDriverSPAM/_jvm/lib/i386:/home/tango-cs/OmniDriverSPAM/_jvm/lib/i386/client
SHELL=/bin/bash
DISPLAY=:0

Signal Handlers:
SIGSEGV: [libjvm.so+0xa6e6f0], sa_mask[0]=11111111011111111101111111111110, sa_flags=SA_RESTART|SA_SIGINFO
SIGBUS: [libjvm.so+0xa6e6f0], sa_mask[0]=11111111011111111101111111111110, sa_flags=SA_RESTART|SA_SIGINFO
SIGFPE: [libjvm.so+0x8b5d50], sa_mask[0]=11111111011111111101111111111110, sa_flags=SA_RESTART|SA_SIGINFO
SIGPIPE: [libjvm.so+0x8b5d50], sa_mask[0]=11111111011111111101111111111110, sa_flags=SA_RESTART|SA_SIGINFO
SIGXFSZ: [libjvm.so+0x8b5d50], sa_mask[0]=11111111011111111101111111111110, sa_flags=SA_RESTART|SA_SIGINFO
SIGILL: [libjvm.so+0x8b5d50], sa_mask[0]=11111111011111111101111111111110, sa_flags=SA_RESTART|SA_SIGINFO
SIGUSR1: SIG_DFL, sa_mask[0]=00000000000000000000000000000000, sa_flags=none
SIGUSR2: [libjvm.so+0x8b5c00], sa_mask[0]=11100000000001111100111111111100, sa_flags=SA_RESTART|SA_SIGINFO
SIGHUP: [libjvm.so+0x8b60d0], sa_mask[0]=11111111011111111101111111111110, sa_flags=SA_RESTART|SA_SIGINFO
SIGINT: [libjvm.so+0x8b60d0], sa_mask[0]=11111111011111111101111111111110, sa_flags=SA_RESTART|SA_SIGINFO
SIGTERM: [libjvm.so+0x8b60d0], sa_mask[0]=11111111011111111101111111111110, sa_flags=SA_RESTART|SA_SIGINFO
SIGQUIT: [libjvm.so+0x8b60d0], sa_mask[0]=11111111011111111101111111111110, sa_flags=SA_RESTART|SA_SIGINFO


---------------  S Y S T E M  ---------------

OS:DISTRIB_ID=Ubuntu
DISTRIB_RELEASE=16.04
DISTRIB_CODENAME=xenial
DISTRIB_DESCRIPTION="Ubuntu 16.04.3 LTS"

uname:Linux 4.15.0-29-generic #31~16.04.1-Ubuntu SMP Wed Jul 18 08:54:04 UTC 2018 x86_64
libc:glibc 2.23 NPTL 2.23 
rlimit: STACK 8192k, CORE 0k, NPROC 15548, NOFILE 1048576, AS infinity
load average:0.23 0.31 0.18

/proc/meminfo:
MemTotal:        4039536 kB
MemFree:         1304644 kB
MemAvailable:    1979040 kB
Buffers:           71180 kB
Cached:           792872 kB
SwapCached:            0 kB
Active:          2073012 kB
Inactive:         433688 kB
Active(anon):    1644252 kB
Inactive(anon):    32392 kB
Active(file):     428760 kB
Inactive(file):   401296 kB
Unevictable:          32 kB
Mlocked:              32 kB
SwapTotal:       2097148 kB
SwapFree:        2097148 kB
Dirty:               224 kB
Writeback:             0 kB
AnonPages:       1642724 kB
Mapped:           336560 kB
Shmem:             34000 kB
Slab:             155608 kB
SReclaimable:      94844 kB
SUnreclaim:        60764 kB
KernelStack:       10896 kB
PageTables:        34244 kB
NFS_Unstable:          0 kB
Bounce:                0 kB
WritebackTmp:          0 kB
CommitLimit:     4116916 kB
Committed_AS:    6389756 kB
VmallocTotal:   34359738367 kB
VmallocUsed:           0 kB
VmallocChunk:          0 kB
HardwareCorrupted:     0 kB
AnonHugePages:      2048 kB
ShmemHugePages:        0 kB
ShmemPmdMapped:        0 kB
CmaTotal:              0 kB
CmaFree:               0 kB
HugePages_Total:       0
HugePages_Free:        0
HugePages_Rsvd:        0
HugePages_Surp:        0
Hugepagesize:       2048 kB
DirectMap4k:      145344 kB
DirectMap2M:     4048896 kB


CPU:total 2 (initial active 2) (2 cores per cpu, 1 threads per core) family 6 model 60 stepping 3, cmov, cx8, fxsr, mmx, sse, sse2, sse3, ssse3, sse4.1, sse4.2, popcnt, avx, avx2, aes, clmul, lzcnt, tsc, tscinvbit

/proc/cpuinfo:
processor	: 0
vendor_id	: GenuineIntel
cpu family	: 6
model		: 60
model name	: Intel(R) Core(TM) i7-4810MQ CPU @ 2.80GHz
stepping	: 3
cpu MHz		: 2793.544
cache size	: 6144 KB
physical id	: 0
siblings	: 2
core id		: 0
cpu cores	: 2
apicid		: 0
initial apicid	: 0
fpu		: yes
fpu_exception	: yes
cpuid level	: 13
wp		: yes
flags		: fpu vme de pse tsc msr pae mce cx8 apic sep mtrr pge mca cmov pat pse36 clflush mmx fxsr sse sse2 ht syscall nx rdtscp lm constant_tsc rep_good nopl xtopology nonstop_tsc cpuid pni pclmulqdq ssse3 cx16 pcid sse4_1 sse4_2 x2apic movbe popcnt aes xsave avx rdrand hypervisor lahf_lm abm invpcid_single pti fsgsbase avx2 invpcid
bugs		: cpu_meltdown spectre_v1 spectre_v2 spec_store_bypass
bogomips	: 5587.08
clflush size	: 64
cache_alignment	: 64
address sizes	: 39 bits physical, 48 bits virtual
power management:

processor	: 1
vendor_id	: GenuineIntel
cpu family	: 6
model		: 60
model name	: Intel(R) Core(TM) i7-4810MQ CPU @ 2.80GHz
stepping	: 3
cpu MHz		: 2793.544
cache size	: 6144 KB
physical id	: 0
siblings	: 2
core id		: 1
cpu cores	: 2
apicid		: 1
initial apicid	: 1
fpu		: yes
fpu_exception	: yes
cpuid level	: 13
wp		: yes
flags		: fpu vme de pse tsc msr pae mce cx8 apic sep mtrr pge mca cmov pat pse36 clflush mmx fxsr sse sse2 ht syscall nx rdtscp lm constant_tsc rep_good nopl xtopology nonstop_tsc cpuid pni pclmulqdq ssse3 cx16 pcid sse4_1 sse4_2 x2apic movbe popcnt aes xsave avx rdrand hypervisor lahf_lm abm invpcid_single pti fsgsbase avx2 invpcid
bugs		: cpu_meltdown spectre_v1 spectre_v2 spec_store_bypass
bogomips	: 5587.08
clflush size	: 64
cache_alignment	: 64
address sizes	: 39 bits physical, 48 bits virtual
power management:



Memory: 4k page, physical 4039536k(1304644k free), swap 2097148k(2097148k free)

vm_info: OpenJDK 64-Bit Server VM (25.171-b11) for linux-amd64 JRE (1.8.0_171-8u171-b11-0ubuntu0.16.04.1-b11), built on Apr 27 2018 17:19:03 by "buildd" with gcc 5.4.0 20160609

time: Wed Aug  1 11:55:49 2018
elapsed time: 7 seconds (0d 0h 0m 7s)

