#
# A fatal error has been detected by the Java Runtime Environment:
#
#  SIGSEGV (0xb) at pc=0x00007f7c6fb79746, pid=9321, tid=0x00007f7c13fff700
#
# JRE version: OpenJDK Runtime Environment (8.0_171-b11) (build 1.8.0_171-8u171-b11-0ubuntu0.16.04.1-b11)
# Java VM: OpenJDK 64-Bit Server VM (25.171-b11 mixed mode linux-amd64 compressed oops)
# Problematic frame:
# C  [libc.so.6+0x8b746]  strlen+0x26
#
# Failed to write core dump. Core dumps have been disabled. To enable core dumping, try "ulimit -c unlimited" before starting Java again
#
# If you would like to submit a bug report, please visit:
#   http://bugreport.java.com/bugreport/crash.jsp
#

---------------  T H R E A D  ---------------

Current thread is native thread

siginfo: si_signo: 11 (SIGSEGV), si_code: 1 (SEGV_MAPERR), si_addr: 0x000000000c098450

Registers:
RAX=0x000000000c098450, RBX=0x00007f7c635f00e0, RCX=0x0000000000000450, RDX=0x00007f7c65cbe9c0
RSP=0x00007f7c13ffce08, RBP=0x00007f7c6608b5a8, RSI=0x0000000000000008, RDI=0x000000000c098450
R8 =0x000000000000002a, R9 =0x00000000004da850, R10=0x00007f7c63844bb0, R11=0x0000000000000004
R12=0x000000000c098450, R13=0x00007f7c63948ea0, R14=0x00000000022ff650, R15=0x00007f7c635f00e0
RIP=0x00007f7c6fb79746, EFLAGS=0x0000000000010297, CSGSFS=0x002b000000000033, ERR=0x0000000000000004
  TRAPNO=0x000000000000000e

Top of Stack: (sp=0x00007f7c13ffce08)
0x00007f7c13ffce08:   000000000049f300 0000000000902960
0x00007f7c13ffce18:   b9b283a218fba500 00007f7c635f00e0
0x00007f7c13ffce28:   00007f7c6608b5a8 00007f7c6608b5a8
0x00007f7c13ffce38:   00000000004da5a9 0000000000000000
0x00007f7c13ffce48:   b9b283a218fba500 00007f7c63948ea0
0x00007f7c13ffce58:   00007f7c70218840 0000000000000000
0x00007f7c13ffce68:   00000000004b01bc 0000000000960e78
0x00007f7c13ffce78:   00007f7c70253c10 00000000022ff650
0x00007f7c13ffce88:   00007f7c6384eab5 0000000000000006
0x00007f7c13ffce98:   00007f7c63948d00 00007f7c63948ea0
0x00007f7c13ffcea8:   00007f7c6384eab3 00007f7c635f00e0
0x00007f7c13ffceb8:   00000000004c442c 0000000004db49a0
0x00007f7c13ffcec8:   00007f7c6384ea7c 00007f7c0c008b60
0x00007f7c13ffced8:   00007f7c70218840 00007f7c63948e78
0x00007f7c13ffcee8:   00007f7c63844bb0 0000000000000000
0x00007f7c13ffcef8:   00000000008e8c80 0000000000000000
0x00007f7c13ffcf08:   00007f7c635d9878 00000000008fd4d0
0x00007f7c13ffcf18:   0000000000000001 0000000000000000
0x00007f7c13ffcf28:   00007f7c13ffcfc0 ffffffff5acf1498
0x00007f7c13ffcf38:   00007f7c13ffcfb0 ffffffff00000000
0x00007f7c13ffcf48:   00007f7c635dbab0 00007f7c63948e90
0x00007f7c13ffcf58:   00007f7c13ffcf88 00007f7c13ffcf80
0x00007f7c13ffcf68:   00007f7c63948b30 00007f7c702d1168
0x00007f7c13ffcf78:   00007f7c701905c8 00007f7c63948e90
0x00007f7c13ffcf88:   000000000049ed7d 0000000000902fe0
0x00007f7c13ffcf98:   00000000004a3ad6 00007f7c13ffd040
0x00007f7c13ffcfa8:   0000000000000000 00007f7c635dbab0
0x00007f7c13ffcfb8:   00000000004c3a78 00007f7c63948e90
0x00007f7c13ffcfc8:   b9b283a218fba500 00007f7c635eec80
0x00007f7c13ffcfd8:   00007f7c63948e78 00007f7c63948d00
0x00007f7c13ffcfe8:   00007f7c0c008b60 00007f7c635dbab0
0x00007f7c13ffcff8:   0000000000000001 0000000000000003 

Instructions: (pc=0x00007f7c6fb79746)
0x00007f7c6fb79726:   ef c9 66 0f ef d2 66 0f ef db 48 89 f8 48 89 f9
0x00007f7c6fb79736:   48 81 e1 ff 0f 00 00 48 81 f9 cf 0f 00 00 77 6a
0x00007f7c6fb79746:   f3 0f 6f 20 66 0f 74 e0 66 0f d7 d4 85 d2 74 04
0x00007f7c6fb79756:   0f bc c2 c3 48 83 e0 f0 66 0f 74 48 10 66 0f 74 

Register to memory mapping:

RAX=0x000000000c098450 is an unknown value
RBX=0x00007f7c635f00e0 is an unknown value
RCX=0x0000000000000450 is an unknown value
RDX=0x00007f7c65cbe9c0: PyCStgDict_Type+0 in /usr/lib/python2.7/lib-dynload/_ctypes.x86_64-linux-gnu.so at 0x00007f7c65a9f000
RSP=0x00007f7c13ffce08 is an unknown value
RBP=0x00007f7c6608b5a8 is an unknown value
RSI=0x0000000000000008 is an unknown value
RDI=0x000000000c098450 is an unknown value
R8 =0x000000000000002a is an unknown value
R9 =0x00000000004da850: <offset 0xda850> in python at 0x0000000000400000
R10=0x00007f7c63844bb0 is an unknown value
R11=0x0000000000000004 is an unknown value
R12=0x000000000c098450 is an unknown value
R13=0x00007f7c63948ea0 is an unknown value
R14=0x00000000022ff650 is an unknown value
R15=0x00007f7c635f00e0 is an unknown value


Stack: [0x00007f7c137ff000,0x00007f7c14000000],  sp=0x00007f7c13ffce08,  free space=8183k
Native frames: (J=compiled Java code, j=interpreted, Vv=VM code, C=native code)
C  [libc.so.6+0x8b746]  strlen+0x26


---------------  P R O C E S S  ---------------

VM state:not at safepoint (normal execution)

VM Mutex/Monitor currently owned by a thread: None

Heap:
 PSYoungGen      total 18432K, used 2521K [0x00000000fad00000, 0x00000000fc180000, 0x0000000100000000)
  eden space 15872K, 8% used [0x00000000fad00000,0x00000000fae58d78,0x00000000fbc80000)
  from space 2560K, 44% used [0x00000000fbc80000,0x00000000fbd9d7c0,0x00000000fbf00000)
  to   space 2560K, 0% used [0x00000000fbf00000,0x00000000fbf00000,0x00000000fc180000)
 ParOldGen       total 42496K, used 0K [0x00000000f0600000, 0x00000000f2f80000, 0x00000000fad00000)
  object space 42496K, 0% used [0x00000000f0600000,0x00000000f0600000,0x00000000f2f80000)
 Metaspace       used 5432K, capacity 6572K, committed 6912K, reserved 1056768K
  class space    used 634K, capacity 680K, committed 768K, reserved 1048576K

Card table byte_map: [0x00007f7c6009a000,0x00007f7c60118000] byte_map_base: 0x00007f7c5f917000

Marking Bits: (ParMarkBitMap*) 0x00007f7c5a8da320
 Begin Bits: [0x00007f7c587e8000, 0x00007f7c58bd0000)
 End Bits:   [0x00007f7c58bd0000, 0x00007f7c58fb8000)

Polling page: 0x00007f7c702f8000

CodeCache: size=245760Kb used=1636Kb max_used=1636Kb free=244123Kb
 bounds [0x00007f7c41000000, 0x00007f7c41270000, 0x00007f7c50000000]
 total_blobs=528 nmethods=263 adapters=180
 compilation: enabled

Compilation events (10 events):
Event: 55.137 Thread 0x0000000004cde000  257       1       java.lang.Class::getClassLoader0 (5 bytes)
Event: 55.137 Thread 0x0000000004cde000 nmethod 257 0x00007f7c41197650 code [0x00007f7c411977a0, 0x00007f7c411978b0]
Event: 55.138 Thread 0x0000000004cde000  259       1       java.util.ArrayList::access$000 (5 bytes)
Event: 55.138 Thread 0x0000000004cde000 nmethod 259 0x00007f7c41197910 code [0x00007f7c41197a60, 0x00007f7c41197b50]
Event: 55.138 Thread 0x0000000004cde000  260       3       java.util.ArrayList$Itr::checkForComodification (23 bytes)
Event: 55.138 Thread 0x0000000004cde000 nmethod 260 0x00007f7c41197bd0 code [0x00007f7c41197d40, 0x00007f7c41197f68]
Event: 55.138 Thread 0x0000000004cde000  261       3       java.util.ArrayList$Itr::hasNext (20 bytes)
Event: 55.138 Thread 0x0000000004cde000 nmethod 261 0x00007f7c41198050 code [0x00007f7c411981c0, 0x00007f7c41198390]
Event: 55.138 Thread 0x0000000004cde000  262       3       java.util.ArrayList$Itr::next (66 bytes)
Event: 55.138 Thread 0x0000000004cde000 nmethod 262 0x00007f7c41198450 code [0x00007f7c41198600, 0x00007f7c41198aa8]

GC Heap History (2 events):
Event: 55.131 GC heap before
{Heap before GC invocations=1 (full 0):
 PSYoungGen      total 18432K, used 15872K [0x00000000fad00000, 0x00000000fc180000, 0x0000000100000000)
  eden space 15872K, 100% used [0x00000000fad00000,0x00000000fbc80000,0x00000000fbc80000)
  from space 2560K, 0% used [0x00000000fbf00000,0x00000000fbf00000,0x00000000fc180000)
  to   space 2560K, 0% used [0x00000000fbc80000,0x00000000fbc80000,0x00000000fbf00000)
 ParOldGen       total 42496K, used 0K [0x00000000f0600000, 0x00000000f2f80000, 0x00000000fad00000)
  object space 42496K, 0% used [0x00000000f0600000,0x00000000f0600000,0x00000000f2f80000)
 Metaspace       used 5326K, capacity 6508K, committed 6656K, reserved 1056768K
  class space    used 619K, capacity 680K, committed 768K, reserved 1048576K
Event: 55.133 GC heap after
Heap after GC invocations=1 (full 0):
 PSYoungGen      total 18432K, used 1141K [0x00000000fad00000, 0x00000000fc180000, 0x0000000100000000)
  eden space 15872K, 0% used [0x00000000fad00000,0x00000000fad00000,0x00000000fbc80000)
  from space 2560K, 44% used [0x00000000fbc80000,0x00000000fbd9d7c0,0x00000000fbf00000)
  to   space 2560K, 0% used [0x00000000fbf00000,0x00000000fbf00000,0x00000000fc180000)
 ParOldGen       total 42496K, used 0K [0x00000000f0600000, 0x00000000f2f80000, 0x00000000fad00000)
  object space 42496K, 0% used [0x00000000f0600000,0x00000000f0600000,0x00000000f2f80000)
 Metaspace       used 5326K, capacity 6508K, committed 6656K, reserved 1056768K
  class space    used 619K, capacity 680K, committed 768K, reserved 1048576K
}

Deoptimization events (0 events):
No events

Classes redefined (0 events):
No events

Internal exceptions (10 events):
Event: 55.146 Thread 0x00007f7c0c009000 Exception <a 'java/io/IOException': No Device Found> (0x00000000fae05b20) thrown at [/build/openjdk-8-wnL82d/openjdk-8-8u171-b11/src/hotspot/src/share/vm/prims/jni.cpp, line 735]
Event: 55.146 Thread 0x00007f7c0c009000 Exception <a 'java/io/IOException': No Device Found> (0x00000000fae05f88) thrown at [/build/openjdk-8-wnL82d/openjdk-8-8u171-b11/src/hotspot/src/share/vm/prims/jni.cpp, line 735]
Event: 55.147 Thread 0x00007f7c0c009000 Exception <a 'java/io/IOException': No Device Found> (0x00000000fae063f0) thrown at [/build/openjdk-8-wnL82d/openjdk-8-8u171-b11/src/hotspot/src/share/vm/prims/jni.cpp, line 735]
Event: 55.147 Thread 0x00007f7c0c009000 Exception <a 'java/io/IOException': No Device Found> (0x00000000fae06858) thrown at [/build/openjdk-8-wnL82d/openjdk-8-8u171-b11/src/hotspot/src/share/vm/prims/jni.cpp, line 735]
Event: 55.147 Thread 0x00007f7c0c009000 Exception <a 'java/io/IOException': No Device Found> (0x00000000fae06cc0) thrown at [/build/openjdk-8-wnL82d/openjdk-8-8u171-b11/src/hotspot/src/share/vm/prims/jni.cpp, line 735]
Event: 55.147 Thread 0x00007f7c0c009000 Exception <a 'java/io/IOException': No Device Found> (0x00000000fae07128) thrown at [/build/openjdk-8-wnL82d/openjdk-8-8u171-b11/src/hotspot/src/share/vm/prims/jni.cpp, line 735]
Event: 55.147 Thread 0x00007f7c0c009000 Exception <a 'java/io/IOException': No Device Found> (0x00000000fae07590) thrown at [/build/openjdk-8-wnL82d/openjdk-8-8u171-b11/src/hotspot/src/share/vm/prims/jni.cpp, line 735]
Event: 55.147 Thread 0x00007f7c0c009000 Exception <a 'java/io/IOException': No Device Found> (0x00000000fae079f8) thrown at [/build/openjdk-8-wnL82d/openjdk-8-8u171-b11/src/hotspot/src/share/vm/prims/jni.cpp, line 735]
Event: 55.147 Thread 0x00007f7c0c009000 Exception <a 'java/io/IOException': No Device Found> (0x00000000fae07e60) thrown at [/build/openjdk-8-wnL82d/openjdk-8-8u171-b11/src/hotspot/src/share/vm/prims/jni.cpp, line 735]
Event: 55.147 Thread 0x00007f7c0c009000 Exception <a 'java/io/IOException': No Device Found> (0x00000000fae082c8) thrown at [/build/openjdk-8-wnL82d/openjdk-8-8u171-b11/src/hotspot/src/share/vm/prims/jni.cpp, line 735]

Events (10 events):
Event: 55.147 loading class com/oceanoptics/omnidriver/spectrometer/SpectrometerAssembly done
Event: 55.147 loading class com/oceanoptics/spectralprocessing/SpectralProcessor
Event: 55.147 loading class com/oceanoptics/spectralprocessing/SpectralProcessor done
Event: 55.148 Executing VM operation: Deoptimize
Event: 55.148 Executing VM operation: Deoptimize done
Event: 55.148 loading class com/oceanoptics/omnidriver/spectra/Spectrum
Event: 55.148 loading class com/oceanoptics/omnidriver/spectra/Spectrum done
Event: 55.149 Thread 0x00007f7c0c009000 Thread exited: 0x00007f7c0c009000
Event: 55.149 Thread 0x00007f7c0c009000 Thread added: 0x00007f7c0c009000
Event: 55.154 Thread 0x00007f7c0c009000 Thread exited: 0x00007f7c0c009000


Dynamic libraries:
00400000-006e9000 r-xp 00000000 fd:00 660578                             /usr/bin/python2.7
008e8000-008ea000 r--p 002e8000 fd:00 660578                             /usr/bin/python2.7
008ea000-00961000 rw-p 002ea000 fd:00 660578                             /usr/bin/python2.7
00961000-00984000 rw-p 00000000 00:00 0 
0214d000-04dd2000 rw-p 00000000 00:00 0                                  [heap]
f0600000-f2f80000 rw-p 00000000 00:00 0 
f2f80000-fad00000 ---p 00000000 00:00 0 
fad00000-fc180000 rw-p 00000000 00:00 0 
fc180000-100000000 ---p 00000000 00:00 0 
100000000-1000c0000 rw-p 00000000 00:00 0 
1000c0000-140000000 ---p 00000000 00:00 0 
7f7c0c000000-7f7c0c0b7000 rw-p 00000000 00:00 0 
7f7c0c0b7000-7f7c10000000 ---p 00000000 00:00 0 
7f7c126fc000-7f7c126fd000 ---p 00000000 00:00 0 
7f7c126fd000-7f7c12efd000 rw-p 00000000 00:00 0 
7f7c12efd000-7f7c12f00000 ---p 00000000 00:00 0 
7f7c12f00000-7f7c12ffe000 rw-p 00000000 00:00 0 
7f7c12ffe000-7f7c12fff000 ---p 00000000 00:00 0 
7f7c12fff000-7f7c137ff000 rw-p 00000000 00:00 0 
7f7c137ff000-7f7c13802000 ---p 00000000 00:00 0 
7f7c13802000-7f7c14000000 rw-p 00000000 00:00 0 
7f7c14000000-7f7c14021000 rw-p 00000000 00:00 0 
7f7c14021000-7f7c18000000 ---p 00000000 00:00 0 
7f7c18000000-7f7c18021000 rw-p 00000000 00:00 0 
7f7c18021000-7f7c1c000000 ---p 00000000 00:00 0 
7f7c1c000000-7f7c1c0b7000 rw-p 00000000 00:00 0 
7f7c1c0b7000-7f7c20000000 ---p 00000000 00:00 0 
7f7c20000000-7f7c20189000 rw-p 00000000 00:00 0 
7f7c20189000-7f7c24000000 ---p 00000000 00:00 0 
7f7c24000000-7f7c24021000 rw-p 00000000 00:00 0 
7f7c24021000-7f7c28000000 ---p 00000000 00:00 0 
7f7c28000000-7f7c28021000 rw-p 00000000 00:00 0 
7f7c28021000-7f7c2c000000 ---p 00000000 00:00 0 
7f7c2c000000-7f7c2c021000 rw-p 00000000 00:00 0 
7f7c2c021000-7f7c30000000 ---p 00000000 00:00 0 
7f7c30000000-7f7c30021000 rw-p 00000000 00:00 0 
7f7c30021000-7f7c34000000 ---p 00000000 00:00 0 
7f7c34000000-7f7c34021000 rw-p 00000000 00:00 0 
7f7c34021000-7f7c38000000 ---p 00000000 00:00 0 
7f7c38000000-7f7c38021000 rw-p 00000000 00:00 0 
7f7c38021000-7f7c3c000000 ---p 00000000 00:00 0 
7f7c3c000000-7f7c3c021000 rw-p 00000000 00:00 0 
7f7c3c021000-7f7c40000000 ---p 00000000 00:00 0 
7f7c400ef000-7f7c400f6000 r-xp 00000000 fd:00 918170                     /lib/x86_64-linux-gnu/libusb-0.1.so.4.4.4
7f7c400f6000-7f7c402f5000 ---p 00007000 fd:00 918170                     /lib/x86_64-linux-gnu/libusb-0.1.so.4.4.4
7f7c402f5000-7f7c402f6000 r--p 00006000 fd:00 918170                     /lib/x86_64-linux-gnu/libusb-0.1.so.4.4.4
7f7c402f6000-7f7c402f7000 rw-p 00007000 fd:00 918170                     /lib/x86_64-linux-gnu/libusb-0.1.so.4.4.4
7f7c402f7000-7f7c402f8000 rw-p 00000000 00:00 0 
7f7c402f8000-7f7c402fc000 r-xp 00000000 fd:00 825271                     /home/tango-cs/OmniDriverSPAM/OOI_HOME/libNatUSB.so
7f7c402fc000-7f7c404fb000 ---p 00004000 fd:00 825271                     /home/tango-cs/OmniDriverSPAM/OOI_HOME/libNatUSB.so
7f7c404fb000-7f7c404fc000 r--p 00003000 fd:00 825271                     /home/tango-cs/OmniDriverSPAM/OOI_HOME/libNatUSB.so
7f7c404fc000-7f7c404fd000 rw-p 00004000 fd:00 825271                     /home/tango-cs/OmniDriverSPAM/OOI_HOME/libNatUSB.so
7f7c404fd000-7f7c404fe000 ---p 00000000 00:00 0 
7f7c404fe000-7f7c405fe000 rw-p 00000000 00:00 0 
7f7c405fe000-7f7c40601000 ---p 00000000 00:00 0 
7f7c40601000-7f7c406ff000 rw-p 00000000 00:00 0 
7f7c406ff000-7f7c40702000 ---p 00000000 00:00 0 
7f7c40702000-7f7c40e00000 rw-p 00000000 00:00 0 
7f7c40e00000-7f7c41000000 ---p 00000000 00:00 0 
7f7c41000000-7f7c41270000 rwxp 00000000 00:00 0 
7f7c41270000-7f7c50000000 ---p 00000000 00:00 0 
7f7c50000000-7f7c5005f000 rw-p 00000000 00:00 0 
7f7c5005f000-7f7c54000000 ---p 00000000 00:00 0 
7f7c54000000-7f7c54021000 rw-p 00000000 00:00 0 
7f7c54021000-7f7c58000000 ---p 00000000 00:00 0 
7f7c58097000-7f7c5809a000 ---p 00000000 00:00 0 
7f7c5809a000-7f7c58198000 rw-p 00000000 00:00 0 
7f7c58198000-7f7c5819b000 ---p 00000000 00:00 0 
7f7c5819b000-7f7c58299000 rw-p 00000000 00:00 0 
7f7c58299000-7f7c5829c000 ---p 00000000 00:00 0 
7f7c5829c000-7f7c5839a000 rw-p 00000000 00:00 0 
7f7c5839a000-7f7c5839d000 ---p 00000000 00:00 0 
7f7c5839d000-7f7c5849b000 rw-p 00000000 00:00 0 
7f7c5849b000-7f7c5849c000 ---p 00000000 00:00 0 
7f7c5849c000-7f7c5859c000 rw-p 00000000 00:00 0 
7f7c5859c000-7f7c5876b000 r--s 03c2f000 fd:00 777693                     /usr/lib/jvm/java-8-openjdk-amd64/jre/lib/rt.jar
7f7c5876b000-7f7c58fb8000 rw-p 00000000 00:00 0 
7f7c58fb8000-7f7c58fb9000 ---p 00000000 00:00 0 
7f7c58fb9000-7f7c590b9000 rw-p 00000000 00:00 0 
7f7c590b9000-7f7c590ba000 ---p 00000000 00:00 0 
7f7c590ba000-7f7c591c4000 rw-p 00000000 00:00 0 
7f7c591c4000-7f7c5957a000 ---p 00000000 00:00 0 
7f7c5957a000-7f7c59582000 r-xp 00000000 fd:00 676893                     /usr/lib/jvm/java-8-openjdk-amd64/jre/lib/amd64/libzip.so
7f7c59582000-7f7c59781000 ---p 00008000 fd:00 676893                     /usr/lib/jvm/java-8-openjdk-amd64/jre/lib/amd64/libzip.so
7f7c59781000-7f7c59782000 r--p 00007000 fd:00 676893                     /usr/lib/jvm/java-8-openjdk-amd64/jre/lib/amd64/libzip.so
7f7c59782000-7f7c59783000 rw-p 00008000 fd:00 676893                     /usr/lib/jvm/java-8-openjdk-amd64/jre/lib/amd64/libzip.so
7f7c59783000-7f7c597b0000 r-xp 00000000 fd:00 676884                     /usr/lib/jvm/java-8-openjdk-amd64/jre/lib/amd64/libjava.so
7f7c597b0000-7f7c599af000 ---p 0002d000 fd:00 676884                     /usr/lib/jvm/java-8-openjdk-amd64/jre/lib/amd64/libjava.so
7f7c599af000-7f7c599b0000 r--p 0002c000 fd:00 676884                     /usr/lib/jvm/java-8-openjdk-amd64/jre/lib/amd64/libjava.so
7f7c599b0000-7f7c599b2000 rw-p 0002d000 fd:00 676884                     /usr/lib/jvm/java-8-openjdk-amd64/jre/lib/amd64/libjava.so
7f7c599b2000-7f7c5a60b000 r-xp 00000000 fd:00 676897                     /usr/lib/jvm/java-8-openjdk-amd64/jre/lib/amd64/server/libjvm.so
7f7c5a60b000-7f7c5a80b000 ---p 00c59000 fd:00 676897                     /usr/lib/jvm/java-8-openjdk-amd64/jre/lib/amd64/server/libjvm.so
7f7c5a80b000-7f7c5a89e000 r--p 00c59000 fd:00 676897                     /usr/lib/jvm/java-8-openjdk-amd64/jre/lib/amd64/server/libjvm.so
7f7c5a89e000-7f7c5a8c7000 rw-p 00cec000 fd:00 676897                     /usr/lib/jvm/java-8-openjdk-amd64/jre/lib/amd64/server/libjvm.so
7f7c5a8c7000-7f7c5a8f7000 rw-p 00000000 00:00 0 
7f7c5a8f7000-7f7c5ade4000 r-xp 00000000 fd:00 825294                     /home/tango-cs/OmniDriverSPAM/OOI_HOME/libOmniDriver.so
7f7c5ade4000-7f7c5afe4000 ---p 004ed000 fd:00 825294                     /home/tango-cs/OmniDriverSPAM/OOI_HOME/libOmniDriver.so
7f7c5afe4000-7f7c5afef000 r--p 004ed000 fd:00 825294                     /home/tango-cs/OmniDriverSPAM/OOI_HOME/libOmniDriver.so
7f7c5afef000-7f7c5affe000 rw-p 004f8000 fd:00 825294                     /home/tango-cs/OmniDriverSPAM/OOI_HOME/libOmniDriver.so
7f7c5affe000-7f7c5afff000 ---p 00000000 00:00 0 
7f7c5afff000-7f7c5b7ff000 rw-p 00000000 00:00 0 
7f7c5b7ff000-7f7c5b800000 ---p 00000000 00:00 0 
7f7c5b800000-7f7c5c000000 rw-p 00000000 00:00 0 
7f7c5c000000-7f7c5c021000 rw-p 00000000 00:00 0 
7f7c5c021000-7f7c60000000 ---p 00000000 00:00 0 
7f7c6002c000-7f7c60046000 r--s 002a6000 fd:00 825296                     /home/tango-cs/OmniDriverSPAM/OOI_HOME/OmniDriver.jar
7f7c60046000-7f7c6005b000 rw-p 00000000 00:00 0 
7f7c6005b000-7f7c6009a000 ---p 00000000 00:00 0 
7f7c6009a000-7f7c600af000 rw-p 00000000 00:00 0 
7f7c600af000-7f7c600ed000 ---p 00000000 00:00 0 
7f7c600ed000-7f7c600f8000 rw-p 00000000 00:00 0 
7f7c600f8000-7f7c60117000 ---p 00000000 00:00 0 
7f7c60117000-7f7c60118000 rw-p 00000000 00:00 0 
7f7c60118000-7f7c60127000 r-xp 00000000 fd:00 676870                     /usr/lib/jvm/java-8-openjdk-amd64/jre/lib/amd64/libverify.so
7f7c60127000-7f7c60326000 ---p 0000f000 fd:00 676870                     /usr/lib/jvm/java-8-openjdk-amd64/jre/lib/amd64/libverify.so
7f7c60326000-7f7c60328000 r--p 0000e000 fd:00 676870                     /usr/lib/jvm/java-8-openjdk-amd64/jre/lib/amd64/libverify.so
7f7c60328000-7f7c60329000 rw-p 00010000 fd:00 676870                     /usr/lib/jvm/java-8-openjdk-amd64/jre/lib/amd64/libverify.so
7f7c60329000-7f7c60369000 r-xp 00000000 fd:00 825295                     /home/tango-cs/OmniDriverSPAM/OOI_HOME/libcommon.so
7f7c60369000-7f7c60568000 ---p 00040000 fd:00 825295                     /home/tango-cs/OmniDriverSPAM/OOI_HOME/libcommon.so
7f7c60568000-7f7c60569000 r--p 0003f000 fd:00 825295                     /home/tango-cs/OmniDriverSPAM/OOI_HOME/libcommon.so
7f7c60569000-7f7c6056a000 rw-p 00040000 fd:00 825295                     /home/tango-cs/OmniDriverSPAM/OOI_HOME/libcommon.so
7f7c6056a000-7f7c6056c000 r-xp 00000000 fd:00 976263                     /home/tango-cs/Documents/Spectrometer/OceanOpticsTango/libw.so
7f7c6056c000-7f7c6076b000 ---p 00002000 fd:00 976263                     /home/tango-cs/Documents/Spectrometer/OceanOpticsTango/libw.so
7f7c6076b000-7f7c6076c000 r--p 00001000 fd:00 976263                     /home/tango-cs/Documents/Spectrometer/OceanOpticsTango/libw.so
7f7c6076c000-7f7c6076d000 rw-p 00002000 fd:00 976263                     /home/tango-cs/Documents/Spectrometer/OceanOpticsTango/libw.so
7f7c6076d000-7f7c6076e000 ---p 00000000 00:00 0 
7f7c6076e000-7f7c60f6e000 rw-p 00000000 00:00 0 
7f7c60f6e000-7f7c60f6f000 ---p 00000000 00:00 0 
7f7c60f6f000-7f7c6176f000 rw-p 00000000 00:00 0 
7f7c6176f000-7f7c61770000 ---p 00000000 00:00 0 
7f7c61770000-7f7c61f70000 rw-p 00000000 00:00 0 
7f7c61f70000-7f7c61f71000 ---p 00000000 00:00 0 
7f7c61f71000-7f7c62771000 rw-p 00000000 00:00 0 
7f7c62771000-7f7c62788000 r-xp 00000000 fd:00 948151                     /lib/x86_64-linux-gnu/libresolv-2.23.so
7f7c62788000-7f7c62988000 ---p 00017000 fd:00 948151                     /lib/x86_64-linux-gnu/libresolv-2.23.so
7f7c62988000-7f7c62989000 r--p 00017000 fd:00 948151                     /lib/x86_64-linux-gnu/libresolv-2.23.so
7f7c62989000-7f7c6298a000 rw-p 00018000 fd:00 948151                     /lib/x86_64-linux-gnu/libresolv-2.23.so
7f7c6298a000-7f7c6298c000 rw-p 00000000 00:00 0 
7f7c6298c000-7f7c62991000 r-xp 00000000 fd:00 948207                     /lib/x86_64-linux-gnu/libnss_dns-2.23.so
7f7c62991000-7f7c62b91000 ---p 00005000 fd:00 948207                     /lib/x86_64-linux-gnu/libnss_dns-2.23.so
7f7c62b91000-7f7c62b92000 r--p 00005000 fd:00 948207                     /lib/x86_64-linux-gnu/libnss_dns-2.23.so
7f7c62b92000-7f7c62b93000 rw-p 00006000 fd:00 948207                     /lib/x86_64-linux-gnu/libnss_dns-2.23.so
7f7c62b93000-7f7c62b95000 r-xp 00000000 fd:00 918097                     /lib/x86_64-linux-gnu/libnss_mdns4_minimal.so.2
7f7c62b95000-7f7c62d94000 ---p 00002000 fd:00 918097                     /lib/x86_64-linux-gnu/libnss_mdns4_minimal.so.2
7f7c62d94000-7f7c62d95000 r--p 00001000 fd:00 918097                     /lib/x86_64-linux-gnu/libnss_mdns4_minimal.so.2
7f7c62d95000-7f7c62d96000 rw-p 00002000 fd:00 918097                     /lib/x86_64-linux-gnu/libnss_mdns4_minimal.so.2
7f7c62d96000-7f7c62da1000 r-xp 00000000 fd:00 949315                     /lib/x86_64-linux-gnu/libnss_files-2.23.so
7f7c62da1000-7f7c62fa0000 ---p 0000b000 fd:00 949315                     /lib/x86_64-linux-gnu/libnss_files-2.23.so
7f7c62fa0000-7f7c62fa1000 r--p 0000a000 fd:00 949315                     /lib/x86_64-linux-gnu/libnss_files-2.23.so
7f7c62fa1000-7f7c62fa2000 rw-p 0000b000 fd:00 949315                     /lib/x86_64-linux-gnu/libnss_files-2.23.so
7f7c62fa2000-7f7c62fa8000 rw-p 00000000 00:00 0 
7f7c62fa8000-7f7c62fb3000 r-xp 00000000 fd:00 949358                     /lib/x86_64-linux-gnu/libnss_nis-2.23.so
7f7c62fb3000-7f7c631b2000 ---p 0000b000 fd:00 949358                     /lib/x86_64-linux-gnu/libnss_nis-2.23.so
7f7c631b2000-7f7c631b3000 r--p 0000a000 fd:00 949358                     /lib/x86_64-linux-gnu/libnss_nis-2.23.so
7f7c631b3000-7f7c631b4000 rw-p 0000b000 fd:00 949358                     /lib/x86_64-linux-gnu/libnss_nis-2.23.so
7f7c631b4000-7f7c631ca000 r-xp 00000000 fd:00 920920                     /lib/x86_64-linux-gnu/libnsl-2.23.so
7f7c631ca000-7f7c633c9000 ---p 00016000 fd:00 920920                     /lib/x86_64-linux-gnu/libnsl-2.23.so
7f7c633c9000-7f7c633ca000 r--p 00015000 fd:00 920920                     /lib/x86_64-linux-gnu/libnsl-2.23.so
7f7c633ca000-7f7c633cb000 rw-p 00016000 fd:00 920920                     /lib/x86_64-linux-gnu/libnsl-2.23.so
7f7c633cb000-7f7c633cd000 rw-p 00000000 00:00 0 
7f7c633cd000-7f7c633d5000 r-xp 00000000 fd:00 948159                     /lib/x86_64-linux-gnu/libnss_compat-2.23.so
7f7c633d5000-7f7c635d4000 ---p 00008000 fd:00 948159                     /lib/x86_64-linux-gnu/libnss_compat-2.23.so
7f7c635d4000-7f7c635d5000 r--p 00007000 fd:00 948159                     /lib/x86_64-linux-gnu/libnss_compat-2.23.so
7f7c635d5000-7f7c635d6000 rw-p 00008000 fd:00 948159                     /lib/x86_64-linux-gnu/libnss_compat-2.23.so
7f7c635d6000-7f7c63616000 rw-p 00000000 00:00 0 
7f7c63616000-7f7c63622000 r-xp 00000000 fd:00 782063                     /usr/lib/python2.7/lib-dynload/_json.x86_64-linux-gnu.so
7f7c63622000-7f7c63821000 ---p 0000c000 fd:00 782063                     /usr/lib/python2.7/lib-dynload/_json.x86_64-linux-gnu.so
7f7c63821000-7f7c63822000 r--p 0000b000 fd:00 782063                     /usr/lib/python2.7/lib-dynload/_json.x86_64-linux-gnu.so
7f7c63822000-7f7c63823000 rw-p 0000c000 fd:00 782063                     /usr/lib/python2.7/lib-dynload/_json.x86_64-linux-gnu.so
7f7c63823000-7f7c639e3000 rw-p 00000000 00:00 0 
7f7c639e3000-7f7c639e9000 r-xp 00000000 fd:00 782079                     /usr/lib/python2.7/lib-dynload/_multiprocessing.x86_64-linux-gnu.so
7f7c639e9000-7f7c63be8000 ---p 00006000 fd:00 782079                     /usr/lib/python2.7/lib-dynload/_multiprocessing.x86_64-linux-gnu.so
7f7c63be8000-7f7c63be9000 r--p 00005000 fd:00 782079                     /usr/lib/python2.7/lib-dynload/_multiprocessing.x86_64-linux-gnu.so
7f7c63be9000-7f7c63bea000 rw-p 00006000 fd:00 782079                     /usr/lib/python2.7/lib-dynload/_multiprocessing.x86_64-linux-gnu.so
7f7c63bea000-7f7c63c2a000 rw-p 00000000 00:00 0 
7f7c63c2a000-7f7c63c88000 r-xp 00000000 fd:00 917584                     /lib/x86_64-linux-gnu/libssl.so.1.0.0
7f7c63c88000-7f7c63e88000 ---p 0005e000 fd:00 917584                     /lib/x86_64-linux-gnu/libssl.so.1.0.0
7f7c63e88000-7f7c63e8c000 r--p 0005e000 fd:00 917584                     /lib/x86_64-linux-gnu/libssl.so.1.0.0
7f7c63e8c000-7f7c63e93000 rw-p 00062000 fd:00 917584                     /lib/x86_64-linux-gnu/libssl.so.1.0.0
7f7c63e93000-7f7c63ea8000 r-xp 00000000 fd:00 782059                     /usr/lib/python2.7/lib-dynload/_ssl.x86_64-linux-gnu.so
7f7c63ea8000-7f7c640a7000 ---p 00015000 fd:00 782059                     /usr/lib/python2.7/lib-dynload/_ssl.x86_64-linux-gnu.so
7f7c640a7000-7f7c640a8000 r--p 00014000 fd:00 782059                     /usr/lib/python2.7/lib-dynload/_ssl.x86_64-linux-gnu.so
7f7c640a8000-7f7c640ac000 rw-p 00015000 fd:00 782059                     /usr/lib/python2.7/lib-dynload/_ssl.x86_64-linux-gnu.so
7f7c640ac000-7f7c643ec000 rw-p 00000000 00:00 0 
7f7c643ec000-7f7c644a5000 r-xp 00000000 fd:00 864136                     /usr/local/lib/python2.7/dist-packages/numpy/random/mtrand.so
7f7c644a5000-7f7c646a5000 ---p 000b9000 fd:00 864136                     /usr/local/lib/python2.7/dist-packages/numpy/random/mtrand.so
7f7c646a5000-7f7c646ca000 rw-p 000b9000 fd:00 864136                     /usr/local/lib/python2.7/dist-packages/numpy/random/mtrand.so
7f7c646ca000-7f7c6470c000 rw-p 00000000 00:00 0 
7f7c6470c000-7f7c64715000 r-xp 00000000 fd:00 863981                     /usr/local/lib/python2.7/dist-packages/numpy/fft/fftpack_lite.so
7f7c64715000-7f7c64914000 ---p 00009000 fd:00 863981                     /usr/local/lib/python2.7/dist-packages/numpy/fft/fftpack_lite.so
7f7c64914000-7f7c64915000 rw-p 00008000 fd:00 863981                     /usr/local/lib/python2.7/dist-packages/numpy/fft/fftpack_lite.so
7f7c64915000-7f7c64955000 rw-p 00000000 00:00 0 
7f7c64955000-7f7c64956000 r-xp 00000000 fd:00 782064                     /usr/lib/python2.7/lib-dynload/future_builtins.x86_64-linux-gnu.so
7f7c64956000-7f7c64b55000 ---p 00001000 fd:00 782064                     /usr/lib/python2.7/lib-dynload/future_builtins.x86_64-linux-gnu.so
7f7c64b55000-7f7c64b56000 r--p 00000000 fd:00 782064                     /usr/lib/python2.7/lib-dynload/future_builtins.x86_64-linux-gnu.so
7f7c64b56000-7f7c64b57000 rw-p 00001000 fd:00 782064                     /usr/lib/python2.7/lib-dynload/future_builtins.x86_64-linux-gnu.so
7f7c64b57000-7f7c64b80000 r-xp 00000000 fd:00 864402                     /usr/local/lib/python2.7/dist-packages/numpy/linalg/_umath_linalg.so
7f7c64b80000-7f7c64d7f000 ---p 00029000 fd:00 864402                     /usr/local/lib/python2.7/dist-packages/numpy/linalg/_umath_linalg.so
7f7c64d7f000-7f7c64d81000 rw-p 00028000 fd:00 864402                     /usr/local/lib/python2.7/dist-packages/numpy/linalg/_umath_linalg.so
7f7c64d81000-7f7c64d84000 rw-p 000c7000 fd:00 864402                     /usr/local/lib/python2.7/dist-packages/numpy/linalg/_umath_linalg.so
7f7c64d84000-7f7c64d88000 r-xp 00000000 fd:00 864408                     /usr/local/lib/python2.7/dist-packages/numpy/linalg/lapack_lite.so
7f7c64d88000-7f7c64f88000 ---p 00004000 fd:00 864408                     /usr/local/lib/python2.7/dist-packages/numpy/linalg/lapack_lite.so
7f7c64f88000-7f7c64f89000 rw-p 00004000 fd:00 864408                     /usr/local/lib/python2.7/dist-packages/numpy/linalg/lapack_lite.so
7f7c64f89000-7f7c64f8b000 rw-p 00019000 fd:00 864408                     /usr/local/lib/python2.7/dist-packages/numpy/linalg/lapack_lite.so
7f7c64f8b000-7f7c6500b000 rw-p 00000000 00:00 0 
7f7c6500b000-7f7c65225000 r-xp 00000000 fd:00 917583                     /lib/x86_64-linux-gnu/libcrypto.so.1.0.0
7f7c65225000-7f7c65424000 ---p 0021a000 fd:00 917583                     /lib/x86_64-linux-gnu/libcrypto.so.1.0.0
7f7c65424000-7f7c65440000 r--p 00219000 fd:00 917583                     /lib/x86_64-linux-gnu/libcrypto.so.1.0.0
7f7c65440000-7f7c6544c000 rw-p 00235000 fd:00 917583                     /lib/x86_64-linux-gnu/libcrypto.so.1.0.0
7f7c6544c000-7f7c6544f000 rw-p 00000000 00:00 0 
7f7c6544f000-7f7c65455000 r-xp 00000000 fd:00 782080                     /usr/lib/python2.7/lib-dynload/_hashlib.x86_64-linux-gnu.so
7f7c65455000-7f7c65654000 ---p 00006000 fd:00 782080                     /usr/lib/python2.7/lib-dynload/_hashlib.x86_64-linux-gnu.so
7f7c65654000-7f7c65655000 r--p 00005000 fd:00 782080                     /usr/lib/python2.7/lib-dynload/_hashlib.x86_64-linux-gnu.so
7f7c65655000-7f7c65656000 rw-p 00006000 fd:00 782080                     /usr/lib/python2.7/lib-dynload/_hashlib.x86_64-linux-gnu.so
7f7c65656000-7f7c65897000 rw-p 00000000 00:00 0 
7f7c65897000-7f7c6589e000 r-xp 00000000 fd:00 663437                     /usr/lib/x86_64-linux-gnu/libffi.so.6.0.4
7f7c6589e000-7f7c65a9d000 ---p 00007000 fd:00 663437                     /usr/lib/x86_64-linux-gnu/libffi.so.6.0.4
7f7c65a9d000-7f7c65a9e000 r--p 00006000 fd:00 663437                     /usr/lib/x86_64-linux-gnu/libffi.so.6.0.4
7f7c65a9e000-7f7c65a9f000 rw-p 00007000 fd:00 663437                     /usr/lib/x86_64-linux-gnu/libffi.so.6.0.4
7f7c65a9f000-7f7c65abd000 r-xp 00000000 fd:00 782058                     /usr/lib/python2.7/lib-dynload/_ctypes.x86_64-linux-gnu.so
7f7c65abd000-7f7c65cbc000 ---p 0001e000 fd:00 782058                     /usr/lib/python2.7/lib-dynload/_ctypes.x86_64-linux-gnu.so
7f7c65cbc000-7f7c65cbd000 r--p 0001d000 fd:00 782058                     /usr/lib/python2.7/lib-dynload/_ctypes.x86_64-linux-gnu.so
7f7c65cbd000-7f7c65cc1000 rw-p 0001e000 fd:00 782058                     /usr/lib/python2.7/lib-dynload/_ctypes.x86_64-linux-gnu.so
7f7c65cc1000-7f7c65e59000 r-xp 00000000 fd:00 864188                     /usr/local/lib/python2.7/dist-packages/numpy/core/umath.so
7f7c65e59000-7f7c66059000 ---p 00198000 fd:00 864188                     /usr/local/lib/python2.7/dist-packages/numpy/core/umath.so
7f7c66059000-7f7c6605f000 rw-p 00198000 fd:00 864188                     /usr/local/lib/python2.7/dist-packages/numpy/core/umath.so
7f7c6605f000-7f7c660a1000 rw-p 00000000 00:00 0 
7f7c660a1000-7f7c680a1000 rw-p 00000000 00:00 0 
7f7c680a1000-7f7c680a2000 ---p 00000000 00:00 0 
7f7c680a2000-7f7c688a2000 rw-p 00000000 00:00 0 
7f7c688a2000-7f7c68992000 r-xp 00000000 fd:00 864434                     /usr/local/lib/python2.7/dist-packages/numpy/.libs/libgfortran-ed201abd.so.3.0.0
7f7c68992000-7f7c68b91000 ---p 000f0000 fd:00 864434                     /usr/local/lib/python2.7/dist-packages/numpy/.libs/libgfortran-ed201abd.so.3.0.0
7f7c68b91000-7f7c68b93000 rw-p 000ef000 fd:00 864434                     /usr/local/lib/python2.7/dist-packages/numpy/.libs/libgfortran-ed201abd.so.3.0.0
7f7c68b93000-7f7c68b94000 rw-p 00000000 00:00 0 
7f7c68b94000-7f7c68b9c000 rw-p 000f2000 fd:00 864434                     /usr/local/lib/python2.7/dist-packages/numpy/.libs/libgfortran-ed201abd.so.3.0.0
7f7c68b9c000-7f7c6aeb0000 r-xp 00000000 fd:00 864433                     /usr/local/lib/python2.7/dist-packages/numpy/.libs/libopenblasp-r0-39a31c03.2.18.so
7f7c6aeb0000-7f7c6b0af000 ---p 02314000 fd:00 864433                     /usr/local/lib/python2.7/dist-packages/numpy/.libs/libopenblasp-r0-39a31c03.2.18.so
7f7c6b0af000-7f7c6b0ce000 rw-p 02313000 fd:00 864433                     /usr/local/lib/python2.7/dist-packages/numpy/.libs/libopenblasp-r0-39a31c03.2.18.so
7f7c6b0ce000-7f7c6b131000 rw-p 00000000 00:00 0 
7f7c6b131000-7f7c6b1c7000 rw-p 02425000 fd:00 864433                     /usr/local/lib/python2.7/dist-packages/numpy/.libs/libopenblasp-r0-39a31c03.2.18.so
7f7c6b1c7000-7f7c6b394000 r-xp 00000000 fd:00 864185                     /usr/local/lib/python2.7/dist-packages/numpy/core/multiarray.so
7f7c6b394000-7f7c6b593000 ---p 001cd000 fd:00 864185                     /usr/local/lib/python2.7/dist-packages/numpy/core/multiarray.so
7f7c6b593000-7f7c6b5a3000 rw-p 001cc000 fd:00 864185                     /usr/local/lib/python2.7/dist-packages/numpy/core/multiarray.so
7f7c6b5a3000-7f7c6b5b6000 rw-p 00000000 00:00 0 
7f7c6b5b6000-7f7c6b5bc000 rw-p 00920000 fd:00 864185                     /usr/local/lib/python2.7/dist-packages/numpy/core/multiarray.so
7f7c6b5bc000-7f7c6b5fc000 rw-p 00000000 00:00 0 
7f7c6b5fc000-7f7c6b603000 r-xp 00000000 fd:00 949459                     /lib/x86_64-linux-gnu/librt-2.23.so
7f7c6b603000-7f7c6b802000 ---p 00007000 fd:00 949459                     /lib/x86_64-linux-gnu/librt-2.23.so
7f7c6b802000-7f7c6b803000 r--p 00006000 fd:00 949459                     /lib/x86_64-linux-gnu/librt-2.23.so
7f7c6b803000-7f7c6b804000 rw-p 00007000 fd:00 949459                     /lib/x86_64-linux-gnu/librt-2.23.so
7f7c6b804000-7f7c6b861000 r-xp 00000000 fd:00 678876                     /usr/lib/x86_64-linux-gnu/libsodium.so.18.0.1
7f7c6b861000-7f7c6ba60000 ---p 0005d000 fd:00 678876                     /usr/lib/x86_64-linux-gnu/libsodium.so.18.0.1
7f7c6ba60000-7f7c6ba61000 r--p 0005c000 fd:00 678876                     /usr/lib/x86_64-linux-gnu/libsodium.so.18.0.1
7f7c6ba61000-7f7c6ba62000 rw-p 0005d000 fd:00 678876                     /usr/lib/x86_64-linux-gnu/libsodium.so.18.0.1
7f7c6ba62000-7f7c6c140000 r-xp 00000000 fd:00 680045                     /usr/lib/libCOS4.so.1.6
7f7c6c140000-7f7c6c33f000 ---p 006de000 fd:00 680045                     /usr/lib/libCOS4.so.1.6
7f7c6c33f000-7f7c6c4d1000 r--p 006dd000 fd:00 680045                     /usr/lib/libCOS4.so.1.6
7f7c6c4d1000-7f7c6c4d8000 rw-p 0086f000 fd:00 680045                     /usr/lib/libCOS4.so.1.6
7f7c6c4d8000-7f7c6c4da000 rw-p 00000000 00:00 0 
7f7c6c4da000-7f7c6c53c000 r-xp 00000000 fd:00 678878                     /usr/lib/x86_64-linux-gnu/libzmq.so.5.0.0
7f7c6c53c000-7f7c6c73b000 ---p 00062000 fd:00 678878                     /usr/lib/x86_64-linux-gnu/libzmq.so.5.0.0
7f7c6c73b000-7f7c6c73f000 r--p 00061000 fd:00 678878                     /usr/lib/x86_64-linux-gnu/libzmq.so.5.0.0
7f7c6c73f000-7f7c6c740000 rw-p 00065000 fd:00 678878                     /usr/lib/x86_64-linux-gnu/libzmq.so.5.0.0
7f7c6c740000-7f7c6c756000 r-xp 00000000 fd:00 918030                     /lib/x86_64-linux-gnu/libgcc_s.so.1
7f7c6c756000-7f7c6c955000 ---p 00016000 fd:00 918030                     /lib/x86_64-linux-gnu/libgcc_s.so.1
7f7c6c955000-7f7c6c956000 rw-p 00015000 fd:00 918030                     /lib/x86_64-linux-gnu/libgcc_s.so.1
7f7c6c956000-7f7c6cac8000 r-xp 00000000 fd:00 654649                     /usr/lib/x86_64-linux-gnu/libstdc++.so.6.0.21
7f7c6cac8000-7f7c6ccc8000 ---p 00172000 fd:00 654649                     /usr/lib/x86_64-linux-gnu/libstdc++.so.6.0.21
7f7c6ccc8000-7f7c6ccd2000 r--p 00172000 fd:00 654649                     /usr/lib/x86_64-linux-gnu/libstdc++.so.6.0.21
7f7c6ccd2000-7f7c6ccd4000 rw-p 0017c000 fd:00 654649                     /usr/lib/x86_64-linux-gnu/libstdc++.so.6.0.21
7f7c6ccd4000-7f7c6ccd8000 rw-p 00000000 00:00 0 
7f7c6ccd8000-7f7c6ccef000 r-xp 00000000 fd:00 680511                     /usr/local/lib/liblog4tango.so.5.0.1
7f7c6ccef000-7f7c6ceef000 ---p 00017000 fd:00 680511                     /usr/local/lib/liblog4tango.so.5.0.1
7f7c6ceef000-7f7c6cef0000 r--p 00017000 fd:00 680511                     /usr/local/lib/liblog4tango.so.5.0.1
7f7c6cef0000-7f7c6cef1000 rw-p 00018000 fd:00 680511                     /usr/local/lib/liblog4tango.so.5.0.1
7f7c6cef1000-7f7c6cef6000 r-xp 00000000 fd:00 677872                     /usr/lib/libomnithread.so.3.4
7f7c6cef6000-7f7c6d0f5000 ---p 00005000 fd:00 677872                     /usr/lib/libomnithread.so.3.4
7f7c6d0f5000-7f7c6d0f6000 r--p 00004000 fd:00 677872                     /usr/lib/libomnithread.so.3.4
7f7c6d0f6000-7f7c6d0f7000 rw-p 00005000 fd:00 677872                     /usr/lib/libomnithread.so.3.4
7f7c6d0f7000-7f7c6d281000 r-xp 00000000 fd:00 679991                     /usr/lib/libomniORB4.so.1.6
7f7c6d281000-7f7c6d481000 ---p 0018a000 fd:00 679991                     /usr/lib/libomniORB4.so.1.6
7f7c6d481000-7f7c6d494000 r--p 0018a000 fd:00 679991                     /usr/lib/libomniORB4.so.1.6
7f7c6d494000-7f7c6d498000 rw-p 0019d000 fd:00 679991                     /usr/lib/libomniORB4.so.1.6
7f7c6d498000-7f7c6d49b000 rw-p 00000000 00:00 0 
7f7c6d49b000-7f7c6d6ed000 r-xp 00000000 fd:00 680037                     /usr/lib/libomniDynamic4.so.1.6
7f7c6d6ed000-7f7c6d8ec000 ---p 00252000 fd:00 680037                     /usr/lib/libomniDynamic4.so.1.6
7f7c6d8ec000-7f7c6d95c000 r--p 00251000 fd:00 680037                     /usr/lib/libomniDynamic4.so.1.6
7f7c6d95c000-7f7c6d960000 rw-p 002c1000 fd:00 680037                     /usr/lib/libomniDynamic4.so.1.6
7f7c6d960000-7f7c6d961000 rw-p 00000000 00:00 0 
7f7c6d961000-7f7c6d9aa000 r-xp 00000000 fd:00 691765                     /usr/lib/x86_64-linux-gnu/libboost_python-py27.so.1.58.0
7f7c6d9aa000-7f7c6dbaa000 ---p 00049000 fd:00 691765                     /usr/lib/x86_64-linux-gnu/libboost_python-py27.so.1.58.0
7f7c6dbaa000-7f7c6dbab000 r--p 00049000 fd:00 691765                     /usr/lib/x86_64-linux-gnu/libboost_python-py27.so.1.58.0
7f7c6dbab000-7f7c6dbad000 rw-p 0004a000 fd:00 691765                     /usr/lib/x86_64-linux-gnu/libboost_python-py27.so.1.58.0
7f7c6dbad000-7f7c6e1ad000 r-xp 00000000 fd:00 680670                     /usr/local/lib/libtango.so.9.2.5
7f7c6e1ad000-7f7c6e3ad000 ---p 00600000 fd:00 680670                     /usr/local/lib/libtango.so.9.2.5
7f7c6e3ad000-7f7c6e3db000 r--p 00600000 fd:00 680670                     /usr/local/lib/libtango.so.9.2.5
7f7c6e3db000-7f7c6e3e4000 rw-p 0062e000 fd:00 680670                     /usr/local/lib/libtango.so.9.2.5
7f7c6e3e4000-7f7c6e3e7000 rw-p 00000000 00:00 0 
7f7c6e3e7000-7f7c6eb63000 r-xp 00000000 fd:00 692438                     /usr/local/lib/python2.7/dist-packages/tango/_tango.so
7f7c6eb63000-7f7c6ed63000 ---p 0077c000 fd:00 692438                     /usr/local/lib/python2.7/dist-packages/tango/_tango.so
7f7c6ed63000-7f7c6ed9b000 r--p 0077c000 fd:00 692438                     /usr/local/lib/python2.7/dist-packages/tango/_tango.so
7f7c6ed9b000-7f7c6edb7000 rw-p 007b4000 fd:00 692438                     /usr/local/lib/python2.7/dist-packages/tango/_tango.so
7f7c6edb7000-7f7c6edbb000 rw-p 00000000 00:00 0 
7f7c6edbb000-7f7c6f1c4000 r--p 00000000 fd:00 652827                     /usr/lib/locale/locale-archive
7f7c6f1c4000-7f7c6f2cc000 r-xp 00000000 fd:00 920919                     /lib/x86_64-linux-gnu/libm-2.23.so
7f7c6f2cc000-7f7c6f4cb000 ---p 00108000 fd:00 920919                     /lib/x86_64-linux-gnu/libm-2.23.so
7f7c6f4cb000-7f7c6f4cc000 r--p 00107000 fd:00 920919                     /lib/x86_64-linux-gnu/libm-2.23.so
7f7c6f4cc000-7f7c6f4cd000 rw-p 00108000 fd:00 920919                     /lib/x86_64-linux-gnu/libm-2.23.so
7f7c6f4cd000-7f7c6f4e6000 r-xp 00000000 fd:00 918183                     /lib/x86_64-linux-gnu/libz.so.1.2.8
7f7c6f4e6000-7f7c6f6e5000 ---p 00019000 fd:00 918183                     /lib/x86_64-linux-gnu/libz.so.1.2.8
7f7c6f6e5000-7f7c6f6e6000 r--p 00018000 fd:00 918183                     /lib/x86_64-linux-gnu/libz.so.1.2.8
7f7c6f6e6000-7f7c6f6e7000 rw-p 00019000 fd:00 918183                     /lib/x86_64-linux-gnu/libz.so.1.2.8
7f7c6f6e7000-7f7c6f6e9000 r-xp 00000000 fd:00 948158                     /lib/x86_64-linux-gnu/libutil-2.23.so
7f7c6f6e9000-7f7c6f8e8000 ---p 00002000 fd:00 948158                     /lib/x86_64-linux-gnu/libutil-2.23.so
7f7c6f8e8000-7f7c6f8e9000 r--p 00001000 fd:00 948158                     /lib/x86_64-linux-gnu/libutil-2.23.so
7f7c6f8e9000-7f7c6f8ea000 rw-p 00002000 fd:00 948158                     /lib/x86_64-linux-gnu/libutil-2.23.so
7f7c6f8ea000-7f7c6f8ed000 r-xp 00000000 fd:00 948111                     /lib/x86_64-linux-gnu/libdl-2.23.so
7f7c6f8ed000-7f7c6faec000 ---p 00003000 fd:00 948111                     /lib/x86_64-linux-gnu/libdl-2.23.so
7f7c6faec000-7f7c6faed000 r--p 00002000 fd:00 948111                     /lib/x86_64-linux-gnu/libdl-2.23.so
7f7c6faed000-7f7c6faee000 rw-p 00003000 fd:00 948111                     /lib/x86_64-linux-gnu/libdl-2.23.so
7f7c6faee000-7f7c6fcae000 r-xp 00000000 fd:00 948050                     /lib/x86_64-linux-gnu/libc-2.23.so
7f7c6fcae000-7f7c6feae000 ---p 001c0000 fd:00 948050                     /lib/x86_64-linux-gnu/libc-2.23.so
7f7c6feae000-7f7c6feb2000 r--p 001c0000 fd:00 948050                     /lib/x86_64-linux-gnu/libc-2.23.so
7f7c6feb2000-7f7c6feb4000 rw-p 001c4000 fd:00 948050                     /lib/x86_64-linux-gnu/libc-2.23.so
7f7c6feb4000-7f7c6feb8000 rw-p 00000000 00:00 0 
7f7c6feb8000-7f7c6fed0000 r-xp 00000000 fd:00 948047                     /lib/x86_64-linux-gnu/libpthread-2.23.so
7f7c6fed0000-7f7c700cf000 ---p 00018000 fd:00 948047                     /lib/x86_64-linux-gnu/libpthread-2.23.so
7f7c700cf000-7f7c700d0000 r--p 00017000 fd:00 948047                     /lib/x86_64-linux-gnu/libpthread-2.23.so
7f7c700d0000-7f7c700d1000 rw-p 00018000 fd:00 948047                     /lib/x86_64-linux-gnu/libpthread-2.23.so
7f7c700d1000-7f7c700d5000 rw-p 00000000 00:00 0 
7f7c700d5000-7f7c700fb000 r-xp 00000000 fd:00 920921                     /lib/x86_64-linux-gnu/ld-2.23.so
7f7c70100000-7f7c70102000 r--s 00008000 fd:00 799646                     /home/tango-cs/OmniDriverSPAM/OOI_HOME/UniUSB.jar
7f7c70102000-7f7c70104000 r--s 00006000 fd:00 800412                     /home/tango-cs/OmniDriverSPAM/OOI_HOME/OOIUtils.jar
7f7c70104000-7f7c7010b000 r--s 00036000 fd:00 799647                     /home/tango-cs/OmniDriverSPAM/OOI_HOME/xstream-1.1.2.jar
7f7c7010b000-7f7c70126000 r--s 00394000 fd:00 676862                     /usr/lib/jvm/java-8-openjdk-amd64/jre/lib/ext/cldrdata.jar
7f7c70126000-7f7c701e6000 rw-p 00000000 00:00 0 
7f7c701e6000-7f7c701e8000 r--s 00005000 fd:00 800414                     /home/tango-cs/OmniDriverSPAM/OOI_HOME/xpp3_min-1.1.3.4.M.jar
7f7c701e8000-7f7c701ed000 r--s 0005e000 fd:00 825293                     /home/tango-cs/OmniDriverSPAM/OOI_HOME/SPAM.jar
7f7c701ed000-7f7c701f0000 r--s 0000f000 fd:00 676864                     /usr/lib/jvm/java-8-openjdk-amd64/jre/lib/ext/icedtea-sound.jar
7f7c701f0000-7f7c701fa000 r--s 00116000 fd:00 676867                     /usr/lib/jvm/java-8-openjdk-amd64/jre/lib/ext/localedata.jar
7f7c701fa000-7f7c701fc000 r--s 00001000 fd:00 676860                     /usr/lib/jvm/java-8-openjdk-amd64/jre/lib/ext/dnsns.jar
7f7c701fc000-7f7c70217000 r--s 001d6000 fd:00 676865                     /usr/lib/jvm/java-8-openjdk-amd64/jre/lib/ext/nashorn.jar
7f7c70217000-7f7c702dc000 rw-p 00000000 00:00 0 
7f7c702dc000-7f7c702dd000 r--s 00002000 fd:00 800413                     /home/tango-cs/OmniDriverSPAM/OOI_HOME/HighResTiming.jar
7f7c702dd000-7f7c702de000 r--s 0000a000 fd:00 676866                     /usr/lib/jvm/java-8-openjdk-amd64/jre/lib/ext/jaccess.jar
7f7c702de000-7f7c702e4000 r--s 0003b000 fd:00 676863                     /usr/lib/jvm/java-8-openjdk-amd64/jre/lib/ext/sunjce_provider.jar
7f7c702e4000-7f7c702e7000 r--s 00038000 fd:00 676861                     /usr/lib/jvm/java-8-openjdk-amd64/jre/lib/ext/sunpkcs11.jar
7f7c702e7000-7f7c702e9000 r--s 00008000 fd:00 676858                     /usr/lib/jvm/java-8-openjdk-amd64/jre/lib/ext/sunec.jar
7f7c702e9000-7f7c702ea000 r--s 00010000 fd:00 676859                     /usr/lib/jvm/java-8-openjdk-amd64/jre/lib/ext/zipfs.jar
7f7c702ea000-7f7c702ef000 rw-p 00000000 00:00 0 
7f7c702ef000-7f7c702f7000 rw-s 00000000 fd:00 424658                     /tmp/hsperfdata_tango-cs/9321
7f7c702f7000-7f7c702f8000 rw-p 00000000 00:00 0 
7f7c702f8000-7f7c702f9000 r--p 00000000 00:00 0 
7f7c702f9000-7f7c702fa000 rwxp 00000000 00:00 0 
7f7c702fa000-7f7c702fb000 r--p 00025000 fd:00 920921                     /lib/x86_64-linux-gnu/ld-2.23.so
7f7c702fb000-7f7c702fc000 rw-p 00026000 fd:00 920921                     /lib/x86_64-linux-gnu/ld-2.23.so
7f7c702fc000-7f7c702fd000 rw-p 00000000 00:00 0 
7fffa13de000-7fffa13e1000 ---p 00000000 00:00 0 
7fffa13e1000-7fffa14de000 rw-p 00000000 00:00 0                          [stack]
7fffa1549000-7fffa154c000 r--p 00000000 00:00 0                          [vvar]
7fffa154c000-7fffa154e000 r-xp 00000000 00:00 0                          [vdso]
ffffffffff600000-ffffffffff601000 r-xp 00000000 00:00 0                  [vsyscall]

VM Arguments:
jvm_args: -Djava.library.path=/home/tango-cs/OmniDriverSPAM/OOI_HOME:/home/tango-cs/OmniDriverSPAM/_jvm/lib/i386:/home/tango-cs/OmniDriverSPAM/_jvm/lib/i386/client -Xmx250m 
java_command: <unknown>
java_class_path (initial): /home/tango-cs/OmniDriverSPAM/OOI_HOME/OmniDriver.jar:/home/tango-cs/OmniDriverSPAM/OOI_HOME/SPAM.jar
Launcher Type: generic

Environment Variables:
JAVA_HOME=/home/tango-cs/OmniDriverSPAM/_jvm
PATH=/home/tango-cs/OmniDriverSPAM/_jvm/bin
LD_LIBRARY_PATH=/home/tango-cs/OmniDriverSPAM/_jvm/lib/i386:/home/tango-cs/OmniDriverSPAM/_jvm/lib/i386/client
SHELL=/bin/bash
DISPLAY=:0

Signal Handlers:
SIGSEGV: [libjvm.so+0xa6e6f0], sa_mask[0]=11111111011111111101111111111110, sa_flags=SA_RESTART|SA_SIGINFO
SIGBUS: [libjvm.so+0xa6e6f0], sa_mask[0]=11111111011111111101111111111110, sa_flags=SA_RESTART|SA_SIGINFO
SIGFPE: [libjvm.so+0x8b5d50], sa_mask[0]=11111111011111111101111111111110, sa_flags=SA_RESTART|SA_SIGINFO
SIGPIPE: [libjvm.so+0x8b5d50], sa_mask[0]=11111111011111111101111111111110, sa_flags=SA_RESTART|SA_SIGINFO
SIGXFSZ: [libjvm.so+0x8b5d50], sa_mask[0]=11111111011111111101111111111110, sa_flags=SA_RESTART|SA_SIGINFO
SIGILL: [libjvm.so+0x8b5d50], sa_mask[0]=11111111011111111101111111111110, sa_flags=SA_RESTART|SA_SIGINFO
SIGUSR1: SIG_DFL, sa_mask[0]=00000000000000000000000000000000, sa_flags=none
SIGUSR2: [libjvm.so+0x8b5c00], sa_mask[0]=11100000000001111100111111111100, sa_flags=SA_RESTART|SA_SIGINFO
SIGHUP: [libjvm.so+0x8b60d0], sa_mask[0]=11111111011111111101111111111110, sa_flags=SA_RESTART|SA_SIGINFO
SIGINT: [libjvm.so+0x8b60d0], sa_mask[0]=11111111011111111101111111111110, sa_flags=SA_RESTART|SA_SIGINFO
SIGTERM: [libjvm.so+0x8b60d0], sa_mask[0]=11111111011111111101111111111110, sa_flags=SA_RESTART|SA_SIGINFO
SIGQUIT: [libjvm.so+0x8b60d0], sa_mask[0]=11111111011111111101111111111110, sa_flags=SA_RESTART|SA_SIGINFO


---------------  S Y S T E M  ---------------

OS:DISTRIB_ID=Ubuntu
DISTRIB_RELEASE=16.04
DISTRIB_CODENAME=xenial
DISTRIB_DESCRIPTION="Ubuntu 16.04.3 LTS"

uname:Linux 4.15.0-29-generic #31~16.04.1-Ubuntu SMP Wed Jul 18 08:54:04 UTC 2018 x86_64
libc:glibc 2.23 NPTL 2.23 
rlimit: STACK 8192k, CORE 0k, NPROC 15548, NOFILE 1048576, AS infinity
load average:0.11 0.18 0.17

/proc/meminfo:
MemTotal:        4039536 kB
MemFree:          597744 kB
MemAvailable:    1494392 kB
Buffers:           75752 kB
Cached:          1066188 kB
SwapCached:            0 kB
Active:          2609132 kB
Inactive:         582224 kB
Active(anon):    2051020 kB
Inactive(anon):    94112 kB
Active(file):     558112 kB
Inactive(file):   488112 kB
Unevictable:          32 kB
Mlocked:              32 kB
SwapTotal:       2097148 kB
SwapFree:        2097148 kB
Dirty:                76 kB
Writeback:             0 kB
AnonPages:       2049492 kB
Mapped:           490780 kB
Shmem:             95720 kB
Slab:             170808 kB
SReclaimable:     107016 kB
SUnreclaim:        63792 kB
KernelStack:       12312 kB
PageTables:        38404 kB
NFS_Unstable:          0 kB
Bounce:                0 kB
WritebackTmp:          0 kB
CommitLimit:     4116916 kB
Committed_AS:    7704128 kB
VmallocTotal:   34359738367 kB
VmallocUsed:           0 kB
VmallocChunk:          0 kB
HardwareCorrupted:     0 kB
AnonHugePages:      2048 kB
ShmemHugePages:        0 kB
ShmemPmdMapped:        0 kB
CmaTotal:              0 kB
CmaFree:               0 kB
HugePages_Total:       0
HugePages_Free:        0
HugePages_Rsvd:        0
HugePages_Surp:        0
Hugepagesize:       2048 kB
DirectMap4k:      161728 kB
DirectMap2M:     4032512 kB


CPU:total 2 (initial active 2) (2 cores per cpu, 1 threads per core) family 6 model 60 stepping 3, cmov, cx8, fxsr, mmx, sse, sse2, sse3, ssse3, sse4.1, sse4.2, popcnt, avx, avx2, aes, clmul, lzcnt, tsc, tscinvbit

/proc/cpuinfo:
processor	: 0
vendor_id	: GenuineIntel
cpu family	: 6
model		: 60
model name	: Intel(R) Core(TM) i7-4810MQ CPU @ 2.80GHz
stepping	: 3
cpu MHz		: 2793.544
cache size	: 6144 KB
physical id	: 0
siblings	: 2
core id		: 0
cpu cores	: 2
apicid		: 0
initial apicid	: 0
fpu		: yes
fpu_exception	: yes
cpuid level	: 13
wp		: yes
flags		: fpu vme de pse tsc msr pae mce cx8 apic sep mtrr pge mca cmov pat pse36 clflush mmx fxsr sse sse2 ht syscall nx rdtscp lm constant_tsc rep_good nopl xtopology nonstop_tsc cpuid pni pclmulqdq ssse3 cx16 pcid sse4_1 sse4_2 x2apic movbe popcnt aes xsave avx rdrand hypervisor lahf_lm abm invpcid_single pti fsgsbase avx2 invpcid
bugs		: cpu_meltdown spectre_v1 spectre_v2 spec_store_bypass
bogomips	: 5587.08
clflush size	: 64
cache_alignment	: 64
address sizes	: 39 bits physical, 48 bits virtual
power management:

processor	: 1
vendor_id	: GenuineIntel
cpu family	: 6
model		: 60
model name	: Intel(R) Core(TM) i7-4810MQ CPU @ 2.80GHz
stepping	: 3
cpu MHz		: 2793.544
cache size	: 6144 KB
physical id	: 0
siblings	: 2
core id		: 1
cpu cores	: 2
apicid		: 1
initial apicid	: 1
fpu		: yes
fpu_exception	: yes
cpuid level	: 13
wp		: yes
flags		: fpu vme de pse tsc msr pae mce cx8 apic sep mtrr pge mca cmov pat pse36 clflush mmx fxsr sse sse2 ht syscall nx rdtscp lm constant_tsc rep_good nopl xtopology nonstop_tsc cpuid pni pclmulqdq ssse3 cx16 pcid sse4_1 sse4_2 x2apic movbe popcnt aes xsave avx rdrand hypervisor lahf_lm abm invpcid_single pti fsgsbase avx2 invpcid
bugs		: cpu_meltdown spectre_v1 spectre_v2 spec_store_bypass
bogomips	: 5587.08
clflush size	: 64
cache_alignment	: 64
address sizes	: 39 bits physical, 48 bits virtual
power management:



Memory: 4k page, physical 4039536k(597744k free), swap 2097148k(2097148k free)

vm_info: OpenJDK 64-Bit Server VM (25.171-b11) for linux-amd64 JRE (1.8.0_171-8u171-b11-0ubuntu0.16.04.1-b11), built on Apr 27 2018 17:19:03 by "buildd" with gcc 5.4.0 20160609

time: Wed Aug  1 12:15:01 2018
elapsed time: 55 seconds (0d 0h 0m 55s)

