#
# A fatal error has been detected by the Java Runtime Environment:
#
#  SIGSEGV (0xb) at pc=0x00007f2584df8af0, pid=4736, tid=0x00007f25567fc700
#
# JRE version: OpenJDK Runtime Environment (8.0_171-b11) (build 1.8.0_171-8u171-b11-0ubuntu0.16.04.1-b11)
# Java VM: OpenJDK 64-Bit Server VM (25.171-b11 mixed mode linux-amd64 compressed oops)
# Problematic frame:
# C  [libusb-0.1.so.4+0x1af0]  usb_device+0x0
#
# Failed to write core dump. Core dumps have been disabled. To enable core dumping, try "ulimit -c unlimited" before starting Java again
#
# If you would like to submit a bug report, please visit:
#   http://bugreport.java.com/bugreport/crash.jsp
# The crash happened outside the Java Virtual Machine in native code.
# See problematic frame for where to report the bug.
#

---------------  T H R E A D  ---------------

Current thread (0x00007f256c0a8000):  JavaThread "Thread-238" [_thread_in_native, id=5754, stack(0x00007f2555ffc000,0x00007f25567fd000)]

siginfo: si_signo: 11 (SIGSEGV), si_code: 1 (SEGV_MAPERR), si_addr: 0x000000000000000f

Registers:
RAX=0xffffffffffffffff, RBX=0x00007f25990a1f90, RCX=0x0000000000000010, RDX=0xffffffffffffffff
RSP=0x00007f25567f9728, RBP=0x00007f25567f9760, RSI=0x00007f25567f9800, RDI=0xffffffffffffffff
R8 =0x0000000000000008, R9 =0x0000000000000015, R10=0x00007f25850183db, R11=0x00007f259b0d4950
R12=0x0000000000000000, R13=0x00007f25990a1f90, R14=0x00007f25567f9800, R15=0x00007f256c0a8000
RIP=0x00007f2584df8af0, EFLAGS=0x0000000000010202, CSGSFS=0x002b000000000033, ERR=0x0000000000000004
  TRAPNO=0x000000000000000e

Top of Stack: (sp=0x00007f25567f9728)
0x00007f25567f9728:   00007f25980413f2 00007f25567f9780
0x00007f25567f9738:   ffffffffffffffff 00007f25567f9800
0x00007f25567f9748:   00007f256c0a81e0 00000000fbff08d8
0x00007f25567f9758:   0000000000000000 00007f25567f97d0
0x00007f25567f9768:   00007f2585018407 00007f2598cc19b8
0x00007f25567f9778:   00007f25567f97e8 00007f2598d92250
0x00007f25567f9788:   00007f2598f10750 00007f25567f9790
0x00007f25567f9798:   0000000000000000 00007f25567f9800
0x00007f25567f97a8:   00007f25990a3418 0000000000000000
0x00007f25567f97b8:   00007f25990a1f90 0000000000000000
0x00007f25567f97c8:   00007f25567f97f0 00007f25567f9848
0x00007f25567f97d8:   00007f2585007ffd 0000000000000000
0x00007f25567f97e8:   00007f2585011a58 ffffffffffffffff
0x00007f25567f97f8:   00000000fbfc0c50 00000000fbfd92c8
0x00007f25567f9808:   00007f25567f9808 00007f25990a293a
0x00007f25567f9818:   00007f25567f9868 00007f25990a3418
0x00007f25567f9828:   0000000000000000 00007f25990a2968
0x00007f25567f9838:   00007f25567f97f0 00007f25567f9858
0x00007f25567f9848:   00007f25567f98b0 00007f2585008042
0x00007f25567f9858:   ffffffffffffffff 00007f2598e9bfb0
0x00007f25567f9868:   00000000fbfd92c8 00007f25567f9870
0x00007f25567f9878:   00007f25990a0135 00007f25567f98d0
0x00007f25567f9888:   00007f25990a1200 0000000000000000
0x00007f25567f9898:   00007f25990a0160 00007f25567f9858
0x00007f25567f98a8:   00007f25567f98c0 00007f25567f9918
0x00007f25567f98b8:   00007f2585007ffd ffffffffffffffff
0x00007f25567f98c8:   0000000000000021 00000000fbfd92b8
0x00007f25567f98d8:   00007f25567f98d8 00007f259909f2f9
0x00007f25567f98e8:   00007f25567f9928 00007f259909f6e0
0x00007f25567f98f8:   0000000000000000 00007f259909f320
0x00007f25567f9908:   00007f25567f98c0 00007f25567f9928
0x00007f25567f9918:   00007f25567f9970 00007f2585008042 

Instructions: (pc=0x00007f2584df8af0)
0x00007f2584df8ad0:   df 89 c5 e8 b8 fa ff ff 48 83 c4 08 89 e8 5b 5d
0x00007f2584df8ae0:   c3 0f 1f 44 00 00 66 2e 0f 1f 84 00 00 00 00 00
0x00007f2584df8af0:   48 8b 47 10 c3 90 66 2e 0f 1f 84 00 00 00 00 00
0x00007f2584df8b00:   53 48 89 fb e8 37 11 00 00 48 8b bb 50 10 00 00 

Register to memory mapping:

RAX=0xffffffffffffffff is an unknown value
RBX={method} {0x00007f25990a1f90} 'NatUSBCloseDevice' '(J)V' in 'com/oceanoptics/uniusb/UniUSB'
RCX=0x0000000000000010 is an unknown value
RDX=0xffffffffffffffff is an unknown value
RSP=0x00007f25567f9728 is pointing into the stack for thread: 0x00007f256c0a8000
RBP=0x00007f25567f9760 is pointing into the stack for thread: 0x00007f256c0a8000
RSI=0x00007f25567f9800 is pointing into the stack for thread: 0x00007f256c0a8000
RDI=0xffffffffffffffff is an unknown value
R8 =0x0000000000000008 is an unknown value
R9 =0x0000000000000015 is an unknown value
R10=0x00007f25850183db is at code_begin+859 in an Interpreter codelet
method entry point (kind = native)  [0x00007f2585018080, 0x00007f2585018a00]  2432 bytes
R11=0x00007f259b0d4950: <offset 0x961950> in /usr/lib/libjvm.so at 0x00007f259a773000
R12=0x0000000000000000 is an unknown value
R13={method} {0x00007f25990a1f90} 'NatUSBCloseDevice' '(J)V' in 'com/oceanoptics/uniusb/UniUSB'
R14=0x00007f25567f9800 is pointing into the stack for thread: 0x00007f256c0a8000
R15=0x00007f256c0a8000 is a thread


Stack: [0x00007f2555ffc000,0x00007f25567fd000],  sp=0x00007f25567f9728,  free space=8181k
Native frames: (J=compiled Java code, j=interpreted, Vv=VM code, C=native code)
C  [libusb-0.1.so.4+0x1af0]  usb_device+0x0
j  com.oceanoptics.uniusb.UniUSB.NatUSBCloseDevice(J)V+0
j  com.oceanoptics.uniusb.UniUSB.closeDevice(J)V+2
j  com.oceanoptics.uniusb.USB.closeDevice(J)V+5
j  com.oceanoptics.omnidriver.features.USBImpl.closeDevice()V+25
j  com.oceanoptics.omnidriver.spectrometer.USBSpectrometer.closeSpectrometer()V+23
j  com.oceanoptics.omnidriver.spectrometer.SpectrometerAssembly.closeSpectrometer()V+32
j  com.oceanoptics.omnidriver.api.wrapper.Wrapper.closeSpectrometer(I)V+11
v  ~StubRoutines::call_stub
V  [libjvm.so+0x6648eb]
V  [libjvm.so+0x67e55a]
V  [libjvm.so+0x681ea2]
C  [libcommon.so+0x2883a]  JNIEnv_::CallVoidMethodV(_jobject*, _jmethodID*, __va_list_tag*)+0x38
C  [libcommon.so+0x267b6]  EnvWrapper::CallVoidMethod(JNIEnv_*, _jobject*, _jmethodID*, ...)+0xda
C  [libOmniDriver.so+0x3f7360]  Wrapper::closeSpectrometer(int)+0x5e
C  [libOmniDriver.so+0x3fb985]  Wrapper_closeSpectrometer+0x20
C  [libffi.so.6+0x5e40]  ffi_call_unix64+0x4c
C  0x00007f25567fa0f0

Java frames: (J=compiled Java code, j=interpreted, Vv=VM code)
j  com.oceanoptics.uniusb.UniUSB.NatUSBCloseDevice(J)V+0
j  com.oceanoptics.uniusb.UniUSB.closeDevice(J)V+2
j  com.oceanoptics.uniusb.USB.closeDevice(J)V+5
j  com.oceanoptics.omnidriver.features.USBImpl.closeDevice()V+25
j  com.oceanoptics.omnidriver.spectrometer.USBSpectrometer.closeSpectrometer()V+23
j  com.oceanoptics.omnidriver.spectrometer.SpectrometerAssembly.closeSpectrometer()V+32
j  com.oceanoptics.omnidriver.api.wrapper.Wrapper.closeSpectrometer(I)V+11
v  ~StubRoutines::call_stub

---------------  P R O C E S S  ---------------

Java Threads: ( => current thread )
=>0x00007f256c0a8000 JavaThread "Thread-238" [_thread_in_native, id=5754, stack(0x00007f2555ffc000,0x00007f25567fd000)]
  0x00000000030fa000 JavaThread "Thread-143" [_thread_in_native, id=4877, stack(0x00007f25844f5000,0x00007f2584cf6000)]
  0x0000000005402800 JavaThread "Service Thread" daemon [_thread_blocked, id=4758, stack(0x00007f2598346000,0x00007f2598447000)]
  0x00000000053f5800 JavaThread "C1 CompilerThread1" daemon [_thread_blocked, id=4757, stack(0x00007f2598447000,0x00007f2598548000)]
  0x00000000053f3000 JavaThread "C2 CompilerThread0" daemon [_thread_blocked, id=4756, stack(0x00007f2598548000,0x00007f2598649000)]
  0x00000000053f1800 JavaThread "Signal Dispatcher" daemon [_thread_blocked, id=4755, stack(0x00007f2598649000,0x00007f259874a000)]
  0x00000000053c0800 JavaThread "Finalizer" daemon [_thread_blocked, id=4754, stack(0x00007f259874a000,0x00007f259884b000)]
  0x00000000053bb800 JavaThread "Reference Handler" daemon [_thread_blocked, id=4753, stack(0x00007f259884b000,0x00007f259894c000)]

Other Threads:
  0x00000000053b4000 VMThread [stack: 0x00007f259894c000,0x00007f2598a4d000] [id=4752]
  0x0000000005405000 WatcherThread [stack: 0x00007f2598245000,0x00007f2598346000] [id=4759]

VM state:not at safepoint (normal execution)

VM Mutex/Monitor currently owned by a thread: None

Heap:
 PSYoungGen      total 18432K, used 10632K [0x00000000fad00000, 0x00000000fc180000, 0x0000000100000000)
  eden space 15872K, 59% used [0x00000000fad00000,0x00000000fb62a6f8,0x00000000fbc80000)
  from space 2560K, 48% used [0x00000000fbf00000,0x00000000fc037bf0,0x00000000fc180000)
  to   space 2560K, 0% used [0x00000000fbc80000,0x00000000fbc80000,0x00000000fbf00000)
 ParOldGen       total 42496K, used 32K [0x00000000f0600000, 0x00000000f2f80000, 0x00000000fad00000)
  object space 42496K, 0% used [0x00000000f0600000,0x00000000f0608000,0x00000000f2f80000)
 Metaspace       used 5449K, capacity 6572K, committed 6912K, reserved 1056768K
  class space    used 634K, capacity 680K, committed 768K, reserved 1048576K

Card table byte_map: [0x00007f25a817d000,0x00007f25a81fb000] byte_map_base: 0x00007f25a79fa000

Marking Bits: (ParMarkBitMap*) 0x00007f259b69b320
 Begin Bits: [0x00007f2599499000, 0x00007f2599881000)
 End Bits:   [0x00007f2599881000, 0x00007f2599c69000)

Polling page: 0x00007f25b8fc3000

CodeCache: size=245760Kb used=1711Kb max_used=1723Kb free=244048Kb
 bounds [0x00007f2585000000, 0x00007f2585270000, 0x00007f2594000000]
 total_blobs=576 nmethods=311 adapters=180
 compilation: enabled

Compilation events (10 events):
Event: 197.266 Thread 0x00000000053f5800  307       1       com.oceanoptics.omnidriver.spectra.Spectrum::getSpectrum (5 bytes)
Event: 197.266 Thread 0x00000000053f5800 nmethod 307 0x00007f258519d190 code [0x00007f258519d2e0, 0x00007f258519d3f0]
Event: 203.337 Thread 0x00000000053f3000  308 %     4       com.oceanoptics.omnidriver.spectrometer.hr4000.HR4000::formatData @ 58 (146 bytes)
Event: 203.343 Thread 0x00000000053f3000 nmethod 308% 0x00007f25851adc90 code [0x00007f25851ade00, 0x00007f25851ae2b8]
Event: 204.343 Thread 0x00000000053f3000  309 % !   4       com.oceanoptics.spectralprocessing.SpectralProcessor::accumulate @ 16 (88 bytes)
Event: 204.347 Thread 0x00000000053f3000 nmethod 309% 0x00007f25851ae550 code [0x00007f25851ae6a0, 0x00007f25851ae8f8]
Event: 205.353 Thread 0x00000000053f3000  310       4       com.oceanoptics.omnidriver.spectrometer.hr4000.HR4000::formatData (146 bytes)
Event: 205.357 Thread 0x00000000053f3000 nmethod 310 0x00007f25851aea50 code [0x00007f25851aebe0, 0x00007f25851af018]
Event: 206.359 Thread 0x00000000053f3000  311   !   4       com.oceanoptics.spectralprocessing.SpectralProcessor::accumulate (88 bytes)
Event: 206.360 Thread 0x00000000053f3000 nmethod 311 0x00007f25851af3d0 code [0x00007f25851af520, 0x00007f25851af6d8]

GC Heap History (8 events):
Event: 0.455 GC heap before
{Heap before GC invocations=1 (full 0):
 PSYoungGen      total 18432K, used 15872K [0x00000000fad00000, 0x00000000fc180000, 0x0000000100000000)
  eden space 15872K, 100% used [0x00000000fad00000,0x00000000fbc80000,0x00000000fbc80000)
  from space 2560K, 0% used [0x00000000fbf00000,0x00000000fbf00000,0x00000000fc180000)
  to   space 2560K, 0% used [0x00000000fbc80000,0x00000000fbc80000,0x00000000fbf00000)
 ParOldGen       total 42496K, used 0K [0x00000000f0600000, 0x00000000f2f80000, 0x00000000fad00000)
  object space 42496K, 0% used [0x00000000f0600000,0x00000000f0600000,0x00000000f2f80000)
 Metaspace       used 5328K, capacity 6508K, committed 6656K, reserved 1056768K
  class space    used 619K, capacity 680K, committed 768K, reserved 1048576K
Event: 0.457 GC heap after
Heap after GC invocations=1 (full 0):
 PSYoungGen      total 18432K, used 1141K [0x00000000fad00000, 0x00000000fc180000, 0x0000000100000000)
  eden space 15872K, 0% used [0x00000000fad00000,0x00000000fad00000,0x00000000fbc80000)
  from space 2560K, 44% used [0x00000000fbc80000,0x00000000fbd9d7c0,0x00000000fbf00000)
  to   space 2560K, 0% used [0x00000000fbf00000,0x00000000fbf00000,0x00000000fc180000)
 ParOldGen       total 42496K, used 8K [0x00000000f0600000, 0x00000000f2f80000, 0x00000000fad00000)
  object space 42496K, 0% used [0x00000000f0600000,0x00000000f0602000,0x00000000f2f80000)
 Metaspace       used 5328K, capacity 6508K, committed 6656K, reserved 1056768K
  class space    used 619K, capacity 680K, committed 768K, reserved 1048576K
}
Event: 47.235 GC heap before
{Heap before GC invocations=2 (full 0):
 PSYoungGen      total 18432K, used 17013K [0x00000000fad00000, 0x00000000fc180000, 0x0000000100000000)
  eden space 15872K, 99% used [0x00000000fad00000,0x00000000fbc7fef0,0x00000000fbc80000)
  from space 2560K, 44% used [0x00000000fbc80000,0x00000000fbd9d7c0,0x00000000fbf00000)
  to   space 2560K, 0% used [0x00000000fbf00000,0x00000000fbf00000,0x00000000fc180000)
 ParOldGen       total 42496K, used 8K [0x00000000f0600000, 0x00000000f2f80000, 0x00000000fad00000)
  object space 42496K, 0% used [0x00000000f0600000,0x00000000f0602000,0x00000000f2f80000)
 Metaspace       used 5440K, capacity 6572K, committed 6912K, reserved 1056768K
  class space    used 634K, capacity 680K, committed 768K, reserved 1048576K
Event: 47.237 GC heap after
Heap after GC invocations=2 (full 0):
 PSYoungGen      total 18432K, used 1138K [0x00000000fad00000, 0x00000000fc180000, 0x0000000100000000)
  eden space 15872K, 0% used [0x00000000fad00000,0x00000000fad00000,0x00000000fbc80000)
  from space 2560K, 44% used [0x00000000fbf00000,0x00000000fc01c840,0x00000000fc180000)
  to   space 2560K, 0% used [0x00000000fbc80000,0x00000000fbc80000,0x00000000fbf00000)
 ParOldGen       total 42496K, used 16K [0x00000000f0600000, 0x00000000f2f80000, 0x00000000fad00000)
  object space 42496K, 0% used [0x00000000f0600000,0x00000000f0604000,0x00000000f2f80000)
 Metaspace       used 5440K, capacity 6572K, committed 6912K, reserved 1056768K
  class space    used 634K, capacity 680K, committed 768K, reserved 1048576K
}
Event: 70.381 GC heap before
{Heap before GC invocations=3 (full 0):
 PSYoungGen      total 18432K, used 17010K [0x00000000fad00000, 0x00000000fc180000, 0x0000000100000000)
  eden space 15872K, 100% used [0x00000000fad00000,0x00000000fbc80000,0x00000000fbc80000)
  from space 2560K, 44% used [0x00000000fbf00000,0x00000000fc01c840,0x00000000fc180000)
  to   space 2560K, 0% used [0x00000000fbc80000,0x00000000fbc80000,0x00000000fbf00000)
 ParOldGen       total 42496K, used 16K [0x00000000f0600000, 0x00000000f2f80000, 0x00000000fad00000)
  object space 42496K, 0% used [0x00000000f0600000,0x00000000f0604000,0x00000000f2f80000)
 Metaspace       used 5442K, capacity 6572K, committed 6912K, reserved 1056768K
  class space    used 634K, capacity 680K, committed 768K, reserved 1048576K
Event: 70.383 GC heap after
Heap after GC invocations=3 (full 0):
 PSYoungGen      total 18432K, used 1074K [0x00000000fad00000, 0x00000000fc180000, 0x0000000100000000)
  eden space 15872K, 0% used [0x00000000fad00000,0x00000000fad00000,0x00000000fbc80000)
  from space 2560K, 41% used [0x00000000fbc80000,0x00000000fbd8c860,0x00000000fbf00000)
  to   space 2560K, 0% used [0x00000000fbf00000,0x00000000fbf00000,0x00000000fc180000)
 ParOldGen       total 42496K, used 24K [0x00000000f0600000, 0x00000000f2f80000, 0x00000000fad00000)
  object space 42496K, 0% used [0x00000000f0600000,0x00000000f0606000,0x00000000f2f80000)
 Metaspace       used 5442K, capacity 6572K, committed 6912K, reserved 1056768K
  class space    used 634K, capacity 680K, committed 768K, reserved 1048576K
}
Event: 187.228 GC heap before
{Heap before GC invocations=4 (full 0):
 PSYoungGen      total 18432K, used 16946K [0x00000000fad00000, 0x00000000fc180000, 0x0000000100000000)
  eden space 15872K, 100% used [0x00000000fad00000,0x00000000fbc80000,0x00000000fbc80000)
  from space 2560K, 41% used [0x00000000fbc80000,0x00000000fbd8c860,0x00000000fbf00000)
  to   space 2560K, 0% used [0x00000000fbf00000,0x00000000fbf00000,0x00000000fc180000)
 ParOldGen       total 42496K, used 24K [0x00000000f0600000, 0x00000000f2f80000, 0x00000000fad00000)
  object space 42496K, 0% used [0x00000000f0600000,0x00000000f0606000,0x00000000f2f80000)
 Metaspace       used 5448K, capacity 6572K, committed 6912K, reserved 1056768K
  class space    used 634K, capacity 680K, committed 768K, reserved 1048576K
Event: 187.229 GC heap after
Heap after GC invocations=4 (full 0):
 PSYoungGen      total 18432K, used 1246K [0x00000000fad00000, 0x00000000fc180000, 0x0000000100000000)
  eden space 15872K, 0% used [0x00000000fad00000,0x00000000fad00000,0x00000000fbc80000)
  from space 2560K, 48% used [0x00000000fbf00000,0x00000000fc037bf0,0x00000000fc180000)
  to   space 2560K, 0% used [0x00000000fbc80000,0x00000000fbc80000,0x00000000fbf00000)
 ParOldGen       total 42496K, used 32K [0x00000000f0600000, 0x00000000f2f80000, 0x00000000fad00000)
  object space 42496K, 0% used [0x00000000f0600000,0x00000000f0608000,0x00000000f2f80000)
 Metaspace       used 5448K, capacity 6572K, committed 6912K, reserved 1056768K
  class space    used 634K, capacity 680K, committed 768K, reserved 1048576K
}

Deoptimization events (0 events):
No events

Classes redefined (0 events):
No events

Internal exceptions (10 events):
Event: 138.825 Thread 0x00000000030fa000 Exception <a 'java/io/IOException': No Device Found> (0x00000000fb10f668) thrown at [/build/openjdk-8-wnL82d/openjdk-8-8u171-b11/src/hotspot/src/share/vm/prims/jni.cpp, line 735]
Event: 138.825 Thread 0x00000000030fa000 Exception <a 'java/io/IOException': No Device Found> (0x00000000fb1108d0) thrown at [/build/openjdk-8-wnL82d/openjdk-8-8u171-b11/src/hotspot/src/share/vm/prims/jni.cpp, line 735]
Event: 138.825 Thread 0x00000000030fa000 Exception <a 'java/io/IOException': No Device Found> (0x00000000fb111b38) thrown at [/build/openjdk-8-wnL82d/openjdk-8-8u171-b11/src/hotspot/src/share/vm/prims/jni.cpp, line 735]
Event: 138.825 Thread 0x00000000030fa000 Exception <a 'java/io/IOException': No Device Found> (0x00000000fb112da0) thrown at [/build/openjdk-8-wnL82d/openjdk-8-8u171-b11/src/hotspot/src/share/vm/prims/jni.cpp, line 735]
Event: 138.825 Thread 0x00000000030fa000 Exception <a 'java/io/IOException': No Device Found> (0x00000000fb114008) thrown at [/build/openjdk-8-wnL82d/openjdk-8-8u171-b11/src/hotspot/src/share/vm/prims/jni.cpp, line 735]
Event: 138.825 Thread 0x00000000030fa000 Exception <a 'java/io/IOException': No Device Found> (0x00000000fb115270) thrown at [/build/openjdk-8-wnL82d/openjdk-8-8u171-b11/src/hotspot/src/share/vm/prims/jni.cpp, line 735]
Event: 138.825 Thread 0x00000000030fa000 Exception <a 'java/io/IOException': No Device Found> (0x00000000fb1164d8) thrown at [/build/openjdk-8-wnL82d/openjdk-8-8u171-b11/src/hotspot/src/share/vm/prims/jni.cpp, line 735]
Event: 138.825 Thread 0x00000000030fa000 Exception <a 'java/io/IOException': No Device Found> (0x00000000fb117740) thrown at [/build/openjdk-8-wnL82d/openjdk-8-8u171-b11/src/hotspot/src/share/vm/prims/jni.cpp, line 735]
Event: 138.825 Thread 0x00000000030fa000 Exception <a 'java/io/IOException': No Device Found> (0x00000000fb1189a8) thrown at [/build/openjdk-8-wnL82d/openjdk-8-8u171-b11/src/hotspot/src/share/vm/prims/jni.cpp, line 735]
Event: 138.825 Thread 0x00000000030fa000 Exception <a 'java/io/IOException': No Device Found> (0x00000000fb119c10) thrown at [/build/openjdk-8-wnL82d/openjdk-8-8u171-b11/src/hotspot/src/share/vm/prims/jni.cpp, line 735]

Events (10 events):
Event: 205.352 Thread 0x00007f2574009000 DEOPT PACKING pc=0x00007f25851a45df sp=0x00007f2556ffa2e0
Event: 205.352 Thread 0x00007f2574009000 DEOPT UNPACKING pc=0x00007f25850474c4 sp=0x00007f2556ffa0c0 mode 0
Event: 205.352 Thread 0x00007f2574009000 Thread exited: 0x00007f2574009000
Event: 206.358 Thread 0x00007f2574009000 Thread added: 0x00007f2574009000
Event: 206.358 Thread 0x00007f2574009000 DEOPT PACKING pc=0x00007f25851a711a sp=0x00007f2556ffa490
Event: 206.358 Thread 0x00007f2574009000 DEOPT UNPACKING pc=0x00007f25850474c4 sp=0x00007f2556ffa248 mode 0
Event: 206.358 Thread 0x00007f2574009000 Thread exited: 0x00007f2574009000
Event: 207.361 Thread 0x00007f256c0c1800 Thread added: 0x00007f256c0c1800
Event: 207.362 Thread 0x00007f256c0c1800 Thread exited: 0x00007f256c0c1800
Event: 208.017 Thread 0x00007f256c0a8000 Thread added: 0x00007f256c0a8000


Dynamic libraries:
00400000-006de000 r-xp 00000000 fd:00 660314                             /usr/bin/python2.7
008dd000-008de000 r--p 002dd000 fd:00 660314                             /usr/bin/python2.7
008de000-00955000 rw-p 002de000 fd:00 660314                             /usr/bin/python2.7
00955000-00978000 rw-p 00000000 00:00 0 
02858000-05597000 rw-p 00000000 00:00 0                                  [heap]
f0600000-f2f80000 rw-p 00000000 00:00 0 
f2f80000-fad00000 ---p 00000000 00:00 0 
fad00000-fc180000 rw-p 00000000 00:00 0 
fc180000-100000000 ---p 00000000 00:00 0 
100000000-1000c0000 rw-p 00000000 00:00 0 
1000c0000-140000000 ---p 00000000 00:00 0 
7f25557fb000-7f25557fc000 ---p 00000000 00:00 0 
7f25557fc000-7f2555ffc000 rw-p 00000000 00:00 0 
7f2555ffc000-7f2555fff000 ---p 00000000 00:00 0 
7f2555fff000-7f25567fd000 rw-p 00000000 00:00 0 
7f25567fd000-7f2556800000 ---p 00000000 00:00 0 
7f2556800000-7f2556ffe000 rw-p 00000000 00:00 0 
7f2556ffe000-7f2556fff000 ---p 00000000 00:00 0 
7f2556fff000-7f25577ff000 rw-p 00000000 00:00 0 
7f25577ff000-7f2557800000 ---p 00000000 00:00 0 
7f2557800000-7f2558000000 rw-p 00000000 00:00 0 
7f2558000000-7f2558021000 rw-p 00000000 00:00 0 
7f2558021000-7f255c000000 ---p 00000000 00:00 0 
7f255c000000-7f255c021000 rw-p 00000000 00:00 0 
7f255c021000-7f2560000000 ---p 00000000 00:00 0 
7f2560000000-7f256018f000 rw-p 00000000 00:00 0 
7f256018f000-7f2564000000 ---p 00000000 00:00 0 
7f2564000000-7f2564021000 rw-p 00000000 00:00 0 
7f2564021000-7f2568000000 ---p 00000000 00:00 0 
7f2568000000-7f2568021000 rw-p 00000000 00:00 0 
7f2568021000-7f256c000000 ---p 00000000 00:00 0 
7f256c000000-7f256c0ed000 rw-p 00000000 00:00 0 
7f256c0ed000-7f2570000000 ---p 00000000 00:00 0 
7f2570000000-7f2570021000 rw-p 00000000 00:00 0 
7f2570021000-7f2574000000 ---p 00000000 00:00 0 
7f2574000000-7f2574021000 rw-p 00000000 00:00 0 
7f2574021000-7f2578000000 ---p 00000000 00:00 0 
7f2578000000-7f2578021000 rw-p 00000000 00:00 0 
7f2578021000-7f257c000000 ---p 00000000 00:00 0 
7f257c000000-7f257c021000 rw-p 00000000 00:00 0 
7f257c021000-7f2580000000 ---p 00000000 00:00 0 
7f2580000000-7f2580021000 rw-p 00000000 00:00 0 
7f2580021000-7f2584000000 ---p 00000000 00:00 0 
7f25844f5000-7f25844f8000 ---p 00000000 00:00 0 
7f25844f8000-7f2584cf6000 rw-p 00000000 00:00 0 
7f2584cf6000-7f2584cf9000 ---p 00000000 00:00 0 
7f2584cf9000-7f2584df7000 rw-p 00000000 00:00 0 
7f2584df7000-7f2584dfe000 r-xp 00000000 fd:00 918170                     /lib/x86_64-linux-gnu/libusb-0.1.so.4.4.4
7f2584dfe000-7f2584ffd000 ---p 00007000 fd:00 918170                     /lib/x86_64-linux-gnu/libusb-0.1.so.4.4.4
7f2584ffd000-7f2584ffe000 r--p 00006000 fd:00 918170                     /lib/x86_64-linux-gnu/libusb-0.1.so.4.4.4
7f2584ffe000-7f2584fff000 rw-p 00007000 fd:00 918170                     /lib/x86_64-linux-gnu/libusb-0.1.so.4.4.4
7f2584fff000-7f2585000000 rw-p 00000000 00:00 0 
7f2585000000-7f2585270000 rwxp 00000000 00:00 0 
7f2585270000-7f2594000000 ---p 00000000 00:00 0 
7f2594000000-7f2594021000 rw-p 00000000 00:00 0 
7f2594021000-7f2598000000 ---p 00000000 00:00 0 
7f2598040000-7f2598044000 r-xp 00000000 fd:00 825271                     /home/tango-cs/OmniDriverSPAM/OOI_HOME/libNatUSB.so
7f2598044000-7f2598243000 ---p 00004000 fd:00 825271                     /home/tango-cs/OmniDriverSPAM/OOI_HOME/libNatUSB.so
7f2598243000-7f2598244000 r--p 00003000 fd:00 825271                     /home/tango-cs/OmniDriverSPAM/OOI_HOME/libNatUSB.so
7f2598244000-7f2598245000 rw-p 00004000 fd:00 825271                     /home/tango-cs/OmniDriverSPAM/OOI_HOME/libNatUSB.so
7f2598245000-7f2598246000 ---p 00000000 00:00 0 
7f2598246000-7f2598346000 rw-p 00000000 00:00 0 
7f2598346000-7f2598349000 ---p 00000000 00:00 0 
7f2598349000-7f2598447000 rw-p 00000000 00:00 0 
7f2598447000-7f259844a000 ---p 00000000 00:00 0 
7f259844a000-7f2598548000 rw-p 00000000 00:00 0 
7f2598548000-7f259854b000 ---p 00000000 00:00 0 
7f259854b000-7f2598649000 rw-p 00000000 00:00 0 
7f2598649000-7f259864c000 ---p 00000000 00:00 0 
7f259864c000-7f259874a000 rw-p 00000000 00:00 0 
7f259874a000-7f259874d000 ---p 00000000 00:00 0 
7f259874d000-7f259884b000 rw-p 00000000 00:00 0 
7f259884b000-7f259884e000 ---p 00000000 00:00 0 
7f259884e000-7f259894c000 rw-p 00000000 00:00 0 
7f259894c000-7f259894d000 ---p 00000000 00:00 0 
7f259894d000-7f2598a4d000 rw-p 00000000 00:00 0 
7f2598a4d000-7f2598c1c000 r--s 03c2f000 fd:00 777693                     /usr/lib/jvm/java-8-openjdk-amd64/jre/lib/rt.jar
7f2598c1c000-7f259921c000 rw-p 00000000 00:00 0 
7f259921c000-7f259941c000 ---p 00000000 00:00 0 
7f259941c000-7f2599c69000 rw-p 00000000 00:00 0 
7f2599c69000-7f2599c6a000 ---p 00000000 00:00 0 
7f2599c6a000-7f2599d74000 rw-p 00000000 00:00 0 
7f2599d74000-7f259a12a000 ---p 00000000 00:00 0 
7f259a12a000-7f259a132000 r-xp 00000000 fd:00 676893                     /usr/lib/jvm/java-8-openjdk-amd64/jre/lib/amd64/libzip.so
7f259a132000-7f259a331000 ---p 00008000 fd:00 676893                     /usr/lib/jvm/java-8-openjdk-amd64/jre/lib/amd64/libzip.so
7f259a331000-7f259a332000 r--p 00007000 fd:00 676893                     /usr/lib/jvm/java-8-openjdk-amd64/jre/lib/amd64/libzip.so
7f259a332000-7f259a333000 rw-p 00008000 fd:00 676893                     /usr/lib/jvm/java-8-openjdk-amd64/jre/lib/amd64/libzip.so
7f259a333000-7f259a360000 r-xp 00000000 fd:00 676884                     /usr/lib/jvm/java-8-openjdk-amd64/jre/lib/amd64/libjava.so
7f259a360000-7f259a55f000 ---p 0002d000 fd:00 676884                     /usr/lib/jvm/java-8-openjdk-amd64/jre/lib/amd64/libjava.so
7f259a55f000-7f259a560000 r--p 0002c000 fd:00 676884                     /usr/lib/jvm/java-8-openjdk-amd64/jre/lib/amd64/libjava.so
7f259a560000-7f259a562000 rw-p 0002d000 fd:00 676884                     /usr/lib/jvm/java-8-openjdk-amd64/jre/lib/amd64/libjava.so
7f259a562000-7f259a571000 r-xp 00000000 fd:00 676870                     /usr/lib/jvm/java-8-openjdk-amd64/jre/lib/amd64/libverify.so
7f259a571000-7f259a770000 ---p 0000f000 fd:00 676870                     /usr/lib/jvm/java-8-openjdk-amd64/jre/lib/amd64/libverify.so
7f259a770000-7f259a772000 r--p 0000e000 fd:00 676870                     /usr/lib/jvm/java-8-openjdk-amd64/jre/lib/amd64/libverify.so
7f259a772000-7f259a773000 rw-p 00010000 fd:00 676870                     /usr/lib/jvm/java-8-openjdk-amd64/jre/lib/amd64/libverify.so
7f259a773000-7f259b3cc000 r-xp 00000000 fd:00 676897                     /usr/lib/jvm/java-8-openjdk-amd64/jre/lib/amd64/server/libjvm.so
7f259b3cc000-7f259b5cc000 ---p 00c59000 fd:00 676897                     /usr/lib/jvm/java-8-openjdk-amd64/jre/lib/amd64/server/libjvm.so
7f259b5cc000-7f259b65f000 r--p 00c59000 fd:00 676897                     /usr/lib/jvm/java-8-openjdk-amd64/jre/lib/amd64/server/libjvm.so
7f259b65f000-7f259b688000 rw-p 00cec000 fd:00 676897                     /usr/lib/jvm/java-8-openjdk-amd64/jre/lib/amd64/server/libjvm.so
7f259b688000-7f259b6b8000 rw-p 00000000 00:00 0 
7f259b6b8000-7f259bba5000 r-xp 00000000 fd:00 825294                     /home/tango-cs/OmniDriverSPAM/OOI_HOME/libOmniDriver.so
7f259bba5000-7f259bda5000 ---p 004ed000 fd:00 825294                     /home/tango-cs/OmniDriverSPAM/OOI_HOME/libOmniDriver.so
7f259bda5000-7f259bdb0000 r--p 004ed000 fd:00 825294                     /home/tango-cs/OmniDriverSPAM/OOI_HOME/libOmniDriver.so
7f259bdb0000-7f259bdbf000 rw-p 004f8000 fd:00 825294                     /home/tango-cs/OmniDriverSPAM/OOI_HOME/libOmniDriver.so
7f259bdbf000-7f259bdff000 r-xp 00000000 fd:00 825295                     /home/tango-cs/OmniDriverSPAM/OOI_HOME/libcommon.so
7f259bdff000-7f259bffe000 ---p 00040000 fd:00 825295                     /home/tango-cs/OmniDriverSPAM/OOI_HOME/libcommon.so
7f259bffe000-7f259bfff000 r--p 0003f000 fd:00 825295                     /home/tango-cs/OmniDriverSPAM/OOI_HOME/libcommon.so
7f259bfff000-7f259c000000 rw-p 00040000 fd:00 825295                     /home/tango-cs/OmniDriverSPAM/OOI_HOME/libcommon.so
7f259c000000-7f259c021000 rw-p 00000000 00:00 0 
7f259c021000-7f25a0000000 ---p 00000000 00:00 0 
7f25a0000000-7f25a00e2000 rw-p 00000000 00:00 0 
7f25a00e2000-7f25a4000000 ---p 00000000 00:00 0 
7f25a4000000-7f25a4021000 rw-p 00000000 00:00 0 
7f25a4021000-7f25a8000000 ---p 00000000 00:00 0 
7f25a8028000-7f25a8029000 ---p 00000000 00:00 0 
7f25a8029000-7f25a813e000 rw-p 00000000 00:00 0 
7f25a813e000-7f25a817d000 ---p 00000000 00:00 0 
7f25a817d000-7f25a8192000 rw-p 00000000 00:00 0 
7f25a8192000-7f25a81d0000 ---p 00000000 00:00 0 
7f25a81d0000-7f25a81db000 rw-p 00000000 00:00 0 
7f25a81db000-7f25a81fa000 ---p 00000000 00:00 0 
7f25a81fa000-7f25a81fb000 rw-p 00000000 00:00 0 
7f25a81fb000-7f25a81fd000 r-xp 00000000 fd:00 976263                     /home/tango-cs/Documents/Spectrometer/OceanOpticsTango/libw.so
7f25a81fd000-7f25a83fc000 ---p 00002000 fd:00 976263                     /home/tango-cs/Documents/Spectrometer/OceanOpticsTango/libw.so
7f25a83fc000-7f25a83fd000 r--p 00001000 fd:00 976263                     /home/tango-cs/Documents/Spectrometer/OceanOpticsTango/libw.so
7f25a83fd000-7f25a83fe000 rw-p 00002000 fd:00 976263                     /home/tango-cs/Documents/Spectrometer/OceanOpticsTango/libw.so
7f25a83fe000-7f25a83ff000 ---p 00000000 00:00 0 
7f25a83ff000-7f25a8bff000 rw-p 00000000 00:00 0 
7f25a8bff000-7f25a8c00000 ---p 00000000 00:00 0 
7f25a8c00000-7f25a9400000 rw-p 00000000 00:00 0 
7f25a9400000-7f25a9401000 ---p 00000000 00:00 0 
7f25a9401000-7f25a9c01000 rw-p 00000000 00:00 0 
7f25a9c01000-7f25a9c02000 ---p 00000000 00:00 0 
7f25a9c02000-7f25aa402000 rw-p 00000000 00:00 0 
7f25aa402000-7f25aa403000 ---p 00000000 00:00 0 
7f25aa403000-7f25aac03000 rw-p 00000000 00:00 0 
7f25aac03000-7f25aac04000 ---p 00000000 00:00 0 
7f25aac04000-7f25ab404000 rw-p 00000000 00:00 0 
7f25ab404000-7f25ab41b000 r-xp 00000000 fd:00 948151                     /lib/x86_64-linux-gnu/libresolv-2.23.so
7f25ab41b000-7f25ab61b000 ---p 00017000 fd:00 948151                     /lib/x86_64-linux-gnu/libresolv-2.23.so
7f25ab61b000-7f25ab61c000 r--p 00017000 fd:00 948151                     /lib/x86_64-linux-gnu/libresolv-2.23.so
7f25ab61c000-7f25ab61d000 rw-p 00018000 fd:00 948151                     /lib/x86_64-linux-gnu/libresolv-2.23.so
7f25ab61d000-7f25ab61f000 rw-p 00000000 00:00 0 
7f25ab61f000-7f25ab624000 r-xp 00000000 fd:00 948207                     /lib/x86_64-linux-gnu/libnss_dns-2.23.so
7f25ab624000-7f25ab824000 ---p 00005000 fd:00 948207                     /lib/x86_64-linux-gnu/libnss_dns-2.23.so
7f25ab824000-7f25ab825000 r--p 00005000 fd:00 948207                     /lib/x86_64-linux-gnu/libnss_dns-2.23.so
7f25ab825000-7f25ab826000 rw-p 00006000 fd:00 948207                     /lib/x86_64-linux-gnu/libnss_dns-2.23.so
7f25ab826000-7f25ab828000 r-xp 00000000 fd:00 918097                     /lib/x86_64-linux-gnu/libnss_mdns4_minimal.so.2
7f25ab828000-7f25aba27000 ---p 00002000 fd:00 918097                     /lib/x86_64-linux-gnu/libnss_mdns4_minimal.so.2
7f25aba27000-7f25aba28000 r--p 00001000 fd:00 918097                     /lib/x86_64-linux-gnu/libnss_mdns4_minimal.so.2
7f25aba28000-7f25aba29000 rw-p 00002000 fd:00 918097                     /lib/x86_64-linux-gnu/libnss_mdns4_minimal.so.2
7f25aba29000-7f25aba34000 r-xp 00000000 fd:00 949315                     /lib/x86_64-linux-gnu/libnss_files-2.23.so
7f25aba34000-7f25abc33000 ---p 0000b000 fd:00 949315                     /lib/x86_64-linux-gnu/libnss_files-2.23.so
7f25abc33000-7f25abc34000 r--p 0000a000 fd:00 949315                     /lib/x86_64-linux-gnu/libnss_files-2.23.so
7f25abc34000-7f25abc35000 rw-p 0000b000 fd:00 949315                     /lib/x86_64-linux-gnu/libnss_files-2.23.so
7f25abc35000-7f25abc3b000 rw-p 00000000 00:00 0 
7f25abc3b000-7f25abc46000 r-xp 00000000 fd:00 949358                     /lib/x86_64-linux-gnu/libnss_nis-2.23.so
7f25abc46000-7f25abe45000 ---p 0000b000 fd:00 949358                     /lib/x86_64-linux-gnu/libnss_nis-2.23.so
7f25abe45000-7f25abe46000 r--p 0000a000 fd:00 949358                     /lib/x86_64-linux-gnu/libnss_nis-2.23.so
7f25abe46000-7f25abe47000 rw-p 0000b000 fd:00 949358                     /lib/x86_64-linux-gnu/libnss_nis-2.23.so
7f25abe47000-7f25abe5d000 r-xp 00000000 fd:00 920920                     /lib/x86_64-linux-gnu/libnsl-2.23.so
7f25abe5d000-7f25ac05c000 ---p 00016000 fd:00 920920                     /lib/x86_64-linux-gnu/libnsl-2.23.so
7f25ac05c000-7f25ac05d000 r--p 00015000 fd:00 920920                     /lib/x86_64-linux-gnu/libnsl-2.23.so
7f25ac05d000-7f25ac05e000 rw-p 00016000 fd:00 920920                     /lib/x86_64-linux-gnu/libnsl-2.23.so
7f25ac05e000-7f25ac060000 rw-p 00000000 00:00 0 
7f25ac060000-7f25ac068000 r-xp 00000000 fd:00 948159                     /lib/x86_64-linux-gnu/libnss_compat-2.23.so
7f25ac068000-7f25ac267000 ---p 00008000 fd:00 948159                     /lib/x86_64-linux-gnu/libnss_compat-2.23.so
7f25ac267000-7f25ac268000 r--p 00007000 fd:00 948159                     /lib/x86_64-linux-gnu/libnss_compat-2.23.so
7f25ac268000-7f25ac269000 rw-p 00008000 fd:00 948159                     /lib/x86_64-linux-gnu/libnss_compat-2.23.so
7f25ac269000-7f25ac2a9000 rw-p 00000000 00:00 0 
7f25ac2a9000-7f25ac2b5000 r-xp 00000000 fd:00 783295                     /usr/lib/python2.7/lib-dynload/_json.x86_64-linux-gnu.so
7f25ac2b5000-7f25ac4b4000 ---p 0000c000 fd:00 783295                     /usr/lib/python2.7/lib-dynload/_json.x86_64-linux-gnu.so
7f25ac4b4000-7f25ac4b5000 r--p 0000b000 fd:00 783295                     /usr/lib/python2.7/lib-dynload/_json.x86_64-linux-gnu.so
7f25ac4b5000-7f25ac4b6000 rw-p 0000c000 fd:00 783295                     /usr/lib/python2.7/lib-dynload/_json.x86_64-linux-gnu.so
7f25ac4b6000-7f25ac676000 rw-p 00000000 00:00 0 
7f25ac676000-7f25ac67c000 r-xp 00000000 fd:00 783303                     /usr/lib/python2.7/lib-dynload/_multiprocessing.x86_64-linux-gnu.so
7f25ac67c000-7f25ac87b000 ---p 00006000 fd:00 783303                     /usr/lib/python2.7/lib-dynload/_multiprocessing.x86_64-linux-gnu.so
7f25ac87b000-7f25ac87c000 r--p 00005000 fd:00 783303                     /usr/lib/python2.7/lib-dynload/_multiprocessing.x86_64-linux-gnu.so
7f25ac87c000-7f25ac87d000 rw-p 00006000 fd:00 783303                     /usr/lib/python2.7/lib-dynload/_multiprocessing.x86_64-linux-gnu.so
7f25ac87d000-7f25ac8bd000 rw-p 00000000 00:00 0 
7f25ac8bd000-7f25ac91b000 r-xp 00000000 fd:00 917584                     /lib/x86_64-linux-gnu/libssl.so.1.0.0
7f25ac91b000-7f25acb1b000 ---p 0005e000 fd:00 917584                     /lib/x86_64-linux-gnu/libssl.so.1.0.0
7f25acb1b000-7f25acb1f000 r--p 0005e000 fd:00 917584                     /lib/x86_64-linux-gnu/libssl.so.1.0.0
7f25acb1f000-7f25acb26000 rw-p 00062000 fd:00 917584                     /lib/x86_64-linux-gnu/libssl.so.1.0.0
7f25acb26000-7f25acb3b000 r-xp 00000000 fd:00 783324                     /usr/lib/python2.7/lib-dynload/_ssl.x86_64-linux-gnu.so
7f25acb3b000-7f25acd3a000 ---p 00015000 fd:00 783324                     /usr/lib/python2.7/lib-dynload/_ssl.x86_64-linux-gnu.so
7f25acd3a000-7f25acd3b000 r--p 00014000 fd:00 783324                     /usr/lib/python2.7/lib-dynload/_ssl.x86_64-linux-gnu.so
7f25acd3b000-7f25acd3f000 rw-p 00015000 fd:00 783324                     /usr/lib/python2.7/lib-dynload/_ssl.x86_64-linux-gnu.so
7f25acd3f000-7f25ad03f000 rw-p 00000000 00:00 0 
7f25ad03f000-7f25ad046000 r-xp 00000000 fd:00 949459                     /lib/x86_64-linux-gnu/librt-2.23.so
7f25ad046000-7f25ad245000 ---p 00007000 fd:00 949459                     /lib/x86_64-linux-gnu/librt-2.23.so
7f25ad245000-7f25ad246000 r--p 00006000 fd:00 949459                     /lib/x86_64-linux-gnu/librt-2.23.so
7f25ad246000-7f25ad247000 rw-p 00007000 fd:00 949459                     /lib/x86_64-linux-gnu/librt-2.23.so
7f25ad247000-7f25ad2a4000 r-xp 00000000 fd:00 678876                     /usr/lib/x86_64-linux-gnu/libsodium.so.18.0.1
7f25ad2a4000-7f25ad4a3000 ---p 0005d000 fd:00 678876                     /usr/lib/x86_64-linux-gnu/libsodium.so.18.0.1
7f25ad4a3000-7f25ad4a4000 r--p 0005c000 fd:00 678876                     /usr/lib/x86_64-linux-gnu/libsodium.so.18.0.1
7f25ad4a4000-7f25ad4a5000 rw-p 0005d000 fd:00 678876                     /usr/lib/x86_64-linux-gnu/libsodium.so.18.0.1
7f25ad4a5000-7f25adb83000 r-xp 00000000 fd:00 680045                     /usr/lib/libCOS4.so.1.6
7f25adb83000-7f25add82000 ---p 006de000 fd:00 680045                     /usr/lib/libCOS4.so.1.6
7f25add82000-7f25adf14000 r--p 006dd000 fd:00 680045                     /usr/lib/libCOS4.so.1.6
7f25adf14000-7f25adf1b000 rw-p 0086f000 fd:00 680045                     /usr/lib/libCOS4.so.1.6
7f25adf1b000-7f25adf1d000 rw-p 00000000 00:00 0 
7f25adf1d000-7f25adf7f000 r-xp 00000000 fd:00 678878                     /usr/lib/x86_64-linux-gnu/libzmq.so.5.0.0
7f25adf7f000-7f25ae17e000 ---p 00062000 fd:00 678878                     /usr/lib/x86_64-linux-gnu/libzmq.so.5.0.0
7f25ae17e000-7f25ae182000 r--p 00061000 fd:00 678878                     /usr/lib/x86_64-linux-gnu/libzmq.so.5.0.0
7f25ae182000-7f25ae183000 rw-p 00065000 fd:00 678878                     /usr/lib/x86_64-linux-gnu/libzmq.so.5.0.0
7f25ae183000-7f25ae199000 r-xp 00000000 fd:00 918030                     /lib/x86_64-linux-gnu/libgcc_s.so.1
7f25ae199000-7f25ae398000 ---p 00016000 fd:00 918030                     /lib/x86_64-linux-gnu/libgcc_s.so.1
7f25ae398000-7f25ae399000 rw-p 00015000 fd:00 918030                     /lib/x86_64-linux-gnu/libgcc_s.so.1
7f25ae399000-7f25ae50b000 r-xp 00000000 fd:00 654649                     /usr/lib/x86_64-linux-gnu/libstdc++.so.6.0.21
7f25ae50b000-7f25ae70b000 ---p 00172000 fd:00 654649                     /usr/lib/x86_64-linux-gnu/libstdc++.so.6.0.21
7f25ae70b000-7f25ae715000 r--p 00172000 fd:00 654649                     /usr/lib/x86_64-linux-gnu/libstdc++.so.6.0.21
7f25ae715000-7f25ae717000 rw-p 0017c000 fd:00 654649                     /usr/lib/x86_64-linux-gnu/libstdc++.so.6.0.21
7f25ae717000-7f25ae71b000 rw-p 00000000 00:00 0 
7f25ae71b000-7f25ae732000 r-xp 00000000 fd:00 680511                     /usr/local/lib/liblog4tango.so.5.0.1
7f25ae732000-7f25ae932000 ---p 00017000 fd:00 680511                     /usr/local/lib/liblog4tango.so.5.0.1
7f25ae932000-7f25ae933000 r--p 00017000 fd:00 680511                     /usr/local/lib/liblog4tango.so.5.0.1
7f25ae933000-7f25ae934000 rw-p 00018000 fd:00 680511                     /usr/local/lib/liblog4tango.so.5.0.1
7f25ae934000-7f25ae939000 r-xp 00000000 fd:00 677872                     /usr/lib/libomnithread.so.3.4
7f25ae939000-7f25aeb38000 ---p 00005000 fd:00 677872                     /usr/lib/libomnithread.so.3.4
7f25aeb38000-7f25aeb39000 r--p 00004000 fd:00 677872                     /usr/lib/libomnithread.so.3.4
7f25aeb39000-7f25aeb3a000 rw-p 00005000 fd:00 677872                     /usr/lib/libomnithread.so.3.4
7f25aeb3a000-7f25aecc4000 r-xp 00000000 fd:00 679991                     /usr/lib/libomniORB4.so.1.6
7f25aecc4000-7f25aeec4000 ---p 0018a000 fd:00 679991                     /usr/lib/libomniORB4.so.1.6
7f25aeec4000-7f25aeed7000 r--p 0018a000 fd:00 679991                     /usr/lib/libomniORB4.so.1.6
7f25aeed7000-7f25aeedb000 rw-p 0019d000 fd:00 679991                     /usr/lib/libomniORB4.so.1.6
7f25aeedb000-7f25aeede000 rw-p 00000000 00:00 0 
7f25aeede000-7f25af130000 r-xp 00000000 fd:00 680037                     /usr/lib/libomniDynamic4.so.1.6
7f25af130000-7f25af32f000 ---p 00252000 fd:00 680037                     /usr/lib/libomniDynamic4.so.1.6
7f25af32f000-7f25af39f000 r--p 00251000 fd:00 680037                     /usr/lib/libomniDynamic4.so.1.6
7f25af39f000-7f25af3a3000 rw-p 002c1000 fd:00 680037                     /usr/lib/libomniDynamic4.so.1.6
7f25af3a3000-7f25af3a4000 rw-p 00000000 00:00 0 
7f25af3a4000-7f25af3ed000 r-xp 00000000 fd:00 691765                     /usr/lib/x86_64-linux-gnu/libboost_python-py27.so.1.58.0
7f25af3ed000-7f25af5ed000 ---p 00049000 fd:00 691765                     /usr/lib/x86_64-linux-gnu/libboost_python-py27.so.1.58.0
7f25af5ed000-7f25af5ee000 r--p 00049000 fd:00 691765                     /usr/lib/x86_64-linux-gnu/libboost_python-py27.so.1.58.0
7f25af5ee000-7f25af5f0000 rw-p 0004a000 fd:00 691765                     /usr/lib/x86_64-linux-gnu/libboost_python-py27.so.1.58.0
7f25af5f0000-7f25afbf0000 r-xp 00000000 fd:00 680670                     /usr/local/lib/libtango.so.9.2.5
7f25afbf0000-7f25afdf0000 ---p 00600000 fd:00 680670                     /usr/local/lib/libtango.so.9.2.5
7f25afdf0000-7f25afe1e000 r--p 00600000 fd:00 680670                     /usr/local/lib/libtango.so.9.2.5
7f25afe1e000-7f25afe27000 rw-p 0062e000 fd:00 680670                     /usr/local/lib/libtango.so.9.2.5
7f25afe27000-7f25afe2a000 rw-p 00000000 00:00 0 
7f25afe2a000-7f25b05a6000 r-xp 00000000 fd:00 692438                     /usr/local/lib/python2.7/dist-packages/tango/_tango.so
7f25b05a6000-7f25b07a6000 ---p 0077c000 fd:00 692438                     /usr/local/lib/python2.7/dist-packages/tango/_tango.so
7f25b07a6000-7f25b07de000 r--p 0077c000 fd:00 692438                     /usr/local/lib/python2.7/dist-packages/tango/_tango.so
7f25b07de000-7f25b07fa000 rw-p 007b4000 fd:00 692438                     /usr/local/lib/python2.7/dist-packages/tango/_tango.so
7f25b07fa000-7f25b087e000 rw-p 00000000 00:00 0 
7f25b089c000-7f25b08b6000 r--s 002a6000 fd:00 825296                     /home/tango-cs/OmniDriverSPAM/OOI_HOME/OmniDriver.jar
7f25b08b6000-7f25b096f000 r-xp 00000000 fd:00 864136                     /usr/local/lib/python2.7/dist-packages/numpy/random/mtrand.so
7f25b096f000-7f25b0b6f000 ---p 000b9000 fd:00 864136                     /usr/local/lib/python2.7/dist-packages/numpy/random/mtrand.so
7f25b0b6f000-7f25b0b94000 rw-p 000b9000 fd:00 864136                     /usr/local/lib/python2.7/dist-packages/numpy/random/mtrand.so
7f25b0b94000-7f25b0bd6000 rw-p 00000000 00:00 0 
7f25b0bd6000-7f25b0bdf000 r-xp 00000000 fd:00 863981                     /usr/local/lib/python2.7/dist-packages/numpy/fft/fftpack_lite.so
7f25b0bdf000-7f25b0dde000 ---p 00009000 fd:00 863981                     /usr/local/lib/python2.7/dist-packages/numpy/fft/fftpack_lite.so
7f25b0dde000-7f25b0ddf000 rw-p 00008000 fd:00 863981                     /usr/local/lib/python2.7/dist-packages/numpy/fft/fftpack_lite.so
7f25b0ddf000-7f25b0e1f000 rw-p 00000000 00:00 0 
7f25b0e1f000-7f25b0e20000 r-xp 00000000 fd:00 783315                     /usr/lib/python2.7/lib-dynload/future_builtins.x86_64-linux-gnu.so
7f25b0e20000-7f25b101f000 ---p 00001000 fd:00 783315                     /usr/lib/python2.7/lib-dynload/future_builtins.x86_64-linux-gnu.so
7f25b101f000-7f25b1020000 r--p 00000000 fd:00 783315                     /usr/lib/python2.7/lib-dynload/future_builtins.x86_64-linux-gnu.so
7f25b1020000-7f25b1021000 rw-p 00001000 fd:00 783315                     /usr/lib/python2.7/lib-dynload/future_builtins.x86_64-linux-gnu.so
7f25b1021000-7f25b104a000 r-xp 00000000 fd:00 864402                     /usr/local/lib/python2.7/dist-packages/numpy/linalg/_umath_linalg.so
7f25b104a000-7f25b1249000 ---p 00029000 fd:00 864402                     /usr/local/lib/python2.7/dist-packages/numpy/linalg/_umath_linalg.so
7f25b1249000-7f25b124b000 rw-p 00028000 fd:00 864402                     /usr/local/lib/python2.7/dist-packages/numpy/linalg/_umath_linalg.so
7f25b124b000-7f25b124e000 rw-p 000c7000 fd:00 864402                     /usr/local/lib/python2.7/dist-packages/numpy/linalg/_umath_linalg.so
7f25b124e000-7f25b1252000 r-xp 00000000 fd:00 864408                     /usr/local/lib/python2.7/dist-packages/numpy/linalg/lapack_lite.so
7f25b1252000-7f25b1452000 ---p 00004000 fd:00 864408                     /usr/local/lib/python2.7/dist-packages/numpy/linalg/lapack_lite.so
7f25b1452000-7f25b1453000 rw-p 00004000 fd:00 864408                     /usr/local/lib/python2.7/dist-packages/numpy/linalg/lapack_lite.so
7f25b1453000-7f25b1455000 rw-p 00019000 fd:00 864408                     /usr/local/lib/python2.7/dist-packages/numpy/linalg/lapack_lite.so
7f25b1455000-7f25b14d5000 rw-p 00000000 00:00 0 
7f25b14d5000-7f25b16ef000 r-xp 00000000 fd:00 917583                     /lib/x86_64-linux-gnu/libcrypto.so.1.0.0
7f25b16ef000-7f25b18ee000 ---p 0021a000 fd:00 917583                     /lib/x86_64-linux-gnu/libcrypto.so.1.0.0
7f25b18ee000-7f25b190a000 r--p 00219000 fd:00 917583                     /lib/x86_64-linux-gnu/libcrypto.so.1.0.0
7f25b190a000-7f25b1916000 rw-p 00235000 fd:00 917583                     /lib/x86_64-linux-gnu/libcrypto.so.1.0.0
7f25b1916000-7f25b1919000 rw-p 00000000 00:00 0 
7f25b1919000-7f25b191f000 r-xp 00000000 fd:00 783329                     /usr/lib/python2.7/lib-dynload/_hashlib.x86_64-linux-gnu.so
7f25b191f000-7f25b1b1e000 ---p 00006000 fd:00 783329                     /usr/lib/python2.7/lib-dynload/_hashlib.x86_64-linux-gnu.so
7f25b1b1e000-7f25b1b1f000 r--p 00005000 fd:00 783329                     /usr/lib/python2.7/lib-dynload/_hashlib.x86_64-linux-gnu.so
7f25b1b1f000-7f25b1b20000 rw-p 00006000 fd:00 783329                     /usr/lib/python2.7/lib-dynload/_hashlib.x86_64-linux-gnu.so
7f25b1b20000-7f25b1d61000 rw-p 00000000 00:00 0 
7f25b1d61000-7f25b1d68000 r-xp 00000000 fd:00 663437                     /usr/lib/x86_64-linux-gnu/libffi.so.6.0.4
7f25b1d68000-7f25b1f67000 ---p 00007000 fd:00 663437                     /usr/lib/x86_64-linux-gnu/libffi.so.6.0.4
7f25b1f67000-7f25b1f68000 r--p 00006000 fd:00 663437                     /usr/lib/x86_64-linux-gnu/libffi.so.6.0.4
7f25b1f68000-7f25b1f69000 rw-p 00007000 fd:00 663437                     /usr/lib/x86_64-linux-gnu/libffi.so.6.0.4
7f25b1f69000-7f25b1f87000 r-xp 00000000 fd:00 783302                     /usr/lib/python2.7/lib-dynload/_ctypes.x86_64-linux-gnu.so
7f25b1f87000-7f25b2186000 ---p 0001e000 fd:00 783302                     /usr/lib/python2.7/lib-dynload/_ctypes.x86_64-linux-gnu.so
7f25b2186000-7f25b2187000 r--p 0001d000 fd:00 783302                     /usr/lib/python2.7/lib-dynload/_ctypes.x86_64-linux-gnu.so
7f25b2187000-7f25b218b000 rw-p 0001e000 fd:00 783302                     /usr/lib/python2.7/lib-dynload/_ctypes.x86_64-linux-gnu.so
7f25b218b000-7f25b2323000 r-xp 00000000 fd:00 864188                     /usr/local/lib/python2.7/dist-packages/numpy/core/umath.so
7f25b2323000-7f25b2523000 ---p 00198000 fd:00 864188                     /usr/local/lib/python2.7/dist-packages/numpy/core/umath.so
7f25b2523000-7f25b2529000 rw-p 00198000 fd:00 864188                     /usr/local/lib/python2.7/dist-packages/numpy/core/umath.so
7f25b2529000-7f25b256b000 rw-p 00000000 00:00 0 
7f25b256b000-7f25b456b000 rw-p 00000000 00:00 0 
7f25b456b000-7f25b456c000 ---p 00000000 00:00 0 
7f25b456c000-7f25b4d6c000 rw-p 00000000 00:00 0 
7f25b4d6c000-7f25b4e5c000 r-xp 00000000 fd:00 864434                     /usr/local/lib/python2.7/dist-packages/numpy/.libs/libgfortran-ed201abd.so.3.0.0
7f25b4e5c000-7f25b505b000 ---p 000f0000 fd:00 864434                     /usr/local/lib/python2.7/dist-packages/numpy/.libs/libgfortran-ed201abd.so.3.0.0
7f25b505b000-7f25b505d000 rw-p 000ef000 fd:00 864434                     /usr/local/lib/python2.7/dist-packages/numpy/.libs/libgfortran-ed201abd.so.3.0.0
7f25b505d000-7f25b505e000 rw-p 00000000 00:00 0 
7f25b505e000-7f25b5066000 rw-p 000f2000 fd:00 864434                     /usr/local/lib/python2.7/dist-packages/numpy/.libs/libgfortran-ed201abd.so.3.0.0
7f25b5066000-7f25b737a000 r-xp 00000000 fd:00 864433                     /usr/local/lib/python2.7/dist-packages/numpy/.libs/libopenblasp-r0-39a31c03.2.18.so
7f25b737a000-7f25b7579000 ---p 02314000 fd:00 864433                     /usr/local/lib/python2.7/dist-packages/numpy/.libs/libopenblasp-r0-39a31c03.2.18.so
7f25b7579000-7f25b7598000 rw-p 02313000 fd:00 864433                     /usr/local/lib/python2.7/dist-packages/numpy/.libs/libopenblasp-r0-39a31c03.2.18.so
7f25b7598000-7f25b75fb000 rw-p 00000000 00:00 0 
7f25b75fb000-7f25b7691000 rw-p 02425000 fd:00 864433                     /usr/local/lib/python2.7/dist-packages/numpy/.libs/libopenblasp-r0-39a31c03.2.18.so
7f25b7691000-7f25b785e000 r-xp 00000000 fd:00 864185                     /usr/local/lib/python2.7/dist-packages/numpy/core/multiarray.so
7f25b785e000-7f25b7a5d000 ---p 001cd000 fd:00 864185                     /usr/local/lib/python2.7/dist-packages/numpy/core/multiarray.so
7f25b7a5d000-7f25b7a6d000 rw-p 001cc000 fd:00 864185                     /usr/local/lib/python2.7/dist-packages/numpy/core/multiarray.so
7f25b7a6d000-7f25b7a80000 rw-p 00000000 00:00 0 
7f25b7a80000-7f25b7a86000 rw-p 00920000 fd:00 864185                     /usr/local/lib/python2.7/dist-packages/numpy/core/multiarray.so
7f25b7a86000-7f25b7e8f000 r--p 00000000 fd:00 652827                     /usr/lib/locale/locale-archive
7f25b7e8f000-7f25b7f97000 r-xp 00000000 fd:00 920919                     /lib/x86_64-linux-gnu/libm-2.23.so
7f25b7f97000-7f25b8196000 ---p 00108000 fd:00 920919                     /lib/x86_64-linux-gnu/libm-2.23.so
7f25b8196000-7f25b8197000 r--p 00107000 fd:00 920919                     /lib/x86_64-linux-gnu/libm-2.23.so
7f25b8197000-7f25b8198000 rw-p 00108000 fd:00 920919                     /lib/x86_64-linux-gnu/libm-2.23.so
7f25b8198000-7f25b81b1000 r-xp 00000000 fd:00 918183                     /lib/x86_64-linux-gnu/libz.so.1.2.8
7f25b81b1000-7f25b83b0000 ---p 00019000 fd:00 918183                     /lib/x86_64-linux-gnu/libz.so.1.2.8
7f25b83b0000-7f25b83b1000 r--p 00018000 fd:00 918183                     /lib/x86_64-linux-gnu/libz.so.1.2.8
7f25b83b1000-7f25b83b2000 rw-p 00019000 fd:00 918183                     /lib/x86_64-linux-gnu/libz.so.1.2.8
7f25b83b2000-7f25b83b4000 r-xp 00000000 fd:00 948158                     /lib/x86_64-linux-gnu/libutil-2.23.so
7f25b83b4000-7f25b85b3000 ---p 00002000 fd:00 948158                     /lib/x86_64-linux-gnu/libutil-2.23.so
7f25b85b3000-7f25b85b4000 r--p 00001000 fd:00 948158                     /lib/x86_64-linux-gnu/libutil-2.23.so
7f25b85b4000-7f25b85b5000 rw-p 00002000 fd:00 948158                     /lib/x86_64-linux-gnu/libutil-2.23.so
7f25b85b5000-7f25b85b8000 r-xp 00000000 fd:00 948111                     /lib/x86_64-linux-gnu/libdl-2.23.so
7f25b85b8000-7f25b87b7000 ---p 00003000 fd:00 948111                     /lib/x86_64-linux-gnu/libdl-2.23.so
7f25b87b7000-7f25b87b8000 r--p 00002000 fd:00 948111                     /lib/x86_64-linux-gnu/libdl-2.23.so
7f25b87b8000-7f25b87b9000 rw-p 00003000 fd:00 948111                     /lib/x86_64-linux-gnu/libdl-2.23.so
7f25b87b9000-7f25b8979000 r-xp 00000000 fd:00 948050                     /lib/x86_64-linux-gnu/libc-2.23.so
7f25b8979000-7f25b8b79000 ---p 001c0000 fd:00 948050                     /lib/x86_64-linux-gnu/libc-2.23.so
7f25b8b79000-7f25b8b7d000 r--p 001c0000 fd:00 948050                     /lib/x86_64-linux-gnu/libc-2.23.so
7f25b8b7d000-7f25b8b7f000 rw-p 001c4000 fd:00 948050                     /lib/x86_64-linux-gnu/libc-2.23.so
7f25b8b7f000-7f25b8b83000 rw-p 00000000 00:00 0 
7f25b8b83000-7f25b8b9b000 r-xp 00000000 fd:00 948047                     /lib/x86_64-linux-gnu/libpthread-2.23.so
7f25b8b9b000-7f25b8d9a000 ---p 00018000 fd:00 948047                     /lib/x86_64-linux-gnu/libpthread-2.23.so
7f25b8d9a000-7f25b8d9b000 r--p 00017000 fd:00 948047                     /lib/x86_64-linux-gnu/libpthread-2.23.so
7f25b8d9b000-7f25b8d9c000 rw-p 00018000 fd:00 948047                     /lib/x86_64-linux-gnu/libpthread-2.23.so
7f25b8d9c000-7f25b8da0000 rw-p 00000000 00:00 0 
7f25b8da0000-7f25b8dc6000 r-xp 00000000 fd:00 920921                     /lib/x86_64-linux-gnu/ld-2.23.so
7f25b8dcb000-7f25b8dcd000 r--s 00008000 fd:00 799646                     /home/tango-cs/OmniDriverSPAM/OOI_HOME/UniUSB.jar
7f25b8dcd000-7f25b8dcf000 r--s 00006000 fd:00 800412                     /home/tango-cs/OmniDriverSPAM/OOI_HOME/OOIUtils.jar
7f25b8dcf000-7f25b8dd6000 r--s 00036000 fd:00 799647                     /home/tango-cs/OmniDriverSPAM/OOI_HOME/xstream-1.1.2.jar
7f25b8dd6000-7f25b8df1000 r--s 00394000 fd:00 676862                     /usr/lib/jvm/java-8-openjdk-amd64/jre/lib/ext/cldrdata.jar
7f25b8df1000-7f25b8eb1000 rw-p 00000000 00:00 0 
7f25b8eb1000-7f25b8eb3000 r--s 00005000 fd:00 800414                     /home/tango-cs/OmniDriverSPAM/OOI_HOME/xpp3_min-1.1.3.4.M.jar
7f25b8eb3000-7f25b8eb8000 r--s 0005e000 fd:00 825293                     /home/tango-cs/OmniDriverSPAM/OOI_HOME/SPAM.jar
7f25b8eb8000-7f25b8ebb000 r--s 0000f000 fd:00 676864                     /usr/lib/jvm/java-8-openjdk-amd64/jre/lib/ext/icedtea-sound.jar
7f25b8ebb000-7f25b8ec5000 r--s 00116000 fd:00 676867                     /usr/lib/jvm/java-8-openjdk-amd64/jre/lib/ext/localedata.jar
7f25b8ec5000-7f25b8ec7000 r--s 00001000 fd:00 676860                     /usr/lib/jvm/java-8-openjdk-amd64/jre/lib/ext/dnsns.jar
7f25b8ec7000-7f25b8ee2000 r--s 001d6000 fd:00 676865                     /usr/lib/jvm/java-8-openjdk-amd64/jre/lib/ext/nashorn.jar
7f25b8ee2000-7f25b8fa7000 rw-p 00000000 00:00 0 
7f25b8fa7000-7f25b8fa8000 r--s 00002000 fd:00 800413                     /home/tango-cs/OmniDriverSPAM/OOI_HOME/HighResTiming.jar
7f25b8fa8000-7f25b8fa9000 r--s 0000a000 fd:00 676866                     /usr/lib/jvm/java-8-openjdk-amd64/jre/lib/ext/jaccess.jar
7f25b8fa9000-7f25b8faf000 r--s 0003b000 fd:00 676863                     /usr/lib/jvm/java-8-openjdk-amd64/jre/lib/ext/sunjce_provider.jar
7f25b8faf000-7f25b8fb2000 r--s 00038000 fd:00 676861                     /usr/lib/jvm/java-8-openjdk-amd64/jre/lib/ext/sunpkcs11.jar
7f25b8fb2000-7f25b8fb4000 r--s 00008000 fd:00 676858                     /usr/lib/jvm/java-8-openjdk-amd64/jre/lib/ext/sunec.jar
7f25b8fb4000-7f25b8fb5000 r--s 00010000 fd:00 676859                     /usr/lib/jvm/java-8-openjdk-amd64/jre/lib/ext/zipfs.jar
7f25b8fb5000-7f25b8fba000 rw-p 00000000 00:00 0 
7f25b8fba000-7f25b8fc2000 rw-s 00000000 fd:00 418945                     /tmp/hsperfdata_tango-cs/4736
7f25b8fc2000-7f25b8fc3000 rw-p 00000000 00:00 0 
7f25b8fc3000-7f25b8fc4000 r--p 00000000 00:00 0 
7f25b8fc4000-7f25b8fc5000 rwxp 00000000 00:00 0 
7f25b8fc5000-7f25b8fc6000 r--p 00025000 fd:00 920921                     /lib/x86_64-linux-gnu/ld-2.23.so
7f25b8fc6000-7f25b8fc7000 rw-p 00026000 fd:00 920921                     /lib/x86_64-linux-gnu/ld-2.23.so
7f25b8fc7000-7f25b8fc8000 rw-p 00000000 00:00 0 
7ffd8f5db000-7ffd8f6d8000 rw-p 00000000 00:00 0                          [stack]
7ffd8f70a000-7ffd8f70d000 r--p 00000000 00:00 0                          [vvar]
7ffd8f70d000-7ffd8f70f000 r-xp 00000000 00:00 0                          [vdso]
ffffffffff600000-ffffffffff601000 r-xp 00000000 00:00 0                  [vsyscall]

VM Arguments:
jvm_args: -Djava.library.path=/home/tango-cs/OmniDriverSPAM/OOI_HOME:/home/tango-cs/OmniDriverSPAM/_jvm/lib/i386:/home/tango-cs/OmniDriverSPAM/_jvm/lib/i386/client -Xmx250m 
java_command: <unknown>
java_class_path (initial): /home/tango-cs/OmniDriverSPAM/OOI_HOME/OmniDriver.jar:/home/tango-cs/OmniDriverSPAM/OOI_HOME/SPAM.jar
Launcher Type: generic

Environment Variables:
JAVA_HOME=/home/tango-cs/OmniDriverSPAM/_jvm
PATH=/home/tango-cs/OmniDriverSPAM/_jvm/bin
LD_LIBRARY_PATH=/home/tango-cs/OmniDriverSPAM/_jvm/lib/i386:/home/tango-cs/OmniDriverSPAM/_jvm/lib/i386/client
SHELL=/bin/bash
DISPLAY=:0

Signal Handlers:
SIGSEGV: [libjvm.so+0xa6e6f0], sa_mask[0]=11111111011111111101111111111110, sa_flags=SA_RESTART|SA_SIGINFO
SIGBUS: [libjvm.so+0xa6e6f0], sa_mask[0]=11111111011111111101111111111110, sa_flags=SA_RESTART|SA_SIGINFO
SIGFPE: [libjvm.so+0x8b5d50], sa_mask[0]=11111111011111111101111111111110, sa_flags=SA_RESTART|SA_SIGINFO
SIGPIPE: [libjvm.so+0x8b5d50], sa_mask[0]=11111111011111111101111111111110, sa_flags=SA_RESTART|SA_SIGINFO
SIGXFSZ: [libjvm.so+0x8b5d50], sa_mask[0]=11111111011111111101111111111110, sa_flags=SA_RESTART|SA_SIGINFO
SIGILL: [libjvm.so+0x8b5d50], sa_mask[0]=11111111011111111101111111111110, sa_flags=SA_RESTART|SA_SIGINFO
SIGUSR1: SIG_DFL, sa_mask[0]=00000000000000000000000000000000, sa_flags=none
SIGUSR2: [libjvm.so+0x8b5c00], sa_mask[0]=11100000000001111100111111111100, sa_flags=SA_RESTART|SA_SIGINFO
SIGHUP: [libjvm.so+0x8b60d0], sa_mask[0]=11111111011111111101111111111110, sa_flags=SA_RESTART|SA_SIGINFO
SIGINT: [libjvm.so+0x8b60d0], sa_mask[0]=11111111011111111101111111111110, sa_flags=SA_RESTART|SA_SIGINFO
SIGTERM: [libjvm.so+0x8b60d0], sa_mask[0]=11111111011111111101111111111110, sa_flags=SA_RESTART|SA_SIGINFO
SIGQUIT: [libjvm.so+0x8b60d0], sa_mask[0]=11111111011111111101111111111110, sa_flags=SA_RESTART|SA_SIGINFO


---------------  S Y S T E M  ---------------

OS:DISTRIB_ID=Ubuntu
DISTRIB_RELEASE=16.04
DISTRIB_CODENAME=xenial
DISTRIB_DESCRIPTION="Ubuntu 16.04.5 LTS"

uname:Linux 4.15.0-29-generic #31~16.04.1-Ubuntu SMP Wed Jul 18 08:54:04 UTC 2018 x86_64
libc:glibc 2.23 NPTL 2.23 
rlimit: STACK 8192k, CORE 0k, NPROC 15542, NOFILE 1048576, AS infinity
load average:0.04 0.10 0.06

/proc/meminfo:
MemTotal:        4039536 kB
MemFree:         1488556 kB
MemAvailable:    2084284 kB
Buffers:           66476 kB
Cached:           734140 kB
SwapCached:            0 kB
Active:          1947156 kB
Inactive:         407752 kB
Active(anon):    1555972 kB
Inactive(anon):    32148 kB
Active(file):     391184 kB
Inactive(file):   375604 kB
Unevictable:          48 kB
Mlocked:              48 kB
SwapTotal:       2097148 kB
SwapFree:        2097148 kB
Dirty:               268 kB
Writeback:             0 kB
AnonPages:       1554404 kB
Mapped:           323040 kB
Shmem:             33832 kB
Slab:             124568 kB
SReclaimable:      64040 kB
SUnreclaim:        60528 kB
KernelStack:       10676 kB
PageTables:        33528 kB
NFS_Unstable:          0 kB
Bounce:                0 kB
WritebackTmp:          0 kB
CommitLimit:     4116916 kB
Committed_AS:    6332792 kB
VmallocTotal:   34359738367 kB
VmallocUsed:           0 kB
VmallocChunk:          0 kB
HardwareCorrupted:     0 kB
AnonHugePages:      2048 kB
ShmemHugePages:        0 kB
ShmemPmdMapped:        0 kB
CmaTotal:              0 kB
CmaFree:               0 kB
HugePages_Total:       0
HugePages_Free:        0
HugePages_Rsvd:        0
HugePages_Surp:        0
Hugepagesize:       2048 kB
DirectMap4k:      110528 kB
DirectMap2M:     4083712 kB


CPU:total 2 (initial active 2) (2 cores per cpu, 1 threads per core) family 6 model 60 stepping 3, cmov, cx8, fxsr, mmx, sse, sse2, sse3, ssse3, sse4.1, sse4.2, popcnt, avx, avx2, aes, clmul, lzcnt, tsc, tscinvbit

/proc/cpuinfo:
processor	: 0
vendor_id	: GenuineIntel
cpu family	: 6
model		: 60
model name	: Intel(R) Core(TM) i7-4810MQ CPU @ 2.80GHz
stepping	: 3
cpu MHz		: 2793.544
cache size	: 6144 KB
physical id	: 0
siblings	: 2
core id		: 0
cpu cores	: 2
apicid		: 0
initial apicid	: 0
fpu		: yes
fpu_exception	: yes
cpuid level	: 13
wp		: yes
flags		: fpu vme de pse tsc msr pae mce cx8 apic sep mtrr pge mca cmov pat pse36 clflush mmx fxsr sse sse2 ht syscall nx rdtscp lm constant_tsc rep_good nopl xtopology nonstop_tsc cpuid pni pclmulqdq ssse3 cx16 pcid sse4_1 sse4_2 x2apic movbe popcnt aes xsave avx rdrand hypervisor lahf_lm abm invpcid_single pti fsgsbase avx2 invpcid
bugs		: cpu_meltdown spectre_v1 spectre_v2 spec_store_bypass
bogomips	: 5587.08
clflush size	: 64
cache_alignment	: 64
address sizes	: 39 bits physical, 48 bits virtual
power management:

processor	: 1
vendor_id	: GenuineIntel
cpu family	: 6
model		: 60
model name	: Intel(R) Core(TM) i7-4810MQ CPU @ 2.80GHz
stepping	: 3
cpu MHz		: 2793.544
cache size	: 6144 KB
physical id	: 0
siblings	: 2
core id		: 1
cpu cores	: 2
apicid		: 1
initial apicid	: 1
fpu		: yes
fpu_exception	: yes
cpuid level	: 13
wp		: yes
flags		: fpu vme de pse tsc msr pae mce cx8 apic sep mtrr pge mca cmov pat pse36 clflush mmx fxsr sse sse2 ht syscall nx rdtscp lm constant_tsc rep_good nopl xtopology nonstop_tsc cpuid pni pclmulqdq ssse3 cx16 pcid sse4_1 sse4_2 x2apic movbe popcnt aes xsave avx rdrand hypervisor lahf_lm abm invpcid_single pti fsgsbase avx2 invpcid
bugs		: cpu_meltdown spectre_v1 spectre_v2 spec_store_bypass
bogomips	: 5587.08
clflush size	: 64
cache_alignment	: 64
address sizes	: 39 bits physical, 48 bits virtual
power management:



Memory: 4k page, physical 4039536k(1488556k free), swap 2097148k(2097148k free)

vm_info: OpenJDK 64-Bit Server VM (25.171-b11) for linux-amd64 JRE (1.8.0_171-8u171-b11-0ubuntu0.16.04.1-b11), built on Apr 27 2018 17:19:03 by "buildd" with gcc 5.4.0 20160609

time: Thu Aug  2 12:54:03 2018
elapsed time: 208 seconds (0d 0h 3m 28s)

