#
# A fatal error has been detected by the Java Runtime Environment:
#
#  SIGSEGV (0xb) at pc=0x00007fc2789b9af0, pid=14904, tid=0x00007fc2788b6700
#
# JRE version: OpenJDK Runtime Environment (8.0_171-b11) (build 1.8.0_171-8u171-b11-0ubuntu0.16.04.1-b11)
# Java VM: OpenJDK 64-Bit Server VM (25.171-b11 mixed mode linux-amd64 compressed oops)
# Problematic frame:
# C  [libusb-0.1.so.4+0x1af0]  usb_device+0x0
#
# Failed to write core dump. Core dumps have been disabled. To enable core dumping, try "ulimit -c unlimited" before starting Java again
#
# If you would like to submit a bug report, please visit:
#   http://bugreport.java.com/bugreport/crash.jsp
# The crash happened outside the Java Virtual Machine in native code.
# See problematic frame for where to report the bug.
#

---------------  T H R E A D  ---------------

Current thread (0x000000000453b000):  JavaThread "Thread-10" [_thread_in_native, id=14938, stack(0x00007fc2780b6000,0x00007fc2788b7000)]

siginfo: si_signo: 11 (SIGSEGV), si_code: 1 (SEGV_MAPERR), si_addr: 0x000000000000000f

Registers:
RAX=0xffffffffffffffff, RBX=0x00007fc28cc6ef90, RCX=0x0000000000000010, RDX=0xffffffffffffffff
RSP=0x00007fc2788b3638, RBP=0x00007fc2788b3670, RSI=0x00007fc2788b3710, RDI=0xffffffffffffffff
R8 =0x0000000000000000, R9 =0x0000000000000015, R10=0x00007fc2790183db, R11=0x00007fc28eb14950
R12=0x0000000000000000, R13=0x00007fc28cc6ef90, R14=0x00007fc2788b3710, R15=0x000000000453b000
RIP=0x00007fc2789b9af0, EFLAGS=0x0000000000010202, CSGSFS=0x002b000000000033, ERR=0x0000000000000004
  TRAPNO=0x000000000000000e

Top of Stack: (sp=0x00007fc2788b3638)
0x00007fc2788b3638:   00007fc278be03f2 00007fc2788b3690
0x00007fc2788b3648:   ffffffffffffffff 00007fc2788b3710
0x00007fc2788b3658:   000000000453b1e0 00007fc2788b36c8
0x00007fc2788b3668:   0000000000000000 00007fc2788b36e0
0x00007fc2788b3678:   00007fc279018407 00000000000001f4
0x00007fc2788b3688:   00007fc2788b3688 00007fc28ca680a1
0x00007fc2788b3698:   00007fc2788b36e0 00007fc2788b36a0
0x00007fc2788b36a8:   0000000000000000 00007fc2788b3710
0x00007fc2788b36b8:   00007fc28cc70418 0000000000000000
0x00007fc2788b36c8:   00007fc28cc6ef90 0000000000000000
0x00007fc2788b36d8:   00007fc2788b3700 00007fc2788b3758
0x00007fc2788b36e8:   00007fc279007ffd 0000000000000000
0x00007fc2788b36f8:   00007fc279011a58 ffffffffffffffff
0x00007fc2788b3708:   0000000000000000 00000000fbcf7968
0x00007fc2788b3718:   00007fc2788b3718 00007fc28cc6f93a
0x00007fc2788b3728:   00007fc2788b3778 00007fc28cc70418
0x00007fc2788b3738:   0000000000000000 00007fc28cc6f968
0x00007fc2788b3748:   00007fc2788b3700 00007fc2788b3768
0x00007fc2788b3758:   00007fc2788b37c0 00007fc279008042
0x00007fc2788b3768:   ffffffffffffffff 00007fc28ca69290
0x00007fc2788b3778:   00000000fbcf7968 00007fc2788b3780
0x00007fc2788b3788:   00007fc28cc6d135 00007fc2788b37e0
0x00007fc2788b3798:   00007fc28cc6e200 0000000000000000
0x00007fc2788b37a8:   00007fc28cc6d160 00007fc2788b3768
0x00007fc2788b37b8:   00007fc2788b37d0 00007fc2788b3828
0x00007fc2788b37c8:   00007fc279007ffd ffffffffffffffff
0x00007fc2788b37d8:   0000000000000009 00000000fbcf7958
0x00007fc2788b37e8:   00007fc2788b37e8 00007fc28cc6c2f9
0x00007fc2788b37f8:   00007fc2788b3838 00007fc28cc6c6e0
0x00007fc2788b3808:   0000000000000000 00007fc28cc6c320
0x00007fc2788b3818:   00007fc2788b37d0 00007fc2788b3838
0x00007fc2788b3828:   00007fc2788b3880 00007fc279008042 

Instructions: (pc=0x00007fc2789b9af0)
0x00007fc2789b9ad0:   df 89 c5 e8 b8 fa ff ff 48 83 c4 08 89 e8 5b 5d
0x00007fc2789b9ae0:   c3 0f 1f 44 00 00 66 2e 0f 1f 84 00 00 00 00 00
0x00007fc2789b9af0:   48 8b 47 10 c3 90 66 2e 0f 1f 84 00 00 00 00 00
0x00007fc2789b9b00:   53 48 89 fb e8 37 11 00 00 48 8b bb 50 10 00 00 

Register to memory mapping:

RAX=0xffffffffffffffff is an unknown value
RBX={method} {0x00007fc28cc6ef90} 'NatUSBCloseDevice' '(J)V' in 'com/oceanoptics/uniusb/UniUSB'
RCX=0x0000000000000010 is an unknown value
RDX=0xffffffffffffffff is an unknown value
RSP=0x00007fc2788b3638 is pointing into the stack for thread: 0x000000000453b000
RBP=0x00007fc2788b3670 is pointing into the stack for thread: 0x000000000453b000
RSI=0x00007fc2788b3710 is pointing into the stack for thread: 0x000000000453b000
RDI=0xffffffffffffffff is an unknown value
R8 =0x0000000000000000 is an unknown value
R9 =0x0000000000000015 is an unknown value
R10=0x00007fc2790183db is at code_begin+859 in an Interpreter codelet
method entry point (kind = native)  [0x00007fc279018080, 0x00007fc279018a00]  2432 bytes
R11=0x00007fc28eb14950: <offset 0x961950> in /usr/lib/libjvm.so at 0x00007fc28e1b3000
R12=0x0000000000000000 is an unknown value
R13={method} {0x00007fc28cc6ef90} 'NatUSBCloseDevice' '(J)V' in 'com/oceanoptics/uniusb/UniUSB'
R14=0x00007fc2788b3710 is pointing into the stack for thread: 0x000000000453b000
R15=0x000000000453b000 is a thread


Stack: [0x00007fc2780b6000,0x00007fc2788b7000],  sp=0x00007fc2788b3638,  free space=8181k
Native frames: (J=compiled Java code, j=interpreted, Vv=VM code, C=native code)
C  [libusb-0.1.so.4+0x1af0]  usb_device+0x0
j  com.oceanoptics.uniusb.UniUSB.NatUSBCloseDevice(J)V+0
j  com.oceanoptics.uniusb.UniUSB.closeDevice(J)V+2
j  com.oceanoptics.uniusb.USB.closeDevice(J)V+5
j  com.oceanoptics.omnidriver.features.USBImpl.closeDevice()V+25
j  com.oceanoptics.omnidriver.spectrometer.USBSpectrometer.closeSpectrometer()V+23
j  com.oceanoptics.omnidriver.spectrometer.SpectrometerAssembly.closeSpectrometer()V+32
j  com.oceanoptics.omnidriver.api.wrapper.Wrapper.closeSpectrometer(I)V+11
v  ~StubRoutines::call_stub
V  [libjvm.so+0x6648eb]
V  [libjvm.so+0x67e55a]
V  [libjvm.so+0x681ea2]
C  [libcommon.so+0x2883a]  JNIEnv_::CallVoidMethodV(_jobject*, _jmethodID*, __va_list_tag*)+0x38
C  [libcommon.so+0x267b6]  EnvWrapper::CallVoidMethod(JNIEnv_*, _jobject*, _jmethodID*, ...)+0xda
C  [libOmniDriver.so+0x3f7360]  Wrapper::closeSpectrometer(int)+0x5e
C  [libOmniDriver.so+0x3fb985]  Wrapper_closeSpectrometer+0x20
C  [libffi.so.6+0x5e40]  ffi_call_unix64+0x4c
C  0x00007fc2788b4000

Java frames: (J=compiled Java code, j=interpreted, Vv=VM code)
j  com.oceanoptics.uniusb.UniUSB.NatUSBCloseDevice(J)V+0
j  com.oceanoptics.uniusb.UniUSB.closeDevice(J)V+2
j  com.oceanoptics.uniusb.USB.closeDevice(J)V+5
j  com.oceanoptics.omnidriver.features.USBImpl.closeDevice()V+25
j  com.oceanoptics.omnidriver.spectrometer.USBSpectrometer.closeSpectrometer()V+23
j  com.oceanoptics.omnidriver.spectrometer.SpectrometerAssembly.closeSpectrometer()V+32
j  com.oceanoptics.omnidriver.api.wrapper.Wrapper.closeSpectrometer(I)V+11
v  ~StubRoutines::call_stub

---------------  P R O C E S S  ---------------

Java Threads: ( => current thread )
=>0x000000000453b000 JavaThread "Thread-10" [_thread_in_native, id=14938, stack(0x00007fc2780b6000,0x00007fc2788b7000)]
  0x000000000441a000 JavaThread "Service Thread" daemon [_thread_blocked, id=14925, stack(0x00007fc278eff000,0x00007fc279000000)]
  0x0000000004417000 JavaThread "C1 CompilerThread1" daemon [_thread_blocked, id=14924, stack(0x00007fc28c014000,0x00007fc28c115000)]
  0x0000000004414800 JavaThread "C2 CompilerThread0" daemon [_thread_blocked, id=14923, stack(0x00007fc28c115000,0x00007fc28c216000)]
  0x0000000004413000 JavaThread "Signal Dispatcher" daemon [_thread_blocked, id=14922, stack(0x00007fc28c216000,0x00007fc28c317000)]
  0x00000000043e2000 JavaThread "Finalizer" daemon [_thread_blocked, id=14921, stack(0x00007fc28c317000,0x00007fc28c418000)]
  0x00000000043dd000 JavaThread "Reference Handler" daemon [_thread_blocked, id=14920, stack(0x00007fc28c418000,0x00007fc28c519000)]

Other Threads:
  0x00000000043d5800 VMThread [stack: 0x00007fc28c519000,0x00007fc28c61a000] [id=14919]
  0x000000000441c800 WatcherThread [stack: 0x00007fc278dfe000,0x00007fc278eff000] [id=14926]

VM state:not at safepoint (normal execution)

VM Mutex/Monitor currently owned by a thread: None

Heap:
 PSYoungGen      total 18432K, used 13672K [0x00000000fad00000, 0x00000000fc180000, 0x0000000100000000)
  eden space 15872K, 78% used [0x00000000fad00000,0x00000000fb93c8e8,0x00000000fbc80000)
  from space 2560K, 44% used [0x00000000fbc80000,0x00000000fbd9d7c0,0x00000000fbf00000)
  to   space 2560K, 0% used [0x00000000fbf00000,0x00000000fbf00000,0x00000000fc180000)
 ParOldGen       total 42496K, used 0K [0x00000000f0600000, 0x00000000f2f80000, 0x00000000fad00000)
  object space 42496K, 0% used [0x00000000f0600000,0x00000000f0600000,0x00000000f2f80000)
 Metaspace       used 5435K, capacity 6572K, committed 6912K, reserved 1056768K
  class space    used 634K, capacity 680K, committed 768K, reserved 1048576K

Card table byte_map: [0x00007fc29c0da000,0x00007fc29c158000] byte_map_base: 0x00007fc29b957000

Marking Bits: (ParMarkBitMap*) 0x00007fc28f0db320
 Begin Bits: [0x00007fc28cfe9000, 0x00007fc28d3d1000)
 End Bits:   [0x00007fc28d3d1000, 0x00007fc28d7b9000)

Polling page: 0x00007fc2acb39000

CodeCache: size=245760Kb used=1643Kb max_used=1648Kb free=244116Kb
 bounds [0x00007fc279000000, 0x00007fc279270000, 0x00007fc288000000]
 total_blobs=543 nmethods=278 adapters=180
 compilation: enabled

Compilation events (10 events):
Event: 0.553 Thread 0x0000000004417000  274       3       java.lang.Long::<init> (10 bytes)
Event: 0.553 Thread 0x0000000004417000 nmethod 274 0x00007fc27919b550 code [0x00007fc27919b6c0, 0x00007fc27919b8d0]
Event: 0.553 Thread 0x0000000004417000  275       3       java.lang.Long::hashCode (8 bytes)
Event: 0.553 Thread 0x0000000004417000 nmethod 275 0x00007fc27919b150 code [0x00007fc27919b2c0, 0x00007fc27919b490]
Event: 0.553 Thread 0x0000000004417000  276       3       java.lang.Long::hashCode (8 bytes)
Event: 0.553 Thread 0x0000000004417000 nmethod 276 0x00007fc27919ae50 code [0x00007fc27919afa0, 0x00007fc27919b0f0]
Event: 0.555 Thread 0x0000000004417000  277       1       java.util.logging.LogManager::access$1400 (5 bytes)
Event: 0.556 Thread 0x0000000004417000 nmethod 277 0x00007fc27919ab90 code [0x00007fc27919ace0, 0x00007fc27919add0]
Event: 0.558 Thread 0x0000000004417000  278       3       com.oceanoptics.omnidriver.spectrometer.SpectrumProducerBase::<init> (15 bytes)
Event: 0.558 Thread 0x0000000004417000 nmethod 278 0x00007fc27919a790 code [0x00007fc27919a900, 0x00007fc27919aad0]

GC Heap History (2 events):
Event: 0.448 GC heap before
{Heap before GC invocations=1 (full 0):
 PSYoungGen      total 18432K, used 15872K [0x00000000fad00000, 0x00000000fc180000, 0x0000000100000000)
  eden space 15872K, 100% used [0x00000000fad00000,0x00000000fbc80000,0x00000000fbc80000)
  from space 2560K, 0% used [0x00000000fbf00000,0x00000000fbf00000,0x00000000fc180000)
  to   space 2560K, 0% used [0x00000000fbc80000,0x00000000fbc80000,0x00000000fbf00000)
 ParOldGen       total 42496K, used 0K [0x00000000f0600000, 0x00000000f2f80000, 0x00000000fad00000)
  object space 42496K, 0% used [0x00000000f0600000,0x00000000f0600000,0x00000000f2f80000)
 Metaspace       used 5327K, capacity 6508K, committed 6656K, reserved 1056768K
  class space    used 619K, capacity 680K, committed 768K, reserved 1048576K
Event: 0.450 GC heap after
Heap after GC invocations=1 (full 0):
 PSYoungGen      total 18432K, used 1141K [0x00000000fad00000, 0x00000000fc180000, 0x0000000100000000)
  eden space 15872K, 0% used [0x00000000fad00000,0x00000000fad00000,0x00000000fbc80000)
  from space 2560K, 44% used [0x00000000fbc80000,0x00000000fbd9d7c0,0x00000000fbf00000)
  to   space 2560K, 0% used [0x00000000fbf00000,0x00000000fbf00000,0x00000000fc180000)
 ParOldGen       total 42496K, used 0K [0x00000000f0600000, 0x00000000f2f80000, 0x00000000fad00000)
  object space 42496K, 0% used [0x00000000f0600000,0x00000000f0600000,0x00000000f2f80000)
 Metaspace       used 5327K, capacity 6508K, committed 6656K, reserved 1056768K
  class space    used 619K, capacity 680K, committed 768K, reserved 1048576K
}

Deoptimization events (0 events):
No events

Classes redefined (0 events):
No events

Internal exceptions (10 events):
Event: 0.586 Thread 0x000000000457a000 Exception <a 'java/io/IOException': No Device Found> (0x00000000fb7ca998) thrown at [/build/openjdk-8-wnL82d/openjdk-8-8u171-b11/src/hotspot/src/share/vm/prims/jni.cpp, line 735]
Event: 0.587 Thread 0x000000000457a000 Exception <a 'java/io/IOException': No Device Found> (0x00000000fb7cae00) thrown at [/build/openjdk-8-wnL82d/openjdk-8-8u171-b11/src/hotspot/src/share/vm/prims/jni.cpp, line 735]
Event: 0.587 Thread 0x000000000457a000 Exception <a 'java/io/IOException': No Device Found> (0x00000000fb7cb268) thrown at [/build/openjdk-8-wnL82d/openjdk-8-8u171-b11/src/hotspot/src/share/vm/prims/jni.cpp, line 735]
Event: 0.587 Thread 0x000000000457a000 Exception <a 'java/io/IOException': No Device Found> (0x00000000fb7cb6d0) thrown at [/build/openjdk-8-wnL82d/openjdk-8-8u171-b11/src/hotspot/src/share/vm/prims/jni.cpp, line 735]
Event: 0.587 Thread 0x000000000457a000 Exception <a 'java/io/IOException': No Device Found> (0x00000000fb7cbb38) thrown at [/build/openjdk-8-wnL82d/openjdk-8-8u171-b11/src/hotspot/src/share/vm/prims/jni.cpp, line 735]
Event: 0.587 Thread 0x000000000457a000 Exception <a 'java/io/IOException': No Device Found> (0x00000000fb7cbfa0) thrown at [/build/openjdk-8-wnL82d/openjdk-8-8u171-b11/src/hotspot/src/share/vm/prims/jni.cpp, line 735]
Event: 0.587 Thread 0x000000000457a000 Exception <a 'java/io/IOException': No Device Found> (0x00000000fb7cc408) thrown at [/build/openjdk-8-wnL82d/openjdk-8-8u171-b11/src/hotspot/src/share/vm/prims/jni.cpp, line 735]
Event: 0.587 Thread 0x000000000457a000 Exception <a 'java/io/IOException': No Device Found> (0x00000000fb7cc870) thrown at [/build/openjdk-8-wnL82d/openjdk-8-8u171-b11/src/hotspot/src/share/vm/prims/jni.cpp, line 735]
Event: 22.714 Thread 0x000000000453b000 Exception <a 'java/lang/InterruptedException'> (0x00000000fb84e1a8) thrown at [/build/openjdk-8-wnL82d/openjdk-8-8u171-b11/src/hotspot/src/share/vm/runtime/objectMonitor.cpp, line 1684]
Event: 22.714 Thread 0x00000000044df000 Exception <a 'java/lang/IllegalMonitorStateException'> (0x00000000fb826ac8) thrown at [/build/openjdk-8-wnL82d/openjdk-8-8u171-b11/src/hotspot/src/share/vm/runtime/objectMonitor.cpp, line 1818]

Events (10 events):
Event: 22.713 Thread 0x00000000044df000 Thread added: 0x00000000044df000
Event: 22.714 Thread 0x000000000453b000 Thread exited: 0x000000000453b000
Event: 22.714 Thread 0x00000000044df000 Thread exited: 0x00000000044df000
Event: 26.742 Thread 0x000000000453b000 Thread added: 0x000000000453b000
Event: 26.742 Thread 0x000000000453b000 Thread exited: 0x000000000453b000
Event: 26.742 Thread 0x000000000453b000 Thread added: 0x000000000453b000
Event: 26.742 Thread 0x000000000453b000 Thread exited: 0x000000000453b000
Event: 26.742 Thread 0x000000000453b000 Thread added: 0x000000000453b000
Event: 26.742 Thread 0x000000000453b000 Thread exited: 0x000000000453b000
Event: 32.384 Thread 0x000000000453b000 Thread added: 0x000000000453b000


Dynamic libraries:
00400000-006e9000 r-xp 00000000 fd:00 660578                             /usr/bin/python2.7
008e8000-008ea000 r--p 002e8000 fd:00 660578                             /usr/bin/python2.7
008ea000-00961000 rw-p 002ea000 fd:00 660578                             /usr/bin/python2.7
00961000-00984000 rw-p 00000000 00:00 0 
01885000-0459c000 rw-p 00000000 00:00 0                                  [heap]
f0600000-f2f80000 rw-p 00000000 00:00 0 
f2f80000-fad00000 ---p 00000000 00:00 0 
fad00000-fc180000 rw-p 00000000 00:00 0 
fc180000-100000000 ---p 00000000 00:00 0 
100000000-1000c0000 rw-p 00000000 00:00 0 
1000c0000-140000000 ---p 00000000 00:00 0 
7fc24b7ff000-7fc24b800000 ---p 00000000 00:00 0 
7fc24b800000-7fc24c000000 rw-p 00000000 00:00 0 
7fc24c000000-7fc24c021000 rw-p 00000000 00:00 0 
7fc24c021000-7fc250000000 ---p 00000000 00:00 0 
7fc250000000-7fc250021000 rw-p 00000000 00:00 0 
7fc250021000-7fc254000000 ---p 00000000 00:00 0 
7fc254000000-7fc254192000 rw-p 00000000 00:00 0 
7fc254192000-7fc258000000 ---p 00000000 00:00 0 
7fc258000000-7fc258021000 rw-p 00000000 00:00 0 
7fc258021000-7fc25c000000 ---p 00000000 00:00 0 
7fc25c000000-7fc25c021000 rw-p 00000000 00:00 0 
7fc25c021000-7fc260000000 ---p 00000000 00:00 0 
7fc260000000-7fc260087000 rw-p 00000000 00:00 0 
7fc260087000-7fc264000000 ---p 00000000 00:00 0 
7fc264000000-7fc264021000 rw-p 00000000 00:00 0 
7fc264021000-7fc268000000 ---p 00000000 00:00 0 
7fc268000000-7fc268021000 rw-p 00000000 00:00 0 
7fc268021000-7fc26c000000 ---p 00000000 00:00 0 
7fc26c000000-7fc26c021000 rw-p 00000000 00:00 0 
7fc26c021000-7fc270000000 ---p 00000000 00:00 0 
7fc270000000-7fc270021000 rw-p 00000000 00:00 0 
7fc270021000-7fc274000000 ---p 00000000 00:00 0 
7fc274000000-7fc274021000 rw-p 00000000 00:00 0 
7fc274021000-7fc278000000 ---p 00000000 00:00 0 
7fc2780b6000-7fc2780b9000 ---p 00000000 00:00 0 
7fc2780b9000-7fc2788b7000 rw-p 00000000 00:00 0 
7fc2788b7000-7fc2788ba000 ---p 00000000 00:00 0 
7fc2788ba000-7fc2789b8000 rw-p 00000000 00:00 0 
7fc2789b8000-7fc2789bf000 r-xp 00000000 fd:00 918170                     /lib/x86_64-linux-gnu/libusb-0.1.so.4.4.4
7fc2789bf000-7fc278bbe000 ---p 00007000 fd:00 918170                     /lib/x86_64-linux-gnu/libusb-0.1.so.4.4.4
7fc278bbe000-7fc278bbf000 r--p 00006000 fd:00 918170                     /lib/x86_64-linux-gnu/libusb-0.1.so.4.4.4
7fc278bbf000-7fc278bc0000 rw-p 00007000 fd:00 918170                     /lib/x86_64-linux-gnu/libusb-0.1.so.4.4.4
7fc278bc0000-7fc278bc1000 rw-p 00000000 00:00 0 
7fc278bdf000-7fc278be3000 r-xp 00000000 fd:00 825271                     /home/tango-cs/OmniDriverSPAM/OOI_HOME/libNatUSB.so
7fc278be3000-7fc278de2000 ---p 00004000 fd:00 825271                     /home/tango-cs/OmniDriverSPAM/OOI_HOME/libNatUSB.so
7fc278de2000-7fc278de3000 r--p 00003000 fd:00 825271                     /home/tango-cs/OmniDriverSPAM/OOI_HOME/libNatUSB.so
7fc278de3000-7fc278de4000 rw-p 00004000 fd:00 825271                     /home/tango-cs/OmniDriverSPAM/OOI_HOME/libNatUSB.so
7fc278de4000-7fc278dfe000 r--s 002a6000 fd:00 825296                     /home/tango-cs/OmniDriverSPAM/OOI_HOME/OmniDriver.jar
7fc278dfe000-7fc278dff000 ---p 00000000 00:00 0 
7fc278dff000-7fc278eff000 rw-p 00000000 00:00 0 
7fc278eff000-7fc278f02000 ---p 00000000 00:00 0 
7fc278f02000-7fc279000000 rw-p 00000000 00:00 0 
7fc279000000-7fc279270000 rwxp 00000000 00:00 0 
7fc279270000-7fc288000000 ---p 00000000 00:00 0 
7fc288000000-7fc288021000 rw-p 00000000 00:00 0 
7fc288021000-7fc28c000000 ---p 00000000 00:00 0 
7fc28c014000-7fc28c017000 ---p 00000000 00:00 0 
7fc28c017000-7fc28c115000 rw-p 00000000 00:00 0 
7fc28c115000-7fc28c118000 ---p 00000000 00:00 0 
7fc28c118000-7fc28c216000 rw-p 00000000 00:00 0 
7fc28c216000-7fc28c219000 ---p 00000000 00:00 0 
7fc28c219000-7fc28c317000 rw-p 00000000 00:00 0 
7fc28c317000-7fc28c31a000 ---p 00000000 00:00 0 
7fc28c31a000-7fc28c418000 rw-p 00000000 00:00 0 
7fc28c418000-7fc28c41b000 ---p 00000000 00:00 0 
7fc28c41b000-7fc28c519000 rw-p 00000000 00:00 0 
7fc28c519000-7fc28c51a000 ---p 00000000 00:00 0 
7fc28c51a000-7fc28c61a000 rw-p 00000000 00:00 0 
7fc28c61a000-7fc28c7e9000 r--s 03c2f000 fd:00 777693                     /usr/lib/jvm/java-8-openjdk-amd64/jre/lib/rt.jar
7fc28c7e9000-7fc28cde9000 rw-p 00000000 00:00 0 
7fc28cde9000-7fc28cfe9000 ---p 00000000 00:00 0 
7fc28cfe9000-7fc28d7b9000 rw-p 00000000 00:00 0 
7fc28d7b9000-7fc28d7ba000 ---p 00000000 00:00 0 
7fc28d7ba000-7fc28d8ba000 rw-p 00000000 00:00 0 
7fc28d8ba000-7fc28d8bb000 ---p 00000000 00:00 0 
7fc28d8bb000-7fc28d9c5000 rw-p 00000000 00:00 0 
7fc28d9c5000-7fc28dd7b000 ---p 00000000 00:00 0 
7fc28dd7b000-7fc28dd83000 r-xp 00000000 fd:00 676893                     /usr/lib/jvm/java-8-openjdk-amd64/jre/lib/amd64/libzip.so
7fc28dd83000-7fc28df82000 ---p 00008000 fd:00 676893                     /usr/lib/jvm/java-8-openjdk-amd64/jre/lib/amd64/libzip.so
7fc28df82000-7fc28df83000 r--p 00007000 fd:00 676893                     /usr/lib/jvm/java-8-openjdk-amd64/jre/lib/amd64/libzip.so
7fc28df83000-7fc28df84000 rw-p 00008000 fd:00 676893                     /usr/lib/jvm/java-8-openjdk-amd64/jre/lib/amd64/libzip.so
7fc28df84000-7fc28dfb1000 r-xp 00000000 fd:00 676884                     /usr/lib/jvm/java-8-openjdk-amd64/jre/lib/amd64/libjava.so
7fc28dfb1000-7fc28e1b0000 ---p 0002d000 fd:00 676884                     /usr/lib/jvm/java-8-openjdk-amd64/jre/lib/amd64/libjava.so
7fc28e1b0000-7fc28e1b1000 r--p 0002c000 fd:00 676884                     /usr/lib/jvm/java-8-openjdk-amd64/jre/lib/amd64/libjava.so
7fc28e1b1000-7fc28e1b3000 rw-p 0002d000 fd:00 676884                     /usr/lib/jvm/java-8-openjdk-amd64/jre/lib/amd64/libjava.so
7fc28e1b3000-7fc28ee0c000 r-xp 00000000 fd:00 676897                     /usr/lib/jvm/java-8-openjdk-amd64/jre/lib/amd64/server/libjvm.so
7fc28ee0c000-7fc28f00c000 ---p 00c59000 fd:00 676897                     /usr/lib/jvm/java-8-openjdk-amd64/jre/lib/amd64/server/libjvm.so
7fc28f00c000-7fc28f09f000 r--p 00c59000 fd:00 676897                     /usr/lib/jvm/java-8-openjdk-amd64/jre/lib/amd64/server/libjvm.so
7fc28f09f000-7fc28f0c8000 rw-p 00cec000 fd:00 676897                     /usr/lib/jvm/java-8-openjdk-amd64/jre/lib/amd64/server/libjvm.so
7fc28f0c8000-7fc28f0f8000 rw-p 00000000 00:00 0 
7fc28f0f8000-7fc28f5e5000 r-xp 00000000 fd:00 825294                     /home/tango-cs/OmniDriverSPAM/OOI_HOME/libOmniDriver.so
7fc28f5e5000-7fc28f7e5000 ---p 004ed000 fd:00 825294                     /home/tango-cs/OmniDriverSPAM/OOI_HOME/libOmniDriver.so
7fc28f7e5000-7fc28f7f0000 r--p 004ed000 fd:00 825294                     /home/tango-cs/OmniDriverSPAM/OOI_HOME/libOmniDriver.so
7fc28f7f0000-7fc28f7ff000 rw-p 004f8000 fd:00 825294                     /home/tango-cs/OmniDriverSPAM/OOI_HOME/libOmniDriver.so
7fc28f7ff000-7fc28f800000 ---p 00000000 00:00 0 
7fc28f800000-7fc290000000 rw-p 00000000 00:00 0 
7fc290000000-7fc290021000 rw-p 00000000 00:00 0 
7fc290021000-7fc294000000 ---p 00000000 00:00 0 
7fc294000000-7fc294076000 rw-p 00000000 00:00 0 
7fc294076000-7fc298000000 ---p 00000000 00:00 0 
7fc298000000-7fc298021000 rw-p 00000000 00:00 0 
7fc298021000-7fc29c000000 ---p 00000000 00:00 0 
7fc29c009000-7fc29c09b000 rw-p 00000000 00:00 0 
7fc29c09b000-7fc29c0da000 ---p 00000000 00:00 0 
7fc29c0da000-7fc29c0ef000 rw-p 00000000 00:00 0 
7fc29c0ef000-7fc29c12d000 ---p 00000000 00:00 0 
7fc29c12d000-7fc29c138000 rw-p 00000000 00:00 0 
7fc29c138000-7fc29c157000 ---p 00000000 00:00 0 
7fc29c157000-7fc29c158000 rw-p 00000000 00:00 0 
7fc29c158000-7fc29c167000 r-xp 00000000 fd:00 676870                     /usr/lib/jvm/java-8-openjdk-amd64/jre/lib/amd64/libverify.so
7fc29c167000-7fc29c366000 ---p 0000f000 fd:00 676870                     /usr/lib/jvm/java-8-openjdk-amd64/jre/lib/amd64/libverify.so
7fc29c366000-7fc29c368000 r--p 0000e000 fd:00 676870                     /usr/lib/jvm/java-8-openjdk-amd64/jre/lib/amd64/libverify.so
7fc29c368000-7fc29c369000 rw-p 00010000 fd:00 676870                     /usr/lib/jvm/java-8-openjdk-amd64/jre/lib/amd64/libverify.so
7fc29c369000-7fc29c3a9000 r-xp 00000000 fd:00 825295                     /home/tango-cs/OmniDriverSPAM/OOI_HOME/libcommon.so
7fc29c3a9000-7fc29c5a8000 ---p 00040000 fd:00 825295                     /home/tango-cs/OmniDriverSPAM/OOI_HOME/libcommon.so
7fc29c5a8000-7fc29c5a9000 r--p 0003f000 fd:00 825295                     /home/tango-cs/OmniDriverSPAM/OOI_HOME/libcommon.so
7fc29c5a9000-7fc29c5aa000 rw-p 00040000 fd:00 825295                     /home/tango-cs/OmniDriverSPAM/OOI_HOME/libcommon.so
7fc29c5aa000-7fc29c5ac000 r-xp 00000000 fd:00 976263                     /home/tango-cs/Documents/Spectrometer/OceanOpticsTango/libw.so
7fc29c5ac000-7fc29c7ab000 ---p 00002000 fd:00 976263                     /home/tango-cs/Documents/Spectrometer/OceanOpticsTango/libw.so
7fc29c7ab000-7fc29c7ac000 r--p 00001000 fd:00 976263                     /home/tango-cs/Documents/Spectrometer/OceanOpticsTango/libw.so
7fc29c7ac000-7fc29c7ad000 rw-p 00002000 fd:00 976263                     /home/tango-cs/Documents/Spectrometer/OceanOpticsTango/libw.so
7fc29c7ad000-7fc29c7ae000 ---p 00000000 00:00 0 
7fc29c7ae000-7fc29cfae000 rw-p 00000000 00:00 0 
7fc29cfae000-7fc29cfaf000 ---p 00000000 00:00 0 
7fc29cfaf000-7fc29d7af000 rw-p 00000000 00:00 0 
7fc29d7af000-7fc29d7b0000 ---p 00000000 00:00 0 
7fc29d7b0000-7fc29dfb0000 rw-p 00000000 00:00 0 
7fc29dfb0000-7fc29dfb1000 ---p 00000000 00:00 0 
7fc29dfb1000-7fc29e7b1000 rw-p 00000000 00:00 0 
7fc29e7b1000-7fc29e7b2000 ---p 00000000 00:00 0 
7fc29e7b2000-7fc29efb2000 rw-p 00000000 00:00 0 
7fc29efb2000-7fc29efc9000 r-xp 00000000 fd:00 948151                     /lib/x86_64-linux-gnu/libresolv-2.23.so
7fc29efc9000-7fc29f1c9000 ---p 00017000 fd:00 948151                     /lib/x86_64-linux-gnu/libresolv-2.23.so
7fc29f1c9000-7fc29f1ca000 r--p 00017000 fd:00 948151                     /lib/x86_64-linux-gnu/libresolv-2.23.so
7fc29f1ca000-7fc29f1cb000 rw-p 00018000 fd:00 948151                     /lib/x86_64-linux-gnu/libresolv-2.23.so
7fc29f1cb000-7fc29f1cd000 rw-p 00000000 00:00 0 
7fc29f1cd000-7fc29f1d2000 r-xp 00000000 fd:00 948207                     /lib/x86_64-linux-gnu/libnss_dns-2.23.so
7fc29f1d2000-7fc29f3d2000 ---p 00005000 fd:00 948207                     /lib/x86_64-linux-gnu/libnss_dns-2.23.so
7fc29f3d2000-7fc29f3d3000 r--p 00005000 fd:00 948207                     /lib/x86_64-linux-gnu/libnss_dns-2.23.so
7fc29f3d3000-7fc29f3d4000 rw-p 00006000 fd:00 948207                     /lib/x86_64-linux-gnu/libnss_dns-2.23.so
7fc29f3d4000-7fc29f3d6000 r-xp 00000000 fd:00 918097                     /lib/x86_64-linux-gnu/libnss_mdns4_minimal.so.2
7fc29f3d6000-7fc29f5d5000 ---p 00002000 fd:00 918097                     /lib/x86_64-linux-gnu/libnss_mdns4_minimal.so.2
7fc29f5d5000-7fc29f5d6000 r--p 00001000 fd:00 918097                     /lib/x86_64-linux-gnu/libnss_mdns4_minimal.so.2
7fc29f5d6000-7fc29f5d7000 rw-p 00002000 fd:00 918097                     /lib/x86_64-linux-gnu/libnss_mdns4_minimal.so.2
7fc29f5d7000-7fc29f5e2000 r-xp 00000000 fd:00 949315                     /lib/x86_64-linux-gnu/libnss_files-2.23.so
7fc29f5e2000-7fc29f7e1000 ---p 0000b000 fd:00 949315                     /lib/x86_64-linux-gnu/libnss_files-2.23.so
7fc29f7e1000-7fc29f7e2000 r--p 0000a000 fd:00 949315                     /lib/x86_64-linux-gnu/libnss_files-2.23.so
7fc29f7e2000-7fc29f7e3000 rw-p 0000b000 fd:00 949315                     /lib/x86_64-linux-gnu/libnss_files-2.23.so
7fc29f7e3000-7fc29f7e9000 rw-p 00000000 00:00 0 
7fc29f7e9000-7fc29f7f4000 r-xp 00000000 fd:00 949358                     /lib/x86_64-linux-gnu/libnss_nis-2.23.so
7fc29f7f4000-7fc29f9f3000 ---p 0000b000 fd:00 949358                     /lib/x86_64-linux-gnu/libnss_nis-2.23.so
7fc29f9f3000-7fc29f9f4000 r--p 0000a000 fd:00 949358                     /lib/x86_64-linux-gnu/libnss_nis-2.23.so
7fc29f9f4000-7fc29f9f5000 rw-p 0000b000 fd:00 949358                     /lib/x86_64-linux-gnu/libnss_nis-2.23.so
7fc29f9f5000-7fc29fa0b000 r-xp 00000000 fd:00 920920                     /lib/x86_64-linux-gnu/libnsl-2.23.so
7fc29fa0b000-7fc29fc0a000 ---p 00016000 fd:00 920920                     /lib/x86_64-linux-gnu/libnsl-2.23.so
7fc29fc0a000-7fc29fc0b000 r--p 00015000 fd:00 920920                     /lib/x86_64-linux-gnu/libnsl-2.23.so
7fc29fc0b000-7fc29fc0c000 rw-p 00016000 fd:00 920920                     /lib/x86_64-linux-gnu/libnsl-2.23.so
7fc29fc0c000-7fc29fc0e000 rw-p 00000000 00:00 0 
7fc29fc0e000-7fc29fc16000 r-xp 00000000 fd:00 948159                     /lib/x86_64-linux-gnu/libnss_compat-2.23.so
7fc29fc16000-7fc29fe15000 ---p 00008000 fd:00 948159                     /lib/x86_64-linux-gnu/libnss_compat-2.23.so
7fc29fe15000-7fc29fe16000 r--p 00007000 fd:00 948159                     /lib/x86_64-linux-gnu/libnss_compat-2.23.so
7fc29fe16000-7fc29fe17000 rw-p 00008000 fd:00 948159                     /lib/x86_64-linux-gnu/libnss_compat-2.23.so
7fc29fe17000-7fc29fe57000 rw-p 00000000 00:00 0 
7fc29fe57000-7fc29fe63000 r-xp 00000000 fd:00 782063                     /usr/lib/python2.7/lib-dynload/_json.x86_64-linux-gnu.so
7fc29fe63000-7fc2a0062000 ---p 0000c000 fd:00 782063                     /usr/lib/python2.7/lib-dynload/_json.x86_64-linux-gnu.so
7fc2a0062000-7fc2a0063000 r--p 0000b000 fd:00 782063                     /usr/lib/python2.7/lib-dynload/_json.x86_64-linux-gnu.so
7fc2a0063000-7fc2a0064000 rw-p 0000c000 fd:00 782063                     /usr/lib/python2.7/lib-dynload/_json.x86_64-linux-gnu.so
7fc2a0064000-7fc2a0224000 rw-p 00000000 00:00 0 
7fc2a0224000-7fc2a022a000 r-xp 00000000 fd:00 782079                     /usr/lib/python2.7/lib-dynload/_multiprocessing.x86_64-linux-gnu.so
7fc2a022a000-7fc2a0429000 ---p 00006000 fd:00 782079                     /usr/lib/python2.7/lib-dynload/_multiprocessing.x86_64-linux-gnu.so
7fc2a0429000-7fc2a042a000 r--p 00005000 fd:00 782079                     /usr/lib/python2.7/lib-dynload/_multiprocessing.x86_64-linux-gnu.so
7fc2a042a000-7fc2a042b000 rw-p 00006000 fd:00 782079                     /usr/lib/python2.7/lib-dynload/_multiprocessing.x86_64-linux-gnu.so
7fc2a042b000-7fc2a046b000 rw-p 00000000 00:00 0 
7fc2a046b000-7fc2a04c9000 r-xp 00000000 fd:00 917584                     /lib/x86_64-linux-gnu/libssl.so.1.0.0
7fc2a04c9000-7fc2a06c9000 ---p 0005e000 fd:00 917584                     /lib/x86_64-linux-gnu/libssl.so.1.0.0
7fc2a06c9000-7fc2a06cd000 r--p 0005e000 fd:00 917584                     /lib/x86_64-linux-gnu/libssl.so.1.0.0
7fc2a06cd000-7fc2a06d4000 rw-p 00062000 fd:00 917584                     /lib/x86_64-linux-gnu/libssl.so.1.0.0
7fc2a06d4000-7fc2a06e9000 r-xp 00000000 fd:00 782059                     /usr/lib/python2.7/lib-dynload/_ssl.x86_64-linux-gnu.so
7fc2a06e9000-7fc2a08e8000 ---p 00015000 fd:00 782059                     /usr/lib/python2.7/lib-dynload/_ssl.x86_64-linux-gnu.so
7fc2a08e8000-7fc2a08e9000 r--p 00014000 fd:00 782059                     /usr/lib/python2.7/lib-dynload/_ssl.x86_64-linux-gnu.so
7fc2a08e9000-7fc2a08ed000 rw-p 00015000 fd:00 782059                     /usr/lib/python2.7/lib-dynload/_ssl.x86_64-linux-gnu.so
7fc2a08ed000-7fc2a0c2d000 rw-p 00000000 00:00 0 
7fc2a0c2d000-7fc2a0ce6000 r-xp 00000000 fd:00 864136                     /usr/local/lib/python2.7/dist-packages/numpy/random/mtrand.so
7fc2a0ce6000-7fc2a0ee6000 ---p 000b9000 fd:00 864136                     /usr/local/lib/python2.7/dist-packages/numpy/random/mtrand.so
7fc2a0ee6000-7fc2a0f0b000 rw-p 000b9000 fd:00 864136                     /usr/local/lib/python2.7/dist-packages/numpy/random/mtrand.so
7fc2a0f0b000-7fc2a0f4d000 rw-p 00000000 00:00 0 
7fc2a0f4d000-7fc2a0f56000 r-xp 00000000 fd:00 863981                     /usr/local/lib/python2.7/dist-packages/numpy/fft/fftpack_lite.so
7fc2a0f56000-7fc2a1155000 ---p 00009000 fd:00 863981                     /usr/local/lib/python2.7/dist-packages/numpy/fft/fftpack_lite.so
7fc2a1155000-7fc2a1156000 rw-p 00008000 fd:00 863981                     /usr/local/lib/python2.7/dist-packages/numpy/fft/fftpack_lite.so
7fc2a1156000-7fc2a1196000 rw-p 00000000 00:00 0 
7fc2a1196000-7fc2a1197000 r-xp 00000000 fd:00 782064                     /usr/lib/python2.7/lib-dynload/future_builtins.x86_64-linux-gnu.so
7fc2a1197000-7fc2a1396000 ---p 00001000 fd:00 782064                     /usr/lib/python2.7/lib-dynload/future_builtins.x86_64-linux-gnu.so
7fc2a1396000-7fc2a1397000 r--p 00000000 fd:00 782064                     /usr/lib/python2.7/lib-dynload/future_builtins.x86_64-linux-gnu.so
7fc2a1397000-7fc2a1398000 rw-p 00001000 fd:00 782064                     /usr/lib/python2.7/lib-dynload/future_builtins.x86_64-linux-gnu.so
7fc2a1398000-7fc2a13c1000 r-xp 00000000 fd:00 864402                     /usr/local/lib/python2.7/dist-packages/numpy/linalg/_umath_linalg.so
7fc2a13c1000-7fc2a15c0000 ---p 00029000 fd:00 864402                     /usr/local/lib/python2.7/dist-packages/numpy/linalg/_umath_linalg.so
7fc2a15c0000-7fc2a15c2000 rw-p 00028000 fd:00 864402                     /usr/local/lib/python2.7/dist-packages/numpy/linalg/_umath_linalg.so
7fc2a15c2000-7fc2a15c5000 rw-p 000c7000 fd:00 864402                     /usr/local/lib/python2.7/dist-packages/numpy/linalg/_umath_linalg.so
7fc2a15c5000-7fc2a15c9000 r-xp 00000000 fd:00 864408                     /usr/local/lib/python2.7/dist-packages/numpy/linalg/lapack_lite.so
7fc2a15c9000-7fc2a17c9000 ---p 00004000 fd:00 864408                     /usr/local/lib/python2.7/dist-packages/numpy/linalg/lapack_lite.so
7fc2a17c9000-7fc2a17ca000 rw-p 00004000 fd:00 864408                     /usr/local/lib/python2.7/dist-packages/numpy/linalg/lapack_lite.so
7fc2a17ca000-7fc2a17cc000 rw-p 00019000 fd:00 864408                     /usr/local/lib/python2.7/dist-packages/numpy/linalg/lapack_lite.so
7fc2a17cc000-7fc2a184c000 rw-p 00000000 00:00 0 
7fc2a184c000-7fc2a1a66000 r-xp 00000000 fd:00 917583                     /lib/x86_64-linux-gnu/libcrypto.so.1.0.0
7fc2a1a66000-7fc2a1c65000 ---p 0021a000 fd:00 917583                     /lib/x86_64-linux-gnu/libcrypto.so.1.0.0
7fc2a1c65000-7fc2a1c81000 r--p 00219000 fd:00 917583                     /lib/x86_64-linux-gnu/libcrypto.so.1.0.0
7fc2a1c81000-7fc2a1c8d000 rw-p 00235000 fd:00 917583                     /lib/x86_64-linux-gnu/libcrypto.so.1.0.0
7fc2a1c8d000-7fc2a1c90000 rw-p 00000000 00:00 0 
7fc2a1c90000-7fc2a1c96000 r-xp 00000000 fd:00 782080                     /usr/lib/python2.7/lib-dynload/_hashlib.x86_64-linux-gnu.so
7fc2a1c96000-7fc2a1e95000 ---p 00006000 fd:00 782080                     /usr/lib/python2.7/lib-dynload/_hashlib.x86_64-linux-gnu.so
7fc2a1e95000-7fc2a1e96000 r--p 00005000 fd:00 782080                     /usr/lib/python2.7/lib-dynload/_hashlib.x86_64-linux-gnu.so
7fc2a1e96000-7fc2a1e97000 rw-p 00006000 fd:00 782080                     /usr/lib/python2.7/lib-dynload/_hashlib.x86_64-linux-gnu.so
7fc2a1e97000-7fc2a20d8000 rw-p 00000000 00:00 0 
7fc2a20d8000-7fc2a20df000 r-xp 00000000 fd:00 663437                     /usr/lib/x86_64-linux-gnu/libffi.so.6.0.4
7fc2a20df000-7fc2a22de000 ---p 00007000 fd:00 663437                     /usr/lib/x86_64-linux-gnu/libffi.so.6.0.4
7fc2a22de000-7fc2a22df000 r--p 00006000 fd:00 663437                     /usr/lib/x86_64-linux-gnu/libffi.so.6.0.4
7fc2a22df000-7fc2a22e0000 rw-p 00007000 fd:00 663437                     /usr/lib/x86_64-linux-gnu/libffi.so.6.0.4
7fc2a22e0000-7fc2a22fe000 r-xp 00000000 fd:00 782058                     /usr/lib/python2.7/lib-dynload/_ctypes.x86_64-linux-gnu.so
7fc2a22fe000-7fc2a24fd000 ---p 0001e000 fd:00 782058                     /usr/lib/python2.7/lib-dynload/_ctypes.x86_64-linux-gnu.so
7fc2a24fd000-7fc2a24fe000 r--p 0001d000 fd:00 782058                     /usr/lib/python2.7/lib-dynload/_ctypes.x86_64-linux-gnu.so
7fc2a24fe000-7fc2a2502000 rw-p 0001e000 fd:00 782058                     /usr/lib/python2.7/lib-dynload/_ctypes.x86_64-linux-gnu.so
7fc2a2502000-7fc2a269a000 r-xp 00000000 fd:00 864188                     /usr/local/lib/python2.7/dist-packages/numpy/core/umath.so
7fc2a269a000-7fc2a289a000 ---p 00198000 fd:00 864188                     /usr/local/lib/python2.7/dist-packages/numpy/core/umath.so
7fc2a289a000-7fc2a28a0000 rw-p 00198000 fd:00 864188                     /usr/local/lib/python2.7/dist-packages/numpy/core/umath.so
7fc2a28a0000-7fc2a28e2000 rw-p 00000000 00:00 0 
7fc2a28e2000-7fc2a48e2000 rw-p 00000000 00:00 0 
7fc2a48e2000-7fc2a48e3000 ---p 00000000 00:00 0 
7fc2a48e3000-7fc2a50e3000 rw-p 00000000 00:00 0 
7fc2a50e3000-7fc2a51d3000 r-xp 00000000 fd:00 864434                     /usr/local/lib/python2.7/dist-packages/numpy/.libs/libgfortran-ed201abd.so.3.0.0
7fc2a51d3000-7fc2a53d2000 ---p 000f0000 fd:00 864434                     /usr/local/lib/python2.7/dist-packages/numpy/.libs/libgfortran-ed201abd.so.3.0.0
7fc2a53d2000-7fc2a53d4000 rw-p 000ef000 fd:00 864434                     /usr/local/lib/python2.7/dist-packages/numpy/.libs/libgfortran-ed201abd.so.3.0.0
7fc2a53d4000-7fc2a53d5000 rw-p 00000000 00:00 0 
7fc2a53d5000-7fc2a53dd000 rw-p 000f2000 fd:00 864434                     /usr/local/lib/python2.7/dist-packages/numpy/.libs/libgfortran-ed201abd.so.3.0.0
7fc2a53dd000-7fc2a76f1000 r-xp 00000000 fd:00 864433                     /usr/local/lib/python2.7/dist-packages/numpy/.libs/libopenblasp-r0-39a31c03.2.18.so
7fc2a76f1000-7fc2a78f0000 ---p 02314000 fd:00 864433                     /usr/local/lib/python2.7/dist-packages/numpy/.libs/libopenblasp-r0-39a31c03.2.18.so
7fc2a78f0000-7fc2a790f000 rw-p 02313000 fd:00 864433                     /usr/local/lib/python2.7/dist-packages/numpy/.libs/libopenblasp-r0-39a31c03.2.18.so
7fc2a790f000-7fc2a7972000 rw-p 00000000 00:00 0 
7fc2a7972000-7fc2a7a08000 rw-p 02425000 fd:00 864433                     /usr/local/lib/python2.7/dist-packages/numpy/.libs/libopenblasp-r0-39a31c03.2.18.so
7fc2a7a08000-7fc2a7bd5000 r-xp 00000000 fd:00 864185                     /usr/local/lib/python2.7/dist-packages/numpy/core/multiarray.so
7fc2a7bd5000-7fc2a7dd4000 ---p 001cd000 fd:00 864185                     /usr/local/lib/python2.7/dist-packages/numpy/core/multiarray.so
7fc2a7dd4000-7fc2a7de4000 rw-p 001cc000 fd:00 864185                     /usr/local/lib/python2.7/dist-packages/numpy/core/multiarray.so
7fc2a7de4000-7fc2a7df7000 rw-p 00000000 00:00 0 
7fc2a7df7000-7fc2a7dfd000 rw-p 00920000 fd:00 864185                     /usr/local/lib/python2.7/dist-packages/numpy/core/multiarray.so
7fc2a7dfd000-7fc2a7e3d000 rw-p 00000000 00:00 0 
7fc2a7e3d000-7fc2a7e44000 r-xp 00000000 fd:00 949459                     /lib/x86_64-linux-gnu/librt-2.23.so
7fc2a7e44000-7fc2a8043000 ---p 00007000 fd:00 949459                     /lib/x86_64-linux-gnu/librt-2.23.so
7fc2a8043000-7fc2a8044000 r--p 00006000 fd:00 949459                     /lib/x86_64-linux-gnu/librt-2.23.so
7fc2a8044000-7fc2a8045000 rw-p 00007000 fd:00 949459                     /lib/x86_64-linux-gnu/librt-2.23.so
7fc2a8045000-7fc2a80a2000 r-xp 00000000 fd:00 678876                     /usr/lib/x86_64-linux-gnu/libsodium.so.18.0.1
7fc2a80a2000-7fc2a82a1000 ---p 0005d000 fd:00 678876                     /usr/lib/x86_64-linux-gnu/libsodium.so.18.0.1
7fc2a82a1000-7fc2a82a2000 r--p 0005c000 fd:00 678876                     /usr/lib/x86_64-linux-gnu/libsodium.so.18.0.1
7fc2a82a2000-7fc2a82a3000 rw-p 0005d000 fd:00 678876                     /usr/lib/x86_64-linux-gnu/libsodium.so.18.0.1
7fc2a82a3000-7fc2a8981000 r-xp 00000000 fd:00 680045                     /usr/lib/libCOS4.so.1.6
7fc2a8981000-7fc2a8b80000 ---p 006de000 fd:00 680045                     /usr/lib/libCOS4.so.1.6
7fc2a8b80000-7fc2a8d12000 r--p 006dd000 fd:00 680045                     /usr/lib/libCOS4.so.1.6
7fc2a8d12000-7fc2a8d19000 rw-p 0086f000 fd:00 680045                     /usr/lib/libCOS4.so.1.6
7fc2a8d19000-7fc2a8d1b000 rw-p 00000000 00:00 0 
7fc2a8d1b000-7fc2a8d7d000 r-xp 00000000 fd:00 678878                     /usr/lib/x86_64-linux-gnu/libzmq.so.5.0.0
7fc2a8d7d000-7fc2a8f7c000 ---p 00062000 fd:00 678878                     /usr/lib/x86_64-linux-gnu/libzmq.so.5.0.0
7fc2a8f7c000-7fc2a8f80000 r--p 00061000 fd:00 678878                     /usr/lib/x86_64-linux-gnu/libzmq.so.5.0.0
7fc2a8f80000-7fc2a8f81000 rw-p 00065000 fd:00 678878                     /usr/lib/x86_64-linux-gnu/libzmq.so.5.0.0
7fc2a8f81000-7fc2a8f97000 r-xp 00000000 fd:00 918030                     /lib/x86_64-linux-gnu/libgcc_s.so.1
7fc2a8f97000-7fc2a9196000 ---p 00016000 fd:00 918030                     /lib/x86_64-linux-gnu/libgcc_s.so.1
7fc2a9196000-7fc2a9197000 rw-p 00015000 fd:00 918030                     /lib/x86_64-linux-gnu/libgcc_s.so.1
7fc2a9197000-7fc2a9309000 r-xp 00000000 fd:00 654649                     /usr/lib/x86_64-linux-gnu/libstdc++.so.6.0.21
7fc2a9309000-7fc2a9509000 ---p 00172000 fd:00 654649                     /usr/lib/x86_64-linux-gnu/libstdc++.so.6.0.21
7fc2a9509000-7fc2a9513000 r--p 00172000 fd:00 654649                     /usr/lib/x86_64-linux-gnu/libstdc++.so.6.0.21
7fc2a9513000-7fc2a9515000 rw-p 0017c000 fd:00 654649                     /usr/lib/x86_64-linux-gnu/libstdc++.so.6.0.21
7fc2a9515000-7fc2a9519000 rw-p 00000000 00:00 0 
7fc2a9519000-7fc2a9530000 r-xp 00000000 fd:00 680511                     /usr/local/lib/liblog4tango.so.5.0.1
7fc2a9530000-7fc2a9730000 ---p 00017000 fd:00 680511                     /usr/local/lib/liblog4tango.so.5.0.1
7fc2a9730000-7fc2a9731000 r--p 00017000 fd:00 680511                     /usr/local/lib/liblog4tango.so.5.0.1
7fc2a9731000-7fc2a9732000 rw-p 00018000 fd:00 680511                     /usr/local/lib/liblog4tango.so.5.0.1
7fc2a9732000-7fc2a9737000 r-xp 00000000 fd:00 677872                     /usr/lib/libomnithread.so.3.4
7fc2a9737000-7fc2a9936000 ---p 00005000 fd:00 677872                     /usr/lib/libomnithread.so.3.4
7fc2a9936000-7fc2a9937000 r--p 00004000 fd:00 677872                     /usr/lib/libomnithread.so.3.4
7fc2a9937000-7fc2a9938000 rw-p 00005000 fd:00 677872                     /usr/lib/libomnithread.so.3.4
7fc2a9938000-7fc2a9ac2000 r-xp 00000000 fd:00 679991                     /usr/lib/libomniORB4.so.1.6
7fc2a9ac2000-7fc2a9cc2000 ---p 0018a000 fd:00 679991                     /usr/lib/libomniORB4.so.1.6
7fc2a9cc2000-7fc2a9cd5000 r--p 0018a000 fd:00 679991                     /usr/lib/libomniORB4.so.1.6
7fc2a9cd5000-7fc2a9cd9000 rw-p 0019d000 fd:00 679991                     /usr/lib/libomniORB4.so.1.6
7fc2a9cd9000-7fc2a9cdc000 rw-p 00000000 00:00 0 
7fc2a9cdc000-7fc2a9f2e000 r-xp 00000000 fd:00 680037                     /usr/lib/libomniDynamic4.so.1.6
7fc2a9f2e000-7fc2aa12d000 ---p 00252000 fd:00 680037                     /usr/lib/libomniDynamic4.so.1.6
7fc2aa12d000-7fc2aa19d000 r--p 00251000 fd:00 680037                     /usr/lib/libomniDynamic4.so.1.6
7fc2aa19d000-7fc2aa1a1000 rw-p 002c1000 fd:00 680037                     /usr/lib/libomniDynamic4.so.1.6
7fc2aa1a1000-7fc2aa1a2000 rw-p 00000000 00:00 0 
7fc2aa1a2000-7fc2aa1eb000 r-xp 00000000 fd:00 691765                     /usr/lib/x86_64-linux-gnu/libboost_python-py27.so.1.58.0
7fc2aa1eb000-7fc2aa3eb000 ---p 00049000 fd:00 691765                     /usr/lib/x86_64-linux-gnu/libboost_python-py27.so.1.58.0
7fc2aa3eb000-7fc2aa3ec000 r--p 00049000 fd:00 691765                     /usr/lib/x86_64-linux-gnu/libboost_python-py27.so.1.58.0
7fc2aa3ec000-7fc2aa3ee000 rw-p 0004a000 fd:00 691765                     /usr/lib/x86_64-linux-gnu/libboost_python-py27.so.1.58.0
7fc2aa3ee000-7fc2aa9ee000 r-xp 00000000 fd:00 680670                     /usr/local/lib/libtango.so.9.2.5
7fc2aa9ee000-7fc2aabee000 ---p 00600000 fd:00 680670                     /usr/local/lib/libtango.so.9.2.5
7fc2aabee000-7fc2aac1c000 r--p 00600000 fd:00 680670                     /usr/local/lib/libtango.so.9.2.5
7fc2aac1c000-7fc2aac25000 rw-p 0062e000 fd:00 680670                     /usr/local/lib/libtango.so.9.2.5
7fc2aac25000-7fc2aac28000 rw-p 00000000 00:00 0 
7fc2aac28000-7fc2ab3a4000 r-xp 00000000 fd:00 692438                     /usr/local/lib/python2.7/dist-packages/tango/_tango.so
7fc2ab3a4000-7fc2ab5a4000 ---p 0077c000 fd:00 692438                     /usr/local/lib/python2.7/dist-packages/tango/_tango.so
7fc2ab5a4000-7fc2ab5dc000 r--p 0077c000 fd:00 692438                     /usr/local/lib/python2.7/dist-packages/tango/_tango.so
7fc2ab5dc000-7fc2ab5f8000 rw-p 007b4000 fd:00 692438                     /usr/local/lib/python2.7/dist-packages/tango/_tango.so
7fc2ab5f8000-7fc2ab5fc000 rw-p 00000000 00:00 0 
7fc2ab5fc000-7fc2aba05000 r--p 00000000 fd:00 652827                     /usr/lib/locale/locale-archive
7fc2aba05000-7fc2abb0d000 r-xp 00000000 fd:00 920919                     /lib/x86_64-linux-gnu/libm-2.23.so
7fc2abb0d000-7fc2abd0c000 ---p 00108000 fd:00 920919                     /lib/x86_64-linux-gnu/libm-2.23.so
7fc2abd0c000-7fc2abd0d000 r--p 00107000 fd:00 920919                     /lib/x86_64-linux-gnu/libm-2.23.so
7fc2abd0d000-7fc2abd0e000 rw-p 00108000 fd:00 920919                     /lib/x86_64-linux-gnu/libm-2.23.so
7fc2abd0e000-7fc2abd27000 r-xp 00000000 fd:00 918183                     /lib/x86_64-linux-gnu/libz.so.1.2.8
7fc2abd27000-7fc2abf26000 ---p 00019000 fd:00 918183                     /lib/x86_64-linux-gnu/libz.so.1.2.8
7fc2abf26000-7fc2abf27000 r--p 00018000 fd:00 918183                     /lib/x86_64-linux-gnu/libz.so.1.2.8
7fc2abf27000-7fc2abf28000 rw-p 00019000 fd:00 918183                     /lib/x86_64-linux-gnu/libz.so.1.2.8
7fc2abf28000-7fc2abf2a000 r-xp 00000000 fd:00 948158                     /lib/x86_64-linux-gnu/libutil-2.23.so
7fc2abf2a000-7fc2ac129000 ---p 00002000 fd:00 948158                     /lib/x86_64-linux-gnu/libutil-2.23.so
7fc2ac129000-7fc2ac12a000 r--p 00001000 fd:00 948158                     /lib/x86_64-linux-gnu/libutil-2.23.so
7fc2ac12a000-7fc2ac12b000 rw-p 00002000 fd:00 948158                     /lib/x86_64-linux-gnu/libutil-2.23.so
7fc2ac12b000-7fc2ac12e000 r-xp 00000000 fd:00 948111                     /lib/x86_64-linux-gnu/libdl-2.23.so
7fc2ac12e000-7fc2ac32d000 ---p 00003000 fd:00 948111                     /lib/x86_64-linux-gnu/libdl-2.23.so
7fc2ac32d000-7fc2ac32e000 r--p 00002000 fd:00 948111                     /lib/x86_64-linux-gnu/libdl-2.23.so
7fc2ac32e000-7fc2ac32f000 rw-p 00003000 fd:00 948111                     /lib/x86_64-linux-gnu/libdl-2.23.so
7fc2ac32f000-7fc2ac4ef000 r-xp 00000000 fd:00 948050                     /lib/x86_64-linux-gnu/libc-2.23.so
7fc2ac4ef000-7fc2ac6ef000 ---p 001c0000 fd:00 948050                     /lib/x86_64-linux-gnu/libc-2.23.so
7fc2ac6ef000-7fc2ac6f3000 r--p 001c0000 fd:00 948050                     /lib/x86_64-linux-gnu/libc-2.23.so
7fc2ac6f3000-7fc2ac6f5000 rw-p 001c4000 fd:00 948050                     /lib/x86_64-linux-gnu/libc-2.23.so
7fc2ac6f5000-7fc2ac6f9000 rw-p 00000000 00:00 0 
7fc2ac6f9000-7fc2ac711000 r-xp 00000000 fd:00 948047                     /lib/x86_64-linux-gnu/libpthread-2.23.so
7fc2ac711000-7fc2ac910000 ---p 00018000 fd:00 948047                     /lib/x86_64-linux-gnu/libpthread-2.23.so
7fc2ac910000-7fc2ac911000 r--p 00017000 fd:00 948047                     /lib/x86_64-linux-gnu/libpthread-2.23.so
7fc2ac911000-7fc2ac912000 rw-p 00018000 fd:00 948047                     /lib/x86_64-linux-gnu/libpthread-2.23.so
7fc2ac912000-7fc2ac916000 rw-p 00000000 00:00 0 
7fc2ac916000-7fc2ac93c000 r-xp 00000000 fd:00 920921                     /lib/x86_64-linux-gnu/ld-2.23.so
7fc2ac941000-7fc2ac943000 r--s 00008000 fd:00 799646                     /home/tango-cs/OmniDriverSPAM/OOI_HOME/UniUSB.jar
7fc2ac943000-7fc2ac945000 r--s 00006000 fd:00 800412                     /home/tango-cs/OmniDriverSPAM/OOI_HOME/OOIUtils.jar
7fc2ac945000-7fc2ac94c000 r--s 00036000 fd:00 799647                     /home/tango-cs/OmniDriverSPAM/OOI_HOME/xstream-1.1.2.jar
7fc2ac94c000-7fc2ac967000 r--s 00394000 fd:00 676862                     /usr/lib/jvm/java-8-openjdk-amd64/jre/lib/ext/cldrdata.jar
7fc2ac967000-7fc2aca27000 rw-p 00000000 00:00 0 
7fc2aca27000-7fc2aca29000 r--s 00005000 fd:00 800414                     /home/tango-cs/OmniDriverSPAM/OOI_HOME/xpp3_min-1.1.3.4.M.jar
7fc2aca29000-7fc2aca2e000 r--s 0005e000 fd:00 825293                     /home/tango-cs/OmniDriverSPAM/OOI_HOME/SPAM.jar
7fc2aca2e000-7fc2aca31000 r--s 0000f000 fd:00 676864                     /usr/lib/jvm/java-8-openjdk-amd64/jre/lib/ext/icedtea-sound.jar
7fc2aca31000-7fc2aca3b000 r--s 00116000 fd:00 676867                     /usr/lib/jvm/java-8-openjdk-amd64/jre/lib/ext/localedata.jar
7fc2aca3b000-7fc2aca3d000 r--s 00001000 fd:00 676860                     /usr/lib/jvm/java-8-openjdk-amd64/jre/lib/ext/dnsns.jar
7fc2aca3d000-7fc2aca58000 r--s 001d6000 fd:00 676865                     /usr/lib/jvm/java-8-openjdk-amd64/jre/lib/ext/nashorn.jar
7fc2aca58000-7fc2acb1d000 rw-p 00000000 00:00 0 
7fc2acb1d000-7fc2acb1e000 r--s 00002000 fd:00 800413                     /home/tango-cs/OmniDriverSPAM/OOI_HOME/HighResTiming.jar
7fc2acb1e000-7fc2acb1f000 r--s 0000a000 fd:00 676866                     /usr/lib/jvm/java-8-openjdk-amd64/jre/lib/ext/jaccess.jar
7fc2acb1f000-7fc2acb25000 r--s 0003b000 fd:00 676863                     /usr/lib/jvm/java-8-openjdk-amd64/jre/lib/ext/sunjce_provider.jar
7fc2acb25000-7fc2acb28000 r--s 00038000 fd:00 676861                     /usr/lib/jvm/java-8-openjdk-amd64/jre/lib/ext/sunpkcs11.jar
7fc2acb28000-7fc2acb2a000 r--s 00008000 fd:00 676858                     /usr/lib/jvm/java-8-openjdk-amd64/jre/lib/ext/sunec.jar
7fc2acb2a000-7fc2acb2b000 r--s 00010000 fd:00 676859                     /usr/lib/jvm/java-8-openjdk-amd64/jre/lib/ext/zipfs.jar
7fc2acb2b000-7fc2acb30000 rw-p 00000000 00:00 0 
7fc2acb30000-7fc2acb38000 rw-s 00000000 fd:00 424700                     /tmp/hsperfdata_tango-cs/14904
7fc2acb38000-7fc2acb39000 rw-p 00000000 00:00 0 
7fc2acb39000-7fc2acb3a000 r--p 00000000 00:00 0 
7fc2acb3a000-7fc2acb3b000 rwxp 00000000 00:00 0 
7fc2acb3b000-7fc2acb3c000 r--p 00025000 fd:00 920921                     /lib/x86_64-linux-gnu/ld-2.23.so
7fc2acb3c000-7fc2acb3d000 rw-p 00026000 fd:00 920921                     /lib/x86_64-linux-gnu/ld-2.23.so
7fc2acb3d000-7fc2acb3e000 rw-p 00000000 00:00 0 
7ffe0220e000-7ffe0230b000 rw-p 00000000 00:00 0                          [stack]
7ffe02388000-7ffe0238b000 r--p 00000000 00:00 0                          [vvar]
7ffe0238b000-7ffe0238d000 r-xp 00000000 00:00 0                          [vdso]
ffffffffff600000-ffffffffff601000 r-xp 00000000 00:00 0                  [vsyscall]

VM Arguments:
jvm_args: -Djava.library.path=/home/tango-cs/OmniDriverSPAM/OOI_HOME:/home/tango-cs/OmniDriverSPAM/_jvm/lib/i386:/home/tango-cs/OmniDriverSPAM/_jvm/lib/i386/client -Xmx250m 
java_command: <unknown>
java_class_path (initial): /home/tango-cs/OmniDriverSPAM/OOI_HOME/OmniDriver.jar:/home/tango-cs/OmniDriverSPAM/OOI_HOME/SPAM.jar
Launcher Type: generic

Environment Variables:
JAVA_HOME=/home/tango-cs/OmniDriverSPAM/_jvm
PATH=/home/tango-cs/OmniDriverSPAM/_jvm/bin
LD_LIBRARY_PATH=/home/tango-cs/OmniDriverSPAM/_jvm/lib/i386:/home/tango-cs/OmniDriverSPAM/_jvm/lib/i386/client
SHELL=/bin/bash
DISPLAY=:0

Signal Handlers:
SIGSEGV: [libjvm.so+0xa6e6f0], sa_mask[0]=11111111011111111101111111111110, sa_flags=SA_RESTART|SA_SIGINFO
SIGBUS: [libjvm.so+0xa6e6f0], sa_mask[0]=11111111011111111101111111111110, sa_flags=SA_RESTART|SA_SIGINFO
SIGFPE: [libjvm.so+0x8b5d50], sa_mask[0]=11111111011111111101111111111110, sa_flags=SA_RESTART|SA_SIGINFO
SIGPIPE: [libjvm.so+0x8b5d50], sa_mask[0]=11111111011111111101111111111110, sa_flags=SA_RESTART|SA_SIGINFO
SIGXFSZ: [libjvm.so+0x8b5d50], sa_mask[0]=11111111011111111101111111111110, sa_flags=SA_RESTART|SA_SIGINFO
SIGILL: [libjvm.so+0x8b5d50], sa_mask[0]=11111111011111111101111111111110, sa_flags=SA_RESTART|SA_SIGINFO
SIGUSR1: SIG_DFL, sa_mask[0]=00000000000000000000000000000000, sa_flags=none
SIGUSR2: [libjvm.so+0x8b5c00], sa_mask[0]=11100000000001111100111111111100, sa_flags=SA_RESTART|SA_SIGINFO
SIGHUP: [libjvm.so+0x8b60d0], sa_mask[0]=11111111011111111101111111111110, sa_flags=SA_RESTART|SA_SIGINFO
SIGINT: [libjvm.so+0x8b60d0], sa_mask[0]=11111111011111111101111111111110, sa_flags=SA_RESTART|SA_SIGINFO
SIGTERM: [libjvm.so+0x8b60d0], sa_mask[0]=11111111011111111101111111111110, sa_flags=SA_RESTART|SA_SIGINFO
SIGQUIT: [libjvm.so+0x8b60d0], sa_mask[0]=11111111011111111101111111111110, sa_flags=SA_RESTART|SA_SIGINFO


---------------  S Y S T E M  ---------------

OS:DISTRIB_ID=Ubuntu
DISTRIB_RELEASE=16.04
DISTRIB_CODENAME=xenial
DISTRIB_DESCRIPTION="Ubuntu 16.04.3 LTS"

uname:Linux 4.15.0-29-generic #31~16.04.1-Ubuntu SMP Wed Jul 18 08:54:04 UTC 2018 x86_64
libc:glibc 2.23 NPTL 2.23 
rlimit: STACK 8192k, CORE 0k, NPROC 15548, NOFILE 1048576, AS infinity
load average:0.03 0.10 0.08

/proc/meminfo:
MemTotal:        4039536 kB
MemFree:          954512 kB
MemAvailable:    1894508 kB
Buffers:           80680 kB
Cached:          1042380 kB
SwapCached:            0 kB
Active:          2313952 kB
Inactive:         525896 kB
Active(anon):    1718396 kB
Inactive(anon):    32680 kB
Active(file):     595556 kB
Inactive(file):   493216 kB
Unevictable:          32 kB
Mlocked:              32 kB
SwapTotal:       2097148 kB
SwapFree:        2097148 kB
Dirty:               132 kB
Writeback:             0 kB
AnonPages:       1716700 kB
Mapped:           344452 kB
Shmem:             34292 kB
Slab:             171688 kB
SReclaimable:     108616 kB
SUnreclaim:        63072 kB
KernelStack:       10896 kB
PageTables:        34992 kB
NFS_Unstable:          0 kB
Bounce:                0 kB
WritebackTmp:          0 kB
CommitLimit:     4116916 kB
Committed_AS:    6552916 kB
VmallocTotal:   34359738367 kB
VmallocUsed:           0 kB
VmallocChunk:          0 kB
HardwareCorrupted:     0 kB
AnonHugePages:      2048 kB
ShmemHugePages:        0 kB
ShmemPmdMapped:        0 kB
CmaTotal:              0 kB
CmaFree:               0 kB
HugePages_Total:       0
HugePages_Free:        0
HugePages_Rsvd:        0
HugePages_Surp:        0
Hugepagesize:       2048 kB
DirectMap4k:      167872 kB
DirectMap2M:     4026368 kB


CPU:total 2 (initial active 2) (2 cores per cpu, 1 threads per core) family 6 model 60 stepping 3, cmov, cx8, fxsr, mmx, sse, sse2, sse3, ssse3, sse4.1, sse4.2, popcnt, avx, avx2, aes, clmul, lzcnt, tsc, tscinvbit

/proc/cpuinfo:
processor	: 0
vendor_id	: GenuineIntel
cpu family	: 6
model		: 60
model name	: Intel(R) Core(TM) i7-4810MQ CPU @ 2.80GHz
stepping	: 3
cpu MHz		: 2793.544
cache size	: 6144 KB
physical id	: 0
siblings	: 2
core id		: 0
cpu cores	: 2
apicid		: 0
initial apicid	: 0
fpu		: yes
fpu_exception	: yes
cpuid level	: 13
wp		: yes
flags		: fpu vme de pse tsc msr pae mce cx8 apic sep mtrr pge mca cmov pat pse36 clflush mmx fxsr sse sse2 ht syscall nx rdtscp lm constant_tsc rep_good nopl xtopology nonstop_tsc cpuid pni pclmulqdq ssse3 cx16 pcid sse4_1 sse4_2 x2apic movbe popcnt aes xsave avx rdrand hypervisor lahf_lm abm invpcid_single pti fsgsbase avx2 invpcid
bugs		: cpu_meltdown spectre_v1 spectre_v2 spec_store_bypass
bogomips	: 5587.08
clflush size	: 64
cache_alignment	: 64
address sizes	: 39 bits physical, 48 bits virtual
power management:

processor	: 1
vendor_id	: GenuineIntel
cpu family	: 6
model		: 60
model name	: Intel(R) Core(TM) i7-4810MQ CPU @ 2.80GHz
stepping	: 3
cpu MHz		: 2793.544
cache size	: 6144 KB
physical id	: 0
siblings	: 2
core id		: 1
cpu cores	: 2
apicid		: 1
initial apicid	: 1
fpu		: yes
fpu_exception	: yes
cpuid level	: 13
wp		: yes
flags		: fpu vme de pse tsc msr pae mce cx8 apic sep mtrr pge mca cmov pat pse36 clflush mmx fxsr sse sse2 ht syscall nx rdtscp lm constant_tsc rep_good nopl xtopology nonstop_tsc cpuid pni pclmulqdq ssse3 cx16 pcid sse4_1 sse4_2 x2apic movbe popcnt aes xsave avx rdrand hypervisor lahf_lm abm invpcid_single pti fsgsbase avx2 invpcid
bugs		: cpu_meltdown spectre_v1 spectre_v2 spec_store_bypass
bogomips	: 5587.08
clflush size	: 64
cache_alignment	: 64
address sizes	: 39 bits physical, 48 bits virtual
power management:



Memory: 4k page, physical 4039536k(954512k free), swap 2097148k(2097148k free)

vm_info: OpenJDK 64-Bit Server VM (25.171-b11) for linux-amd64 JRE (1.8.0_171-8u171-b11-0ubuntu0.16.04.1-b11), built on Apr 27 2018 17:19:03 by "buildd" with gcc 5.4.0 20160609

time: Wed Aug  1 13:04:53 2018
elapsed time: 32 seconds (0d 0h 0m 32s)

